-------------------------START-------------------------4/19/2017 10:36:16 AM
Page :index.aspx
----------------------------------------------------
Stack Trace :   at Campco.Common.index.Page_Load(Object sender, EventArgs e) in E:\nisha\ordex\hR\Campco\Campco\Common\index.aspx.cs:line 133
----------------------------------------------------
System.NullReferenceException: Object reference not set to an instance of an object.
   at Campco.Common.index.Page_Load(Object sender, EventArgs e) in E:\nisha\ordex\hR\Campco\Campco\Common\index.aspx.cs:line 133
-------------------------END-------------------------4/19/2017 10:36:16 AM
----------------------------------------------------
-------------------------START-------------------------4/19/2017 10:40:46 AM
Page :index.aspx
----------------------------------------------------
Event :
----------------------------------------------------
Stack Trace :   at Campco.Common.index.Page_Load(Object sender, EventArgs e) in E:\nisha\ordex\hR\Campco\Campco\Common\index.aspx.cs:line 133
----------------------------------------------------
System.NullReferenceException: Object reference not set to an instance of an object.
   at Campco.Common.index.Page_Load(Object sender, EventArgs e) in E:\nisha\ordex\hR\Campco\Campco\Common\index.aspx.cs:line 133
-------------------------END-------------------------4/19/2017 10:40:46 AM
----------------------------------------------------
-------------------------START-------------------------4/19/2017 10:40:51 AM
Page :Remove
----------------------------------------------------
Event :
----------------------------------------------------
Stack Trace :   at System.Data.DataTableExtensions.LoadTableFromEnumerable[T](IEnumerable`1 source, DataTable table, Nullable`1 options, FillErrorEventHandler errorHandler)
   at System.Data.DataTableExtensions.CopyToDataTable[T](IEnumerable`1 source)
   at Campco.Common.index.Remove(String value) in E:\nisha\ordex\hR\Campco\Campco\Common\index.aspx.cs:line 205
----------------------------------------------------
System.InvalidOperationException: The source contains no DataRows.
   at System.Data.DataTableExtensions.LoadTableFromEnumerable[T](IEnumerable`1 source, DataTable table, Nullable`1 options, FillErrorEventHandler errorHandler)
   at System.Data.DataTableExtensions.CopyToDataTable[T](IEnumerable`1 source)
   at Campco.Common.index.Remove(String value) in E:\nisha\ordex\hR\Campco\Campco\Common\index.aspx.cs:line 205
-------------------------END-------------------------4/19/2017 10:40:51 AM
----------------------------------------------------
-------------------------START-------------------------4/19/2017 10:48:08 AM
Page :index.aspx
----------------------------------------------------
Event :
----------------------------------------------------
Stack Trace :   at Campco.Common.index.Page_Load(Object sender, EventArgs e) in E:\nisha\ordex\hR\Campco\Campco\Common\index.aspx.cs:line 133
----------------------------------------------------
System.NullReferenceException: Object reference not set to an instance of an object.
   at Campco.Common.index.Page_Load(Object sender, EventArgs e) in E:\nisha\ordex\hR\Campco\Campco\Common\index.aspx.cs:line 133
-------------------------END-------------------------4/19/2017 10:48:08 AM
----------------------------------------------------
-------------------------START-------------------------4/19/2017 11:17:54 AM
Page :Registration.aspx
----------------------------------------------------
Event :Registration page Load
-------------------------END-------------------------4/19/2017 11:17:54 AM
----------------------------------------------------
-------------------------START-------------------------4/19/2017 11:17:54 AM
Page :Registration.aspx
----------------------------------------------------
Event :FillCapctcha.
-------------------------END-------------------------4/19/2017 11:17:54 AM
----------------------------------------------------
-------------------------START-------------------------4/19/2017 12:39:48 PM
Page :Remove
----------------------------------------------------
Event :
----------------------------------------------------
Stack Trace :   at System.Data.DataTableExtensions.LoadTableFromEnumerable[T](IEnumerable`1 source, DataTable table, Nullable`1 options, FillErrorEventHandler errorHandler)
   at System.Data.DataTableExtensions.CopyToDataTable[T](IEnumerable`1 source)
   at Campco.Common.CheckOut.Remove(String value) in E:\nisha\ordex\hR\Campco\Campco\Common\CheckOut.aspx.cs:line 770
----------------------------------------------------
System.InvalidOperationException: The source contains no DataRows.
   at System.Data.DataTableExtensions.LoadTableFromEnumerable[T](IEnumerable`1 source, DataTable table, Nullable`1 options, FillErrorEventHandler errorHandler)
   at System.Data.DataTableExtensions.CopyToDataTable[T](IEnumerable`1 source)
   at Campco.Common.CheckOut.Remove(String value) in E:\nisha\ordex\hR\Campco\Campco\Common\CheckOut.aspx.cs:line 770
-------------------------END-------------------------4/19/2017 12:39:48 PM
----------------------------------------------------
-------------------------START-------------------------4/19/2017 12:40:17 PM
Page :index.aspx
----------------------------------------------------
Event :
----------------------------------------------------
Stack Trace :   at Campco.Common.index.Page_Load(Object sender, EventArgs e) in E:\nisha\ordex\hR\Campco\Campco\Common\index.aspx.cs:line 133
----------------------------------------------------
System.NullReferenceException: Object reference not set to an instance of an object.
   at Campco.Common.index.Page_Load(Object sender, EventArgs e) in E:\nisha\ordex\hR\Campco\Campco\Common\index.aspx.cs:line 133
-------------------------END-------------------------4/19/2017 12:40:17 PM
----------------------------------------------------
-------------------------START-------------------------4/19/2017 12:40:19 PM
Page :index.aspx
----------------------------------------------------
Event :
----------------------------------------------------
Stack Trace :   at Campco.Common.index.Page_Load(Object sender, EventArgs e) in E:\nisha\ordex\hR\Campco\Campco\Common\index.aspx.cs:line 133
----------------------------------------------------
System.NullReferenceException: Object reference not set to an instance of an object.
   at Campco.Common.index.Page_Load(Object sender, EventArgs e) in E:\nisha\ordex\hR\Campco\Campco\Common\index.aspx.cs:line 133
-------------------------END-------------------------4/19/2017 12:40:19 PM
----------------------------------------------------
-------------------------START-------------------------4/19/2017 12:51:45 PM
Page :index.aspx
----------------------------------------------------
Event :
----------------------------------------------------
Stack Trace :   at Campco.Common.index.Page_Load(Object sender, EventArgs e) in E:\nisha\ordex\hR\Campco\Campco\Common\index.aspx.cs:line 133
----------------------------------------------------
System.NullReferenceException: Object reference not set to an instance of an object.
   at Campco.Common.index.Page_Load(Object sender, EventArgs e) in E:\nisha\ordex\hR\Campco\Campco\Common\index.aspx.cs:line 133
-------------------------END-------------------------4/19/2017 12:51:45 PM
----------------------------------------------------
-------------------------START-------------------------4/19/2017 12:57:08 PM
Page :Registration.aspx
----------------------------------------------------
Event :Registration page Load
-------------------------END-------------------------4/19/2017 12:57:08 PM
----------------------------------------------------
-------------------------START-------------------------4/19/2017 12:57:08 PM
Page :Registration.aspx
----------------------------------------------------
Event :FillCapctcha.
-------------------------END-------------------------4/19/2017 12:57:08 PM
----------------------------------------------------
-------------------------START-------------------------4/19/2017 12:57:22 PM
Page :index.aspx
----------------------------------------------------
Event :
----------------------------------------------------
Stack Trace :   at Campco.Common.index.Page_Load(Object sender, EventArgs e) in E:\nisha\ordex\hR\Campco\Campco\Common\index.aspx.cs:line 133
----------------------------------------------------
System.NullReferenceException: Object reference not set to an instance of an object.
   at Campco.Common.index.Page_Load(Object sender, EventArgs e) in E:\nisha\ordex\hR\Campco\Campco\Common\index.aspx.cs:line 133
-------------------------END-------------------------4/19/2017 12:57:22 PM
----------------------------------------------------
-------------------------START-------------------------4/19/2017 2:20:46 PM
Page :Remove
----------------------------------------------------
Event :
----------------------------------------------------
Stack Trace :   at System.Data.DataTableExtensions.LoadTableFromEnumerable[T](IEnumerable`1 source, DataTable table, Nullable`1 options, FillErrorEventHandler errorHandler)
   at System.Data.DataTableExtensions.CopyToDataTable[T](IEnumerable`1 source)
   at Campco.Common.index.Remove(String value) in E:\nisha\ordex\hR\Campco\Campco\Common\index.aspx.cs:line 205
----------------------------------------------------
System.InvalidOperationException: The source contains no DataRows.
   at System.Data.DataTableExtensions.LoadTableFromEnumerable[T](IEnumerable`1 source, DataTable table, Nullable`1 options, FillErrorEventHandler errorHandler)
   at System.Data.DataTableExtensions.CopyToDataTable[T](IEnumerable`1 source)
   at Campco.Common.index.Remove(String value) in E:\nisha\ordex\hR\Campco\Campco\Common\index.aspx.cs:line 205
-------------------------END-------------------------4/19/2017 2:20:46 PM
----------------------------------------------------
-------------------------START-------------------------4/19/2017 3:27:24 PM
Page :index.aspx
----------------------------------------------------
Event :
----------------------------------------------------
Stack Trace :   at Campco.Common.index.Page_Load(Object sender, EventArgs e) in E:\nisha\ordex\hR\Campco\Campco\Common\index.aspx.cs:line 82
----------------------------------------------------
System.NullReferenceException: Object reference not set to an instance of an object.
   at Campco.Common.index.Page_Load(Object sender, EventArgs e) in E:\nisha\ordex\hR\Campco\Campco\Common\index.aspx.cs:line 82
-------------------------END-------------------------4/19/2017 3:27:24 PM
----------------------------------------------------
-------------------------START-------------------------4/19/2017 3:27:25 PM
Page :index.aspx
----------------------------------------------------
Event :
----------------------------------------------------
Stack Trace :   at Campco.Common.CampcoCommon.Page_Load(Object sender, EventArgs e) in E:\nisha\ordex\hR\Campco\Campco\Common\CampcoCommon.Master.cs:line 155
----------------------------------------------------
System.NullReferenceException: Object reference not set to an instance of an object.
   at Campco.Common.CampcoCommon.Page_Load(Object sender, EventArgs e) in E:\nisha\ordex\hR\Campco\Campco\Common\CampcoCommon.Master.cs:line 155
-------------------------END-------------------------4/19/2017 3:27:25 PM
----------------------------------------------------
-------------------------START-------------------------4/19/2017 3:29:06 PM
Page :Registration.aspx
----------------------------------------------------
Event :Registration page Load
-------------------------END-------------------------4/19/2017 3:29:06 PM
----------------------------------------------------
-------------------------START-------------------------4/19/2017 3:29:06 PM
Page :Registration.aspx
----------------------------------------------------
Event :FillCapctcha.
-------------------------END-------------------------4/19/2017 3:29:06 PM
----------------------------------------------------
-------------------------START-------------------------4/19/2017 3:37:08 PM
Page :index.aspx
----------------------------------------------------
Event :
----------------------------------------------------
Stack Trace :   at Campco.Common.index.Page_Load(Object sender, EventArgs e) in E:\nisha\ordex\hR\Campco\Campco\Common\index.aspx.cs:line 82
----------------------------------------------------
System.NullReferenceException: Object reference not set to an instance of an object.
   at Campco.Common.index.Page_Load(Object sender, EventArgs e) in E:\nisha\ordex\hR\Campco\Campco\Common\index.aspx.cs:line 82
-------------------------END-------------------------4/19/2017 3:37:08 PM
----------------------------------------------------
-------------------------START-------------------------4/19/2017 3:37:09 PM
Page :index.aspx
----------------------------------------------------
Event :
----------------------------------------------------
Stack Trace :   at Campco.Common.CampcoCommon.Page_Load(Object sender, EventArgs e) in E:\nisha\ordex\hR\Campco\Campco\Common\CampcoCommon.Master.cs:line 155
----------------------------------------------------
System.NullReferenceException: Object reference not set to an instance of an object.
   at Campco.Common.CampcoCommon.Page_Load(Object sender, EventArgs e) in E:\nisha\ordex\hR\Campco\Campco\Common\CampcoCommon.Master.cs:line 155
-------------------------END-------------------------4/19/2017 3:37:09 PM
----------------------------------------------------
-------------------------START-------------------------4/19/2017 3:43:39 PM
Page :CheckOut.aspx
----------------------------------------------------
Event :ProcessOrders Buttom Click
-------------------------END-------------------------4/19/2017 3:43:39 PM
----------------------------------------------------
-------------------------START-------------------------4/19/2017 3:44:48 PM
Page :index.aspx
----------------------------------------------------
Event :
----------------------------------------------------
Stack Trace :   at Campco.Common.index.Page_Load(Object sender, EventArgs e) in E:\nisha\ordex\hR\Campco\Campco\Common\index.aspx.cs:line 133
----------------------------------------------------
System.NullReferenceException: Object reference not set to an instance of an object.
   at Campco.Common.index.Page_Load(Object sender, EventArgs e) in E:\nisha\ordex\hR\Campco\Campco\Common\index.aspx.cs:line 133
-------------------------END-------------------------4/19/2017 3:44:48 PM
----------------------------------------------------
