-------------------------START-------------------------3/11/2017 10:26:31 AM
Page :Registration.aspx
----------------------------------------------------
Stack Trace :
----------------------------------------------------
System.Exception: Exception of type 'System.Exception' was thrown.
-------------------------END-------------------------3/11/2017 10:26:31 AM
----------------------------------------------------
-------------------------START-------------------------3/11/2017 10:26:31 AM
Page :Registration.aspx
----------------------------------------------------
Stack Trace :
----------------------------------------------------
System.Exception: Exception of type 'System.Exception' was thrown.
-------------------------END-------------------------3/11/2017 10:26:31 AM
----------------------------------------------------
-------------------------START-------------------------3/11/2017 10:26:31 AM
Page :Registration.aspx
----------------------------------------------------
Stack Trace :
----------------------------------------------------
System.Exception: Exception of type 'System.Exception' was thrown.
-------------------------END-------------------------3/11/2017 10:26:31 AM
----------------------------------------------------
-------------------------START-------------------------3/11/2017 10:26:31 AM
Page :Registration.aspx
----------------------------------------------------
Stack Trace :
----------------------------------------------------
System.Exception: Exception of type 'System.Exception' was thrown.
-------------------------END-------------------------3/11/2017 10:26:31 AM
----------------------------------------------------
-------------------------START-------------------------3/11/2017 10:26:31 AM
Page :Registration.aspx
----------------------------------------------------
Stack Trace :
----------------------------------------------------
System.Exception: Exception of type 'System.Exception' was thrown.
-------------------------END-------------------------3/11/2017 10:26:31 AM
----------------------------------------------------
-------------------------START-------------------------3/11/2017 10:26:31 AM
Page :Registration.aspx
----------------------------------------------------
Stack Trace :
----------------------------------------------------
System.Exception: Exception of type 'System.Exception' was thrown.
-------------------------END-------------------------3/11/2017 10:26:31 AM
----------------------------------------------------
-------------------------START-------------------------3/11/2017 10:26:32 AM
Page :Registration.aspx
----------------------------------------------------
Stack Trace :   at System.IO.__Error.WinIOError(Int32 errorCode, String maybeFullPath)
   at System.IO.FileStream.Init(String path, FileMode mode, FileAccess access, Int32 rights, Boolean useRights, FileShare share, Int32 bufferSize, FileOptions options, SECURITY_ATTRIBUTES secAttrs, String msgPath, Boolean bFromProxy, Boolean useLongPath, Boolean checkHost)
   at System.IO.FileStream..ctor(String path, FileMode mode, FileAccess access, FileShare share, Int32 bufferSize, FileOptions options, String msgPath, Boolean bFromProxy, Boolean useLongPath, Boolean checkHost)
   at System.IO.StreamWriter.CreateFile(String path, Boolean append, Boolean checkHost)
   at System.IO.StreamWriter..ctor(String path, Boolean append, Encoding encoding, Int32 bufferSize, Boolean checkHost)
   at System.IO.StreamWriter..ctor(String path, Boolean append)
   at System.IO.File.CreateText(String path)
   at Campco.dbUtility.logerrors(Exception ex) in E:\nisha\ordex\hR\Campco\Campco\AppCode\dbUtility.cs:line 2186
   at Campco.Common.Registration.FillCapctha() in E:\nisha\ordex\hR\Campco\Campco\Common\Registration.aspx.cs:line 341
----------------------------------------------------
System.IO.IOException: The process cannot access the file 'E:\nisha\ordex\hR\Campco\Campco\LogFiles\Log_11-03-2017.log' because it is being used by another process.
   at System.IO.__Error.WinIOError(Int32 errorCode, String maybeFullPath)
   at System.IO.FileStream.Init(String path, FileMode mode, FileAccess access, Int32 rights, Boolean useRights, FileShare share, Int32 bufferSize, FileOptions options, SECURITY_ATTRIBUTES secAttrs, String msgPath, Boolean bFromProxy, Boolean useLongPath, Boolean checkHost)
   at System.IO.FileStream..ctor(String path, FileMode mode, FileAccess access, FileShare share, Int32 bufferSize, FileOptions options, String msgPath, Boolean bFromProxy, Boolean useLongPath, Boolean checkHost)
   at System.IO.StreamWriter.CreateFile(String path, Boolean append, Boolean checkHost)
   at System.IO.StreamWriter..ctor(String path, Boolean append, Encoding encoding, Int32 bufferSize, Boolean checkHost)
   at System.IO.StreamWriter..ctor(String path, Boolean append)
   at System.IO.File.CreateText(String path)
   at Campco.dbUtility.logerrors(Exception ex) in E:\nisha\ordex\hR\Campco\Campco\AppCode\dbUtility.cs:line 2186
   at Campco.Common.Registration.FillCapctha() in E:\nisha\ordex\hR\Campco\Campco\Common\Registration.aspx.cs:line 341
-------------------------END-------------------------3/11/2017 10:26:33 AM
----------------------------------------------------
-------------------------START-------------------------3/11/2017 10:26:38 AM
Page :Registration.aspx
----------------------------------------------------
Stack Trace :
----------------------------------------------------
System.Exception: Exception of type 'System.Exception' was thrown.
-------------------------END-------------------------3/11/2017 10:26:38 AM
----------------------------------------------------
-------------------------START-------------------------3/11/2017 10:26:38 AM
Page :Registration.aspx
----------------------------------------------------
Stack Trace :
----------------------------------------------------
System.Exception: Exception of type 'System.Exception' was thrown.
-------------------------END-------------------------3/11/2017 10:26:38 AM
----------------------------------------------------
-------------------------START-------------------------3/11/2017 10:26:38 AM
Page :Registration.aspx
----------------------------------------------------
Stack Trace :
----------------------------------------------------
System.Exception: Exception of type 'System.Exception' was thrown.
-------------------------END-------------------------3/11/2017 10:26:38 AM
----------------------------------------------------
-------------------------START-------------------------3/11/2017 10:26:38 AM
Page :Registration.aspx
----------------------------------------------------
Stack Trace :
----------------------------------------------------
System.Exception: Exception of type 'System.Exception' was thrown.
-------------------------END-------------------------3/11/2017 10:26:38 AM
----------------------------------------------------
-------------------------START-------------------------3/11/2017 10:26:38 AM
Page :Registration.aspx
----------------------------------------------------
Stack Trace :
----------------------------------------------------
System.Exception: Exception of type 'System.Exception' was thrown.
-------------------------END-------------------------3/11/2017 10:26:38 AM
----------------------------------------------------
-------------------------START-------------------------3/11/2017 10:26:38 AM
Page :Registration.aspx
----------------------------------------------------
Stack Trace :
----------------------------------------------------
System.Exception: Exception of type 'System.Exception' was thrown.
-------------------------END-------------------------3/11/2017 10:26:38 AM
----------------------------------------------------
-------------------------START-------------------------3/11/2017 10:26:38 AM
Page :Registration.aspx
----------------------------------------------------
Stack Trace :
----------------------------------------------------
System.Exception: Exception of type 'System.Exception' was thrown.
-------------------------END-------------------------3/11/2017 10:26:38 AM
----------------------------------------------------
-------------------------START-------------------------3/11/2017 10:26:39 AM
Page :Registration.aspx
----------------------------------------------------
Stack Trace :
----------------------------------------------------
System.Exception: Exception of type 'System.Exception' was thrown.
-------------------------END-------------------------3/11/2017 10:26:39 AM
----------------------------------------------------
-------------------------START-------------------------3/11/2017 10:26:39 AM
Page :Registration.aspx
----------------------------------------------------
Stack Trace :
----------------------------------------------------
System.Exception: Exception of type 'System.Exception' was thrown.
-------------------------END-------------------------3/11/2017 10:26:39 AM
----------------------------------------------------
-------------------------START-------------------------3/11/2017 10:26:39 AM
Page :Registration.aspx
----------------------------------------------------
Stack Trace :
----------------------------------------------------
System.Exception: Exception of type 'System.Exception' was thrown.
-------------------------END-------------------------3/11/2017 10:26:39 AM
----------------------------------------------------
-------------------------START-------------------------3/11/2017 10:26:39 AM
Page :Registration.aspx
----------------------------------------------------
Stack Trace :
----------------------------------------------------
System.Exception: Exception of type 'System.Exception' was thrown.
-------------------------END-------------------------3/11/2017 10:26:39 AM
----------------------------------------------------
-------------------------START-------------------------3/11/2017 10:26:39 AM
Page :Registration.aspx
----------------------------------------------------
Stack Trace :
----------------------------------------------------
System.Exception: Exception of type 'System.Exception' was thrown.
-------------------------END-------------------------3/11/2017 10:26:39 AM
----------------------------------------------------
-------------------------START-------------------------3/11/2017 10:26:39 AM
Page :Registration.aspx
----------------------------------------------------
Stack Trace :
----------------------------------------------------
System.Exception: Exception of type 'System.Exception' was thrown.
-------------------------END-------------------------3/11/2017 10:26:39 AM
----------------------------------------------------
-------------------------START-------------------------3/11/2017 10:26:39 AM
Page :Registration.aspx
----------------------------------------------------
Stack Trace :
----------------------------------------------------
System.Exception: Exception of type 'System.Exception' was thrown.
-------------------------END-------------------------3/11/2017 10:26:39 AM
----------------------------------------------------
-------------------------START-------------------------3/11/2017 10:26:39 AM
Page :Registration.aspx
----------------------------------------------------
Stack Trace :
----------------------------------------------------
System.Exception: Exception of type 'System.Exception' was thrown.
-------------------------END-------------------------3/11/2017 10:26:39 AM
----------------------------------------------------
-------------------------START-------------------------3/11/2017 10:26:39 AM
Page :Registration.aspx
----------------------------------------------------
Stack Trace :
----------------------------------------------------
System.Exception: Exception of type 'System.Exception' was thrown.
-------------------------END-------------------------3/11/2017 10:26:39 AM
----------------------------------------------------
-------------------------START-------------------------3/11/2017 10:26:39 AM
Page :Registration.aspx
----------------------------------------------------
Stack Trace :
----------------------------------------------------
System.Exception: Exception of type 'System.Exception' was thrown.
-------------------------END-------------------------3/11/2017 10:26:39 AM
----------------------------------------------------
-------------------------START-------------------------3/11/2017 10:26:39 AM
Page :Registration.aspx
----------------------------------------------------
Stack Trace :
----------------------------------------------------
System.Exception: Exception of type 'System.Exception' was thrown.
-------------------------END-------------------------3/11/2017 10:26:39 AM
----------------------------------------------------
-------------------------START-------------------------3/11/2017 10:26:40 AM
Page :Registration.aspx
----------------------------------------------------
Stack Trace :
----------------------------------------------------
System.Exception: Exception of type 'System.Exception' was thrown.
-------------------------END-------------------------3/11/2017 10:26:40 AM
----------------------------------------------------
-------------------------START-------------------------3/11/2017 10:26:40 AM
Page :Registration.aspx
----------------------------------------------------
Stack Trace :
----------------------------------------------------
System.Exception: Exception of type 'System.Exception' was thrown.
-------------------------END-------------------------3/11/2017 10:26:40 AM
----------------------------------------------------
-------------------------START-------------------------3/11/2017 10:26:40 AM
Page :Registration.aspx
----------------------------------------------------
Stack Trace :
----------------------------------------------------
System.Exception: Exception of type 'System.Exception' was thrown.
-------------------------END-------------------------3/11/2017 10:26:40 AM
----------------------------------------------------
-------------------------START-------------------------3/11/2017 10:26:40 AM
Page :Registration.aspx
----------------------------------------------------
Stack Trace :
----------------------------------------------------
System.Exception: Exception of type 'System.Exception' was thrown.
-------------------------END-------------------------3/11/2017 10:26:40 AM
----------------------------------------------------
-------------------------START-------------------------3/11/2017 10:26:40 AM
Page :Registration.aspx
----------------------------------------------------
Stack Trace :
----------------------------------------------------
System.Exception: Exception of type 'System.Exception' was thrown.
-------------------------END-------------------------3/11/2017 10:26:40 AM
----------------------------------------------------
-------------------------START-------------------------3/11/2017 10:26:40 AM
Page :Registration.aspx
----------------------------------------------------
Stack Trace :
----------------------------------------------------
System.Exception: Exception of type 'System.Exception' was thrown.
-------------------------END-------------------------3/11/2017 10:26:40 AM
----------------------------------------------------
-------------------------START-------------------------3/11/2017 10:26:40 AM
Page :Registration.aspx
----------------------------------------------------
Stack Trace :
----------------------------------------------------
System.Exception: Exception of type 'System.Exception' was thrown.
-------------------------END-------------------------3/11/2017 10:26:40 AM
----------------------------------------------------
-------------------------START-------------------------3/11/2017 10:26:40 AM
Page :Registration.aspx
----------------------------------------------------
Stack Trace :
----------------------------------------------------
System.Exception: Exception of type 'System.Exception' was thrown.
-------------------------END-------------------------3/11/2017 10:26:40 AM
----------------------------------------------------
-------------------------START-------------------------3/11/2017 10:26:40 AM
Page :Registration.aspx
----------------------------------------------------
Stack Trace :
----------------------------------------------------
System.Exception: Exception of type 'System.Exception' was thrown.
-------------------------END-------------------------3/11/2017 10:26:40 AM
----------------------------------------------------
-------------------------START-------------------------3/11/2017 10:26:40 AM
Page :Registration.aspx
----------------------------------------------------
Stack Trace :
----------------------------------------------------
System.Exception: Exception of type 'System.Exception' was thrown.
-------------------------END-------------------------3/11/2017 10:26:40 AM
----------------------------------------------------
-------------------------START-------------------------3/11/2017 10:26:40 AM
Page :Registration.aspx
----------------------------------------------------
Stack Trace :
----------------------------------------------------
System.Exception: Exception of type 'System.Exception' was thrown.
-------------------------END-------------------------3/11/2017 10:26:40 AM
----------------------------------------------------
-------------------------START-------------------------3/11/2017 10:26:40 AM
Page :Registration.aspx
----------------------------------------------------
Stack Trace :
----------------------------------------------------
System.Exception: Exception of type 'System.Exception' was thrown.
-------------------------END-------------------------3/11/2017 10:26:40 AM
----------------------------------------------------
-------------------------START-------------------------3/11/2017 10:26:41 AM
Page :Registration.aspx
----------------------------------------------------
Stack Trace :
----------------------------------------------------
System.Exception: Exception of type 'System.Exception' was thrown.
-------------------------END-------------------------3/11/2017 10:26:41 AM
----------------------------------------------------
-------------------------START-------------------------3/11/2017 10:26:41 AM
Page :Registration.aspx
----------------------------------------------------
Stack Trace :
----------------------------------------------------
System.Exception: Exception of type 'System.Exception' was thrown.
-------------------------END-------------------------3/11/2017 10:26:41 AM
----------------------------------------------------
-------------------------START-------------------------3/11/2017 10:26:41 AM
Page :Registration.aspx
----------------------------------------------------
Stack Trace :
----------------------------------------------------
System.Exception: Exception of type 'System.Exception' was thrown.
-------------------------END-------------------------3/11/2017 10:26:41 AM
----------------------------------------------------
-------------------------START-------------------------3/11/2017 10:26:41 AM
Page :Registration.aspx
----------------------------------------------------
Stack Trace :
----------------------------------------------------
System.Exception: Exception of type 'System.Exception' was thrown.
-------------------------END-------------------------3/11/2017 10:26:41 AM
----------------------------------------------------
-------------------------START-------------------------3/11/2017 10:26:41 AM
Page :Registration.aspx
----------------------------------------------------
Stack Trace :
----------------------------------------------------
System.Exception: Exception of type 'System.Exception' was thrown.
-------------------------END-------------------------3/11/2017 10:26:41 AM
----------------------------------------------------
-------------------------START-------------------------3/11/2017 10:26:41 AM
Page :Registration.aspx
----------------------------------------------------
Stack Trace :
----------------------------------------------------
System.Exception: Exception of type 'System.Exception' was thrown.
-------------------------END-------------------------3/11/2017 10:26:41 AM
----------------------------------------------------
-------------------------START-------------------------3/11/2017 10:26:42 AM
Page :Registration.aspx
----------------------------------------------------
Stack Trace :
----------------------------------------------------
System.Exception: Exception of type 'System.Exception' was thrown.
-------------------------END-------------------------3/11/2017 10:26:42 AM
----------------------------------------------------
-------------------------START-------------------------3/11/2017 10:26:42 AM
Page :Registration.aspx
----------------------------------------------------
Stack Trace :
----------------------------------------------------
System.Exception: Exception of type 'System.Exception' was thrown.
-------------------------END-------------------------3/11/2017 10:26:42 AM
----------------------------------------------------
-------------------------START-------------------------3/11/2017 10:26:42 AM
Page :Registration.aspx
----------------------------------------------------
Stack Trace :
----------------------------------------------------
System.Exception: Exception of type 'System.Exception' was thrown.
-------------------------END-------------------------3/11/2017 10:26:42 AM
----------------------------------------------------
-------------------------START-------------------------3/11/2017 10:26:42 AM
Page :Registration.aspx
----------------------------------------------------
Stack Trace :
----------------------------------------------------
System.Exception: Exception of type 'System.Exception' was thrown.
-------------------------END-------------------------3/11/2017 10:26:42 AM
----------------------------------------------------
-------------------------START-------------------------3/11/2017 10:26:42 AM
Page :Registration.aspx
----------------------------------------------------
Stack Trace :
----------------------------------------------------
System.Exception: Exception of type 'System.Exception' was thrown.
-------------------------END-------------------------3/11/2017 10:26:42 AM
----------------------------------------------------
-------------------------START-------------------------3/11/2017 10:26:42 AM
Page :Registration.aspx
----------------------------------------------------
Stack Trace :
----------------------------------------------------
System.Exception: Exception of type 'System.Exception' was thrown.
-------------------------END-------------------------3/11/2017 10:26:42 AM
----------------------------------------------------
-------------------------START-------------------------3/11/2017 10:26:42 AM
Page :Registration.aspx
----------------------------------------------------
Stack Trace :
----------------------------------------------------
System.Exception: Exception of type 'System.Exception' was thrown.
-------------------------END-------------------------3/11/2017 10:26:42 AM
----------------------------------------------------
-------------------------START-------------------------3/11/2017 10:26:42 AM
Page :Registration.aspx
----------------------------------------------------
Stack Trace :
----------------------------------------------------
System.Exception: Exception of type 'System.Exception' was thrown.
-------------------------END-------------------------3/11/2017 10:26:42 AM
----------------------------------------------------
-------------------------START-------------------------3/11/2017 10:26:42 AM
Page :Registration.aspx
----------------------------------------------------
Stack Trace :
----------------------------------------------------
System.Exception: Exception of type 'System.Exception' was thrown.
-------------------------END-------------------------3/11/2017 10:26:42 AM
----------------------------------------------------
-------------------------START-------------------------3/11/2017 10:26:42 AM
Page :Registration.aspx
----------------------------------------------------
Stack Trace :
----------------------------------------------------
System.Exception: Exception of type 'System.Exception' was thrown.
-------------------------END-------------------------3/11/2017 10:26:42 AM
----------------------------------------------------
-------------------------START-------------------------3/11/2017 10:26:42 AM
Page :Registration.aspx
----------------------------------------------------
Stack Trace :
----------------------------------------------------
System.Exception: Exception of type 'System.Exception' was thrown.
-------------------------END-------------------------3/11/2017 10:26:42 AM
----------------------------------------------------
-------------------------START-------------------------3/11/2017 10:26:42 AM
Page :Registration.aspx
----------------------------------------------------
Stack Trace :
----------------------------------------------------
System.Exception: Exception of type 'System.Exception' was thrown.
-------------------------END-------------------------3/11/2017 10:26:42 AM
----------------------------------------------------
-------------------------START-------------------------3/11/2017 10:28:46 AM
Page :index.aspx
----------------------------------------------------
Stack Trace :   at Campco.Common.index.Page_Load(Object sender, EventArgs e) in E:\nisha\ordex\hR\Campco\Campco\Common\index.aspx.cs:line 73
----------------------------------------------------
System.NullReferenceException: Object reference not set to an instance of an object.
   at Campco.Common.index.Page_Load(Object sender, EventArgs e) in E:\nisha\ordex\hR\Campco\Campco\Common\index.aspx.cs:line 73
-------------------------END-------------------------3/11/2017 10:28:46 AM
----------------------------------------------------
-------------------------START-------------------------3/11/2017 10:28:47 AM
Page :Registration.aspx
----------------------------------------------------
Stack Trace :   at System.Threading.Thread.AbortInternal()
   at System.Threading.Thread.Abort(Object stateInfo)
   at System.Web.HttpResponse.AbortCurrentThread()
   at System.Web.HttpResponse.Redirect(String url, Boolean endResponse, Boolean permanent)
   at Campco.Common.CampcoCommon.lnkMyaccount_Click(Object sender, EventArgs e) in E:\nisha\ordex\hR\Campco\Campco\Common\CampcoCommon.Master.cs:line 201
----------------------------------------------------
System.Threading.ThreadAbortException: Thread was being aborted.
   at System.Threading.Thread.AbortInternal()
   at System.Threading.Thread.Abort(Object stateInfo)
   at System.Web.HttpResponse.AbortCurrentThread()
   at System.Web.HttpResponse.Redirect(String url, Boolean endResponse, Boolean permanent)
   at Campco.Common.CampcoCommon.lnkMyaccount_Click(Object sender, EventArgs e) in E:\nisha\ordex\hR\Campco\Campco\Common\CampcoCommon.Master.cs:line 201
-------------------------END-------------------------3/11/2017 10:28:47 AM
----------------------------------------------------
-------------------------START-------------------------3/11/2017 10:28:49 AM
Page :UpdateMyProfile.aspx
----------------------------------------------------
Stack Trace :   at System.Data.RBTree`1.GetNodeByIndex(Int32 userIndex)
   at System.Data.DataRowCollection.get_Item(Int32 index)
   at Campco.dbUtility.GetCustomerDetail_MyProfile(Registration_Property R) in E:\nisha\ordex\hR\Campco\Campco\AppCode\dbUtility.cs:line 281
   at Campco.Common.UpdateMyProfile.Get_CustomerDetail() in E:\nisha\ordex\hR\Campco\Campco\Common\UpdateMyProfile.aspx.cs:line 75
   at Campco.Common.UpdateMyProfile.Page_Load(Object sender, EventArgs e) in E:\nisha\ordex\hR\Campco\Campco\Common\UpdateMyProfile.aspx.cs:line 38
----------------------------------------------------
System.IndexOutOfRangeException: There is no row at position 0.
   at System.Data.RBTree`1.GetNodeByIndex(Int32 userIndex)
   at System.Data.DataRowCollection.get_Item(Int32 index)
   at Campco.dbUtility.GetCustomerDetail_MyProfile(Registration_Property R) in E:\nisha\ordex\hR\Campco\Campco\AppCode\dbUtility.cs:line 281
   at Campco.Common.UpdateMyProfile.Get_CustomerDetail() in E:\nisha\ordex\hR\Campco\Campco\Common\UpdateMyProfile.aspx.cs:line 75
   at Campco.Common.UpdateMyProfile.Page_Load(Object sender, EventArgs e) in E:\nisha\ordex\hR\Campco\Campco\Common\UpdateMyProfile.aspx.cs:line 38
-------------------------END-------------------------3/11/2017 10:28:49 AM
----------------------------------------------------
-------------------------START-------------------------3/11/2017 10:30:20 AM
Page :UpdateMyProfile.aspx
----------------------------------------------------
Stack Trace :   at System.Threading.Thread.AbortInternal()
   at System.Threading.Thread.Abort(Object stateInfo)
   at System.Web.HttpResponse.AbortCurrentThread()
   at System.Web.HttpResponse.Redirect(String url, Boolean endResponse, Boolean permanent)
   at Campco.Common.CampcoCommon.lnkMyaccount_Click(Object sender, EventArgs e) in E:\nisha\ordex\hR\Campco\Campco\Common\CampcoCommon.Master.cs:line 201
----------------------------------------------------
System.Threading.ThreadAbortException: Thread was being aborted.
   at System.Threading.Thread.AbortInternal()
   at System.Threading.Thread.Abort(Object stateInfo)
   at System.Web.HttpResponse.AbortCurrentThread()
   at System.Web.HttpResponse.Redirect(String url, Boolean endResponse, Boolean permanent)
   at Campco.Common.CampcoCommon.lnkMyaccount_Click(Object sender, EventArgs e) in E:\nisha\ordex\hR\Campco\Campco\Common\CampcoCommon.Master.cs:line 201
-------------------------END-------------------------3/11/2017 10:30:20 AM
----------------------------------------------------
-------------------------START-------------------------3/11/2017 10:30:29 AM
Page :login.aspx
----------------------------------------------------
Stack Trace :   at System.Threading.Thread.AbortInternal()
   at System.Threading.Thread.Abort(Object stateInfo)
   at System.Web.HttpResponse.AbortCurrentThread()
   at System.Web.HttpResponse.Redirect(String url, Boolean endResponse, Boolean permanent)
   at Campco.Common.CampcoCommon.lnkSinIn_Click(Object sender, EventArgs e) in E:\nisha\ordex\hR\Campco\Campco\Common\CampcoCommon.Master.cs:line 225
----------------------------------------------------
System.Threading.ThreadAbortException: Thread was being aborted.
   at System.Threading.Thread.AbortInternal()
   at System.Threading.Thread.Abort(Object stateInfo)
   at System.Web.HttpResponse.AbortCurrentThread()
   at System.Web.HttpResponse.Redirect(String url, Boolean endResponse, Boolean permanent)
   at Campco.Common.CampcoCommon.lnkSinIn_Click(Object sender, EventArgs e) in E:\nisha\ordex\hR\Campco\Campco\Common\CampcoCommon.Master.cs:line 225
-------------------------END-------------------------3/11/2017 10:30:29 AM
----------------------------------------------------
-------------------------START-------------------------3/11/2017 10:30:51 AM
Page :index.aspx
----------------------------------------------------
Stack Trace :   at Campco.Common.index.Page_Load(Object sender, EventArgs e) in E:\nisha\ordex\hR\Campco\Campco\Common\index.aspx.cs:line 73
----------------------------------------------------
System.NullReferenceException: Object reference not set to an instance of an object.
   at Campco.Common.index.Page_Load(Object sender, EventArgs e) in E:\nisha\ordex\hR\Campco\Campco\Common\index.aspx.cs:line 73
-------------------------END-------------------------3/11/2017 10:30:51 AM
----------------------------------------------------
-------------------------START-------------------------3/11/2017 10:35:24 AM
Page :UpdateMyProfile.aspx
----------------------------------------------------
Stack Trace :   at System.Threading.Thread.AbortInternal()
   at System.Threading.Thread.Abort(Object stateInfo)
   at System.Web.HttpResponse.AbortCurrentThread()
   at System.Web.HttpResponse.Redirect(String url, Boolean endResponse, Boolean permanent)
   at Campco.Common.CampcoCommon.lnkMyaccount_Click(Object sender, EventArgs e) in E:\nisha\ordex\hR\Campco\Campco\Common\CampcoCommon.Master.cs:line 192
----------------------------------------------------
System.Threading.ThreadAbortException: Thread was being aborted.
   at System.Threading.Thread.AbortInternal()
   at System.Threading.Thread.Abort(Object stateInfo)
   at System.Web.HttpResponse.AbortCurrentThread()
   at System.Web.HttpResponse.Redirect(String url, Boolean endResponse, Boolean permanent)
   at Campco.Common.CampcoCommon.lnkMyaccount_Click(Object sender, EventArgs e) in E:\nisha\ordex\hR\Campco\Campco\Common\CampcoCommon.Master.cs:line 192
-------------------------END-------------------------3/11/2017 10:35:24 AM
----------------------------------------------------
-------------------------START-------------------------3/11/2017 10:35:33 AM
Page :Login.aspx
----------------------------------------------------
Stack Trace :   at System.Threading.Thread.AbortInternal()
   at System.Threading.Thread.Abort(Object stateInfo)
   at System.Web.HttpResponse.AbortCurrentThread()
   at System.Web.HttpResponse.Redirect(String url, Boolean endResponse, Boolean permanent)
   at Campco.Common.CampcoCommon.lnkSignout_Click(Object sender, EventArgs e) in E:\nisha\ordex\hR\Campco\Campco\Common\CampcoCommon.Master.cs:line 246
----------------------------------------------------
System.Threading.ThreadAbortException: Thread was being aborted.
   at System.Threading.Thread.AbortInternal()
   at System.Threading.Thread.Abort(Object stateInfo)
   at System.Web.HttpResponse.AbortCurrentThread()
   at System.Web.HttpResponse.Redirect(String url, Boolean endResponse, Boolean permanent)
   at Campco.Common.CampcoCommon.lnkSignout_Click(Object sender, EventArgs e) in E:\nisha\ordex\hR\Campco\Campco\Common\CampcoCommon.Master.cs:line 246
-------------------------END-------------------------3/11/2017 10:35:33 AM
----------------------------------------------------
-------------------------START-------------------------3/11/2017 10:36:03 AM
Page :index.aspx
----------------------------------------------------
Stack Trace :   at Campco.Common.index.Page_Load(Object sender, EventArgs e) in E:\nisha\ordex\hR\Campco\Campco\Common\index.aspx.cs:line 73
----------------------------------------------------
System.NullReferenceException: Object reference not set to an instance of an object.
   at Campco.Common.index.Page_Load(Object sender, EventArgs e) in E:\nisha\ordex\hR\Campco\Campco\Common\index.aspx.cs:line 73
-------------------------END-------------------------3/11/2017 10:36:03 AM
----------------------------------------------------
-------------------------START-------------------------3/11/2017 10:36:05 AM
Page :Login.aspx
----------------------------------------------------
Stack Trace :   at System.Threading.Thread.AbortInternal()
   at System.Threading.Thread.Abort(Object stateInfo)
   at System.Web.HttpResponse.AbortCurrentThread()
   at System.Web.HttpResponse.Redirect(String url, Boolean endResponse, Boolean permanent)
   at Campco.Common.CampcoCommon.lnkSignout_Click(Object sender, EventArgs e) in E:\nisha\ordex\hR\Campco\Campco\Common\CampcoCommon.Master.cs:line 246
----------------------------------------------------
System.Threading.ThreadAbortException: Thread was being aborted.
   at System.Threading.Thread.AbortInternal()
   at System.Threading.Thread.Abort(Object stateInfo)
   at System.Web.HttpResponse.AbortCurrentThread()
   at System.Web.HttpResponse.Redirect(String url, Boolean endResponse, Boolean permanent)
   at Campco.Common.CampcoCommon.lnkSignout_Click(Object sender, EventArgs e) in E:\nisha\ordex\hR\Campco\Campco\Common\CampcoCommon.Master.cs:line 246
-------------------------END-------------------------3/11/2017 10:36:05 AM
----------------------------------------------------
-------------------------START-------------------------3/11/2017 10:36:35 AM
Page :index.aspx
----------------------------------------------------
Stack Trace :   at Campco.Common.index.Page_Load(Object sender, EventArgs e) in E:\nisha\ordex\hR\Campco\Campco\Common\index.aspx.cs:line 73
----------------------------------------------------
System.NullReferenceException: Object reference not set to an instance of an object.
   at Campco.Common.index.Page_Load(Object sender, EventArgs e) in E:\nisha\ordex\hR\Campco\Campco\Common\index.aspx.cs:line 73
-------------------------END-------------------------3/11/2017 10:36:35 AM
----------------------------------------------------
-------------------------START-------------------------3/11/2017 10:36:36 AM
Page :UpdateMyProfile.aspx
----------------------------------------------------
Stack Trace :   at System.Data.RBTree`1.GetNodeByIndex(Int32 userIndex)
   at System.Data.DataRowCollection.get_Item(Int32 index)
   at Campco.dbUtility.GetCustomerDetail_MyProfile(Registration_Property R) in E:\nisha\ordex\hR\Campco\Campco\AppCode\dbUtility.cs:line 281
   at Campco.Common.UpdateMyProfile.Get_CustomerDetail() in E:\nisha\ordex\hR\Campco\Campco\Common\UpdateMyProfile.aspx.cs:line 75
   at Campco.Common.UpdateMyProfile.Page_Load(Object sender, EventArgs e) in E:\nisha\ordex\hR\Campco\Campco\Common\UpdateMyProfile.aspx.cs:line 38
----------------------------------------------------
System.IndexOutOfRangeException: There is no row at position 0.
   at System.Data.RBTree`1.GetNodeByIndex(Int32 userIndex)
   at System.Data.DataRowCollection.get_Item(Int32 index)
   at Campco.dbUtility.GetCustomerDetail_MyProfile(Registration_Property R) in E:\nisha\ordex\hR\Campco\Campco\AppCode\dbUtility.cs:line 281
   at Campco.Common.UpdateMyProfile.Get_CustomerDetail() in E:\nisha\ordex\hR\Campco\Campco\Common\UpdateMyProfile.aspx.cs:line 75
   at Campco.Common.UpdateMyProfile.Page_Load(Object sender, EventArgs e) in E:\nisha\ordex\hR\Campco\Campco\Common\UpdateMyProfile.aspx.cs:line 38
-------------------------END-------------------------3/11/2017 10:36:36 AM
----------------------------------------------------
-------------------------START-------------------------3/11/2017 11:50:08 AM
Page :PriceList.aspx
----------------------------------------------------
Stack Trace :   at Campco.Common.PriceList.Export_pricelist() in E:\nisha\ordex\hR\Campco\Campco\Common\PriceList.aspx.cs:line 36
----------------------------------------------------
System.NullReferenceException: Object reference not set to an instance of an object.
   at Campco.Common.PriceList.Export_pricelist() in E:\nisha\ordex\hR\Campco\Campco\Common\PriceList.aspx.cs:line 36
-------------------------END-------------------------3/11/2017 11:50:09 AM
----------------------------------------------------
-------------------------START-------------------------3/11/2017 12:23:15 PM
Page :UpdateMyProfile.aspx
----------------------------------------------------
Stack Trace :   at System.Threading.Thread.AbortInternal()
   at System.Threading.Thread.Abort(Object stateInfo)
   at System.Web.HttpResponse.AbortCurrentThread()
   at System.Web.HttpResponse.Redirect(String url, Boolean endResponse, Boolean permanent)
   at Campco.Common.CampcoCommon.lnkSignout_Click(Object sender, EventArgs e) in E:\nisha\ordex\hR\Campco\Campco\Common\CampcoCommon.Master.cs:line 246
----------------------------------------------------
System.Threading.ThreadAbortException: Thread was being aborted.
   at System.Threading.Thread.AbortInternal()
   at System.Threading.Thread.Abort(Object stateInfo)
   at System.Web.HttpResponse.AbortCurrentThread()
   at System.Web.HttpResponse.Redirect(String url, Boolean endResponse, Boolean permanent)
   at Campco.Common.CampcoCommon.lnkSignout_Click(Object sender, EventArgs e) in E:\nisha\ordex\hR\Campco\Campco\Common\CampcoCommon.Master.cs:line 246
-------------------------END-------------------------3/11/2017 12:23:16 PM
----------------------------------------------------
-------------------------START-------------------------3/11/2017 12:28:06 PM
Page :admin.aspx
----------------------------------------------------
Stack Trace :   at System.Threading.Thread.AbortInternal()
   at System.Threading.Thread.Abort(Object stateInfo)
   at System.Web.HttpResponse.AbortCurrentThread()
   at System.Web.HttpResponse.Redirect(String url, Boolean endResponse, Boolean permanent)
   at Campco.Common.CampcoCommon.lnkSinIn_Click(Object sender, EventArgs e) in E:\nisha\ordex\hR\Campco\Campco\Common\CampcoCommon.Master.cs:line 225
----------------------------------------------------
System.Threading.ThreadAbortException: Thread was being aborted.
   at System.Threading.Thread.AbortInternal()
   at System.Threading.Thread.Abort(Object stateInfo)
   at System.Web.HttpResponse.AbortCurrentThread()
   at System.Web.HttpResponse.Redirect(String url, Boolean endResponse, Boolean permanent)
   at Campco.Common.CampcoCommon.lnkSinIn_Click(Object sender, EventArgs e) in E:\nisha\ordex\hR\Campco\Campco\Common\CampcoCommon.Master.cs:line 225
-------------------------END-------------------------3/11/2017 12:28:06 PM
----------------------------------------------------
-------------------------START-------------------------3/11/2017 4:43:01 PM
Page :index.aspx
----------------------------------------------------
Event :
----------------------------------------------------
Stack Trace :   at System.Threading.Thread.AbortInternal()
   at System.Threading.Thread.Abort(Object stateInfo)
   at System.Web.HttpResponse.AbortCurrentThread()
   at System.Web.HttpResponse.End()
   at System.Web.HttpResponse.Redirect(String url, Boolean endResponse, Boolean permanent)
   at System.Web.HttpResponse.Redirect(String url)
   at Campco.Common.CampcoCommon.lnkSinIn_Click(Object sender, EventArgs e) in E:\nisha\ordex\hR\Campco\Campco\Common\CampcoCommon.Master.cs:line 230
----------------------------------------------------
System.Threading.ThreadAbortException: Thread was being aborted.
   at System.Threading.Thread.AbortInternal()
   at System.Threading.Thread.Abort(Object stateInfo)
   at System.Web.HttpResponse.AbortCurrentThread()
   at System.Web.HttpResponse.End()
   at System.Web.HttpResponse.Redirect(String url, Boolean endResponse, Boolean permanent)
   at System.Web.HttpResponse.Redirect(String url)
   at Campco.Common.CampcoCommon.lnkSinIn_Click(Object sender, EventArgs e) in E:\nisha\ordex\hR\Campco\Campco\Common\CampcoCommon.Master.cs:line 230
-------------------------END-------------------------3/11/2017 4:43:02 PM
----------------------------------------------------
