-------------------------START-------------------------2/28/2017 10:39:13 AM
Page :productList.aspx
----------------------------------------------------
System.NullReferenceException: Object reference not set to an instance of an object.
   at Campco.Common.ProductList.Page_Load(Object sender, EventArgs e) in E:\nisha\ordex\hR\Campco\Campco\Common\ProductList.aspx.cs:line 103
----------------------------------------------------
-------------------------END-------------------------2/28/2017 10:39:13 AM
----------------------------------------------------
-------------------------START-------------------------2/28/2017 10:39:30 AM
Page :productList.aspx
----------------------------------------------------
System.NullReferenceException: Object reference not set to an instance of an object.
   at Campco.Common.ProductList.Page_Load(Object sender, EventArgs e) in E:\nisha\ordex\hR\Campco\Campco\Common\ProductList.aspx.cs:line 103
----------------------------------------------------
-------------------------END-------------------------2/28/2017 10:39:30 AM
----------------------------------------------------
-------------------------START-------------------------2/28/2017 10:39:36 AM
Page :ProductList.aspx
----------------------------------------------------
System.NullReferenceException: Object reference not set to an instance of an object.
   at Campco.Common.ProductList.Page_Load(Object sender, EventArgs e) in E:\nisha\ordex\hR\Campco\Campco\Common\ProductList.aspx.cs:line 103
----------------------------------------------------
-------------------------END-------------------------2/28/2017 10:39:36 AM
----------------------------------------------------
-------------------------START-------------------------2/28/2017 10:39:51 AM
Page :ProductList.aspx
----------------------------------------------------
System.NullReferenceException: Object reference not set to an instance of an object.
   at Campco.Common.ProductList.Page_Load(Object sender, EventArgs e) in E:\nisha\ordex\hR\Campco\Campco\Common\ProductList.aspx.cs:line 103
----------------------------------------------------
-------------------------END-------------------------2/28/2017 10:39:51 AM
----------------------------------------------------
-------------------------START-------------------------2/28/2017 10:39:58 AM
Page :ProductList.aspx
----------------------------------------------------
System.NullReferenceException: Object reference not set to an instance of an object.
   at Campco.Common.ProductList.Page_Load(Object sender, EventArgs e) in E:\nisha\ordex\hR\Campco\Campco\Common\ProductList.aspx.cs:line 103
----------------------------------------------------
-------------------------END-------------------------2/28/2017 10:39:58 AM
----------------------------------------------------
-------------------------START-------------------------2/28/2017 10:41:42 AM
Page :ProductList.aspx
----------------------------------------------------
System.NullReferenceException: Object reference not set to an instance of an object.
   at Campco.Common.ProductList.Page_Load(Object sender, EventArgs e) in E:\nisha\ordex\hR\Campco\Campco\Common\ProductList.aspx.cs:line 103
----------------------------------------------------
-------------------------END-------------------------2/28/2017 10:41:42 AM
----------------------------------------------------
-------------------------START-------------------------2/28/2017 10:41:57 AM
Page :OtherProductList.aspx
----------------------------------------------------
System.NullReferenceException: Object reference not set to an instance of an object.
   at Campco.Common.ProductList.Page_Load(Object sender, EventArgs e) in E:\nisha\ordex\hR\Campco\Campco\Common\ProductList.aspx.cs:line 103
----------------------------------------------------
-------------------------END-------------------------2/28/2017 10:41:57 AM
----------------------------------------------------
-------------------------START-------------------------2/28/2017 10:45:39 AM
Page :productdetail.aspx
----------------------------------------------------
System.Threading.ThreadAbortException: Thread was being aborted.
   at System.Threading.Thread.AbortInternal()
   at System.Threading.Thread.Abort(Object stateInfo)
   at System.Web.HttpResponse.AbortCurrentThread()
   at System.Web.HttpResponse.Redirect(String url, Boolean endResponse, Boolean permanent)
   at Campco.Common.productDetail.AddToCart_Click(Object sender, EventArgs e) in E:\nisha\ordex\hR\Campco\Campco\Common\productDetail.aspx.cs:line 164
----------------------------------------------------
-------------------------END-------------------------2/28/2017 10:45:39 AM
----------------------------------------------------
-------------------------START-------------------------2/28/2017 10:47:42 AM
Page :CheckOut.aspx
----------------------------------------------------
System.Threading.ThreadAbortException: Thread was being aborted.
   at System.Threading.Thread.AbortInternal()
   at System.Threading.Thread.Abort(Object stateInfo)
   at System.Web.HttpResponse.AbortCurrentThread()
   at System.Web.HttpResponse.Redirect(String url, Boolean endResponse, Boolean permanent)
   at Campco.Common.CampcoCommon.lnkSinIn_Click(Object sender, EventArgs e) in E:\nisha\ordex\hR\Campco\Campco\Common\CampcoCommon.Master.cs:line 204
----------------------------------------------------
-------------------------END-------------------------2/28/2017 10:47:42 AM
----------------------------------------------------
-------------------------START-------------------------2/28/2017 11:06:57 AM
Page :index.aspx
----------------------------------------------------
System.NullReferenceException: Object reference not set to an instance of an object.
   at Campco.Common.index.Page_Load(Object sender, EventArgs e) in E:\nisha\ordex\hR\Campco\Campco\Common\index.aspx.cs:line 73
----------------------------------------------------
-------------------------END-------------------------2/28/2017 11:06:57 AM
----------------------------------------------------
-------------------------START-------------------------2/28/2017 11:06:57 AM
Page :index.aspx
----------------------------------------------------
System.NullReferenceException: Object reference not set to an instance of an object.
   at Campco.Common.CampcoCommon.Page_Load(Object sender, EventArgs e) in E:\nisha\ordex\hR\Campco\Campco\Common\CampcoCommon.Master.cs:line 110
----------------------------------------------------
-------------------------END-------------------------2/28/2017 11:06:57 AM
----------------------------------------------------
-------------------------START-------------------------2/28/2017 11:11:37 AM
Page :index.aspx
----------------------------------------------------
System.Threading.ThreadAbortException: Thread was being aborted.
   at System.Threading.Thread.AbortInternal()
   at System.Threading.Thread.Abort(Object stateInfo)
   at System.Web.HttpResponse.AbortCurrentThread()
   at System.Web.HttpResponse.Redirect(String url, Boolean endResponse, Boolean permanent)
   at Campco.Common.CampcoCommon.lnkSinIn_Click(Object sender, EventArgs e) in E:\nisha\ordex\hR\Campco\Campco\Common\CampcoCommon.Master.cs:line 204
----------------------------------------------------
-------------------------END-------------------------2/28/2017 11:11:37 AM
----------------------------------------------------
-------------------------START-------------------------2/28/2017 11:12:09 AM
Page :Login.aspx
----------------------------------------------------
System.Threading.ThreadAbortException: Thread was being aborted.
   at System.Threading.Thread.AbortInternal()
   at System.Threading.Thread.Abort(Object stateInfo)
   at System.Web.HttpResponse.AbortCurrentThread()
   at System.Web.HttpResponse.Redirect(String url, Boolean endResponse, Boolean permanent)
   at Campco.Common.Login.VerifyUserLogin() in E:\nisha\ordex\hR\Campco\Campco\Common\Login.aspx.cs:line 204
   at Campco.Common.Login.btnLogin_Click(Object sender, EventArgs e) in E:\nisha\ordex\hR\Campco\Campco\Common\Login.aspx.cs:line 63
----------------------------------------------------
-------------------------END-------------------------2/28/2017 11:12:09 AM
----------------------------------------------------
-------------------------START-------------------------2/28/2017 11:22:49 AM
Page :index.aspx
----------------------------------------------------
System.Threading.ThreadAbortException: Thread was being aborted.
   at System.Threading.Thread.AbortInternal()
   at System.Threading.Thread.Abort(Object stateInfo)
   at System.Web.HttpResponse.AbortCurrentThread()
   at System.Web.HttpResponse.Redirect(String url, Boolean endResponse, Boolean permanent)
   at Campco.Common.CampcoCommon.lnkSinIn_Click(Object sender, EventArgs e) in E:\nisha\ordex\hR\Campco\Campco\Common\CampcoCommon.Master.cs:line 204
----------------------------------------------------
-------------------------END-------------------------2/28/2017 11:22:49 AM
----------------------------------------------------
-------------------------START-------------------------2/28/2017 11:36:56 AM
Page :Login.aspx
----------------------------------------------------
System.Threading.ThreadAbortException: Thread was being aborted.
   at System.Threading.Thread.AbortInternal()
   at System.Threading.Thread.Abort(Object stateInfo)
   at System.Web.HttpResponse.AbortCurrentThread()
   at System.Web.HttpResponse.Redirect(String url, Boolean endResponse, Boolean permanent)
   at Campco.Common.Login.VerifyUserLogin() in E:\nisha\ordex\hR\Campco\Campco\Common\Login.aspx.cs:line 204
   at Campco.Common.Login.btnLogin_Click(Object sender, EventArgs e) in E:\nisha\ordex\hR\Campco\Campco\Common\Login.aspx.cs:line 63
----------------------------------------------------
-------------------------END-------------------------2/28/2017 11:36:56 AM
----------------------------------------------------
-------------------------START-------------------------2/28/2017 5:07:39 PM
Page :ProductList.aspx
----------------------------------------------------
System.NullReferenceException: Object reference not set to an instance of an object.
   at Campco.Common.ProductList.Page_Load(Object sender, EventArgs e) in E:\nisha\ordex\hR\Campco\Campco\Common\ProductList.aspx.cs:line 103
----------------------------------------------------
-------------------------END-------------------------2/28/2017 5:07:39 PM
----------------------------------------------------
-------------------------START-------------------------2/28/2017 5:08:40 PM
Page :ProductList.aspx
----------------------------------------------------
System.NullReferenceException: Object reference not set to an instance of an object.
   at Campco.Common.ProductList.Page_Load(Object sender, EventArgs e) in E:\nisha\ordex\hR\Campco\Campco\Common\ProductList.aspx.cs:line 103
----------------------------------------------------
-------------------------END-------------------------2/28/2017 5:08:40 PM
----------------------------------------------------
