-------------------------START-------------------------4/18/2017 10:38:58 AM
Page :index.aspx
----------------------------------------------------
Stack Trace :   at Campco.Common.index.Page_Load(Object sender, EventArgs e) in E:\nisha\ordex\hR\Campco\Campco\Common\index.aspx.cs:line 133
----------------------------------------------------
System.NullReferenceException: Object reference not set to an instance of an object.
   at Campco.Common.index.Page_Load(Object sender, EventArgs e) in E:\nisha\ordex\hR\Campco\Campco\Common\index.aspx.cs:line 133
-------------------------END-------------------------4/18/2017 10:38:58 AM
----------------------------------------------------
-------------------------START-------------------------4/18/2017 10:39:15 AM
Page :index.aspx
----------------------------------------------------
Event :
----------------------------------------------------
Stack Trace :   at Campco.Common.index.Page_Load(Object sender, EventArgs e) in E:\nisha\ordex\hR\Campco\Campco\Common\index.aspx.cs:line 133
----------------------------------------------------
System.NullReferenceException: Object reference not set to an instance of an object.
   at Campco.Common.index.Page_Load(Object sender, EventArgs e) in E:\nisha\ordex\hR\Campco\Campco\Common\index.aspx.cs:line 133
-------------------------END-------------------------4/18/2017 10:39:15 AM
----------------------------------------------------
-------------------------START-------------------------4/18/2017 10:39:16 AM
Page :index.aspx
----------------------------------------------------
Event :
----------------------------------------------------
Stack Trace :   at System.Threading.Thread.AbortInternal()
   at System.Threading.Thread.Abort(Object stateInfo)
   at System.Web.HttpResponse.AbortCurrentThread()
   at System.Web.HttpResponse.End()
   at System.Web.HttpResponse.Redirect(String url, Boolean endResponse, Boolean permanent)
   at System.Web.HttpResponse.Redirect(String url)
   at Campco.Common.CampcoCommon.lnkSinIn_Click(Object sender, EventArgs e) in E:\nisha\ordex\hR\Campco\Campco\Common\CampcoCommon.Master.cs:line 281
----------------------------------------------------
System.Threading.ThreadAbortException: Thread was being aborted.
   at System.Threading.Thread.AbortInternal()
   at System.Threading.Thread.Abort(Object stateInfo)
   at System.Web.HttpResponse.AbortCurrentThread()
   at System.Web.HttpResponse.End()
   at System.Web.HttpResponse.Redirect(String url, Boolean endResponse, Boolean permanent)
   at System.Web.HttpResponse.Redirect(String url)
   at Campco.Common.CampcoCommon.lnkSinIn_Click(Object sender, EventArgs e) in E:\nisha\ordex\hR\Campco\Campco\Common\CampcoCommon.Master.cs:line 281
-------------------------END-------------------------4/18/2017 10:39:16 AM
----------------------------------------------------
-------------------------START-------------------------4/18/2017 10:44:05 AM
Page :Registration.aspx
----------------------------------------------------
Event :Registration page Load
-------------------------END-------------------------4/18/2017 10:44:05 AM
----------------------------------------------------
-------------------------START-------------------------4/18/2017 10:44:05 AM
Page :Registration.aspx
----------------------------------------------------
Event :FillCapctcha.
-------------------------END-------------------------4/18/2017 10:44:05 AM
----------------------------------------------------
-------------------------START-------------------------4/18/2017 10:45:00 AM
Page :index.aspx
----------------------------------------------------
Event :
----------------------------------------------------
Stack Trace :   at Campco.Common.index.Page_Load(Object sender, EventArgs e) in E:\nisha\ordex\hR\Campco\Campco\Common\index.aspx.cs:line 133
----------------------------------------------------
System.NullReferenceException: Object reference not set to an instance of an object.
   at Campco.Common.index.Page_Load(Object sender, EventArgs e) in E:\nisha\ordex\hR\Campco\Campco\Common\index.aspx.cs:line 133
-------------------------END-------------------------4/18/2017 10:45:00 AM
----------------------------------------------------
-------------------------START-------------------------4/18/2017 10:47:41 AM
Page :AddShippingAddressRegistration
----------------------------------------------------
Event :Registration page Load
-------------------------END-------------------------4/18/2017 10:47:41 AM
----------------------------------------------------
-------------------------START-------------------------4/18/2017 10:47:41 AM
Page :AddShippingAddressRegistration
----------------------------------------------------
Event :FillCapctcha.
-------------------------END-------------------------4/18/2017 10:47:41 AM
----------------------------------------------------
-------------------------START-------------------------4/18/2017 10:47:42 AM
Page :woocommerce-layout.css
----------------------------------------------------
Event :Registration page Load
-------------------------END-------------------------4/18/2017 10:47:42 AM
----------------------------------------------------
-------------------------START-------------------------4/18/2017 10:47:42 AM
Page :woocommerce-layout.css
----------------------------------------------------
Event :FillCapctcha.
-------------------------END-------------------------4/18/2017 10:47:42 AM
----------------------------------------------------
-------------------------START-------------------------4/18/2017 10:47:43 AM
Page :icon.css
----------------------------------------------------
Event :Registration page Load
-------------------------END-------------------------4/18/2017 10:47:43 AM
----------------------------------------------------
-------------------------START-------------------------4/18/2017 10:47:43 AM
Page :icon.css
----------------------------------------------------
Event :FillCapctcha.
-------------------------END-------------------------4/18/2017 10:47:43 AM
----------------------------------------------------
-------------------------START-------------------------4/18/2017 10:47:44 AM
Page :prettyPhoto.min.css
----------------------------------------------------
Event :Registration page Load
-------------------------END-------------------------4/18/2017 10:47:44 AM
----------------------------------------------------
-------------------------START-------------------------4/18/2017 10:47:44 AM
Page :prettyPhoto.min.css
----------------------------------------------------
Event :FillCapctcha.
-------------------------END-------------------------4/18/2017 10:47:44 AM
----------------------------------------------------
-------------------------START-------------------------4/18/2017 10:47:45 AM
Page :footerfont.css
----------------------------------------------------
Event :Registration page Load
-------------------------END-------------------------4/18/2017 10:47:45 AM
----------------------------------------------------
-------------------------START-------------------------4/18/2017 10:47:45 AM
Page :footerfont.css
----------------------------------------------------
Event :FillCapctcha.
-------------------------END-------------------------4/18/2017 10:47:45 AM
----------------------------------------------------
-------------------------START-------------------------4/18/2017 10:47:46 AM
Page :jquery.fancybox.css
----------------------------------------------------
Event :Registration page Load
-------------------------END-------------------------4/18/2017 10:47:46 AM
----------------------------------------------------
-------------------------START-------------------------4/18/2017 10:47:46 AM
Page :jquery.fancybox.css
----------------------------------------------------
Event :FillCapctcha.
-------------------------END-------------------------4/18/2017 10:47:46 AM
----------------------------------------------------
-------------------------START-------------------------4/18/2017 10:47:47 AM
Page :subscription-popup.css
----------------------------------------------------
Event :Registration page Load
-------------------------END-------------------------4/18/2017 10:47:47 AM
----------------------------------------------------
-------------------------START-------------------------4/18/2017 10:47:47 AM
Page :subscription-popup.css
----------------------------------------------------
Event :FillCapctcha.
-------------------------END-------------------------4/18/2017 10:47:47 AM
----------------------------------------------------
-------------------------START-------------------------4/18/2017 10:47:48 AM
Page :jquery.js
----------------------------------------------------
Event :Registration page Load
-------------------------END-------------------------4/18/2017 10:47:48 AM
----------------------------------------------------
-------------------------START-------------------------4/18/2017 10:47:48 AM
Page :jquery.js
----------------------------------------------------
Event :FillCapctcha.
-------------------------END-------------------------4/18/2017 10:47:48 AM
----------------------------------------------------
-------------------------START-------------------------4/18/2017 10:47:49 AM
Page :script.js
----------------------------------------------------
Event :Registration page Load
-------------------------END-------------------------4/18/2017 10:47:49 AM
----------------------------------------------------
-------------------------START-------------------------4/18/2017 10:47:49 AM
Page :script.js
----------------------------------------------------
Event :FillCapctcha.
-------------------------END-------------------------4/18/2017 10:47:49 AM
----------------------------------------------------
-------------------------START-------------------------4/18/2017 10:47:50 AM
Page :ultimate.min.css
----------------------------------------------------
Event :Registration page Load
-------------------------END-------------------------4/18/2017 10:47:50 AM
----------------------------------------------------
-------------------------START-------------------------4/18/2017 10:47:50 AM
Page :ultimate.min.css
----------------------------------------------------
Event :FillCapctcha.
-------------------------END-------------------------4/18/2017 10:47:50 AM
----------------------------------------------------
-------------------------START-------------------------4/18/2017 10:47:52 AM
Page :woocommerce.css
----------------------------------------------------
Event :Registration page Load
-------------------------END-------------------------4/18/2017 10:47:52 AM
----------------------------------------------------
-------------------------START-------------------------4/18/2017 10:47:52 AM
Page :woocommerce.css
----------------------------------------------------
Event :FillCapctcha.
-------------------------END-------------------------4/18/2017 10:47:52 AM
----------------------------------------------------
-------------------------START-------------------------4/18/2017 10:47:53 AM
Page :Defaults.css
----------------------------------------------------
Event :Registration page Load
-------------------------END-------------------------4/18/2017 10:47:53 AM
----------------------------------------------------
-------------------------START-------------------------4/18/2017 10:47:53 AM
Page :Defaults.css
----------------------------------------------------
Event :FillCapctcha.
-------------------------END-------------------------4/18/2017 10:47:53 AM
----------------------------------------------------
-------------------------START-------------------------4/18/2017 10:47:55 AM
Page :js_composer.min.css
----------------------------------------------------
Event :Registration page Load
-------------------------END-------------------------4/18/2017 10:47:55 AM
----------------------------------------------------
-------------------------START-------------------------4/18/2017 10:47:55 AM
Page :js_composer.min.css
----------------------------------------------------
Event :FillCapctcha.
-------------------------END-------------------------4/18/2017 10:47:55 AM
----------------------------------------------------
-------------------------START-------------------------4/18/2017 10:47:56 AM
Page :fonts.css
----------------------------------------------------
Event :Registration page Load
-------------------------END-------------------------4/18/2017 10:47:56 AM
----------------------------------------------------
-------------------------START-------------------------4/18/2017 10:47:56 AM
Page :fonts.css
----------------------------------------------------
Event :FillCapctcha.
-------------------------END-------------------------4/18/2017 10:47:56 AM
----------------------------------------------------
-------------------------START-------------------------4/18/2017 10:55:56 AM
Page :index.aspx
----------------------------------------------------
Event :
----------------------------------------------------
Stack Trace :   at Campco.Common.index.Page_Load(Object sender, EventArgs e) in E:\nisha\ordex\hR\Campco\Campco\Common\index.aspx.cs:line 133
----------------------------------------------------
System.NullReferenceException: Object reference not set to an instance of an object.
   at Campco.Common.index.Page_Load(Object sender, EventArgs e) in E:\nisha\ordex\hR\Campco\Campco\Common\index.aspx.cs:line 133
-------------------------END-------------------------4/18/2017 10:55:56 AM
----------------------------------------------------
-------------------------START-------------------------4/18/2017 11:01:42 AM
Page :index.aspx
----------------------------------------------------
Event :
----------------------------------------------------
Stack Trace :   at Campco.Common.index.Page_Load(Object sender, EventArgs e) in E:\nisha\ordex\hR\Campco\Campco\Common\index.aspx.cs:line 133
----------------------------------------------------
System.NullReferenceException: Object reference not set to an instance of an object.
   at Campco.Common.index.Page_Load(Object sender, EventArgs e) in E:\nisha\ordex\hR\Campco\Campco\Common\index.aspx.cs:line 133
-------------------------END-------------------------4/18/2017 11:01:42 AM
----------------------------------------------------
-------------------------START-------------------------4/18/2017 11:13:45 AM
Page :index.aspx
----------------------------------------------------
Event :
----------------------------------------------------
Stack Trace :   at Campco.Common.index.Page_Load(Object sender, EventArgs e) in E:\nisha\ordex\hR\Campco\Campco\Common\index.aspx.cs:line 133
----------------------------------------------------
System.NullReferenceException: Object reference not set to an instance of an object.
   at Campco.Common.index.Page_Load(Object sender, EventArgs e) in E:\nisha\ordex\hR\Campco\Campco\Common\index.aspx.cs:line 133
-------------------------END-------------------------4/18/2017 11:13:45 AM
----------------------------------------------------
-------------------------START-------------------------4/18/2017 11:25:48 AM
Page :index.aspx
----------------------------------------------------
Event :
----------------------------------------------------
Stack Trace :   at Campco.Common.index.Page_Load(Object sender, EventArgs e) in E:\nisha\ordex\hR\Campco\Campco\Common\index.aspx.cs:line 133
----------------------------------------------------
System.NullReferenceException: Object reference not set to an instance of an object.
   at Campco.Common.index.Page_Load(Object sender, EventArgs e) in E:\nisha\ordex\hR\Campco\Campco\Common\index.aspx.cs:line 133
-------------------------END-------------------------4/18/2017 11:25:48 AM
----------------------------------------------------
-------------------------START-------------------------4/18/2017 11:39:11 AM
Page :index.aspx
----------------------------------------------------
Event :
----------------------------------------------------
Stack Trace :   at Campco.Common.index.Page_Load(Object sender, EventArgs e) in E:\nisha\ordex\hR\Campco\Campco\Common\index.aspx.cs:line 133
----------------------------------------------------
System.NullReferenceException: Object reference not set to an instance of an object.
   at Campco.Common.index.Page_Load(Object sender, EventArgs e) in E:\nisha\ordex\hR\Campco\Campco\Common\index.aspx.cs:line 133
-------------------------END-------------------------4/18/2017 11:39:11 AM
----------------------------------------------------
-------------------------START-------------------------4/18/2017 11:49:09 AM
Page :index.aspx
----------------------------------------------------
Event :
----------------------------------------------------
Stack Trace :   at Campco.Common.index.Page_Load(Object sender, EventArgs e) in E:\nisha\ordex\hR\Campco\Campco\Common\index.aspx.cs:line 133
----------------------------------------------------
System.NullReferenceException: Object reference not set to an instance of an object.
   at Campco.Common.index.Page_Load(Object sender, EventArgs e) in E:\nisha\ordex\hR\Campco\Campco\Common\index.aspx.cs:line 133
-------------------------END-------------------------4/18/2017 11:49:09 AM
----------------------------------------------------
-------------------------START-------------------------4/18/2017 11:52:45 AM
Page :index.aspx
----------------------------------------------------
Event :
----------------------------------------------------
Stack Trace :   at Campco.Common.index.Page_Load(Object sender, EventArgs e) in E:\nisha\ordex\hR\Campco\Campco\Common\index.aspx.cs:line 133
----------------------------------------------------
System.NullReferenceException: Object reference not set to an instance of an object.
   at Campco.Common.index.Page_Load(Object sender, EventArgs e) in E:\nisha\ordex\hR\Campco\Campco\Common\index.aspx.cs:line 133
-------------------------END-------------------------4/18/2017 11:52:45 AM
----------------------------------------------------
-------------------------START-------------------------4/18/2017 12:04:24 PM
Page :index.aspx
----------------------------------------------------
Event :
----------------------------------------------------
Stack Trace :   at Campco.Common.index.Page_Load(Object sender, EventArgs e) in E:\nisha\ordex\hR\Campco\Campco\Common\index.aspx.cs:line 133
----------------------------------------------------
System.NullReferenceException: Object reference not set to an instance of an object.
   at Campco.Common.index.Page_Load(Object sender, EventArgs e) in E:\nisha\ordex\hR\Campco\Campco\Common\index.aspx.cs:line 133
-------------------------END-------------------------4/18/2017 12:04:25 PM
----------------------------------------------------
-------------------------START-------------------------4/18/2017 12:11:43 PM
Page :index.aspx
----------------------------------------------------
Event :
----------------------------------------------------
Stack Trace :   at Campco.Common.index.Page_Load(Object sender, EventArgs e) in E:\nisha\ordex\hR\Campco\Campco\Common\index.aspx.cs:line 133
----------------------------------------------------
System.NullReferenceException: Object reference not set to an instance of an object.
   at Campco.Common.index.Page_Load(Object sender, EventArgs e) in E:\nisha\ordex\hR\Campco\Campco\Common\index.aspx.cs:line 133
-------------------------END-------------------------4/18/2017 12:11:43 PM
----------------------------------------------------
-------------------------START-------------------------4/18/2017 12:42:38 PM
Page :MyShippingAddress.aspx
----------------------------------------------------
Event :
----------------------------------------------------
Stack Trace :   at Campco.Common.CampcoCommon.Page_Load(Object sender, EventArgs e) in E:\nisha\ordex\hR\Campco\Campco\Common\CampcoCommon.Master.cs:line 155
----------------------------------------------------
System.NullReferenceException: Object reference not set to an instance of an object.
   at Campco.Common.CampcoCommon.Page_Load(Object sender, EventArgs e) in E:\nisha\ordex\hR\Campco\Campco\Common\CampcoCommon.Master.cs:line 155
-------------------------END-------------------------4/18/2017 12:42:39 PM
----------------------------------------------------
-------------------------START-------------------------4/18/2017 12:49:11 PM
Page :index.aspx
----------------------------------------------------
Event :
----------------------------------------------------
Stack Trace :   at Campco.Common.index.Page_Load(Object sender, EventArgs e) in E:\nisha\ordex\hR\Campco\Campco\Common\index.aspx.cs:line 133
----------------------------------------------------
System.NullReferenceException: Object reference not set to an instance of an object.
   at Campco.Common.index.Page_Load(Object sender, EventArgs e) in E:\nisha\ordex\hR\Campco\Campco\Common\index.aspx.cs:line 133
-------------------------END-------------------------4/18/2017 12:49:11 PM
----------------------------------------------------
-------------------------START-------------------------4/18/2017 2:19:42 PM
Page :index.aspx
----------------------------------------------------
Event :
----------------------------------------------------
Stack Trace :   at Campco.Common.index.Page_Load(Object sender, EventArgs e) in E:\nisha\ordex\hR\Campco\Campco\Common\index.aspx.cs:line 133
----------------------------------------------------
System.NullReferenceException: Object reference not set to an instance of an object.
   at Campco.Common.index.Page_Load(Object sender, EventArgs e) in E:\nisha\ordex\hR\Campco\Campco\Common\index.aspx.cs:line 133
-------------------------END-------------------------4/18/2017 2:19:42 PM
----------------------------------------------------
-------------------------START-------------------------4/18/2017 2:21:35 PM
Page :AddShippingAddressRegistration
----------------------------------------------------
Event :Registration page Load
-------------------------END-------------------------4/18/2017 2:21:35 PM
----------------------------------------------------
-------------------------START-------------------------4/18/2017 2:21:35 PM
Page :AddShippingAddressRegistration
----------------------------------------------------
Event :FillCapctcha.
-------------------------END-------------------------4/18/2017 2:21:35 PM
----------------------------------------------------
-------------------------START-------------------------4/18/2017 2:21:37 PM
Page :woocommerce-layout.css
----------------------------------------------------
Event :Registration page Load
-------------------------END-------------------------4/18/2017 2:21:37 PM
----------------------------------------------------
-------------------------START-------------------------4/18/2017 2:21:38 PM
Page :woocommerce-layout.css
----------------------------------------------------
Event :FillCapctcha.
-------------------------END-------------------------4/18/2017 2:21:38 PM
----------------------------------------------------
-------------------------START-------------------------4/18/2017 2:21:39 PM
Page :fonts.css
----------------------------------------------------
Event :Registration page Load
-------------------------END-------------------------4/18/2017 2:21:39 PM
----------------------------------------------------
-------------------------START-------------------------4/18/2017 2:21:39 PM
Page :fonts.css
----------------------------------------------------
Event :FillCapctcha.
-------------------------END-------------------------4/18/2017 2:21:39 PM
----------------------------------------------------
-------------------------START-------------------------4/18/2017 2:21:40 PM
Page :prettyPhoto.min.css
----------------------------------------------------
Event :Registration page Load
-------------------------END-------------------------4/18/2017 2:21:40 PM
----------------------------------------------------
-------------------------START-------------------------4/18/2017 2:21:40 PM
Page :prettyPhoto.min.css
----------------------------------------------------
Event :FillCapctcha.
-------------------------END-------------------------4/18/2017 2:21:40 PM
----------------------------------------------------
-------------------------START-------------------------4/18/2017 2:21:42 PM
Page :footerfont.css
----------------------------------------------------
Event :Registration page Load
-------------------------END-------------------------4/18/2017 2:21:42 PM
----------------------------------------------------
-------------------------START-------------------------4/18/2017 2:21:42 PM
Page :footerfont.css
----------------------------------------------------
Event :FillCapctcha.
-------------------------END-------------------------4/18/2017 2:21:42 PM
----------------------------------------------------
-------------------------START-------------------------4/18/2017 2:21:43 PM
Page :jquery.fancybox.css
----------------------------------------------------
Event :Registration page Load
-------------------------END-------------------------4/18/2017 2:21:43 PM
----------------------------------------------------
-------------------------START-------------------------4/18/2017 2:21:43 PM
Page :jquery.fancybox.css
----------------------------------------------------
Event :FillCapctcha.
-------------------------END-------------------------4/18/2017 2:21:43 PM
----------------------------------------------------
-------------------------START-------------------------4/18/2017 2:21:44 PM
Page :subscription-popup.css
----------------------------------------------------
Event :Registration page Load
-------------------------END-------------------------4/18/2017 2:21:44 PM
----------------------------------------------------
-------------------------START-------------------------4/18/2017 2:21:44 PM
Page :subscription-popup.css
----------------------------------------------------
Event :FillCapctcha.
-------------------------END-------------------------4/18/2017 2:21:44 PM
----------------------------------------------------
-------------------------START-------------------------4/18/2017 2:21:45 PM
Page :icon.css
----------------------------------------------------
Event :Registration page Load
-------------------------END-------------------------4/18/2017 2:21:45 PM
----------------------------------------------------
-------------------------START-------------------------4/18/2017 2:21:45 PM
Page :icon.css
----------------------------------------------------
Event :FillCapctcha.
-------------------------END-------------------------4/18/2017 2:21:45 PM
----------------------------------------------------
-------------------------START-------------------------4/18/2017 2:21:46 PM
Page :jquery.js
----------------------------------------------------
Event :Registration page Load
-------------------------END-------------------------4/18/2017 2:21:46 PM
----------------------------------------------------
-------------------------START-------------------------4/18/2017 2:21:46 PM
Page :jquery.js
----------------------------------------------------
Event :FillCapctcha.
-------------------------END-------------------------4/18/2017 2:21:46 PM
----------------------------------------------------
-------------------------START-------------------------4/18/2017 2:21:48 PM
Page :script.js
----------------------------------------------------
Event :Registration page Load
-------------------------END-------------------------4/18/2017 2:21:48 PM
----------------------------------------------------
-------------------------START-------------------------4/18/2017 2:21:48 PM
Page :script.js
----------------------------------------------------
Event :FillCapctcha.
-------------------------END-------------------------4/18/2017 2:21:48 PM
----------------------------------------------------
-------------------------START-------------------------4/18/2017 2:21:50 PM
Page :index.aspx
----------------------------------------------------
Event :
----------------------------------------------------
Stack Trace :   at Campco.Common.index.Page_Load(Object sender, EventArgs e) in E:\nisha\ordex\hR\Campco\Campco\Common\index.aspx.cs:line 133
----------------------------------------------------
System.NullReferenceException: Object reference not set to an instance of an object.
   at Campco.Common.index.Page_Load(Object sender, EventArgs e) in E:\nisha\ordex\hR\Campco\Campco\Common\index.aspx.cs:line 133
-------------------------END-------------------------4/18/2017 2:21:50 PM
----------------------------------------------------
-------------------------START-------------------------4/18/2017 2:21:52 PM
Page :jquery-migrate.min.js
----------------------------------------------------
Event :Registration page Load
-------------------------END-------------------------4/18/2017 2:21:52 PM
----------------------------------------------------
-------------------------START-------------------------4/18/2017 2:21:52 PM
Page :jquery-migrate.min.js
----------------------------------------------------
Event :FillCapctcha.
-------------------------END-------------------------4/18/2017 2:21:52 PM
----------------------------------------------------
-------------------------START-------------------------4/18/2017 2:21:53 PM
Page :additional-methods.min.js
----------------------------------------------------
Event :Registration page Load
-------------------------END-------------------------4/18/2017 2:21:53 PM
----------------------------------------------------
-------------------------START-------------------------4/18/2017 2:21:53 PM
Page :additional-methods.min.js
----------------------------------------------------
Event :FillCapctcha.
-------------------------END-------------------------4/18/2017 2:21:53 PM
----------------------------------------------------
-------------------------START-------------------------4/18/2017 2:21:54 PM
Page :tabcontent.js
----------------------------------------------------
Event :Registration page Load
-------------------------END-------------------------4/18/2017 2:21:54 PM
----------------------------------------------------
-------------------------START-------------------------4/18/2017 2:21:54 PM
Page :tabcontent.js
----------------------------------------------------
Event :FillCapctcha.
-------------------------END-------------------------4/18/2017 2:21:54 PM
----------------------------------------------------
-------------------------START-------------------------4/18/2017 2:21:55 PM
Page :picturefill.min.js
----------------------------------------------------
Event :Registration page Load
-------------------------END-------------------------4/18/2017 2:21:55 PM
----------------------------------------------------
-------------------------START-------------------------4/18/2017 2:21:55 PM
Page :picturefill.min.js
----------------------------------------------------
Event :FillCapctcha.
-------------------------END-------------------------4/18/2017 2:21:55 PM
----------------------------------------------------
-------------------------START-------------------------4/18/2017 2:21:56 PM
Page :add-to-cart.min.js
----------------------------------------------------
Event :Registration page Load
-------------------------END-------------------------4/18/2017 2:21:56 PM
----------------------------------------------------
-------------------------START-------------------------4/18/2017 2:21:56 PM
Page :add-to-cart.min.js
----------------------------------------------------
Event :FillCapctcha.
-------------------------END-------------------------4/18/2017 2:21:56 PM
----------------------------------------------------
-------------------------START-------------------------4/18/2017 2:21:57 PM
Page :woocommerce-add-to-cart.js
----------------------------------------------------
Event :Registration page Load
-------------------------END-------------------------4/18/2017 2:21:57 PM
----------------------------------------------------
-------------------------START-------------------------4/18/2017 2:21:57 PM
Page :woocommerce-add-to-cart.js
----------------------------------------------------
Event :FillCapctcha.
-------------------------END-------------------------4/18/2017 2:21:57 PM
----------------------------------------------------
-------------------------START-------------------------4/18/2017 2:21:58 PM
Page :core.min.js
----------------------------------------------------
Event :Registration page Load
-------------------------END-------------------------4/18/2017 2:21:58 PM
----------------------------------------------------
-------------------------START-------------------------4/18/2017 2:21:58 PM
Page :core.min.js
----------------------------------------------------
Event :FillCapctcha.
-------------------------END-------------------------4/18/2017 2:21:58 PM
----------------------------------------------------
-------------------------START-------------------------4/18/2017 2:22:00 PM
Page :ultimate.min.js
----------------------------------------------------
Event :Registration page Load
-------------------------END-------------------------4/18/2017 2:22:00 PM
----------------------------------------------------
-------------------------START-------------------------4/18/2017 2:22:00 PM
Page :ultimate.min.js
----------------------------------------------------
Event :FillCapctcha.
-------------------------END-------------------------4/18/2017 2:22:00 PM
----------------------------------------------------
-------------------------START-------------------------4/18/2017 2:22:01 PM
Page :modernizr-2.6.2.min.js
----------------------------------------------------
Event :Registration page Load
-------------------------END-------------------------4/18/2017 2:22:01 PM
----------------------------------------------------
-------------------------START-------------------------4/18/2017 2:22:01 PM
Page :modernizr-2.6.2.min.js
----------------------------------------------------
Event :FillCapctcha.
-------------------------END-------------------------4/18/2017 2:22:01 PM
----------------------------------------------------
-------------------------START-------------------------4/18/2017 2:22:02 PM
Page :jquery.validate.js
----------------------------------------------------
Event :Registration page Load
-------------------------END-------------------------4/18/2017 2:22:02 PM
----------------------------------------------------
-------------------------START-------------------------4/18/2017 2:22:02 PM
Page :jquery.validate.js
----------------------------------------------------
Event :FillCapctcha.
-------------------------END-------------------------4/18/2017 2:22:02 PM
----------------------------------------------------
-------------------------START-------------------------4/18/2017 2:22:04 PM
Page :ultimate.min.css
----------------------------------------------------
Event :Registration page Load
-------------------------END-------------------------4/18/2017 2:22:04 PM
----------------------------------------------------
-------------------------START-------------------------4/18/2017 2:22:04 PM
Page :ultimate.min.css
----------------------------------------------------
Event :FillCapctcha.
-------------------------END-------------------------4/18/2017 2:22:04 PM
----------------------------------------------------
-------------------------START-------------------------4/18/2017 2:22:05 PM
Page :woocommerce.css
----------------------------------------------------
Event :Registration page Load
-------------------------END-------------------------4/18/2017 2:22:05 PM
----------------------------------------------------
-------------------------START-------------------------4/18/2017 2:22:05 PM
Page :woocommerce.css
----------------------------------------------------
Event :FillCapctcha.
-------------------------END-------------------------4/18/2017 2:22:05 PM
----------------------------------------------------
-------------------------START-------------------------4/18/2017 2:22:07 PM
Page :Defaults.css
----------------------------------------------------
Event :Registration page Load
-------------------------END-------------------------4/18/2017 2:22:07 PM
----------------------------------------------------
-------------------------START-------------------------4/18/2017 2:22:07 PM
Page :Defaults.css
----------------------------------------------------
Event :FillCapctcha.
-------------------------END-------------------------4/18/2017 2:22:07 PM
----------------------------------------------------
-------------------------START-------------------------4/18/2017 2:22:08 PM
Page :jquery.simplePopup.js
----------------------------------------------------
Event :Registration page Load
-------------------------END-------------------------4/18/2017 2:22:08 PM
----------------------------------------------------
-------------------------START-------------------------4/18/2017 2:22:08 PM
Page :jquery.simplePopup.js
----------------------------------------------------
Event :FillCapctcha.
-------------------------END-------------------------4/18/2017 2:22:08 PM
----------------------------------------------------
-------------------------START-------------------------4/18/2017 2:22:09 PM
Page :jquery.form.min.js
----------------------------------------------------
Event :Registration page Load
-------------------------END-------------------------4/18/2017 2:22:09 PM
----------------------------------------------------
-------------------------START-------------------------4/18/2017 2:22:09 PM
Page :jquery.form.min.js
----------------------------------------------------
Event :FillCapctcha.
-------------------------END-------------------------4/18/2017 2:22:09 PM
----------------------------------------------------
-------------------------START-------------------------4/18/2017 2:22:10 PM
Page :scripts.js
----------------------------------------------------
Event :Registration page Load
-------------------------END-------------------------4/18/2017 2:22:10 PM
----------------------------------------------------
-------------------------START-------------------------4/18/2017 2:22:10 PM
Page :scripts.js
----------------------------------------------------
Event :FillCapctcha.
-------------------------END-------------------------4/18/2017 2:22:10 PM
----------------------------------------------------
-------------------------START-------------------------4/18/2017 2:22:11 PM
Page :dot_irecommendthis.js
----------------------------------------------------
Event :Registration page Load
-------------------------END-------------------------4/18/2017 2:22:11 PM
----------------------------------------------------
-------------------------START-------------------------4/18/2017 2:22:11 PM
Page :dot_irecommendthis.js
----------------------------------------------------
Event :FillCapctcha.
-------------------------END-------------------------4/18/2017 2:22:11 PM
----------------------------------------------------
-------------------------START-------------------------4/18/2017 2:22:13 PM
Page :jquery.blockUI.min.js
----------------------------------------------------
Event :Registration page Load
-------------------------END-------------------------4/18/2017 2:22:13 PM
----------------------------------------------------
-------------------------START-------------------------4/18/2017 2:22:13 PM
Page :jquery.blockUI.min.js
----------------------------------------------------
Event :FillCapctcha.
-------------------------END-------------------------4/18/2017 2:22:13 PM
----------------------------------------------------
-------------------------START-------------------------4/18/2017 2:22:14 PM
Page :woocommerce.min.js
----------------------------------------------------
Event :Registration page Load
-------------------------END-------------------------4/18/2017 2:22:14 PM
----------------------------------------------------
-------------------------START-------------------------4/18/2017 2:22:14 PM
Page :woocommerce.min.js
----------------------------------------------------
Event :FillCapctcha.
-------------------------END-------------------------4/18/2017 2:22:14 PM
----------------------------------------------------
-------------------------START-------------------------4/18/2017 2:22:15 PM
Page :jquery.cookie.min.js
----------------------------------------------------
Event :Registration page Load
-------------------------END-------------------------4/18/2017 2:22:15 PM
----------------------------------------------------
-------------------------START-------------------------4/18/2017 2:22:15 PM
Page :jquery.cookie.min.js
----------------------------------------------------
Event :FillCapctcha.
-------------------------END-------------------------4/18/2017 2:22:15 PM
----------------------------------------------------
-------------------------START-------------------------4/18/2017 2:22:17 PM
Page :cart-fragments.min.js
----------------------------------------------------
Event :Registration page Load
-------------------------END-------------------------4/18/2017 2:22:17 PM
----------------------------------------------------
-------------------------START-------------------------4/18/2017 2:22:17 PM
Page :cart-fragments.min.js
----------------------------------------------------
Event :FillCapctcha.
-------------------------END-------------------------4/18/2017 2:22:17 PM
----------------------------------------------------
-------------------------START-------------------------4/18/2017 2:22:18 PM
Page :plugin.js
----------------------------------------------------
Event :Registration page Load
-------------------------END-------------------------4/18/2017 2:22:18 PM
----------------------------------------------------
-------------------------START-------------------------4/18/2017 2:22:18 PM
Page :plugin.js
----------------------------------------------------
Event :FillCapctcha.
-------------------------END-------------------------4/18/2017 2:22:18 PM
----------------------------------------------------
-------------------------START-------------------------4/18/2017 2:22:19 PM
Page :wp-embed.min.js
----------------------------------------------------
Event :Registration page Load
-------------------------END-------------------------4/18/2017 2:22:19 PM
----------------------------------------------------
-------------------------START-------------------------4/18/2017 2:22:19 PM
Page :wp-embed.min.js
----------------------------------------------------
Event :FillCapctcha.
-------------------------END-------------------------4/18/2017 2:22:19 PM
----------------------------------------------------
-------------------------START-------------------------4/18/2017 2:22:20 PM
Page :vc-accordion.min.js
----------------------------------------------------
Event :Registration page Load
-------------------------END-------------------------4/18/2017 2:22:20 PM
----------------------------------------------------
-------------------------START-------------------------4/18/2017 2:22:20 PM
Page :vc-accordion.min.js
----------------------------------------------------
Event :FillCapctcha.
-------------------------END-------------------------4/18/2017 2:22:20 PM
----------------------------------------------------
-------------------------START-------------------------4/18/2017 2:22:22 PM
Page :vc-tta-autoplay.min.js
----------------------------------------------------
Event :Registration page Load
-------------------------END-------------------------4/18/2017 2:22:22 PM
----------------------------------------------------
-------------------------START-------------------------4/18/2017 2:22:22 PM
Page :vc-tta-autoplay.min.js
----------------------------------------------------
Event :FillCapctcha.
-------------------------END-------------------------4/18/2017 2:22:22 PM
----------------------------------------------------
-------------------------START-------------------------4/18/2017 2:22:23 PM
Page :js_composer.min.css
----------------------------------------------------
Event :Registration page Load
-------------------------END-------------------------4/18/2017 2:22:23 PM
----------------------------------------------------
-------------------------START-------------------------4/18/2017 2:22:23 PM
Page :js_composer.min.css
----------------------------------------------------
Event :FillCapctcha.
-------------------------END-------------------------4/18/2017 2:22:23 PM
----------------------------------------------------
