-------------------------START-------------------------4/6/2017 6:04:35 PM
Page :Login.aspx
----------------------------------------------------
Stack Trace :   at System.Threading.Thread.AbortInternal()
   at System.Threading.Thread.Abort(Object stateInfo)
   at System.Web.HttpResponse.AbortCurrentThread()
   at System.Web.HttpResponse.End()
   at System.Web.HttpResponse.Redirect(String url, Boolean endResponse, Boolean permanent)
   at System.Web.HttpResponse.Redirect(String url)
   at Campco.Common.CampcoCommon.lnkSinIn_Click(Object sender, EventArgs e) in E:\nisha\ordex\hR\Campco\Campco\Common\CampcoCommon.Master.cs:line 278
----------------------------------------------------
System.Threading.ThreadAbortException: Thread was being aborted.
   at System.Threading.Thread.AbortInternal()
   at System.Threading.Thread.Abort(Object stateInfo)
   at System.Web.HttpResponse.AbortCurrentThread()
   at System.Web.HttpResponse.End()
   at System.Web.HttpResponse.Redirect(String url, Boolean endResponse, Boolean permanent)
   at System.Web.HttpResponse.Redirect(String url)
   at Campco.Common.CampcoCommon.lnkSinIn_Click(Object sender, EventArgs e) in E:\nisha\ordex\hR\Campco\Campco\Common\CampcoCommon.Master.cs:line 278
-------------------------END-------------------------4/6/2017 6:04:36 PM
----------------------------------------------------
-------------------------START-------------------------4/6/2017 6:08:39 PM
Page :CustomerProfilelist.aspx
----------------------------------------------------
Event :
----------------------------------------------------
Stack Trace :   at System.Threading.Thread.AbortInternal()
   at System.Threading.Thread.Abort(Object stateInfo)
   at System.Web.HttpResponse.AbortCurrentThread()
   at System.Web.HttpResponse.End()
   at System.Web.HttpResponse.Redirect(String url, Boolean endResponse, Boolean permanent)
   at System.Web.HttpResponse.Redirect(String url)
   at Campco.AdminPanel.CampcoAdmin.lnkSignout_Click(Object sender, EventArgs e) in E:\nisha\ordex\hR\Campco\Campco\AdminPanel\CampcoAdmin.Master.cs:line 70
----------------------------------------------------
System.Threading.ThreadAbortException: Thread was being aborted.
   at System.Threading.Thread.AbortInternal()
   at System.Threading.Thread.Abort(Object stateInfo)
   at System.Web.HttpResponse.AbortCurrentThread()
   at System.Web.HttpResponse.End()
   at System.Web.HttpResponse.Redirect(String url, Boolean endResponse, Boolean permanent)
   at System.Web.HttpResponse.Redirect(String url)
   at Campco.AdminPanel.CampcoAdmin.lnkSignout_Click(Object sender, EventArgs e) in E:\nisha\ordex\hR\Campco\Campco\AdminPanel\CampcoAdmin.Master.cs:line 70
-------------------------END-------------------------4/6/2017 6:08:39 PM
----------------------------------------------------
-------------------------START-------------------------4/6/2017 6:08:43 PM
Page :login.aspx
----------------------------------------------------
Event :
----------------------------------------------------
Stack Trace :   at System.Threading.Thread.AbortInternal()
   at System.Threading.Thread.Abort(Object stateInfo)
   at System.Web.HttpResponse.AbortCurrentThread()
   at System.Web.HttpResponse.End()
   at System.Web.HttpResponse.Redirect(String url, Boolean endResponse, Boolean permanent)
   at System.Web.HttpResponse.Redirect(String url)
   at Campco.Common.CampcoCommon.lnkSignout_Click(Object sender, EventArgs e) in E:\nisha\ordex\hR\Campco\Campco\Common\CampcoCommon.Master.cs:line 299
----------------------------------------------------
System.Threading.ThreadAbortException: Thread was being aborted.
   at System.Threading.Thread.AbortInternal()
   at System.Threading.Thread.Abort(Object stateInfo)
   at System.Web.HttpResponse.AbortCurrentThread()
   at System.Web.HttpResponse.End()
   at System.Web.HttpResponse.Redirect(String url, Boolean endResponse, Boolean permanent)
   at System.Web.HttpResponse.Redirect(String url)
   at Campco.Common.CampcoCommon.lnkSignout_Click(Object sender, EventArgs e) in E:\nisha\ordex\hR\Campco\Campco\Common\CampcoCommon.Master.cs:line 299
-------------------------END-------------------------4/6/2017 6:08:43 PM
----------------------------------------------------
-------------------------START-------------------------4/6/2017 6:18:10 PM
Page :index.aspx
----------------------------------------------------
Event :
----------------------------------------------------
Stack Trace :   at System.Threading.Thread.AbortInternal()
   at System.Threading.Thread.Abort(Object stateInfo)
   at System.Web.HttpResponse.AbortCurrentThread()
   at System.Web.HttpResponse.End()
   at System.Web.HttpResponse.Redirect(String url, Boolean endResponse, Boolean permanent)
   at System.Web.HttpResponse.Redirect(String url)
   at Campco.Common.CampcoCommon.lnkSinIn_Click(Object sender, EventArgs e) in E:\nisha\ordex\hR\Campco\Campco\Common\CampcoCommon.Master.cs:line 278
----------------------------------------------------
System.Threading.ThreadAbortException: Thread was being aborted.
   at System.Threading.Thread.AbortInternal()
   at System.Threading.Thread.Abort(Object stateInfo)
   at System.Web.HttpResponse.AbortCurrentThread()
   at System.Web.HttpResponse.End()
   at System.Web.HttpResponse.Redirect(String url, Boolean endResponse, Boolean permanent)
   at System.Web.HttpResponse.Redirect(String url)
   at Campco.Common.CampcoCommon.lnkSinIn_Click(Object sender, EventArgs e) in E:\nisha\ordex\hR\Campco\Campco\Common\CampcoCommon.Master.cs:line 278
-------------------------END-------------------------4/6/2017 6:18:10 PM
----------------------------------------------------
-------------------------START-------------------------4/6/2017 6:23:07 PM
Page :CustomerProfilelist.aspx
----------------------------------------------------
Event :
----------------------------------------------------
Stack Trace :   at Campco.AdminPanel.CustomerProfilelist.GetCustomer() in E:\nisha\ordex\hR\Campco\Campco\AdminPanel\CustomerProfilelist.aspx.cs:line 43
----------------------------------------------------
System.NullReferenceException: Object reference not set to an instance of an object.
   at Campco.AdminPanel.CustomerProfilelist.GetCustomer() in E:\nisha\ordex\hR\Campco\Campco\AdminPanel\CustomerProfilelist.aspx.cs:line 43
-------------------------END-------------------------4/6/2017 6:23:07 PM
----------------------------------------------------
-------------------------START-------------------------4/6/2017 6:23:12 PM
Page :CustomerProfilelist.aspx
----------------------------------------------------
Event :
----------------------------------------------------
Stack Trace :   at Campco.AdminPanel.CustomerProfilelist.GetCustomer() in E:\nisha\ordex\hR\Campco\Campco\AdminPanel\CustomerProfilelist.aspx.cs:line 43
----------------------------------------------------
System.NullReferenceException: Object reference not set to an instance of an object.
   at Campco.AdminPanel.CustomerProfilelist.GetCustomer() in E:\nisha\ordex\hR\Campco\Campco\AdminPanel\CustomerProfilelist.aspx.cs:line 43
-------------------------END-------------------------4/6/2017 6:23:12 PM
----------------------------------------------------
-------------------------START-------------------------4/6/2017 6:33:26 PM
Page :TrackingOrderList.aspx
----------------------------------------------------
Event :
----------------------------------------------------
Stack Trace :   at System.Threading.Thread.AbortInternal()
   at System.Threading.Thread.Abort(Object stateInfo)
   at System.Web.HttpResponse.AbortCurrentThread()
   at System.Web.HttpResponse.End()
   at System.Web.HttpResponse.Redirect(String url, Boolean endResponse, Boolean permanent)
   at System.Web.HttpResponse.Redirect(String url)
   at Campco.AdminPanel.CampcoAdmin.lnkSignout_Click(Object sender, EventArgs e) in E:\nisha\ordex\hR\Campco\Campco\AdminPanel\CampcoAdmin.Master.cs:line 70
----------------------------------------------------
System.Threading.ThreadAbortException: Thread was being aborted.
   at System.Threading.Thread.AbortInternal()
   at System.Threading.Thread.Abort(Object stateInfo)
   at System.Web.HttpResponse.AbortCurrentThread()
   at System.Web.HttpResponse.End()
   at System.Web.HttpResponse.Redirect(String url, Boolean endResponse, Boolean permanent)
   at System.Web.HttpResponse.Redirect(String url)
   at Campco.AdminPanel.CampcoAdmin.lnkSignout_Click(Object sender, EventArgs e) in E:\nisha\ordex\hR\Campco\Campco\AdminPanel\CampcoAdmin.Master.cs:line 70
-------------------------END-------------------------4/6/2017 6:33:26 PM
----------------------------------------------------
-------------------------START-------------------------4/6/2017 6:33:29 PM
Page :login.aspx
----------------------------------------------------
Event :
----------------------------------------------------
Stack Trace :   at System.Threading.Thread.AbortInternal()
   at System.Threading.Thread.Abort(Object stateInfo)
   at System.Web.HttpResponse.AbortCurrentThread()
   at System.Web.HttpResponse.End()
   at System.Web.HttpResponse.Redirect(String url, Boolean endResponse, Boolean permanent)
   at System.Web.HttpResponse.Redirect(String url)
   at Campco.Common.CampcoCommon.lnkSignout_Click(Object sender, EventArgs e) in E:\nisha\ordex\hR\Campco\Campco\Common\CampcoCommon.Master.cs:line 299
----------------------------------------------------
System.Threading.ThreadAbortException: Thread was being aborted.
   at System.Threading.Thread.AbortInternal()
   at System.Threading.Thread.Abort(Object stateInfo)
   at System.Web.HttpResponse.AbortCurrentThread()
   at System.Web.HttpResponse.End()
   at System.Web.HttpResponse.Redirect(String url, Boolean endResponse, Boolean permanent)
   at System.Web.HttpResponse.Redirect(String url)
   at Campco.Common.CampcoCommon.lnkSignout_Click(Object sender, EventArgs e) in E:\nisha\ordex\hR\Campco\Campco\Common\CampcoCommon.Master.cs:line 299
-------------------------END-------------------------4/6/2017 6:33:29 PM
----------------------------------------------------
-------------------------START-------------------------4/6/2017 6:40:09 PM
Page :index.aspx
----------------------------------------------------
Event :
----------------------------------------------------
Stack Trace :   at System.Threading.Thread.AbortInternal()
   at System.Threading.Thread.Abort(Object stateInfo)
   at System.Web.HttpResponse.AbortCurrentThread()
   at System.Web.HttpResponse.End()
   at System.Web.HttpResponse.Redirect(String url, Boolean endResponse, Boolean permanent)
   at System.Web.HttpResponse.Redirect(String url)
   at Campco.Common.CampcoCommon.lnkSinIn_Click(Object sender, EventArgs e) in E:\nisha\ordex\hR\Campco\Campco\Common\CampcoCommon.Master.cs:line 278
----------------------------------------------------
System.Threading.ThreadAbortException: Thread was being aborted.
   at System.Threading.Thread.AbortInternal()
   at System.Threading.Thread.Abort(Object stateInfo)
   at System.Web.HttpResponse.AbortCurrentThread()
   at System.Web.HttpResponse.End()
   at System.Web.HttpResponse.Redirect(String url, Boolean endResponse, Boolean permanent)
   at System.Web.HttpResponse.Redirect(String url)
   at Campco.Common.CampcoCommon.lnkSinIn_Click(Object sender, EventArgs e) in E:\nisha\ordex\hR\Campco\Campco\Common\CampcoCommon.Master.cs:line 278
-------------------------END-------------------------4/6/2017 6:40:09 PM
----------------------------------------------------
-------------------------START-------------------------4/6/2017 6:54:57 PM
Page :CustomerProfilelist.aspx
----------------------------------------------------
Event :
----------------------------------------------------
Stack Trace :   at Campco.AdminPanel.CustomerProfilelist.GetCustomer() in E:\nisha\ordex\hR\Campco\Campco\AdminPanel\CustomerProfilelist.aspx.cs:line 43
----------------------------------------------------
System.NullReferenceException: Object reference not set to an instance of an object.
   at Campco.AdminPanel.CustomerProfilelist.GetCustomer() in E:\nisha\ordex\hR\Campco\Campco\AdminPanel\CustomerProfilelist.aspx.cs:line 43
-------------------------END-------------------------4/6/2017 6:54:57 PM
----------------------------------------------------
-------------------------START-------------------------4/6/2017 6:56:01 PM
Page :index.aspx
----------------------------------------------------
Event :
----------------------------------------------------
Stack Trace :   at Campco.Common.index.Page_Load(Object sender, EventArgs e) in E:\nisha\ordex\hR\Campco\Campco\Common\index.aspx.cs:line 80
----------------------------------------------------
System.NullReferenceException: Object reference not set to an instance of an object.
   at Campco.Common.index.Page_Load(Object sender, EventArgs e) in E:\nisha\ordex\hR\Campco\Campco\Common\index.aspx.cs:line 80
-------------------------END-------------------------4/6/2017 6:56:01 PM
----------------------------------------------------
-------------------------START-------------------------4/6/2017 6:56:01 PM
Page :index.aspx
----------------------------------------------------
Event :
----------------------------------------------------
Stack Trace :   at Campco.Common.CampcoCommon.Page_Load(Object sender, EventArgs e) in E:\nisha\ordex\hR\Campco\Campco\Common\CampcoCommon.Master.cs:line 152
----------------------------------------------------
System.NullReferenceException: Object reference not set to an instance of an object.
   at Campco.Common.CampcoCommon.Page_Load(Object sender, EventArgs e) in E:\nisha\ordex\hR\Campco\Campco\Common\CampcoCommon.Master.cs:line 152
-------------------------END-------------------------4/6/2017 6:56:01 PM
----------------------------------------------------
-------------------------START-------------------------4/6/2017 6:56:10 PM
Page :Login.aspx
----------------------------------------------------
Event :
----------------------------------------------------
Stack Trace :   at Campco.Common.CampcoCommon.Page_Load(Object sender, EventArgs e) in E:\nisha\ordex\hR\Campco\Campco\Common\CampcoCommon.Master.cs:line 152
----------------------------------------------------
System.NullReferenceException: Object reference not set to an instance of an object.
   at Campco.Common.CampcoCommon.Page_Load(Object sender, EventArgs e) in E:\nisha\ordex\hR\Campco\Campco\Common\CampcoCommon.Master.cs:line 152
-------------------------END-------------------------4/6/2017 6:56:10 PM
----------------------------------------------------
-------------------------START-------------------------4/6/2017 6:56:47 PM
Page :Login.aspx
----------------------------------------------------
Event :
----------------------------------------------------
Stack Trace :   at Campco.Common.CampcoCommon.Page_Load(Object sender, EventArgs e) in E:\nisha\ordex\hR\Campco\Campco\Common\CampcoCommon.Master.cs:line 152
----------------------------------------------------
System.NullReferenceException: Object reference not set to an instance of an object.
   at Campco.Common.CampcoCommon.Page_Load(Object sender, EventArgs e) in E:\nisha\ordex\hR\Campco\Campco\Common\CampcoCommon.Master.cs:line 152
-------------------------END-------------------------4/6/2017 6:56:47 PM
----------------------------------------------------
-------------------------START-------------------------4/6/2017 6:57:06 PM
Page :aboutus.aspx
----------------------------------------------------
Event :
----------------------------------------------------
Stack Trace :   at Campco.Common.CampcoCommon.Page_Load(Object sender, EventArgs e) in E:\nisha\ordex\hR\Campco\Campco\Common\CampcoCommon.Master.cs:line 152
----------------------------------------------------
System.NullReferenceException: Object reference not set to an instance of an object.
   at Campco.Common.CampcoCommon.Page_Load(Object sender, EventArgs e) in E:\nisha\ordex\hR\Campco\Campco\Common\CampcoCommon.Master.cs:line 152
-------------------------END-------------------------4/6/2017 6:57:06 PM
----------------------------------------------------
-------------------------START-------------------------4/6/2017 6:57:18 PM
Page :brands.aspx
----------------------------------------------------
Event :
----------------------------------------------------
Stack Trace :   at Campco.Common.CampcoCommon.Page_Load(Object sender, EventArgs e) in E:\nisha\ordex\hR\Campco\Campco\Common\CampcoCommon.Master.cs:line 152
----------------------------------------------------
System.NullReferenceException: Object reference not set to an instance of an object.
   at Campco.Common.CampcoCommon.Page_Load(Object sender, EventArgs e) in E:\nisha\ordex\hR\Campco\Campco\Common\CampcoCommon.Master.cs:line 152
-------------------------END-------------------------4/6/2017 6:57:18 PM
----------------------------------------------------
-------------------------START-------------------------4/6/2017 6:57:39 PM
Page :CustomerProfilelist.aspx
----------------------------------------------------
Event :
----------------------------------------------------
Stack Trace :   at Campco.AdminPanel.CustomerProfilelist.GetCustomer() in E:\nisha\ordex\hR\Campco\Campco\AdminPanel\CustomerProfilelist.aspx.cs:line 43
----------------------------------------------------
System.NullReferenceException: Object reference not set to an instance of an object.
   at Campco.AdminPanel.CustomerProfilelist.GetCustomer() in E:\nisha\ordex\hR\Campco\Campco\AdminPanel\CustomerProfilelist.aspx.cs:line 43
-------------------------END-------------------------4/6/2017 6:57:39 PM
----------------------------------------------------
-------------------------START-------------------------4/6/2017 6:58:04 PM
Page :Login.aspx
----------------------------------------------------
Event :
----------------------------------------------------
Stack Trace :   at Campco.Common.CampcoCommon.Page_Load(Object sender, EventArgs e) in E:\nisha\ordex\hR\Campco\Campco\Common\CampcoCommon.Master.cs:line 152
----------------------------------------------------
System.NullReferenceException: Object reference not set to an instance of an object.
   at Campco.Common.CampcoCommon.Page_Load(Object sender, EventArgs e) in E:\nisha\ordex\hR\Campco\Campco\Common\CampcoCommon.Master.cs:line 152
-------------------------END-------------------------4/6/2017 6:58:04 PM
----------------------------------------------------
-------------------------START-------------------------4/6/2017 6:58:30 PM
Page :CustomerProfilelist.aspx
----------------------------------------------------
Event :
----------------------------------------------------
Stack Trace :   at Campco.AdminPanel.CustomerProfilelist.GetCustomer() in E:\nisha\ordex\hR\Campco\Campco\AdminPanel\CustomerProfilelist.aspx.cs:line 43
----------------------------------------------------
System.NullReferenceException: Object reference not set to an instance of an object.
   at Campco.AdminPanel.CustomerProfilelist.GetCustomer() in E:\nisha\ordex\hR\Campco\Campco\AdminPanel\CustomerProfilelist.aspx.cs:line 43
-------------------------END-------------------------4/6/2017 6:58:30 PM
----------------------------------------------------
-------------------------START-------------------------4/6/2017 7:00:10 PM
Page :Login.aspx
----------------------------------------------------
Event :
----------------------------------------------------
Stack Trace :   at Campco.Common.CampcoCommon.Page_Load(Object sender, EventArgs e) in E:\nisha\ordex\hR\Campco\Campco\Common\CampcoCommon.Master.cs:line 152
----------------------------------------------------
System.NullReferenceException: Object reference not set to an instance of an object.
   at Campco.Common.CampcoCommon.Page_Load(Object sender, EventArgs e) in E:\nisha\ordex\hR\Campco\Campco\Common\CampcoCommon.Master.cs:line 152
-------------------------END-------------------------4/6/2017 7:00:10 PM
----------------------------------------------------
