-------------------------START-------------------------4/27/2017 11:00:44 AM
Page :index.aspx
----------------------------------------------------
Stack Trace :   at Campco.Common.index.Page_Load(Object sender, EventArgs e) in E:\nisha\ordex\hR\Campco\Campco\Common\index.aspx.cs:line 133
----------------------------------------------------
System.NullReferenceException: Object reference not set to an instance of an object.
   at Campco.Common.index.Page_Load(Object sender, EventArgs e) in E:\nisha\ordex\hR\Campco\Campco\Common\index.aspx.cs:line 133
-------------------------END-------------------------4/27/2017 11:00:44 AM
----------------------------------------------------
-------------------------START-------------------------4/27/2017 11:01:57 AM
Page :index.aspx
----------------------------------------------------
Event :
----------------------------------------------------
Stack Trace :   at Campco.Common.index.Page_Load(Object sender, EventArgs e) in E:\nisha\ordex\hR\Campco\Campco\Common\index.aspx.cs:line 133
----------------------------------------------------
System.NullReferenceException: Object reference not set to an instance of an object.
   at Campco.Common.index.Page_Load(Object sender, EventArgs e) in E:\nisha\ordex\hR\Campco\Campco\Common\index.aspx.cs:line 133
-------------------------END-------------------------4/27/2017 11:01:57 AM
----------------------------------------------------
-------------------------START-------------------------4/27/2017 11:01:58 AM
Page :index.aspx
----------------------------------------------------
Event :
----------------------------------------------------
Stack Trace :   at System.Threading.Thread.AbortInternal()
   at System.Threading.Thread.Abort(Object stateInfo)
   at System.Web.HttpResponse.AbortCurrentThread()
   at System.Web.HttpResponse.End()
   at System.Web.HttpResponse.Redirect(String url, Boolean endResponse, Boolean permanent)
   at System.Web.HttpResponse.Redirect(String url)
   at Campco.Common.CampcoCommon.lnkSinIn_Click(Object sender, EventArgs e) in E:\nisha\ordex\hR\Campco\Campco\Common\CampcoCommon.Master.cs:line 281
----------------------------------------------------
System.Threading.ThreadAbortException: Thread was being aborted.
   at System.Threading.Thread.AbortInternal()
   at System.Threading.Thread.Abort(Object stateInfo)
   at System.Web.HttpResponse.AbortCurrentThread()
   at System.Web.HttpResponse.End()
   at System.Web.HttpResponse.Redirect(String url, Boolean endResponse, Boolean permanent)
   at System.Web.HttpResponse.Redirect(String url)
   at Campco.Common.CampcoCommon.lnkSinIn_Click(Object sender, EventArgs e) in E:\nisha\ordex\hR\Campco\Campco\Common\CampcoCommon.Master.cs:line 281
-------------------------END-------------------------4/27/2017 11:01:58 AM
----------------------------------------------------
-------------------------START-------------------------4/27/2017 11:02:13 AM
Page :Registration.aspx
----------------------------------------------------
Event :Registration page Load
-------------------------END-------------------------4/27/2017 11:02:13 AM
----------------------------------------------------
-------------------------START-------------------------4/27/2017 11:02:13 AM
Page :Registration.aspx
----------------------------------------------------
Event :FillCapctcha.
-------------------------END-------------------------4/27/2017 11:02:13 AM
----------------------------------------------------
-------------------------START-------------------------4/27/2017 11:02:21 AM
Page :Registration.aspx
----------------------------------------------------
Event :Registration page Load
-------------------------END-------------------------4/27/2017 11:02:21 AM
----------------------------------------------------
-------------------------START-------------------------4/27/2017 11:02:21 AM
Page :Registration.aspx
----------------------------------------------------
Event :FillCapctcha.
-------------------------END-------------------------4/27/2017 11:02:21 AM
----------------------------------------------------
-------------------------START-------------------------4/27/2017 11:02:29 AM
Page :Registration.aspx
----------------------------------------------------
Event :Registration page Load
-------------------------END-------------------------4/27/2017 11:02:29 AM
----------------------------------------------------
-------------------------START-------------------------4/27/2017 11:02:29 AM
Page :Registration.aspx
----------------------------------------------------
Event :FillCapctcha.
-------------------------END-------------------------4/27/2017 11:02:29 AM
----------------------------------------------------
-------------------------START-------------------------4/27/2017 11:02:34 AM
Page :Registration.aspx
----------------------------------------------------
Event :Registration page Load
-------------------------END-------------------------4/27/2017 11:02:34 AM
----------------------------------------------------
-------------------------START-------------------------4/27/2017 11:02:34 AM
Page :Registration.aspx
----------------------------------------------------
Event :FillCapctcha.
-------------------------END-------------------------4/27/2017 11:02:34 AM
----------------------------------------------------
-------------------------START-------------------------4/27/2017 11:03:28 AM
Page :Registration.aspx
----------------------------------------------------
Event :Registration page Load
-------------------------END-------------------------4/27/2017 11:03:28 AM
----------------------------------------------------
-------------------------START-------------------------4/27/2017 11:03:29 AM
Page :Registration.aspx
----------------------------------------------------
Event :
----------------------------------------------------
Stack Trace :   at System.Threading.Thread.AbortInternal()
   at System.Threading.Thread.Abort(Object stateInfo)
   at System.Web.HttpResponse.AbortCurrentThread()
   at System.Web.HttpResponse.End()
   at System.Web.HttpResponse.Redirect(String url, Boolean endResponse, Boolean permanent)
   at System.Web.HttpResponse.Redirect(String url)
   at Campco.Common.CampcoCommon.lnkSinIn_Click(Object sender, EventArgs e) in E:\nisha\ordex\hR\Campco\Campco\Common\CampcoCommon.Master.cs:line 281
----------------------------------------------------
System.Threading.ThreadAbortException: Thread was being aborted.
   at System.Threading.Thread.AbortInternal()
   at System.Threading.Thread.Abort(Object stateInfo)
   at System.Web.HttpResponse.AbortCurrentThread()
   at System.Web.HttpResponse.End()
   at System.Web.HttpResponse.Redirect(String url, Boolean endResponse, Boolean permanent)
   at System.Web.HttpResponse.Redirect(String url)
   at Campco.Common.CampcoCommon.lnkSinIn_Click(Object sender, EventArgs e) in E:\nisha\ordex\hR\Campco\Campco\Common\CampcoCommon.Master.cs:line 281
-------------------------END-------------------------4/27/2017 11:03:29 AM
----------------------------------------------------
-------------------------START-------------------------4/27/2017 11:03:33 AM
Page :index.aspx
----------------------------------------------------
Event :
----------------------------------------------------
Stack Trace :   at Campco.Common.index.Page_Load(Object sender, EventArgs e) in E:\nisha\ordex\hR\Campco\Campco\Common\index.aspx.cs:line 133
----------------------------------------------------
System.NullReferenceException: Object reference not set to an instance of an object.
   at Campco.Common.index.Page_Load(Object sender, EventArgs e) in E:\nisha\ordex\hR\Campco\Campco\Common\index.aspx.cs:line 133
-------------------------END-------------------------4/27/2017 11:03:33 AM
----------------------------------------------------
-------------------------START-------------------------4/27/2017 11:27:21 AM
Page :index.aspx
----------------------------------------------------
Event :
----------------------------------------------------
Stack Trace :   at Campco.Common.index.Page_Load(Object sender, EventArgs e) in E:\nisha\ordex\hR\Campco\Campco\Common\index.aspx.cs:line 133
----------------------------------------------------
System.NullReferenceException: Object reference not set to an instance of an object.
   at Campco.Common.index.Page_Load(Object sender, EventArgs e) in E:\nisha\ordex\hR\Campco\Campco\Common\index.aspx.cs:line 133
-------------------------END-------------------------4/27/2017 11:27:21 AM
----------------------------------------------------
-------------------------START-------------------------4/27/2017 11:53:13 AM
Page :index.aspx
----------------------------------------------------
Event :
----------------------------------------------------
Stack Trace :   at Campco.Common.index.Page_Load(Object sender, EventArgs e) in E:\nisha\ordex\hR\Campco\Campco\Common\index.aspx.cs:line 133
----------------------------------------------------
System.NullReferenceException: Object reference not set to an instance of an object.
   at Campco.Common.index.Page_Load(Object sender, EventArgs e) in E:\nisha\ordex\hR\Campco\Campco\Common\index.aspx.cs:line 133
-------------------------END-------------------------4/27/2017 11:53:13 AM
----------------------------------------------------
-------------------------START-------------------------4/27/2017 11:59:17 AM
Page :index.aspx
----------------------------------------------------
Event :
----------------------------------------------------
Stack Trace :   at Campco.Common.index.Page_Load(Object sender, EventArgs e) in E:\nisha\ordex\hR\Campco\Campco\Common\index.aspx.cs:line 82
----------------------------------------------------
System.NullReferenceException: Object reference not set to an instance of an object.
   at Campco.Common.index.Page_Load(Object sender, EventArgs e) in E:\nisha\ordex\hR\Campco\Campco\Common\index.aspx.cs:line 82
-------------------------END-------------------------4/27/2017 11:59:18 AM
----------------------------------------------------
-------------------------START-------------------------4/27/2017 11:59:18 AM
Page :index.aspx
----------------------------------------------------
Event :
----------------------------------------------------
Stack Trace :   at Campco.Common.CampcoCommon.Page_Load(Object sender, EventArgs e) in E:\nisha\ordex\hR\Campco\Campco\Common\CampcoCommon.Master.cs:line 155
----------------------------------------------------
System.NullReferenceException: Object reference not set to an instance of an object.
   at Campco.Common.CampcoCommon.Page_Load(Object sender, EventArgs e) in E:\nisha\ordex\hR\Campco\Campco\Common\CampcoCommon.Master.cs:line 155
-------------------------END-------------------------4/27/2017 11:59:18 AM
----------------------------------------------------
-------------------------START-------------------------4/27/2017 12:25:33 PM
Page :CheckOut.aspx
----------------------------------------------------
Event :
----------------------------------------------------
Stack Trace :   at System.Threading.Thread.AbortInternal()
   at System.Threading.Thread.Abort(Object stateInfo)
   at System.Web.HttpResponse.AbortCurrentThread()
   at System.Web.HttpResponse.End()
   at System.Web.HttpResponse.Redirect(String url, Boolean endResponse, Boolean permanent)
   at System.Web.HttpResponse.Redirect(String url)
   at Campco.Common.CampcoCommon.lnkSinIn_Click(Object sender, EventArgs e) in E:\nisha\ordex\hR\Campco\Campco\Common\CampcoCommon.Master.cs:line 281
----------------------------------------------------
System.Threading.ThreadAbortException: Thread was being aborted.
   at System.Threading.Thread.AbortInternal()
   at System.Threading.Thread.Abort(Object stateInfo)
   at System.Web.HttpResponse.AbortCurrentThread()
   at System.Web.HttpResponse.End()
   at System.Web.HttpResponse.Redirect(String url, Boolean endResponse, Boolean permanent)
   at System.Web.HttpResponse.Redirect(String url)
   at Campco.Common.CampcoCommon.lnkSinIn_Click(Object sender, EventArgs e) in E:\nisha\ordex\hR\Campco\Campco\Common\CampcoCommon.Master.cs:line 281
-------------------------END-------------------------4/27/2017 12:25:33 PM
----------------------------------------------------
-------------------------START-------------------------4/27/2017 12:25:53 PM
Page :Registration.aspx
----------------------------------------------------
Event :Registration page Load
-------------------------END-------------------------4/27/2017 12:25:53 PM
----------------------------------------------------
-------------------------START-------------------------4/27/2017 12:25:53 PM
Page :Registration.aspx
----------------------------------------------------
Event :FillCapctcha.
-------------------------END-------------------------4/27/2017 12:25:53 PM
----------------------------------------------------
-------------------------START-------------------------4/27/2017 12:26:15 PM
Page :Registration.aspx
----------------------------------------------------
Event :Registration page Load
-------------------------END-------------------------4/27/2017 12:26:15 PM
----------------------------------------------------
-------------------------START-------------------------4/27/2017 12:26:15 PM
Page :Registration.aspx
----------------------------------------------------
Event :FillCapctcha.
-------------------------END-------------------------4/27/2017 12:26:15 PM
----------------------------------------------------
-------------------------START-------------------------4/27/2017 12:29:13 PM
Page :Registration.aspx
----------------------------------------------------
Event :Registration page Load
-------------------------END-------------------------4/27/2017 12:29:13 PM
----------------------------------------------------
-------------------------START-------------------------4/27/2017 12:29:13 PM
Page :Registration.aspx
----------------------------------------------------
Event :FillCapctcha.
-------------------------END-------------------------4/27/2017 12:29:13 PM
----------------------------------------------------
-------------------------START-------------------------4/27/2017 12:29:30 PM
Page :Registration.aspx
----------------------------------------------------
Event :Registration page Load
-------------------------END-------------------------4/27/2017 12:29:30 PM
----------------------------------------------------
-------------------------START-------------------------4/27/2017 12:29:30 PM
Page :Registration.aspx
----------------------------------------------------
Event :FillCapctcha.
-------------------------END-------------------------4/27/2017 12:29:30 PM
----------------------------------------------------
-------------------------START-------------------------4/27/2017 12:30:06 PM
Page :Registration.aspx
----------------------------------------------------
Event :Registration page Load
-------------------------END-------------------------4/27/2017 12:30:06 PM
----------------------------------------------------
-------------------------START-------------------------4/27/2017 12:30:06 PM
Page :Registration.aspx
----------------------------------------------------
Event :FillCapctcha.
-------------------------END-------------------------4/27/2017 12:30:06 PM
----------------------------------------------------
-------------------------START-------------------------4/27/2017 12:30:20 PM
Page :Registration.aspx
----------------------------------------------------
Event :Registration page Load
-------------------------END-------------------------4/27/2017 12:30:20 PM
----------------------------------------------------
-------------------------START-------------------------4/27/2017 12:30:20 PM
Page :Registration.aspx
----------------------------------------------------
Event :FillCapctcha.
-------------------------END-------------------------4/27/2017 12:30:20 PM
----------------------------------------------------
-------------------------START-------------------------4/27/2017 12:30:37 PM
Page :Registration.aspx
----------------------------------------------------
Event :Registration page Load
-------------------------END-------------------------4/27/2017 12:30:37 PM
----------------------------------------------------
-------------------------START-------------------------4/27/2017 12:30:38 PM
Page :Registration.aspx
----------------------------------------------------
Event :
----------------------------------------------------
Stack Trace :   at System.Threading.Thread.AbortInternal()
   at System.Threading.Thread.Abort(Object stateInfo)
   at System.Web.HttpResponse.AbortCurrentThread()
   at System.Web.HttpResponse.End()
   at System.Web.HttpResponse.Redirect(String url, Boolean endResponse, Boolean permanent)
   at System.Web.HttpResponse.Redirect(String url)
   at Campco.Common.CampcoCommon.lnkSinIn_Click(Object sender, EventArgs e) in E:\nisha\ordex\hR\Campco\Campco\Common\CampcoCommon.Master.cs:line 281
----------------------------------------------------
System.Threading.ThreadAbortException: Thread was being aborted.
   at System.Threading.Thread.AbortInternal()
   at System.Threading.Thread.Abort(Object stateInfo)
   at System.Web.HttpResponse.AbortCurrentThread()
   at System.Web.HttpResponse.End()
   at System.Web.HttpResponse.Redirect(String url, Boolean endResponse, Boolean permanent)
   at System.Web.HttpResponse.Redirect(String url)
   at Campco.Common.CampcoCommon.lnkSinIn_Click(Object sender, EventArgs e) in E:\nisha\ordex\hR\Campco\Campco\Common\CampcoCommon.Master.cs:line 281
-------------------------END-------------------------4/27/2017 12:30:38 PM
----------------------------------------------------
-------------------------START-------------------------4/27/2017 12:41:25 PM
Page :index.aspx
----------------------------------------------------
Event :
----------------------------------------------------
Stack Trace :   at Campco.Common.index.Page_Load(Object sender, EventArgs e) in E:\nisha\ordex\hR\Campco\Campco\Common\index.aspx.cs:line 133
----------------------------------------------------
System.NullReferenceException: Object reference not set to an instance of an object.
   at Campco.Common.index.Page_Load(Object sender, EventArgs e) in E:\nisha\ordex\hR\Campco\Campco\Common\index.aspx.cs:line 133
-------------------------END-------------------------4/27/2017 12:41:25 PM
----------------------------------------------------
-------------------------START-------------------------4/27/2017 2:10:29 PM
Page :Registration.aspx
----------------------------------------------------
Event :Registration page Load
-------------------------END-------------------------4/27/2017 2:10:29 PM
----------------------------------------------------
-------------------------START-------------------------4/27/2017 2:10:29 PM
Page :Registration.aspx
----------------------------------------------------
Event :FillCapctcha.
-------------------------END-------------------------4/27/2017 2:10:29 PM
----------------------------------------------------
-------------------------START-------------------------4/27/2017 2:33:06 PM
Page :index.aspx
----------------------------------------------------
Event :
----------------------------------------------------
Stack Trace :   at Campco.Common.index.Page_Load(Object sender, EventArgs e) in E:\nisha\ordex\hR\Campco\Campco\Common\index.aspx.cs:line 133
----------------------------------------------------
System.NullReferenceException: Object reference not set to an instance of an object.
   at Campco.Common.index.Page_Load(Object sender, EventArgs e) in E:\nisha\ordex\hR\Campco\Campco\Common\index.aspx.cs:line 133
-------------------------END-------------------------4/27/2017 2:33:07 PM
----------------------------------------------------
-------------------------START-------------------------4/27/2017 2:42:26 PM
Page :CheckOut.aspx
----------------------------------------------------
Event :ProcessOrders Buttom Click
-------------------------END-------------------------4/27/2017 2:42:26 PM
----------------------------------------------------
-------------------------START-------------------------4/27/2017 2:42:28 PM
Page :CheckOut.aspx
----------------------------------------------------
Event :Charge Credit Card Sample
-------------------------END-------------------------4/27/2017 2:42:28 PM
----------------------------------------------------
-------------------------START-------------------------4/27/2017 2:42:36 PM
Page :CheckOut.aspx
----------------------------------------------------
Event :Failed Transaction.
-------------------------END-------------------------4/27/2017 2:42:36 PM
----------------------------------------------------
-------------------------START-------------------------4/27/2017 2:42:36 PM
Page :CheckOut.aspx
----------------------------------------------------
Event :Error Code: 6
-------------------------END-------------------------4/27/2017 2:42:36 PM
----------------------------------------------------
-------------------------START-------------------------4/27/2017 2:42:36 PM
Page :CheckOut.aspx
----------------------------------------------------
Event :Error message: The credit card number is invalid.
-------------------------END-------------------------4/27/2017 2:42:36 PM
----------------------------------------------------
-------------------------START-------------------------4/27/2017 2:46:48 PM
Page :CheckOut.aspx
----------------------------------------------------
Event :ProcessOrders Buttom Click
-------------------------END-------------------------4/27/2017 2:46:48 PM
----------------------------------------------------
-------------------------START-------------------------4/27/2017 2:46:49 PM
Page :CheckOut.aspx
----------------------------------------------------
Event :Charge Credit Card Sample
-------------------------END-------------------------4/27/2017 2:46:49 PM
----------------------------------------------------
-------------------------START-------------------------4/27/2017 2:46:52 PM
Page :CheckOut.aspx
----------------------------------------------------
Event :Failed Transaction.
-------------------------END-------------------------4/27/2017 2:46:52 PM
----------------------------------------------------
-------------------------START-------------------------4/27/2017 2:46:52 PM
Page :CheckOut.aspx
----------------------------------------------------
Event :Error Code: 6
-------------------------END-------------------------4/27/2017 2:46:52 PM
----------------------------------------------------
-------------------------START-------------------------4/27/2017 2:46:52 PM
Page :CheckOut.aspx
----------------------------------------------------
Event :Error message: The credit card number is invalid.
-------------------------END-------------------------4/27/2017 2:46:52 PM
----------------------------------------------------
-------------------------START-------------------------4/27/2017 2:46:56 PM
Page :Registration.aspx
----------------------------------------------------
Event :Registration page Load
-------------------------END-------------------------4/27/2017 2:46:56 PM
----------------------------------------------------
-------------------------START-------------------------4/27/2017 2:46:56 PM
Page :Registration.aspx
----------------------------------------------------
Event :FillCapctcha.
-------------------------END-------------------------4/27/2017 2:46:56 PM
----------------------------------------------------
-------------------------START-------------------------4/27/2017 2:55:35 PM
Page :CheckOut.aspx
----------------------------------------------------
Event :ProcessOrders Buttom Click
-------------------------END-------------------------4/27/2017 2:55:35 PM
----------------------------------------------------
-------------------------START-------------------------4/27/2017 2:55:35 PM
Page :CheckOut.aspx
----------------------------------------------------
Event :
----------------------------------------------------
Stack Trace :   at Campco.dbUtility.Cart(DataTable Cart) in E:\nisha\ordex\hR\Campco\Campco\AppCode\dbUtility.cs:line 773
   at Campco.Common.CheckOut.btnProcessOrder_Click(Object sender, EventArgs e) in E:\nisha\ordex\hR\Campco\Campco\Common\CheckOut.aspx.cs:line 439
----------------------------------------------------
System.NullReferenceException: Object reference not set to an instance of an object.
   at Campco.dbUtility.Cart(DataTable Cart) in E:\nisha\ordex\hR\Campco\Campco\AppCode\dbUtility.cs:line 773
   at Campco.Common.CheckOut.btnProcessOrder_Click(Object sender, EventArgs e) in E:\nisha\ordex\hR\Campco\Campco\Common\CheckOut.aspx.cs:line 439
-------------------------END-------------------------4/27/2017 2:55:35 PM
----------------------------------------------------
-------------------------START-------------------------4/27/2017 2:55:41 PM
Page :CheckOut.aspx
----------------------------------------------------
Event :ProcessOrders Buttom Click
-------------------------END-------------------------4/27/2017 2:55:41 PM
----------------------------------------------------
-------------------------START-------------------------4/27/2017 2:55:41 PM
Page :CheckOut.aspx
----------------------------------------------------
Event :
----------------------------------------------------
Stack Trace :   at Campco.dbUtility.Cart(DataTable Cart) in E:\nisha\ordex\hR\Campco\Campco\AppCode\dbUtility.cs:line 773
   at Campco.Common.CheckOut.btnProcessOrder_Click(Object sender, EventArgs e) in E:\nisha\ordex\hR\Campco\Campco\Common\CheckOut.aspx.cs:line 439
----------------------------------------------------
System.NullReferenceException: Object reference not set to an instance of an object.
   at Campco.dbUtility.Cart(DataTable Cart) in E:\nisha\ordex\hR\Campco\Campco\AppCode\dbUtility.cs:line 773
   at Campco.Common.CheckOut.btnProcessOrder_Click(Object sender, EventArgs e) in E:\nisha\ordex\hR\Campco\Campco\Common\CheckOut.aspx.cs:line 439
-------------------------END-------------------------4/27/2017 2:55:41 PM
----------------------------------------------------
-------------------------START-------------------------4/27/2017 2:55:46 PM
Page :CheckOut.aspx
----------------------------------------------------
Event :ProcessOrders Buttom Click
-------------------------END-------------------------4/27/2017 2:55:46 PM
----------------------------------------------------
-------------------------START-------------------------4/27/2017 2:55:46 PM
Page :CheckOut.aspx
----------------------------------------------------
Event :
----------------------------------------------------
Stack Trace :   at Campco.dbUtility.Cart(DataTable Cart) in E:\nisha\ordex\hR\Campco\Campco\AppCode\dbUtility.cs:line 773
   at Campco.Common.CheckOut.btnProcessOrder_Click(Object sender, EventArgs e) in E:\nisha\ordex\hR\Campco\Campco\Common\CheckOut.aspx.cs:line 439
----------------------------------------------------
System.NullReferenceException: Object reference not set to an instance of an object.
   at Campco.dbUtility.Cart(DataTable Cart) in E:\nisha\ordex\hR\Campco\Campco\AppCode\dbUtility.cs:line 773
   at Campco.Common.CheckOut.btnProcessOrder_Click(Object sender, EventArgs e) in E:\nisha\ordex\hR\Campco\Campco\Common\CheckOut.aspx.cs:line 439
-------------------------END-------------------------4/27/2017 2:55:46 PM
----------------------------------------------------
-------------------------START-------------------------4/27/2017 2:55:48 PM
Page :Registration.aspx
----------------------------------------------------
Event :Registration page Load
-------------------------END-------------------------4/27/2017 2:55:48 PM
----------------------------------------------------
-------------------------START-------------------------4/27/2017 2:55:48 PM
Page :Registration.aspx
----------------------------------------------------
Event :FillCapctcha.
-------------------------END-------------------------4/27/2017 2:55:48 PM
----------------------------------------------------
-------------------------START-------------------------4/27/2017 2:58:01 PM
Page :CheckOut.aspx
----------------------------------------------------
Event :ProcessOrders Buttom Click
-------------------------END-------------------------4/27/2017 2:58:01 PM
----------------------------------------------------
-------------------------START-------------------------4/27/2017 2:58:01 PM
Page :CheckOut.aspx
----------------------------------------------------
Event :
----------------------------------------------------
Stack Trace :   at Campco.dbUtility.Cart(DataTable Cart) in E:\nisha\ordex\hR\Campco\Campco\AppCode\dbUtility.cs:line 773
   at Campco.Common.CheckOut.btnProcessOrder_Click(Object sender, EventArgs e) in E:\nisha\ordex\hR\Campco\Campco\Common\CheckOut.aspx.cs:line 439
----------------------------------------------------
System.NullReferenceException: Object reference not set to an instance of an object.
   at Campco.dbUtility.Cart(DataTable Cart) in E:\nisha\ordex\hR\Campco\Campco\AppCode\dbUtility.cs:line 773
   at Campco.Common.CheckOut.btnProcessOrder_Click(Object sender, EventArgs e) in E:\nisha\ordex\hR\Campco\Campco\Common\CheckOut.aspx.cs:line 439
-------------------------END-------------------------4/27/2017 2:58:01 PM
----------------------------------------------------
-------------------------START-------------------------4/27/2017 3:41:31 PM
Page :index.aspx
----------------------------------------------------
Event :
----------------------------------------------------
Stack Trace :   at Campco.Common.index.Page_Load(Object sender, EventArgs e) in E:\nisha\ordex\hR\Campco\Campco\Common\index.aspx.cs:line 133
----------------------------------------------------
System.NullReferenceException: Object reference not set to an instance of an object.
   at Campco.Common.index.Page_Load(Object sender, EventArgs e) in E:\nisha\ordex\hR\Campco\Campco\Common\index.aspx.cs:line 133
-------------------------END-------------------------4/27/2017 3:41:31 PM
----------------------------------------------------
-------------------------START-------------------------4/27/2017 4:00:23 PM
Page :index.aspx
----------------------------------------------------
Event :
----------------------------------------------------
Stack Trace :   at Campco.Common.index.Page_Load(Object sender, EventArgs e) in E:\nisha\ordex\hR\Campco\Campco\Common\index.aspx.cs:line 133
----------------------------------------------------
System.NullReferenceException: Object reference not set to an instance of an object.
   at Campco.Common.index.Page_Load(Object sender, EventArgs e) in E:\nisha\ordex\hR\Campco\Campco\Common\index.aspx.cs:line 133
-------------------------END-------------------------4/27/2017 4:00:23 PM
----------------------------------------------------
-------------------------START-------------------------4/27/2017 4:07:43 PM
Page :Registration.aspx
----------------------------------------------------
Event :Registration page Load
-------------------------END-------------------------4/27/2017 4:07:43 PM
----------------------------------------------------
-------------------------START-------------------------4/27/2017 4:07:43 PM
Page :Registration.aspx
----------------------------------------------------
Event :FillCapctcha.
-------------------------END-------------------------4/27/2017 4:07:43 PM
----------------------------------------------------
-------------------------START-------------------------4/27/2017 4:16:50 PM
Page :index.aspx
----------------------------------------------------
Event :
----------------------------------------------------
Stack Trace :   at Campco.Common.index.Page_Load(Object sender, EventArgs e) in E:\nisha\ordex\hR\Campco\Campco\Common\index.aspx.cs:line 133
----------------------------------------------------
System.NullReferenceException: Object reference not set to an instance of an object.
   at Campco.Common.index.Page_Load(Object sender, EventArgs e) in E:\nisha\ordex\hR\Campco\Campco\Common\index.aspx.cs:line 133
-------------------------END-------------------------4/27/2017 4:16:50 PM
----------------------------------------------------
-------------------------START-------------------------4/27/2017 4:18:19 PM
Page :CheckOut.aspx
----------------------------------------------------
Event :ProcessOrders Buttom Click
-------------------------END-------------------------4/27/2017 4:18:19 PM
----------------------------------------------------
-------------------------START-------------------------4/27/2017 4:18:22 PM
Page :CheckOut.aspx
----------------------------------------------------
Event :Charge Credit Card Sample
-------------------------END-------------------------4/27/2017 4:18:22 PM
----------------------------------------------------
-------------------------START-------------------------4/27/2017 4:18:24 PM
Page :CheckOut.aspx
----------------------------------------------------
Event :Failed Transaction.
-------------------------END-------------------------4/27/2017 4:18:24 PM
----------------------------------------------------
-------------------------START-------------------------4/27/2017 4:18:25 PM
Page :CheckOut.aspx
----------------------------------------------------
Event :Error Code: 6
-------------------------END-------------------------4/27/2017 4:18:25 PM
----------------------------------------------------
-------------------------START-------------------------4/27/2017 4:18:25 PM
Page :CheckOut.aspx
----------------------------------------------------
Event :Error message: The credit card number is invalid.
-------------------------END-------------------------4/27/2017 4:18:25 PM
----------------------------------------------------
-------------------------START-------------------------4/27/2017 5:08:18 PM
Page :index.aspx
----------------------------------------------------
Event :
----------------------------------------------------
Stack Trace :   at Campco.Common.index.Page_Load(Object sender, EventArgs e) in E:\nisha\ordex\hR\Campco\Campco\Common\index.aspx.cs:line 133
----------------------------------------------------
System.NullReferenceException: Object reference not set to an instance of an object.
   at Campco.Common.index.Page_Load(Object sender, EventArgs e) in E:\nisha\ordex\hR\Campco\Campco\Common\index.aspx.cs:line 133
-------------------------END-------------------------4/27/2017 5:08:18 PM
----------------------------------------------------
-------------------------START-------------------------4/27/2017 5:15:47 PM
Page :index.aspx
----------------------------------------------------
Event :
----------------------------------------------------
Stack Trace :   at Campco.Common.index.Page_Load(Object sender, EventArgs e) in E:\nisha\ordex\hR\Campco\Campco\Common\index.aspx.cs:line 133
----------------------------------------------------
System.NullReferenceException: Object reference not set to an instance of an object.
   at Campco.Common.index.Page_Load(Object sender, EventArgs e) in E:\nisha\ordex\hR\Campco\Campco\Common\index.aspx.cs:line 133
-------------------------END-------------------------4/27/2017 5:15:47 PM
----------------------------------------------------
-------------------------START-------------------------4/27/2017 5:19:08 PM
Page :index.aspx
----------------------------------------------------
Event :
----------------------------------------------------
Stack Trace :   at Campco.Common.index.Page_Load(Object sender, EventArgs e) in E:\nisha\ordex\hR\Campco\Campco\Common\index.aspx.cs:line 133
----------------------------------------------------
System.NullReferenceException: Object reference not set to an instance of an object.
   at Campco.Common.index.Page_Load(Object sender, EventArgs e) in E:\nisha\ordex\hR\Campco\Campco\Common\index.aspx.cs:line 133
-------------------------END-------------------------4/27/2017 5:19:08 PM
----------------------------------------------------
-------------------------START-------------------------4/27/2017 5:19:22 PM
Page :Registration.aspx
----------------------------------------------------
Event :Registration page Load
-------------------------END-------------------------4/27/2017 5:19:22 PM
----------------------------------------------------
-------------------------START-------------------------4/27/2017 5:19:22 PM
Page :Registration.aspx
----------------------------------------------------
Event :FillCapctcha.
-------------------------END-------------------------4/27/2017 5:19:22 PM
----------------------------------------------------
-------------------------START-------------------------4/27/2017 5:20:23 PM
Page :cart.aspx
----------------------------------------------------
Event :
----------------------------------------------------
Stack Trace :   at System.Threading.Thread.AbortInternal()
   at System.Threading.Thread.Abort(Object stateInfo)
   at System.Web.HttpResponse.AbortCurrentThread()
   at System.Web.HttpResponse.End()
   at System.Web.HttpResponse.Redirect(String url, Boolean endResponse, Boolean permanent)
   at System.Web.HttpResponse.Redirect(String url)
   at Campco.Common.cart.btn_contiSopping_Click(Object sender, EventArgs e) in E:\nisha\ordex\hR\Campco\Campco\Common\cart.aspx.cs:line 165
----------------------------------------------------
System.Threading.ThreadAbortException: Thread was being aborted.
   at System.Threading.Thread.AbortInternal()
   at System.Threading.Thread.Abort(Object stateInfo)
   at System.Web.HttpResponse.AbortCurrentThread()
   at System.Web.HttpResponse.End()
   at System.Web.HttpResponse.Redirect(String url, Boolean endResponse, Boolean permanent)
   at System.Web.HttpResponse.Redirect(String url)
   at Campco.Common.cart.btn_contiSopping_Click(Object sender, EventArgs e) in E:\nisha\ordex\hR\Campco\Campco\Common\cart.aspx.cs:line 165
-------------------------END-------------------------4/27/2017 5:20:23 PM
----------------------------------------------------
-------------------------START-------------------------4/27/2017 5:21:32 PM
Page :CheckOut.aspx
----------------------------------------------------
Event :ProcessOrders Buttom Click
-------------------------END-------------------------4/27/2017 5:21:32 PM
----------------------------------------------------
-------------------------START-------------------------4/27/2017 5:21:34 PM
Page :CheckOut.aspx
----------------------------------------------------
Event :Charge Credit Card Sample
-------------------------END-------------------------4/27/2017 5:21:34 PM
----------------------------------------------------
-------------------------START-------------------------4/27/2017 5:21:37 PM
Page :CheckOut.aspx
----------------------------------------------------
Event :Failed Transaction.
-------------------------END-------------------------4/27/2017 5:21:37 PM
----------------------------------------------------
-------------------------START-------------------------4/27/2017 5:21:37 PM
Page :CheckOut.aspx
----------------------------------------------------
Event :Error Code: 6
-------------------------END-------------------------4/27/2017 5:21:37 PM
----------------------------------------------------
-------------------------START-------------------------4/27/2017 5:21:37 PM
Page :CheckOut.aspx
----------------------------------------------------
Event :Error message: The credit card number is invalid.
-------------------------END-------------------------4/27/2017 5:21:37 PM
----------------------------------------------------
-------------------------START-------------------------4/27/2017 5:21:42 PM
Page :Registration.aspx
----------------------------------------------------
Event :Registration page Load
-------------------------END-------------------------4/27/2017 5:21:42 PM
----------------------------------------------------
-------------------------START-------------------------4/27/2017 5:21:42 PM
Page :Registration.aspx
----------------------------------------------------
Event :FillCapctcha.
-------------------------END-------------------------4/27/2017 5:21:42 PM
----------------------------------------------------
-------------------------START-------------------------4/27/2017 5:22:12 PM
Page :CheckOut.aspx
----------------------------------------------------
Event :ProcessOrders Buttom Click
-------------------------END-------------------------4/27/2017 5:22:12 PM
----------------------------------------------------
-------------------------START-------------------------4/27/2017 5:22:14 PM
Page :CheckOut.aspx
----------------------------------------------------
Event :Charge Credit Card Sample
-------------------------END-------------------------4/27/2017 5:22:14 PM
----------------------------------------------------
-------------------------START-------------------------4/27/2017 5:22:16 PM
Page :CheckOut.aspx
----------------------------------------------------
Event :Failed Transaction.
-------------------------END-------------------------4/27/2017 5:22:16 PM
----------------------------------------------------
-------------------------START-------------------------4/27/2017 5:22:16 PM
Page :CheckOut.aspx
----------------------------------------------------
Event :Error Code: 6
-------------------------END-------------------------4/27/2017 5:22:16 PM
----------------------------------------------------
-------------------------START-------------------------4/27/2017 5:22:16 PM
Page :CheckOut.aspx
----------------------------------------------------
Event :Error message: The credit card number is invalid.
-------------------------END-------------------------4/27/2017 5:22:16 PM
----------------------------------------------------
-------------------------START-------------------------4/27/2017 5:22:19 PM
Page :CheckOut.aspx
----------------------------------------------------
Event :ProcessOrders Buttom Click
-------------------------END-------------------------4/27/2017 5:22:19 PM
----------------------------------------------------
-------------------------START-------------------------4/27/2017 5:22:21 PM
Page :CheckOut.aspx
----------------------------------------------------
Event :Charge Credit Card Sample
-------------------------END-------------------------4/27/2017 5:22:21 PM
----------------------------------------------------
-------------------------START-------------------------4/27/2017 5:22:22 PM
Page :CheckOut.aspx
----------------------------------------------------
Event :Failed Transaction.
-------------------------END-------------------------4/27/2017 5:22:22 PM
----------------------------------------------------
-------------------------START-------------------------4/27/2017 5:22:22 PM
Page :CheckOut.aspx
----------------------------------------------------
Event :Error Code: 6
-------------------------END-------------------------4/27/2017 5:22:22 PM
----------------------------------------------------
-------------------------START-------------------------4/27/2017 5:22:22 PM
Page :CheckOut.aspx
----------------------------------------------------
Event :Error message: The credit card number is invalid.
-------------------------END-------------------------4/27/2017 5:22:22 PM
----------------------------------------------------
-------------------------START-------------------------4/27/2017 5:23:19 PM
Page :CheckOut.aspx
----------------------------------------------------
Event :ProcessOrders Buttom Click
-------------------------END-------------------------4/27/2017 5:23:19 PM
----------------------------------------------------
-------------------------START-------------------------4/27/2017 5:23:21 PM
Page :CheckOut.aspx
----------------------------------------------------
Event :Charge Credit Card Sample
-------------------------END-------------------------4/27/2017 5:23:21 PM
----------------------------------------------------
-------------------------START-------------------------4/27/2017 5:23:23 PM
Page :CheckOut.aspx
----------------------------------------------------
Event :Failed Transaction.
-------------------------END-------------------------4/27/2017 5:23:23 PM
----------------------------------------------------
-------------------------START-------------------------4/27/2017 5:23:23 PM
Page :CheckOut.aspx
----------------------------------------------------
Event :Error Code: 6
-------------------------END-------------------------4/27/2017 5:23:23 PM
----------------------------------------------------
-------------------------START-------------------------4/27/2017 5:23:23 PM
Page :CheckOut.aspx
----------------------------------------------------
Event :Error message: The credit card number is invalid.
-------------------------END-------------------------4/27/2017 5:23:23 PM
----------------------------------------------------
-------------------------START-------------------------4/27/2017 5:23:40 PM
Page :CheckOut.aspx
----------------------------------------------------
Event :ProcessOrders Buttom Click
-------------------------END-------------------------4/27/2017 5:23:40 PM
----------------------------------------------------
-------------------------START-------------------------4/27/2017 5:23:42 PM
Page :CheckOut.aspx
----------------------------------------------------
Event :Charge Credit Card Sample
-------------------------END-------------------------4/27/2017 5:23:42 PM
----------------------------------------------------
-------------------------START-------------------------4/27/2017 5:23:43 PM
Page :CheckOut.aspx
----------------------------------------------------
Event :Failed Transaction.
-------------------------END-------------------------4/27/2017 5:23:43 PM
----------------------------------------------------
-------------------------START-------------------------4/27/2017 5:23:43 PM
Page :CheckOut.aspx
----------------------------------------------------
Event :Error Code: 6
-------------------------END-------------------------4/27/2017 5:23:43 PM
----------------------------------------------------
-------------------------START-------------------------4/27/2017 5:23:43 PM
Page :CheckOut.aspx
----------------------------------------------------
Event :Error message: The credit card number is invalid.
-------------------------END-------------------------4/27/2017 5:23:43 PM
----------------------------------------------------
-------------------------START-------------------------4/27/2017 5:25:08 PM
Page :CheckOut.aspx
----------------------------------------------------
Event :ProcessOrders Buttom Click
-------------------------END-------------------------4/27/2017 5:25:08 PM
----------------------------------------------------
-------------------------START-------------------------4/27/2017 5:25:11 PM
Page :CheckOut.aspx
----------------------------------------------------
Event :Charge Credit Card Sample
-------------------------END-------------------------4/27/2017 5:25:11 PM
----------------------------------------------------
-------------------------START-------------------------4/27/2017 5:25:12 PM
Page :CheckOut.aspx
----------------------------------------------------
Event :Failed Transaction.
-------------------------END-------------------------4/27/2017 5:25:12 PM
----------------------------------------------------
-------------------------START-------------------------4/27/2017 5:25:12 PM
Page :CheckOut.aspx
----------------------------------------------------
Event :Error Code: 6
-------------------------END-------------------------4/27/2017 5:25:12 PM
----------------------------------------------------
-------------------------START-------------------------4/27/2017 5:25:12 PM
Page :CheckOut.aspx
----------------------------------------------------
Event :Error message: The credit card number is invalid.
-------------------------END-------------------------4/27/2017 5:25:12 PM
----------------------------------------------------
-------------------------START-------------------------4/27/2017 5:33:01 PM
Page :index.aspx
----------------------------------------------------
Event :
----------------------------------------------------
Stack Trace :   at Campco.Common.index.Page_Load(Object sender, EventArgs e) in E:\nisha\ordex\hR\Campco\Campco\Common\index.aspx.cs:line 133
----------------------------------------------------
System.NullReferenceException: Object reference not set to an instance of an object.
   at Campco.Common.index.Page_Load(Object sender, EventArgs e) in E:\nisha\ordex\hR\Campco\Campco\Common\index.aspx.cs:line 133
-------------------------END-------------------------4/27/2017 5:33:01 PM
----------------------------------------------------
-------------------------START-------------------------4/27/2017 5:34:12 PM
Page :CheckOut.aspx
----------------------------------------------------
Event :
----------------------------------------------------
Stack Trace :   at System.Threading.Thread.AbortInternal()
   at System.Threading.Thread.Abort(Object stateInfo)
   at System.Web.HttpResponse.AbortCurrentThread()
   at System.Web.HttpResponse.End()
   at System.Web.HttpResponse.Redirect(String url, Boolean endResponse, Boolean permanent)
   at System.Web.HttpResponse.Redirect(String url)
   at Campco.Common.CampcoCommon.lnkSinIn_Click(Object sender, EventArgs e) in E:\nisha\ordex\hR\Campco\Campco\Common\CampcoCommon.Master.cs:line 281
----------------------------------------------------
System.Threading.ThreadAbortException: Thread was being aborted.
   at System.Threading.Thread.AbortInternal()
   at System.Threading.Thread.Abort(Object stateInfo)
   at System.Web.HttpResponse.AbortCurrentThread()
   at System.Web.HttpResponse.End()
   at System.Web.HttpResponse.Redirect(String url, Boolean endResponse, Boolean permanent)
   at System.Web.HttpResponse.Redirect(String url)
   at Campco.Common.CampcoCommon.lnkSinIn_Click(Object sender, EventArgs e) in E:\nisha\ordex\hR\Campco\Campco\Common\CampcoCommon.Master.cs:line 281
-------------------------END-------------------------4/27/2017 5:34:12 PM
----------------------------------------------------
-------------------------START-------------------------4/27/2017 5:34:34 PM
Page :index.aspx
----------------------------------------------------
Event :
----------------------------------------------------
Stack Trace :   at Campco.Common.index.Page_Load(Object sender, EventArgs e) in E:\nisha\ordex\hR\Campco\Campco\Common\index.aspx.cs:line 133
----------------------------------------------------
System.NullReferenceException: Object reference not set to an instance of an object.
   at Campco.Common.index.Page_Load(Object sender, EventArgs e) in E:\nisha\ordex\hR\Campco\Campco\Common\index.aspx.cs:line 133
-------------------------END-------------------------4/27/2017 5:34:34 PM
----------------------------------------------------
-------------------------START-------------------------4/27/2017 5:34:42 PM
Page :index.aspx
----------------------------------------------------
Event :
----------------------------------------------------
Stack Trace :   at Campco.Common.index.Page_Load(Object sender, EventArgs e) in E:\nisha\ordex\hR\Campco\Campco\Common\index.aspx.cs:line 133
----------------------------------------------------
System.NullReferenceException: Object reference not set to an instance of an object.
   at Campco.Common.index.Page_Load(Object sender, EventArgs e) in E:\nisha\ordex\hR\Campco\Campco\Common\index.aspx.cs:line 133
-------------------------END-------------------------4/27/2017 5:34:42 PM
----------------------------------------------------
-------------------------START-------------------------4/27/2017 5:34:43 PM
Page :index.aspx
----------------------------------------------------
Event :
----------------------------------------------------
Stack Trace :   at System.Threading.Thread.AbortInternal()
   at System.Threading.Thread.Abort(Object stateInfo)
   at System.Web.HttpResponse.AbortCurrentThread()
   at System.Web.HttpResponse.End()
   at System.Web.HttpResponse.Redirect(String url, Boolean endResponse, Boolean permanent)
   at System.Web.HttpResponse.Redirect(String url)
   at Campco.Common.CampcoCommon.lnkMyaccount_Click(Object sender, EventArgs e) in E:\nisha\ordex\hR\Campco\Campco\Common\CampcoCommon.Master.cs:line 248
----------------------------------------------------
System.Threading.ThreadAbortException: Thread was being aborted.
   at System.Threading.Thread.AbortInternal()
   at System.Threading.Thread.Abort(Object stateInfo)
   at System.Web.HttpResponse.AbortCurrentThread()
   at System.Web.HttpResponse.End()
   at System.Web.HttpResponse.Redirect(String url, Boolean endResponse, Boolean permanent)
   at System.Web.HttpResponse.Redirect(String url)
   at Campco.Common.CampcoCommon.lnkMyaccount_Click(Object sender, EventArgs e) in E:\nisha\ordex\hR\Campco\Campco\Common\CampcoCommon.Master.cs:line 248
-------------------------END-------------------------4/27/2017 5:34:43 PM
----------------------------------------------------
-------------------------START-------------------------4/27/2017 5:35:14 PM
Page :MyShippingAddress.aspx
----------------------------------------------------
Event :Get Customer Profile sample
-------------------------END-------------------------4/27/2017 5:35:14 PM
----------------------------------------------------
-------------------------START-------------------------4/27/2017 5:35:16 PM
Page :MyShippingAddress.aspx
----------------------------------------------------
Event :Successful.
-------------------------END-------------------------4/27/2017 5:35:16 PM
----------------------------------------------------
-------------------------START-------------------------4/27/2017 5:35:16 PM
Page :MyShippingAddress.aspx
----------------------------------------------------
Event :Customer Profile Id: 1218499991
-------------------------END-------------------------4/27/2017 5:35:16 PM
----------------------------------------------------
-------------------------START-------------------------4/27/2017 5:35:27 PM
Page :MyShippingAddress.aspx
----------------------------------------------------
Event :Get Customer Profile sample
-------------------------END-------------------------4/27/2017 5:35:27 PM
----------------------------------------------------
-------------------------START-------------------------4/27/2017 5:35:28 PM
Page :MyShippingAddress.aspx
----------------------------------------------------
Event :Successful.
-------------------------END-------------------------4/27/2017 5:35:28 PM
----------------------------------------------------
-------------------------START-------------------------4/27/2017 5:35:28 PM
Page :MyShippingAddress.aspx
----------------------------------------------------
Event :Customer Profile Id: 1218499991
-------------------------END-------------------------4/27/2017 5:35:28 PM
----------------------------------------------------
-------------------------START-------------------------4/27/2017 5:35:42 PM
Page :MyCard.aspx
----------------------------------------------------
Event :Get Customer Profile sample
-------------------------END-------------------------4/27/2017 5:35:42 PM
----------------------------------------------------
-------------------------START-------------------------4/27/2017 5:35:43 PM
Page :MyCard.aspx
----------------------------------------------------
Event :Successful.
-------------------------END-------------------------4/27/2017 5:35:43 PM
----------------------------------------------------
-------------------------START-------------------------4/27/2017 5:35:43 PM
Page :MyCard.aspx
----------------------------------------------------
Event :Customer Profile Id: 1218499991
-------------------------END-------------------------4/27/2017 5:35:43 PM
----------------------------------------------------
-------------------------START-------------------------4/27/2017 5:52:29 PM
Page :index.aspx
----------------------------------------------------
Event :
----------------------------------------------------
Stack Trace :   at Campco.Common.index.Page_Load(Object sender, EventArgs e) in E:\nisha\ordex\hR\Campco\Campco\Common\index.aspx.cs:line 133
----------------------------------------------------
System.NullReferenceException: Object reference not set to an instance of an object.
   at Campco.Common.index.Page_Load(Object sender, EventArgs e) in E:\nisha\ordex\hR\Campco\Campco\Common\index.aspx.cs:line 133
-------------------------END-------------------------4/27/2017 5:52:29 PM
----------------------------------------------------
-------------------------START-------------------------4/27/2017 5:54:09 PM
Page :CheckOut.aspx
----------------------------------------------------
Event :ProcessOrders Buttom Click
-------------------------END-------------------------4/27/2017 5:54:09 PM
----------------------------------------------------
-------------------------START-------------------------4/27/2017 5:54:11 PM
Page :CheckOut.aspx
----------------------------------------------------
Event :Charge Credit Card Sample
-------------------------END-------------------------4/27/2017 5:54:11 PM
----------------------------------------------------
-------------------------START-------------------------4/27/2017 5:54:14 PM
Page :CheckOut.aspx
----------------------------------------------------
Event :Failed Transaction.
-------------------------END-------------------------4/27/2017 5:54:14 PM
----------------------------------------------------
-------------------------START-------------------------4/27/2017 5:54:14 PM
Page :CheckOut.aspx
----------------------------------------------------
Event :Error Code: 6
-------------------------END-------------------------4/27/2017 5:54:14 PM
----------------------------------------------------
-------------------------START-------------------------4/27/2017 5:54:14 PM
Page :CheckOut.aspx
----------------------------------------------------
Event :Error message: The credit card number is invalid.
-------------------------END-------------------------4/27/2017 5:54:14 PM
----------------------------------------------------
-------------------------START-------------------------4/27/2017 5:57:41 PM
Page :CheckOut.aspx
----------------------------------------------------
Event :ProcessOrders Buttom Click
-------------------------END-------------------------4/27/2017 5:57:41 PM
----------------------------------------------------
-------------------------START-------------------------4/27/2017 5:57:42 PM
Page :CheckOut.aspx
----------------------------------------------------
Event :Charge Credit Card Sample
-------------------------END-------------------------4/27/2017 5:57:42 PM
----------------------------------------------------
-------------------------START-------------------------4/27/2017 5:57:44 PM
Page :CheckOut.aspx
----------------------------------------------------
Event :Failed Transaction.
-------------------------END-------------------------4/27/2017 5:57:44 PM
----------------------------------------------------
-------------------------START-------------------------4/27/2017 5:57:44 PM
Page :CheckOut.aspx
----------------------------------------------------
Event :Error Code: 6
-------------------------END-------------------------4/27/2017 5:57:44 PM
----------------------------------------------------
-------------------------START-------------------------4/27/2017 5:57:44 PM
Page :CheckOut.aspx
----------------------------------------------------
Event :Error message: The credit card number is invalid.
-------------------------END-------------------------4/27/2017 5:57:44 PM
----------------------------------------------------
-------------------------START-------------------------4/27/2017 5:59:50 PM
Page :CheckOut.aspx
----------------------------------------------------
Event :ProcessOrders Buttom Click
-------------------------END-------------------------4/27/2017 5:59:50 PM
----------------------------------------------------
-------------------------START-------------------------4/27/2017 5:59:52 PM
Page :CheckOut.aspx
----------------------------------------------------
Event :Charge Credit Card Sample
-------------------------END-------------------------4/27/2017 5:59:52 PM
----------------------------------------------------
-------------------------START-------------------------4/27/2017 5:59:53 PM
Page :CheckOut.aspx
----------------------------------------------------
Event :Failed Transaction.
-------------------------END-------------------------4/27/2017 5:59:53 PM
----------------------------------------------------
-------------------------START-------------------------4/27/2017 5:59:53 PM
Page :CheckOut.aspx
----------------------------------------------------
Event :Error Code: 6
-------------------------END-------------------------4/27/2017 5:59:53 PM
----------------------------------------------------
-------------------------START-------------------------4/27/2017 5:59:53 PM
Page :CheckOut.aspx
----------------------------------------------------
Event :Error message: The credit card number is invalid.
-------------------------END-------------------------4/27/2017 5:59:53 PM
----------------------------------------------------
-------------------------START-------------------------4/27/2017 6:01:34 PM
Page :CheckOut.aspx
----------------------------------------------------
Event :ProcessOrders Buttom Click
-------------------------END-------------------------4/27/2017 6:01:34 PM
----------------------------------------------------
-------------------------START-------------------------4/27/2017 6:01:35 PM
Page :CheckOut.aspx
----------------------------------------------------
Event :Charge Credit Card Sample
-------------------------END-------------------------4/27/2017 6:01:35 PM
----------------------------------------------------
-------------------------START-------------------------4/27/2017 6:01:37 PM
Page :CheckOut.aspx
----------------------------------------------------
Event :Failed Transaction.
-------------------------END-------------------------4/27/2017 6:01:37 PM
----------------------------------------------------
-------------------------START-------------------------4/27/2017 6:01:37 PM
Page :CheckOut.aspx
----------------------------------------------------
Event :Error Code: 6
-------------------------END-------------------------4/27/2017 6:01:37 PM
----------------------------------------------------
-------------------------START-------------------------4/27/2017 6:01:37 PM
Page :CheckOut.aspx
----------------------------------------------------
Event :Error message: The credit card number is invalid.
-------------------------END-------------------------4/27/2017 6:01:37 PM
----------------------------------------------------
-------------------------START-------------------------4/27/2017 6:02:54 PM
Page :CheckOut.aspx
----------------------------------------------------
Event :ProcessOrders Buttom Click
-------------------------END-------------------------4/27/2017 6:02:54 PM
----------------------------------------------------
-------------------------START-------------------------4/27/2017 6:02:55 PM
Page :CheckOut.aspx
----------------------------------------------------
Event :Charge Credit Card Sample
-------------------------END-------------------------4/27/2017 6:02:55 PM
----------------------------------------------------
-------------------------START-------------------------4/27/2017 6:02:57 PM
Page :CheckOut.aspx
----------------------------------------------------
Event :Failed Transaction.
-------------------------END-------------------------4/27/2017 6:02:57 PM
----------------------------------------------------
-------------------------START-------------------------4/27/2017 6:02:57 PM
Page :CheckOut.aspx
----------------------------------------------------
Event :Error Code: 6
-------------------------END-------------------------4/27/2017 6:02:57 PM
----------------------------------------------------
-------------------------START-------------------------4/27/2017 6:02:57 PM
Page :CheckOut.aspx
----------------------------------------------------
Event :Error message: The credit card number is invalid.
-------------------------END-------------------------4/27/2017 6:02:57 PM
----------------------------------------------------
-------------------------START-------------------------4/27/2017 6:02:59 PM
Page :Registration.aspx
----------------------------------------------------
Event :Registration page Load
-------------------------END-------------------------4/27/2017 6:02:59 PM
----------------------------------------------------
-------------------------START-------------------------4/27/2017 6:02:59 PM
Page :Registration.aspx
----------------------------------------------------
Event :FillCapctcha.
-------------------------END-------------------------4/27/2017 6:02:59 PM
----------------------------------------------------
-------------------------START-------------------------4/27/2017 6:03:11 PM
Page :CheckOut.aspx
----------------------------------------------------
Event :ProcessOrders Buttom Click
-------------------------END-------------------------4/27/2017 6:03:11 PM
----------------------------------------------------
-------------------------START-------------------------4/27/2017 6:03:12 PM
Page :CheckOut.aspx
----------------------------------------------------
Event :Charge Credit Card Sample
-------------------------END-------------------------4/27/2017 6:03:12 PM
----------------------------------------------------
-------------------------START-------------------------4/27/2017 6:03:13 PM
Page :CheckOut.aspx
----------------------------------------------------
Event :Failed Transaction.
-------------------------END-------------------------4/27/2017 6:03:13 PM
----------------------------------------------------
-------------------------START-------------------------4/27/2017 6:03:13 PM
Page :CheckOut.aspx
----------------------------------------------------
Event :Error Code: 6
-------------------------END-------------------------4/27/2017 6:03:13 PM
----------------------------------------------------
-------------------------START-------------------------4/27/2017 6:03:13 PM
Page :CheckOut.aspx
----------------------------------------------------
Event :Error message: The credit card number is invalid.
-------------------------END-------------------------4/27/2017 6:03:13 PM
----------------------------------------------------
-------------------------START-------------------------4/27/2017 6:03:33 PM
Page :CheckOut.aspx
----------------------------------------------------
Event :ProcessOrders Buttom Click
-------------------------END-------------------------4/27/2017 6:03:33 PM
----------------------------------------------------
-------------------------START-------------------------4/27/2017 6:03:35 PM
Page :CheckOut.aspx
----------------------------------------------------
Event :Charge Credit Card Sample
-------------------------END-------------------------4/27/2017 6:03:35 PM
----------------------------------------------------
-------------------------START-------------------------4/27/2017 6:03:36 PM
Page :CheckOut.aspx
----------------------------------------------------
Event :Failed Transaction.
-------------------------END-------------------------4/27/2017 6:03:36 PM
----------------------------------------------------
-------------------------START-------------------------4/27/2017 6:03:36 PM
Page :CheckOut.aspx
----------------------------------------------------
Event :Error Code: 6
-------------------------END-------------------------4/27/2017 6:03:36 PM
----------------------------------------------------
-------------------------START-------------------------4/27/2017 6:03:36 PM
Page :CheckOut.aspx
----------------------------------------------------
Event :Error message: The credit card number is invalid.
-------------------------END-------------------------4/27/2017 6:03:36 PM
----------------------------------------------------
-------------------------START-------------------------4/27/2017 6:03:40 PM
Page :Registration.aspx
----------------------------------------------------
Event :Registration page Load
-------------------------END-------------------------4/27/2017 6:03:40 PM
----------------------------------------------------
-------------------------START-------------------------4/27/2017 6:03:40 PM
Page :Registration.aspx
----------------------------------------------------
Event :FillCapctcha.
-------------------------END-------------------------4/27/2017 6:03:40 PM
----------------------------------------------------
-------------------------START-------------------------4/27/2017 6:03:50 PM
Page :CheckOut.aspx
----------------------------------------------------
Event :ProcessOrders Buttom Click
-------------------------END-------------------------4/27/2017 6:03:50 PM
----------------------------------------------------
-------------------------START-------------------------4/27/2017 6:03:51 PM
Page :CheckOut.aspx
----------------------------------------------------
Event :Charge Credit Card Sample
-------------------------END-------------------------4/27/2017 6:03:51 PM
----------------------------------------------------
-------------------------START-------------------------4/27/2017 6:03:52 PM
Page :CheckOut.aspx
----------------------------------------------------
Event :Failed Transaction.
-------------------------END-------------------------4/27/2017 6:03:52 PM
----------------------------------------------------
-------------------------START-------------------------4/27/2017 6:03:52 PM
Page :CheckOut.aspx
----------------------------------------------------
Event :Error Code: 6
-------------------------END-------------------------4/27/2017 6:03:52 PM
----------------------------------------------------
-------------------------START-------------------------4/27/2017 6:03:52 PM
Page :CheckOut.aspx
----------------------------------------------------
Event :Error message: The credit card number is invalid.
-------------------------END-------------------------4/27/2017 6:03:52 PM
----------------------------------------------------
-------------------------START-------------------------4/27/2017 6:10:19 PM
Page :CheckOut.aspx
----------------------------------------------------
Event :ProcessOrders Buttom Click
-------------------------END-------------------------4/27/2017 6:10:19 PM
----------------------------------------------------
-------------------------START-------------------------4/27/2017 6:10:20 PM
Page :CheckOut.aspx
----------------------------------------------------
Event :Charge Credit Card Sample
-------------------------END-------------------------4/27/2017 6:10:20 PM
----------------------------------------------------
-------------------------START-------------------------4/27/2017 6:10:23 PM
Page :CheckOut.aspx
----------------------------------------------------
Event :Failed Transaction.
-------------------------END-------------------------4/27/2017 6:10:23 PM
----------------------------------------------------
-------------------------START-------------------------4/27/2017 6:10:23 PM
Page :CheckOut.aspx
----------------------------------------------------
Event :Error Code: 6
-------------------------END-------------------------4/27/2017 6:10:23 PM
----------------------------------------------------
-------------------------START-------------------------4/27/2017 6:10:23 PM
Page :CheckOut.aspx
----------------------------------------------------
Event :Error message: The credit card number is invalid.
-------------------------END-------------------------4/27/2017 6:10:23 PM
----------------------------------------------------
-------------------------START-------------------------4/27/2017 6:18:33 PM
Page :index.aspx
----------------------------------------------------
Event :
----------------------------------------------------
Stack Trace :   at Campco.Common.index.Page_Load(Object sender, EventArgs e) in E:\nisha\ordex\hR\Campco\Campco\Common\index.aspx.cs:line 133
----------------------------------------------------
System.NullReferenceException: Object reference not set to an instance of an object.
   at Campco.Common.index.Page_Load(Object sender, EventArgs e) in E:\nisha\ordex\hR\Campco\Campco\Common\index.aspx.cs:line 133
-------------------------END-------------------------4/27/2017 6:18:33 PM
----------------------------------------------------
-------------------------START-------------------------4/27/2017 6:20:01 PM
Page :CheckOut.aspx
----------------------------------------------------
Event :ProcessOrders Buttom Click
-------------------------END-------------------------4/27/2017 6:20:01 PM
----------------------------------------------------
-------------------------START-------------------------4/27/2017 6:20:02 PM
Page :CheckOut.aspx
----------------------------------------------------
Event :Charge Credit Card Sample
-------------------------END-------------------------4/27/2017 6:20:02 PM
----------------------------------------------------
-------------------------START-------------------------4/27/2017 6:20:05 PM
Page :CheckOut.aspx
----------------------------------------------------
Event :Failed Transaction.
-------------------------END-------------------------4/27/2017 6:20:05 PM
----------------------------------------------------
-------------------------START-------------------------4/27/2017 6:20:05 PM
Page :CheckOut.aspx
----------------------------------------------------
Event :Error Code: 6
-------------------------END-------------------------4/27/2017 6:20:05 PM
----------------------------------------------------
-------------------------START-------------------------4/27/2017 6:20:05 PM
Page :CheckOut.aspx
----------------------------------------------------
Event :Error message: The credit card number is invalid.
-------------------------END-------------------------4/27/2017 6:20:05 PM
----------------------------------------------------
