-------------------------START-------------------------4/10/2017 4:13:51 PM
Page :Registration.aspx
----------------------------------------------------
Event :Registration page Load
----------------------------------------------------
-------------------------END-------------------------4/10/2017 4:13:51 PM
----------------------------------------------------
-------------------------START-------------------------4/10/2017 4:13:51 PM
Page :Registration.aspx
----------------------------------------------------
Event :FillCapctcha.
-------------------------END-------------------------4/10/2017 4:13:51 PM
----------------------------------------------------
-------------------------START-------------------------4/10/2017 4:44:20 PM
Page :Registration.aspx
----------------------------------------------------
Event :Registration page Load
-------------------------END-------------------------4/10/2017 4:44:20 PM
----------------------------------------------------
-------------------------START-------------------------4/10/2017 4:44:20 PM
Page :Registration.aspx
----------------------------------------------------
Event :FillCapctcha.
-------------------------END-------------------------4/10/2017 4:44:20 PM
----------------------------------------------------
-------------------------START-------------------------4/10/2017 5:32:38 PM
Page :Registration.aspx
----------------------------------------------------
Event :Registration page Load
-------------------------END-------------------------4/10/2017 5:32:38 PM
----------------------------------------------------
-------------------------START-------------------------4/10/2017 5:32:38 PM
Page :Registration.aspx
----------------------------------------------------
Event :FillCapctcha.
-------------------------END-------------------------4/10/2017 5:32:38 PM
----------------------------------------------------
-------------------------START-------------------------4/10/2017 5:32:45 PM
Page :Registration.aspx
----------------------------------------------------
Event :Registration page Load
-------------------------END-------------------------4/10/2017 5:32:45 PM
----------------------------------------------------
-------------------------START-------------------------4/10/2017 5:32:45 PM
Page :Registration.aspx
----------------------------------------------------
Event :FillCapctcha.
-------------------------END-------------------------4/10/2017 5:32:45 PM
----------------------------------------------------
-------------------------START-------------------------4/10/2017 5:34:10 PM
Page :Registration.aspx
----------------------------------------------------
Event :Registration page Load
-------------------------END-------------------------4/10/2017 5:34:10 PM
----------------------------------------------------
-------------------------START-------------------------4/10/2017 5:34:10 PM
Page :Registration.aspx
----------------------------------------------------
Event :FillCapctcha.
-------------------------END-------------------------4/10/2017 5:34:10 PM
----------------------------------------------------
