-------------------------START-------------------------4/14/2017 11:15:55 AM
Page :index.aspx
----------------------------------------------------
Stack Trace :   at Campco.Common.index.Page_Load(Object sender, EventArgs e) in E:\nisha\ordex\hR\Campco\Campco\Common\index.aspx.cs:line 82
----------------------------------------------------
System.NullReferenceException: Object reference not set to an instance of an object.
   at Campco.Common.index.Page_Load(Object sender, EventArgs e) in E:\nisha\ordex\hR\Campco\Campco\Common\index.aspx.cs:line 82
-------------------------END-------------------------4/14/2017 11:15:56 AM
----------------------------------------------------
-------------------------START-------------------------4/14/2017 11:15:56 AM
Page :index.aspx
----------------------------------------------------
Event :
----------------------------------------------------
Stack Trace :   at Campco.Common.CampcoCommon.Page_Load(Object sender, EventArgs e) in E:\nisha\ordex\hR\Campco\Campco\Common\CampcoCommon.Master.cs:line 155
----------------------------------------------------
System.NullReferenceException: Object reference not set to an instance of an object.
   at Campco.Common.CampcoCommon.Page_Load(Object sender, EventArgs e) in E:\nisha\ordex\hR\Campco\Campco\Common\CampcoCommon.Master.cs:line 155
-------------------------END-------------------------4/14/2017 11:15:56 AM
----------------------------------------------------
-------------------------START-------------------------4/14/2017 11:19:39 AM
Page :brands.aspx
----------------------------------------------------
Event :
----------------------------------------------------
Stack Trace :   at System.Threading.Thread.AbortInternal()
   at System.Threading.Thread.Abort(Object stateInfo)
   at System.Web.HttpResponse.AbortCurrentThread()
   at System.Web.HttpResponse.End()
   at System.Web.HttpResponse.Redirect(String url, Boolean endResponse, Boolean permanent)
   at System.Web.HttpResponse.Redirect(String url)
   at Campco.Common.CampcoCommon.lnkSinIn_Click(Object sender, EventArgs e) in E:\nisha\ordex\hR\Campco\Campco\Common\CampcoCommon.Master.cs:line 281
----------------------------------------------------
System.Threading.ThreadAbortException: Thread was being aborted.
   at System.Threading.Thread.AbortInternal()
   at System.Threading.Thread.Abort(Object stateInfo)
   at System.Web.HttpResponse.AbortCurrentThread()
   at System.Web.HttpResponse.End()
   at System.Web.HttpResponse.Redirect(String url, Boolean endResponse, Boolean permanent)
   at System.Web.HttpResponse.Redirect(String url)
   at Campco.Common.CampcoCommon.lnkSinIn_Click(Object sender, EventArgs e) in E:\nisha\ordex\hR\Campco\Campco\Common\CampcoCommon.Master.cs:line 281
-------------------------END-------------------------4/14/2017 11:19:39 AM
----------------------------------------------------
-------------------------START-------------------------4/14/2017 11:22:05 AM
Page :index.aspx
----------------------------------------------------
Event :
----------------------------------------------------
Stack Trace :   at Campco.Common.index.Page_Load(Object sender, EventArgs e) in E:\nisha\ordex\hR\Campco\Campco\Common\index.aspx.cs:line 84
----------------------------------------------------
System.NullReferenceException: Object reference not set to an instance of an object.
   at Campco.Common.index.Page_Load(Object sender, EventArgs e) in E:\nisha\ordex\hR\Campco\Campco\Common\index.aspx.cs:line 84
-------------------------END-------------------------4/14/2017 11:22:05 AM
----------------------------------------------------
-------------------------START-------------------------4/14/2017 11:22:52 AM
Page :index.aspx
----------------------------------------------------
Event :
----------------------------------------------------
Stack Trace :   at Campco.Common.index.Page_Load(Object sender, EventArgs e) in E:\nisha\ordex\hR\Campco\Campco\Common\index.aspx.cs:line 84
----------------------------------------------------
System.NullReferenceException: Object reference not set to an instance of an object.
   at Campco.Common.index.Page_Load(Object sender, EventArgs e) in E:\nisha\ordex\hR\Campco\Campco\Common\index.aspx.cs:line 84
-------------------------END-------------------------4/14/2017 11:22:52 AM
----------------------------------------------------
-------------------------START-------------------------4/14/2017 11:23:09 AM
Page :Remove
----------------------------------------------------
Event :
----------------------------------------------------
Stack Trace :   at System.Data.DataTableExtensions.LoadTableFromEnumerable[T](IEnumerable`1 source, DataTable table, Nullable`1 options, FillErrorEventHandler errorHandler)
   at System.Data.DataTableExtensions.CopyToDataTable[T](IEnumerable`1 source)
   at Campco.Common.index.Remove(String value) in E:\nisha\ordex\hR\Campco\Campco\Common\index.aspx.cs:line 205
----------------------------------------------------
System.InvalidOperationException: The source contains no DataRows.
   at System.Data.DataTableExtensions.LoadTableFromEnumerable[T](IEnumerable`1 source, DataTable table, Nullable`1 options, FillErrorEventHandler errorHandler)
   at System.Data.DataTableExtensions.CopyToDataTable[T](IEnumerable`1 source)
   at Campco.Common.index.Remove(String value) in E:\nisha\ordex\hR\Campco\Campco\Common\index.aspx.cs:line 205
-------------------------END-------------------------4/14/2017 11:23:09 AM
----------------------------------------------------
-------------------------START-------------------------4/14/2017 11:23:35 AM
Page :CheckOut.aspx
----------------------------------------------------
Event :Get Customer Profile sample
-------------------------END-------------------------4/14/2017 11:23:35 AM
----------------------------------------------------
-------------------------START-------------------------4/14/2017 11:23:39 AM
Page :CheckOut.aspx
----------------------------------------------------
Event :Successful.
-------------------------END-------------------------4/14/2017 11:23:39 AM
----------------------------------------------------
-------------------------START-------------------------4/14/2017 11:23:39 AM
Page :CheckOut.aspx
----------------------------------------------------
Event :Customer Profile Id: 1218499991
-------------------------END-------------------------4/14/2017 11:23:39 AM
----------------------------------------------------
-------------------------START-------------------------4/14/2017 11:36:37 AM
Page :CheckOut.aspx
----------------------------------------------------
Event :Get Customer Profile sample
-------------------------END-------------------------4/14/2017 11:36:37 AM
----------------------------------------------------
-------------------------START-------------------------4/14/2017 11:36:39 AM
Page :CheckOut.aspx
----------------------------------------------------
Event :Successful.
-------------------------END-------------------------4/14/2017 11:36:39 AM
----------------------------------------------------
-------------------------START-------------------------4/14/2017 11:36:39 AM
Page :CheckOut.aspx
----------------------------------------------------
Event :Customer Profile Id: 1218499991
-------------------------END-------------------------4/14/2017 11:36:39 AM
----------------------------------------------------
-------------------------START-------------------------4/14/2017 11:36:48 AM
Page :CheckOut.aspx
----------------------------------------------------
Event :ProcessOrders Buttom Click
-------------------------END-------------------------4/14/2017 11:36:48 AM
----------------------------------------------------
-------------------------START-------------------------4/14/2017 11:36:56 AM
Page :CheckOut.aspx
----------------------------------------------------
Event :Get Customer Profile sample
-------------------------END-------------------------4/14/2017 11:36:56 AM
----------------------------------------------------
-------------------------START-------------------------4/14/2017 11:36:57 AM
Page :CheckOut.aspx
----------------------------------------------------
Event :Successful.
-------------------------END-------------------------4/14/2017 11:36:57 AM
----------------------------------------------------
-------------------------START-------------------------4/14/2017 11:36:57 AM
Page :CheckOut.aspx
----------------------------------------------------
Event :Customer Profile Id: 1218499991
-------------------------END-------------------------4/14/2017 11:36:57 AM
----------------------------------------------------
-------------------------START-------------------------4/14/2017 11:37:08 AM
Page :CheckOut.aspx
----------------------------------------------------
Event :Get Customer Profile sample
-------------------------END-------------------------4/14/2017 11:37:08 AM
----------------------------------------------------
-------------------------START-------------------------4/14/2017 11:37:09 AM
Page :CheckOut.aspx
----------------------------------------------------
Event :Successful.
-------------------------END-------------------------4/14/2017 11:37:09 AM
----------------------------------------------------
-------------------------START-------------------------4/14/2017 11:37:09 AM
Page :CheckOut.aspx
----------------------------------------------------
Event :Customer Profile Id: 1218499991
-------------------------END-------------------------4/14/2017 11:37:09 AM
----------------------------------------------------
-------------------------START-------------------------4/14/2017 11:37:18 AM
Page :CheckOut.aspx
----------------------------------------------------
Event :ProcessOrders Buttom Click
-------------------------END-------------------------4/14/2017 11:37:18 AM
----------------------------------------------------
-------------------------START-------------------------4/14/2017 2:32:42 PM
Page :index.aspx
----------------------------------------------------
Event :
----------------------------------------------------
Stack Trace :   at Campco.Common.index.Page_Load(Object sender, EventArgs e) in E:\nisha\ordex\hR\Campco\Campco\Common\index.aspx.cs:line 82
----------------------------------------------------
System.NullReferenceException: Object reference not set to an instance of an object.
   at Campco.Common.index.Page_Load(Object sender, EventArgs e) in E:\nisha\ordex\hR\Campco\Campco\Common\index.aspx.cs:line 82
-------------------------END-------------------------4/14/2017 2:32:42 PM
----------------------------------------------------
-------------------------START-------------------------4/14/2017 2:52:03 PM
Page :index.aspx
----------------------------------------------------
Event :
----------------------------------------------------
Stack Trace :   at Campco.Common.index.Page_Load(Object sender, EventArgs e) in E:\nisha\ordex\hR\Campco\Campco\Common\index.aspx.cs:line 133
----------------------------------------------------
System.NullReferenceException: Object reference not set to an instance of an object.
   at Campco.Common.index.Page_Load(Object sender, EventArgs e) in E:\nisha\ordex\hR\Campco\Campco\Common\index.aspx.cs:line 133
-------------------------END-------------------------4/14/2017 2:52:03 PM
----------------------------------------------------
-------------------------START-------------------------4/14/2017 2:52:55 PM
Page :Remove
----------------------------------------------------
Event :
----------------------------------------------------
Stack Trace :   at System.Data.DataTableExtensions.LoadTableFromEnumerable[T](IEnumerable`1 source, DataTable table, Nullable`1 options, FillErrorEventHandler errorHandler)
   at System.Data.DataTableExtensions.CopyToDataTable[T](IEnumerable`1 source)
   at Campco.Common.index.Remove(String value) in E:\nisha\ordex\hR\Campco\Campco\Common\index.aspx.cs:line 205
----------------------------------------------------
System.InvalidOperationException: The source contains no DataRows.
   at System.Data.DataTableExtensions.LoadTableFromEnumerable[T](IEnumerable`1 source, DataTable table, Nullable`1 options, FillErrorEventHandler errorHandler)
   at System.Data.DataTableExtensions.CopyToDataTable[T](IEnumerable`1 source)
   at Campco.Common.index.Remove(String value) in E:\nisha\ordex\hR\Campco\Campco\Common\index.aspx.cs:line 205
-------------------------END-------------------------4/14/2017 2:52:55 PM
----------------------------------------------------
-------------------------START-------------------------4/14/2017 2:53:01 PM
Page :index.aspx
----------------------------------------------------
Event :
----------------------------------------------------
Stack Trace :   at Campco.Common.index.Page_Load(Object sender, EventArgs e) in E:\nisha\ordex\hR\Campco\Campco\Common\index.aspx.cs:line 133
----------------------------------------------------
System.NullReferenceException: Object reference not set to an instance of an object.
   at Campco.Common.index.Page_Load(Object sender, EventArgs e) in E:\nisha\ordex\hR\Campco\Campco\Common\index.aspx.cs:line 133
-------------------------END-------------------------4/14/2017 2:53:01 PM
----------------------------------------------------
-------------------------START-------------------------4/14/2017 2:53:30 PM
Page :CheckOut.aspx
----------------------------------------------------
Event :Get Customer Profile sample
-------------------------END-------------------------4/14/2017 2:53:30 PM
----------------------------------------------------
-------------------------START-------------------------4/14/2017 2:53:34 PM
Page :CheckOut.aspx
----------------------------------------------------
Event :Successful.
-------------------------END-------------------------4/14/2017 2:53:34 PM
----------------------------------------------------
-------------------------START-------------------------4/14/2017 2:53:34 PM
Page :CheckOut.aspx
----------------------------------------------------
Event :Customer Profile Id: 1218499991
-------------------------END-------------------------4/14/2017 2:53:34 PM
----------------------------------------------------
-------------------------START-------------------------4/14/2017 2:53:46 PM
Page :CheckOut.aspx
----------------------------------------------------
Event :Get Customer Profile sample
-------------------------END-------------------------4/14/2017 2:53:46 PM
----------------------------------------------------
-------------------------START-------------------------4/14/2017 2:53:47 PM
Page :CheckOut.aspx
----------------------------------------------------
Event :Successful.
-------------------------END-------------------------4/14/2017 2:53:47 PM
----------------------------------------------------
-------------------------START-------------------------4/14/2017 2:53:47 PM
Page :CheckOut.aspx
----------------------------------------------------
Event :Customer Profile Id: 1218499991
-------------------------END-------------------------4/14/2017 2:53:47 PM
----------------------------------------------------
-------------------------START-------------------------4/14/2017 2:53:52 PM
Page :CheckOut.aspx
----------------------------------------------------
Event :ProcessOrders Buttom Click
-------------------------END-------------------------4/14/2017 2:53:52 PM
----------------------------------------------------
-------------------------START-------------------------4/14/2017 3:13:02 PM
Page :index.aspx
----------------------------------------------------
Event :
----------------------------------------------------
Stack Trace :   at Campco.Common.index.Page_Load(Object sender, EventArgs e) in E:\nisha\ordex\hR\Campco\Campco\Common\index.aspx.cs:line 133
----------------------------------------------------
System.NullReferenceException: Object reference not set to an instance of an object.
   at Campco.Common.index.Page_Load(Object sender, EventArgs e) in E:\nisha\ordex\hR\Campco\Campco\Common\index.aspx.cs:line 133
-------------------------END-------------------------4/14/2017 3:13:02 PM
----------------------------------------------------
-------------------------START-------------------------4/14/2017 3:14:29 PM
Page :index.aspx
----------------------------------------------------
Event :
----------------------------------------------------
Stack Trace :   at Campco.Common.index.Page_Load(Object sender, EventArgs e) in E:\nisha\ordex\hR\Campco\Campco\Common\index.aspx.cs:line 133
----------------------------------------------------
System.NullReferenceException: Object reference not set to an instance of an object.
   at Campco.Common.index.Page_Load(Object sender, EventArgs e) in E:\nisha\ordex\hR\Campco\Campco\Common\index.aspx.cs:line 133
-------------------------END-------------------------4/14/2017 3:14:29 PM
----------------------------------------------------
-------------------------START-------------------------4/14/2017 3:14:30 PM
Page :index.aspx
----------------------------------------------------
Event :
----------------------------------------------------
Stack Trace :   at System.Threading.Thread.AbortInternal()
   at System.Threading.Thread.Abort(Object stateInfo)
   at System.Web.HttpResponse.AbortCurrentThread()
   at System.Web.HttpResponse.End()
   at System.Web.HttpResponse.Redirect(String url, Boolean endResponse, Boolean permanent)
   at System.Web.HttpResponse.Redirect(String url)
   at Campco.Common.CampcoCommon.lnkSinIn_Click(Object sender, EventArgs e) in E:\nisha\ordex\hR\Campco\Campco\Common\CampcoCommon.Master.cs:line 281
----------------------------------------------------
System.Threading.ThreadAbortException: Thread was being aborted.
   at System.Threading.Thread.AbortInternal()
   at System.Threading.Thread.Abort(Object stateInfo)
   at System.Web.HttpResponse.AbortCurrentThread()
   at System.Web.HttpResponse.End()
   at System.Web.HttpResponse.Redirect(String url, Boolean endResponse, Boolean permanent)
   at System.Web.HttpResponse.Redirect(String url)
   at Campco.Common.CampcoCommon.lnkSinIn_Click(Object sender, EventArgs e) in E:\nisha\ordex\hR\Campco\Campco\Common\CampcoCommon.Master.cs:line 281
-------------------------END-------------------------4/14/2017 3:14:30 PM
----------------------------------------------------
-------------------------START-------------------------4/14/2017 3:16:56 PM
Page :index.aspx
----------------------------------------------------
Event :
----------------------------------------------------
Stack Trace :   at Campco.Common.index.Page_Load(Object sender, EventArgs e) in E:\nisha\ordex\hR\Campco\Campco\Common\index.aspx.cs:line 133
----------------------------------------------------
System.NullReferenceException: Object reference not set to an instance of an object.
   at Campco.Common.index.Page_Load(Object sender, EventArgs e) in E:\nisha\ordex\hR\Campco\Campco\Common\index.aspx.cs:line 133
-------------------------END-------------------------4/14/2017 3:16:56 PM
----------------------------------------------------
-------------------------START-------------------------4/14/2017 3:17:20 PM
Page :CheckOut.aspx
----------------------------------------------------
Event :Get Customer Profile sample
-------------------------END-------------------------4/14/2017 3:17:20 PM
----------------------------------------------------
-------------------------START-------------------------4/14/2017 3:17:22 PM
Page :CheckOut.aspx
----------------------------------------------------
Event :Successful.
-------------------------END-------------------------4/14/2017 3:17:22 PM
----------------------------------------------------
-------------------------START-------------------------4/14/2017 3:17:22 PM
Page :CheckOut.aspx
----------------------------------------------------
Event :Customer Profile Id: 1218499991
-------------------------END-------------------------4/14/2017 3:17:22 PM
----------------------------------------------------
-------------------------START-------------------------4/14/2017 3:17:30 PM
Page :CheckOut.aspx
----------------------------------------------------
Event :Get Customer Profile sample
-------------------------END-------------------------4/14/2017 3:17:30 PM
----------------------------------------------------
-------------------------START-------------------------4/14/2017 3:17:31 PM
Page :CheckOut.aspx
----------------------------------------------------
Event :Successful.
-------------------------END-------------------------4/14/2017 3:17:31 PM
----------------------------------------------------
-------------------------START-------------------------4/14/2017 3:17:31 PM
Page :CheckOut.aspx
----------------------------------------------------
Event :Customer Profile Id: 1218499991
-------------------------END-------------------------4/14/2017 3:17:31 PM
----------------------------------------------------
-------------------------START-------------------------4/14/2017 3:17:32 PM
Page :CheckOut.aspx
----------------------------------------------------
Event :ProcessOrders Buttom Click
-------------------------END-------------------------4/14/2017 3:17:32 PM
----------------------------------------------------
-------------------------START-------------------------4/14/2017 4:27:04 PM
Page :index.aspx
----------------------------------------------------
Event :
----------------------------------------------------
Stack Trace :   at Campco.Common.index.Page_Load(Object sender, EventArgs e) in E:\nisha\ordex\hR\Campco\Campco\Common\index.aspx.cs:line 133
----------------------------------------------------
System.NullReferenceException: Object reference not set to an instance of an object.
   at Campco.Common.index.Page_Load(Object sender, EventArgs e) in E:\nisha\ordex\hR\Campco\Campco\Common\index.aspx.cs:line 133
-------------------------END-------------------------4/14/2017 4:27:04 PM
----------------------------------------------------
-------------------------START-------------------------4/14/2017 4:27:25 PM
Page :index.aspx
----------------------------------------------------
Event :
----------------------------------------------------
Stack Trace :   at Campco.Common.index.Page_Load(Object sender, EventArgs e) in E:\nisha\ordex\hR\Campco\Campco\Common\index.aspx.cs:line 133
----------------------------------------------------
System.NullReferenceException: Object reference not set to an instance of an object.
   at Campco.Common.index.Page_Load(Object sender, EventArgs e) in E:\nisha\ordex\hR\Campco\Campco\Common\index.aspx.cs:line 133
-------------------------END-------------------------4/14/2017 4:27:25 PM
----------------------------------------------------
-------------------------START-------------------------4/14/2017 4:27:29 PM
Page :index.aspx
----------------------------------------------------
Event :
----------------------------------------------------
Stack Trace :   at System.Threading.Thread.AbortInternal()
   at System.Threading.Thread.Abort(Object stateInfo)
   at System.Web.HttpResponse.AbortCurrentThread()
   at System.Web.HttpResponse.End()
   at System.Web.HttpResponse.Redirect(String url, Boolean endResponse, Boolean permanent)
   at System.Web.HttpResponse.Redirect(String url)
   at Campco.Common.CampcoCommon.lnkSinIn_Click(Object sender, EventArgs e) in E:\nisha\ordex\hR\Campco\Campco\Common\CampcoCommon.Master.cs:line 281
----------------------------------------------------
System.Threading.ThreadAbortException: Thread was being aborted.
   at System.Threading.Thread.AbortInternal()
   at System.Threading.Thread.Abort(Object stateInfo)
   at System.Web.HttpResponse.AbortCurrentThread()
   at System.Web.HttpResponse.End()
   at System.Web.HttpResponse.Redirect(String url, Boolean endResponse, Boolean permanent)
   at System.Web.HttpResponse.Redirect(String url)
   at Campco.Common.CampcoCommon.lnkSinIn_Click(Object sender, EventArgs e) in E:\nisha\ordex\hR\Campco\Campco\Common\CampcoCommon.Master.cs:line 281
-------------------------END-------------------------4/14/2017 4:27:29 PM
----------------------------------------------------
-------------------------START-------------------------4/14/2017 4:28:29 PM
Page :index.aspx
----------------------------------------------------
Event :
----------------------------------------------------
Stack Trace :   at Campco.Common.index.Page_Load(Object sender, EventArgs e) in E:\nisha\ordex\hR\Campco\Campco\Common\index.aspx.cs:line 133
----------------------------------------------------
System.NullReferenceException: Object reference not set to an instance of an object.
   at Campco.Common.index.Page_Load(Object sender, EventArgs e) in E:\nisha\ordex\hR\Campco\Campco\Common\index.aspx.cs:line 133
-------------------------END-------------------------4/14/2017 4:28:29 PM
----------------------------------------------------
-------------------------START-------------------------4/14/2017 4:29:04 PM
Page :CheckOut.aspx
----------------------------------------------------
Event :Get Customer Profile sample
-------------------------END-------------------------4/14/2017 4:29:04 PM
----------------------------------------------------
-------------------------START-------------------------4/14/2017 4:29:07 PM
Page :CheckOut.aspx
----------------------------------------------------
Event :Successful.
-------------------------END-------------------------4/14/2017 4:29:07 PM
----------------------------------------------------
-------------------------START-------------------------4/14/2017 4:29:07 PM
Page :CheckOut.aspx
----------------------------------------------------
Event :Customer Profile Id: 1218499991
-------------------------END-------------------------4/14/2017 4:29:07 PM
----------------------------------------------------
-------------------------START-------------------------4/14/2017 4:29:30 PM
Page :CheckOut.aspx
----------------------------------------------------
Event :Get Customer Profile sample
-------------------------END-------------------------4/14/2017 4:29:30 PM
----------------------------------------------------
-------------------------START-------------------------4/14/2017 4:29:31 PM
Page :CheckOut.aspx
----------------------------------------------------
Event :Successful.
-------------------------END-------------------------4/14/2017 4:29:31 PM
----------------------------------------------------
-------------------------START-------------------------4/14/2017 4:29:31 PM
Page :CheckOut.aspx
----------------------------------------------------
Event :Customer Profile Id: 1218499991
-------------------------END-------------------------4/14/2017 4:29:31 PM
----------------------------------------------------
-------------------------START-------------------------4/14/2017 4:29:36 PM
Page :CheckOut.aspx
----------------------------------------------------
Event :ProcessOrders Buttom Click
-------------------------END-------------------------4/14/2017 4:29:36 PM
----------------------------------------------------
-------------------------START-------------------------4/14/2017 4:42:45 PM
Page :index.aspx
----------------------------------------------------
Event :
----------------------------------------------------
Stack Trace :   at Campco.Common.index.Page_Load(Object sender, EventArgs e) in E:\nisha\ordex\hR\Campco\Campco\Common\index.aspx.cs:line 133
----------------------------------------------------
System.NullReferenceException: Object reference not set to an instance of an object.
   at Campco.Common.index.Page_Load(Object sender, EventArgs e) in E:\nisha\ordex\hR\Campco\Campco\Common\index.aspx.cs:line 133
-------------------------END-------------------------4/14/2017 4:42:46 PM
----------------------------------------------------
-------------------------START-------------------------4/14/2017 4:55:15 PM
Page :index.aspx
----------------------------------------------------
Event :
----------------------------------------------------
Stack Trace :   at Campco.Common.index.Page_Load(Object sender, EventArgs e) in E:\nisha\ordex\hR\Campco\Campco\Common\index.aspx.cs:line 133
----------------------------------------------------
System.NullReferenceException: Object reference not set to an instance of an object.
   at Campco.Common.index.Page_Load(Object sender, EventArgs e) in E:\nisha\ordex\hR\Campco\Campco\Common\index.aspx.cs:line 133
-------------------------END-------------------------4/14/2017 4:55:15 PM
----------------------------------------------------
-------------------------START-------------------------4/14/2017 4:55:22 PM
Page :index.aspx
----------------------------------------------------
Event :
----------------------------------------------------
Stack Trace :   at System.Threading.Thread.AbortInternal()
   at System.Threading.Thread.Abort(Object stateInfo)
   at System.Web.HttpResponse.AbortCurrentThread()
   at System.Web.HttpResponse.End()
   at System.Web.HttpResponse.Redirect(String url, Boolean endResponse, Boolean permanent)
   at System.Web.HttpResponse.Redirect(String url)
   at Campco.Common.CampcoCommon.lnkSinIn_Click(Object sender, EventArgs e) in E:\nisha\ordex\hR\Campco\Campco\Common\CampcoCommon.Master.cs:line 281
----------------------------------------------------
System.Threading.ThreadAbortException: Thread was being aborted.
   at System.Threading.Thread.AbortInternal()
   at System.Threading.Thread.Abort(Object stateInfo)
   at System.Web.HttpResponse.AbortCurrentThread()
   at System.Web.HttpResponse.End()
   at System.Web.HttpResponse.Redirect(String url, Boolean endResponse, Boolean permanent)
   at System.Web.HttpResponse.Redirect(String url)
   at Campco.Common.CampcoCommon.lnkSinIn_Click(Object sender, EventArgs e) in E:\nisha\ordex\hR\Campco\Campco\Common\CampcoCommon.Master.cs:line 281
-------------------------END-------------------------4/14/2017 4:55:22 PM
----------------------------------------------------
-------------------------START-------------------------4/14/2017 5:00:51 PM
Page :index.aspx
----------------------------------------------------
Event :
----------------------------------------------------
Stack Trace :   at Campco.Common.index.Page_Load(Object sender, EventArgs e) in E:\nisha\ordex\hR\Campco\Campco\Common\index.aspx.cs:line 133
----------------------------------------------------
System.NullReferenceException: Object reference not set to an instance of an object.
   at Campco.Common.index.Page_Load(Object sender, EventArgs e) in E:\nisha\ordex\hR\Campco\Campco\Common\index.aspx.cs:line 133
-------------------------END-------------------------4/14/2017 5:00:51 PM
----------------------------------------------------
-------------------------START-------------------------4/14/2017 5:01:31 PM
Page :CheckOut.aspx
----------------------------------------------------
Event :Get Customer Profile sample
-------------------------END-------------------------4/14/2017 5:01:31 PM
----------------------------------------------------
-------------------------START-------------------------4/14/2017 5:01:34 PM
Page :CheckOut.aspx
----------------------------------------------------
Event :Successful.
-------------------------END-------------------------4/14/2017 5:01:34 PM
----------------------------------------------------
-------------------------START-------------------------4/14/2017 5:01:34 PM
Page :CheckOut.aspx
----------------------------------------------------
Event :Customer Profile Id: 1218499991
-------------------------END-------------------------4/14/2017 5:01:34 PM
----------------------------------------------------
-------------------------START-------------------------4/14/2017 5:02:02 PM
Page :CheckOut.aspx
----------------------------------------------------
Event :Get Customer Profile sample
-------------------------END-------------------------4/14/2017 5:02:02 PM
----------------------------------------------------
-------------------------START-------------------------4/14/2017 5:02:03 PM
Page :CheckOut.aspx
----------------------------------------------------
Event :Successful.
-------------------------END-------------------------4/14/2017 5:02:03 PM
----------------------------------------------------
-------------------------START-------------------------4/14/2017 5:02:03 PM
Page :CheckOut.aspx
----------------------------------------------------
Event :Customer Profile Id: 1218499991
-------------------------END-------------------------4/14/2017 5:02:03 PM
----------------------------------------------------
-------------------------START-------------------------4/14/2017 5:02:08 PM
Page :CheckOut.aspx
----------------------------------------------------
Event :ProcessOrders Buttom Click
-------------------------END-------------------------4/14/2017 5:02:08 PM
----------------------------------------------------
-------------------------START-------------------------4/14/2017 5:08:06 PM
Page :index.aspx
----------------------------------------------------
Event :
----------------------------------------------------
Stack Trace :   at Campco.Common.index.Page_Load(Object sender, EventArgs e) in E:\nisha\ordex\hR\Campco\Campco\Common\index.aspx.cs:line 82
----------------------------------------------------
System.NullReferenceException: Object reference not set to an instance of an object.
   at Campco.Common.index.Page_Load(Object sender, EventArgs e) in E:\nisha\ordex\hR\Campco\Campco\Common\index.aspx.cs:line 82
-------------------------END-------------------------4/14/2017 5:08:06 PM
----------------------------------------------------
-------------------------START-------------------------4/14/2017 5:08:08 PM
Page :index.aspx
----------------------------------------------------
Event :
----------------------------------------------------
Stack Trace :   at Campco.Common.CampcoCommon.Page_Load(Object sender, EventArgs e) in E:\nisha\ordex\hR\Campco\Campco\Common\CampcoCommon.Master.cs:line 155
----------------------------------------------------
System.NullReferenceException: Object reference not set to an instance of an object.
   at Campco.Common.CampcoCommon.Page_Load(Object sender, EventArgs e) in E:\nisha\ordex\hR\Campco\Campco\Common\CampcoCommon.Master.cs:line 155
-------------------------END-------------------------4/14/2017 5:08:08 PM
----------------------------------------------------
-------------------------START-------------------------4/14/2017 5:09:43 PM
Page :index.aspx
----------------------------------------------------
Event :
----------------------------------------------------
Stack Trace :   at Campco.Common.index.Page_Load(Object sender, EventArgs e) in E:\nisha\ordex\hR\Campco\Campco\Common\index.aspx.cs:line 133
----------------------------------------------------
System.NullReferenceException: Object reference not set to an instance of an object.
   at Campco.Common.index.Page_Load(Object sender, EventArgs e) in E:\nisha\ordex\hR\Campco\Campco\Common\index.aspx.cs:line 133
-------------------------END-------------------------4/14/2017 5:09:43 PM
----------------------------------------------------
-------------------------START-------------------------4/14/2017 5:10:20 PM
Page :CheckOut.aspx
----------------------------------------------------
Event :Get Customer Profile sample
-------------------------END-------------------------4/14/2017 5:10:20 PM
----------------------------------------------------
-------------------------START-------------------------4/14/2017 5:10:23 PM
Page :CheckOut.aspx
----------------------------------------------------
Event :Successful.
-------------------------END-------------------------4/14/2017 5:10:23 PM
----------------------------------------------------
-------------------------START-------------------------4/14/2017 5:10:23 PM
Page :CheckOut.aspx
----------------------------------------------------
Event :Customer Profile Id: 1218499991
-------------------------END-------------------------4/14/2017 5:10:23 PM
----------------------------------------------------
-------------------------START-------------------------4/14/2017 5:10:35 PM
Page :CheckOut.aspx
----------------------------------------------------
Event :Get Customer Profile sample
-------------------------END-------------------------4/14/2017 5:10:35 PM
----------------------------------------------------
-------------------------START-------------------------4/14/2017 5:10:36 PM
Page :CheckOut.aspx
----------------------------------------------------
Event :Successful.
-------------------------END-------------------------4/14/2017 5:10:36 PM
----------------------------------------------------
-------------------------START-------------------------4/14/2017 5:10:36 PM
Page :CheckOut.aspx
----------------------------------------------------
Event :Customer Profile Id: 1218499991
-------------------------END-------------------------4/14/2017 5:10:36 PM
----------------------------------------------------
-------------------------START-------------------------4/14/2017 5:10:42 PM
Page :CheckOut.aspx
----------------------------------------------------
Event :ProcessOrders Buttom Click
-------------------------END-------------------------4/14/2017 5:10:42 PM
----------------------------------------------------
-------------------------START-------------------------4/14/2017 5:19:43 PM
Page :index.aspx
----------------------------------------------------
Event :
----------------------------------------------------
Stack Trace :   at Campco.Common.index.Page_Load(Object sender, EventArgs e) in E:\nisha\ordex\hR\Campco\Campco\Common\index.aspx.cs:line 133
----------------------------------------------------
System.NullReferenceException: Object reference not set to an instance of an object.
   at Campco.Common.index.Page_Load(Object sender, EventArgs e) in E:\nisha\ordex\hR\Campco\Campco\Common\index.aspx.cs:line 133
-------------------------END-------------------------4/14/2017 5:19:43 PM
----------------------------------------------------
-------------------------START-------------------------4/14/2017 5:19:55 PM
Page :index.aspx
----------------------------------------------------
Event :
----------------------------------------------------
Stack Trace :   at Campco.Common.index.Page_Load(Object sender, EventArgs e) in E:\nisha\ordex\hR\Campco\Campco\Common\index.aspx.cs:line 133
----------------------------------------------------
System.NullReferenceException: Object reference not set to an instance of an object.
   at Campco.Common.index.Page_Load(Object sender, EventArgs e) in E:\nisha\ordex\hR\Campco\Campco\Common\index.aspx.cs:line 133
-------------------------END-------------------------4/14/2017 5:19:55 PM
----------------------------------------------------
-------------------------START-------------------------4/14/2017 5:19:58 PM
Page :index.aspx
----------------------------------------------------
Event :
----------------------------------------------------
Stack Trace :   at System.Threading.Thread.AbortInternal()
   at System.Threading.Thread.Abort(Object stateInfo)
   at System.Web.HttpResponse.AbortCurrentThread()
   at System.Web.HttpResponse.End()
   at System.Web.HttpResponse.Redirect(String url, Boolean endResponse, Boolean permanent)
   at System.Web.HttpResponse.Redirect(String url)
   at Campco.Common.CampcoCommon.lnkSinIn_Click(Object sender, EventArgs e) in E:\nisha\ordex\hR\Campco\Campco\Common\CampcoCommon.Master.cs:line 281
----------------------------------------------------
System.Threading.ThreadAbortException: Thread was being aborted.
   at System.Threading.Thread.AbortInternal()
   at System.Threading.Thread.Abort(Object stateInfo)
   at System.Web.HttpResponse.AbortCurrentThread()
   at System.Web.HttpResponse.End()
   at System.Web.HttpResponse.Redirect(String url, Boolean endResponse, Boolean permanent)
   at System.Web.HttpResponse.Redirect(String url)
   at Campco.Common.CampcoCommon.lnkSinIn_Click(Object sender, EventArgs e) in E:\nisha\ordex\hR\Campco\Campco\Common\CampcoCommon.Master.cs:line 281
-------------------------END-------------------------4/14/2017 5:19:58 PM
----------------------------------------------------
-------------------------START-------------------------4/14/2017 5:20:25 PM
Page :index.aspx
----------------------------------------------------
Event :
----------------------------------------------------
Stack Trace :   at Campco.Common.index.Page_Load(Object sender, EventArgs e) in E:\nisha\ordex\hR\Campco\Campco\Common\index.aspx.cs:line 133
----------------------------------------------------
System.NullReferenceException: Object reference not set to an instance of an object.
   at Campco.Common.index.Page_Load(Object sender, EventArgs e) in E:\nisha\ordex\hR\Campco\Campco\Common\index.aspx.cs:line 133
-------------------------END-------------------------4/14/2017 5:20:25 PM
----------------------------------------------------
-------------------------START-------------------------4/14/2017 5:20:57 PM
Page :CheckOut.aspx
----------------------------------------------------
Event :Get Customer Profile sample
-------------------------END-------------------------4/14/2017 5:20:57 PM
----------------------------------------------------
-------------------------START-------------------------4/14/2017 5:21:00 PM
Page :CheckOut.aspx
----------------------------------------------------
Event :Successful.
-------------------------END-------------------------4/14/2017 5:21:00 PM
----------------------------------------------------
-------------------------START-------------------------4/14/2017 5:21:00 PM
Page :CheckOut.aspx
----------------------------------------------------
Event :Customer Profile Id: 1218499991
-------------------------END-------------------------4/14/2017 5:21:00 PM
----------------------------------------------------
-------------------------START-------------------------4/14/2017 5:21:12 PM
Page :CheckOut.aspx
----------------------------------------------------
Event :Get Customer Profile sample
-------------------------END-------------------------4/14/2017 5:21:12 PM
----------------------------------------------------
-------------------------START-------------------------4/14/2017 5:21:13 PM
Page :CheckOut.aspx
----------------------------------------------------
Event :Successful.
-------------------------END-------------------------4/14/2017 5:21:13 PM
----------------------------------------------------
-------------------------START-------------------------4/14/2017 5:21:13 PM
Page :CheckOut.aspx
----------------------------------------------------
Event :Customer Profile Id: 1218499991
-------------------------END-------------------------4/14/2017 5:21:13 PM
----------------------------------------------------
-------------------------START-------------------------4/14/2017 5:21:19 PM
Page :CheckOut.aspx
----------------------------------------------------
Event :ProcessOrders Buttom Click
-------------------------END-------------------------4/14/2017 5:21:19 PM
----------------------------------------------------
-------------------------START-------------------------4/14/2017 5:30:56 PM
Page :index.aspx
----------------------------------------------------
Event :
----------------------------------------------------
Stack Trace :   at Campco.Common.index.Page_Load(Object sender, EventArgs e) in E:\nisha\ordex\hR\Campco\Campco\Common\index.aspx.cs:line 133
----------------------------------------------------
System.NullReferenceException: Object reference not set to an instance of an object.
   at Campco.Common.index.Page_Load(Object sender, EventArgs e) in E:\nisha\ordex\hR\Campco\Campco\Common\index.aspx.cs:line 133
-------------------------END-------------------------4/14/2017 5:30:56 PM
----------------------------------------------------
-------------------------START-------------------------4/14/2017 5:31:12 PM
Page :index.aspx
----------------------------------------------------
Event :
----------------------------------------------------
Stack Trace :   at Campco.Common.index.Page_Load(Object sender, EventArgs e) in E:\nisha\ordex\hR\Campco\Campco\Common\index.aspx.cs:line 133
----------------------------------------------------
System.NullReferenceException: Object reference not set to an instance of an object.
   at Campco.Common.index.Page_Load(Object sender, EventArgs e) in E:\nisha\ordex\hR\Campco\Campco\Common\index.aspx.cs:line 133
-------------------------END-------------------------4/14/2017 5:31:12 PM
----------------------------------------------------
-------------------------START-------------------------4/14/2017 5:31:15 PM
Page :index.aspx
----------------------------------------------------
Event :
----------------------------------------------------
Stack Trace :   at System.Threading.Thread.AbortInternal()
   at System.Threading.Thread.Abort(Object stateInfo)
   at System.Web.HttpResponse.AbortCurrentThread()
   at System.Web.HttpResponse.End()
   at System.Web.HttpResponse.Redirect(String url, Boolean endResponse, Boolean permanent)
   at System.Web.HttpResponse.Redirect(String url)
   at Campco.Common.CampcoCommon.lnkSinIn_Click(Object sender, EventArgs e) in E:\nisha\ordex\hR\Campco\Campco\Common\CampcoCommon.Master.cs:line 281
----------------------------------------------------
System.Threading.ThreadAbortException: Thread was being aborted.
   at System.Threading.Thread.AbortInternal()
   at System.Threading.Thread.Abort(Object stateInfo)
   at System.Web.HttpResponse.AbortCurrentThread()
   at System.Web.HttpResponse.End()
   at System.Web.HttpResponse.Redirect(String url, Boolean endResponse, Boolean permanent)
   at System.Web.HttpResponse.Redirect(String url)
   at Campco.Common.CampcoCommon.lnkSinIn_Click(Object sender, EventArgs e) in E:\nisha\ordex\hR\Campco\Campco\Common\CampcoCommon.Master.cs:line 281
-------------------------END-------------------------4/14/2017 5:31:15 PM
----------------------------------------------------
-------------------------START-------------------------4/14/2017 5:32:05 PM
Page :index.aspx
----------------------------------------------------
Event :
----------------------------------------------------
Stack Trace :   at Campco.Common.index.Page_Load(Object sender, EventArgs e) in E:\nisha\ordex\hR\Campco\Campco\Common\index.aspx.cs:line 133
----------------------------------------------------
System.NullReferenceException: Object reference not set to an instance of an object.
   at Campco.Common.index.Page_Load(Object sender, EventArgs e) in E:\nisha\ordex\hR\Campco\Campco\Common\index.aspx.cs:line 133
-------------------------END-------------------------4/14/2017 5:32:05 PM
----------------------------------------------------
-------------------------START-------------------------4/14/2017 5:32:51 PM
Page :CheckOut.aspx
----------------------------------------------------
Event :Get Customer Profile sample
-------------------------END-------------------------4/14/2017 5:32:51 PM
----------------------------------------------------
-------------------------START-------------------------4/14/2017 5:32:55 PM
Page :CheckOut.aspx
----------------------------------------------------
Event :Successful.
-------------------------END-------------------------4/14/2017 5:32:55 PM
----------------------------------------------------
-------------------------START-------------------------4/14/2017 5:32:55 PM
Page :CheckOut.aspx
----------------------------------------------------
Event :Customer Profile Id: 1218499991
-------------------------END-------------------------4/14/2017 5:32:55 PM
----------------------------------------------------
-------------------------START-------------------------4/14/2017 5:33:09 PM
Page :CheckOut.aspx
----------------------------------------------------
Event :Get Customer Profile sample
-------------------------END-------------------------4/14/2017 5:33:09 PM
----------------------------------------------------
-------------------------START-------------------------4/14/2017 5:33:10 PM
Page :CheckOut.aspx
----------------------------------------------------
Event :Successful.
-------------------------END-------------------------4/14/2017 5:33:10 PM
----------------------------------------------------
-------------------------START-------------------------4/14/2017 5:33:10 PM
Page :CheckOut.aspx
----------------------------------------------------
Event :Customer Profile Id: 1218499991
-------------------------END-------------------------4/14/2017 5:33:10 PM
----------------------------------------------------
-------------------------START-------------------------4/14/2017 5:33:16 PM
Page :CheckOut.aspx
----------------------------------------------------
Event :ProcessOrders Buttom Click
-------------------------END-------------------------4/14/2017 5:33:16 PM
----------------------------------------------------
-------------------------START-------------------------4/14/2017 5:36:04 PM
Page :CheckOut.aspx
----------------------------------------------------
Event :Get Customer Profile sample
-------------------------END-------------------------4/14/2017 5:36:04 PM
----------------------------------------------------
-------------------------START-------------------------4/14/2017 5:36:06 PM
Page :CheckOut.aspx
----------------------------------------------------
Event :Successful.
-------------------------END-------------------------4/14/2017 5:36:06 PM
----------------------------------------------------
-------------------------START-------------------------4/14/2017 5:36:06 PM
Page :CheckOut.aspx
----------------------------------------------------
Event :Customer Profile Id: 1218499991
-------------------------END-------------------------4/14/2017 5:36:06 PM
----------------------------------------------------
-------------------------START-------------------------4/14/2017 5:36:14 PM
Page :CheckOut.aspx
----------------------------------------------------
Event :Get Customer Profile sample
-------------------------END-------------------------4/14/2017 5:36:14 PM
----------------------------------------------------
-------------------------START-------------------------4/14/2017 5:36:15 PM
Page :CheckOut.aspx
----------------------------------------------------
Event :Successful.
-------------------------END-------------------------4/14/2017 5:36:15 PM
----------------------------------------------------
-------------------------START-------------------------4/14/2017 5:36:15 PM
Page :CheckOut.aspx
----------------------------------------------------
Event :Customer Profile Id: 1218499991
-------------------------END-------------------------4/14/2017 5:36:15 PM
----------------------------------------------------
-------------------------START-------------------------4/14/2017 5:36:20 PM
Page :CheckOut.aspx
----------------------------------------------------
Event :ProcessOrders Buttom Click
-------------------------END-------------------------4/14/2017 5:36:20 PM
----------------------------------------------------
-------------------------START-------------------------4/14/2017 5:36:24 PM
Page :CheckOut.aspx
----------------------------------------------------
Event :Get Customer Profile sample
-------------------------END-------------------------4/14/2017 5:36:24 PM
----------------------------------------------------
-------------------------START-------------------------4/14/2017 5:36:26 PM
Page :CheckOut.aspx
----------------------------------------------------
Event :Successful.
-------------------------END-------------------------4/14/2017 5:36:26 PM
----------------------------------------------------
-------------------------START-------------------------4/14/2017 5:36:26 PM
Page :CheckOut.aspx
----------------------------------------------------
Event :Customer Profile Id: 1218499991
-------------------------END-------------------------4/14/2017 5:36:26 PM
----------------------------------------------------
-------------------------START-------------------------4/14/2017 5:36:35 PM
Page :CheckOut.aspx
----------------------------------------------------
Event :ProcessOrders Buttom Click
-------------------------END-------------------------4/14/2017 5:36:35 PM
----------------------------------------------------
-------------------------START-------------------------4/14/2017 5:36:41 PM
Page :CheckOut.aspx
----------------------------------------------------
Event :Get Customer Profile sample
-------------------------END-------------------------4/14/2017 5:36:41 PM
----------------------------------------------------
-------------------------START-------------------------4/14/2017 5:36:42 PM
Page :CheckOut.aspx
----------------------------------------------------
Event :Successful.
-------------------------END-------------------------4/14/2017 5:36:42 PM
----------------------------------------------------
-------------------------START-------------------------4/14/2017 5:36:42 PM
Page :CheckOut.aspx
----------------------------------------------------
Event :Customer Profile Id: 1218499991
-------------------------END-------------------------4/14/2017 5:36:42 PM
----------------------------------------------------
-------------------------START-------------------------4/14/2017 5:36:48 PM
Page :CheckOut.aspx
----------------------------------------------------
Event :ProcessOrders Buttom Click
-------------------------END-------------------------4/14/2017 5:36:48 PM
----------------------------------------------------
-------------------------START-------------------------4/14/2017 5:38:23 PM
Page :Thankyou.aspx
----------------------------------------------------
Event :
----------------------------------------------------
Stack Trace :   at Campco.SessionVariable.get_ShipAddress() in E:\nisha\ordex\hR\Campco\Campco\AppCode\SessionVariable.cs:line 485
   at Campco.Common.Thankyou.Page_Load(Object sender, EventArgs e) in E:\nisha\ordex\hR\Campco\Campco\Common\Thankyou.aspx.cs:line 49
----------------------------------------------------
System.InvalidCastException: Unable to cast object of type 'System.Int32' to type 'AuthorizeNet.Api.Contracts.V1.customerAddressType'.
   at Campco.SessionVariable.get_ShipAddress() in E:\nisha\ordex\hR\Campco\Campco\AppCode\SessionVariable.cs:line 485
   at Campco.Common.Thankyou.Page_Load(Object sender, EventArgs e) in E:\nisha\ordex\hR\Campco\Campco\Common\Thankyou.aspx.cs:line 49
-------------------------END-------------------------4/14/2017 5:38:23 PM
----------------------------------------------------
-------------------------START-------------------------4/14/2017 5:38:59 PM
Page :index.aspx
----------------------------------------------------
Event :
----------------------------------------------------
Stack Trace :   at Campco.Common.index.Page_Load(Object sender, EventArgs e) in E:\nisha\ordex\hR\Campco\Campco\Common\index.aspx.cs:line 133
----------------------------------------------------
System.NullReferenceException: Object reference not set to an instance of an object.
   at Campco.Common.index.Page_Load(Object sender, EventArgs e) in E:\nisha\ordex\hR\Campco\Campco\Common\index.aspx.cs:line 133
-------------------------END-------------------------4/14/2017 5:38:59 PM
----------------------------------------------------
-------------------------START-------------------------4/14/2017 5:39:51 PM
Page :CheckOut.aspx
----------------------------------------------------
Event :
----------------------------------------------------
Stack Trace :   at System.Threading.Thread.AbortInternal()
   at System.Threading.Thread.Abort(Object stateInfo)
   at System.Web.HttpResponse.AbortCurrentThread()
   at System.Web.HttpResponse.End()
   at System.Web.HttpResponse.Redirect(String url, Boolean endResponse, Boolean permanent)
   at System.Web.HttpResponse.Redirect(String url)
   at Campco.Common.CampcoCommon.lnkSinIn_Click(Object sender, EventArgs e) in E:\nisha\ordex\hR\Campco\Campco\Common\CampcoCommon.Master.cs:line 281
----------------------------------------------------
System.Threading.ThreadAbortException: Thread was being aborted.
   at System.Threading.Thread.AbortInternal()
   at System.Threading.Thread.Abort(Object stateInfo)
   at System.Web.HttpResponse.AbortCurrentThread()
   at System.Web.HttpResponse.End()
   at System.Web.HttpResponse.Redirect(String url, Boolean endResponse, Boolean permanent)
   at System.Web.HttpResponse.Redirect(String url)
   at Campco.Common.CampcoCommon.lnkSinIn_Click(Object sender, EventArgs e) in E:\nisha\ordex\hR\Campco\Campco\Common\CampcoCommon.Master.cs:line 281
-------------------------END-------------------------4/14/2017 5:39:51 PM
----------------------------------------------------
-------------------------START-------------------------4/14/2017 5:40:48 PM
Page :CheckOut.aspx
----------------------------------------------------
Event :Get Customer Profile sample
-------------------------END-------------------------4/14/2017 5:40:48 PM
----------------------------------------------------
-------------------------START-------------------------4/14/2017 5:40:51 PM
Page :CheckOut.aspx
----------------------------------------------------
Event :Successful.
-------------------------END-------------------------4/14/2017 5:40:51 PM
----------------------------------------------------
-------------------------START-------------------------4/14/2017 5:40:51 PM
Page :CheckOut.aspx
----------------------------------------------------
Event :Customer Profile Id: 1218499991
-------------------------END-------------------------4/14/2017 5:40:51 PM
----------------------------------------------------
-------------------------START-------------------------4/14/2017 5:41:02 PM
Page :CheckOut.aspx
----------------------------------------------------
Event :Get Customer Profile sample
-------------------------END-------------------------4/14/2017 5:41:02 PM
----------------------------------------------------
-------------------------START-------------------------4/14/2017 5:41:03 PM
Page :CheckOut.aspx
----------------------------------------------------
Event :Successful.
-------------------------END-------------------------4/14/2017 5:41:03 PM
----------------------------------------------------
-------------------------START-------------------------4/14/2017 5:41:03 PM
Page :CheckOut.aspx
----------------------------------------------------
Event :Customer Profile Id: 1218499991
-------------------------END-------------------------4/14/2017 5:41:03 PM
----------------------------------------------------
-------------------------START-------------------------4/14/2017 5:41:08 PM
Page :CheckOut.aspx
----------------------------------------------------
Event :ProcessOrders Buttom Click
-------------------------END-------------------------4/14/2017 5:41:08 PM
----------------------------------------------------
-------------------------START-------------------------4/14/2017 5:44:42 PM
Page :CheckOut.aspx
----------------------------------------------------
Event :Get Customer Profile sample
-------------------------END-------------------------4/14/2017 5:44:42 PM
----------------------------------------------------
-------------------------START-------------------------4/14/2017 5:44:44 PM
Page :CheckOut.aspx
----------------------------------------------------
Event :Successful.
-------------------------END-------------------------4/14/2017 5:44:44 PM
----------------------------------------------------
-------------------------START-------------------------4/14/2017 5:44:44 PM
Page :CheckOut.aspx
----------------------------------------------------
Event :Customer Profile Id: 1218499991
-------------------------END-------------------------4/14/2017 5:44:44 PM
----------------------------------------------------
-------------------------START-------------------------4/14/2017 5:45:15 PM
Page :CheckOut.aspx
----------------------------------------------------
Event :Get Customer Profile sample
-------------------------END-------------------------4/14/2017 5:45:15 PM
----------------------------------------------------
-------------------------START-------------------------4/14/2017 5:45:17 PM
Page :CheckOut.aspx
----------------------------------------------------
Event :Successful.
-------------------------END-------------------------4/14/2017 5:45:17 PM
----------------------------------------------------
-------------------------START-------------------------4/14/2017 5:45:17 PM
Page :CheckOut.aspx
----------------------------------------------------
Event :Customer Profile Id: 1218499991
-------------------------END-------------------------4/14/2017 5:45:17 PM
----------------------------------------------------
-------------------------START-------------------------4/14/2017 5:45:27 PM
Page :CheckOut.aspx
----------------------------------------------------
Event :Get Customer Profile sample
-------------------------END-------------------------4/14/2017 5:45:27 PM
----------------------------------------------------
-------------------------START-------------------------4/14/2017 5:45:29 PM
Page :CheckOut.aspx
----------------------------------------------------
Event :Successful.
-------------------------END-------------------------4/14/2017 5:45:29 PM
----------------------------------------------------
-------------------------START-------------------------4/14/2017 5:45:29 PM
Page :CheckOut.aspx
----------------------------------------------------
Event :Customer Profile Id: 1218499991
-------------------------END-------------------------4/14/2017 5:45:29 PM
----------------------------------------------------
-------------------------START-------------------------4/14/2017 5:45:34 PM
Page :CheckOut.aspx
----------------------------------------------------
Event :ProcessOrders Buttom Click
-------------------------END-------------------------4/14/2017 5:45:34 PM
----------------------------------------------------
-------------------------START-------------------------4/14/2017 5:50:29 PM
Page :index.aspx
----------------------------------------------------
Event :
----------------------------------------------------
Stack Trace :   at Campco.Common.index.Page_Load(Object sender, EventArgs e) in E:\nisha\ordex\hR\Campco\Campco\Common\index.aspx.cs:line 133
----------------------------------------------------
System.NullReferenceException: Object reference not set to an instance of an object.
   at Campco.Common.index.Page_Load(Object sender, EventArgs e) in E:\nisha\ordex\hR\Campco\Campco\Common\index.aspx.cs:line 133
-------------------------END-------------------------4/14/2017 5:50:29 PM
----------------------------------------------------
-------------------------START-------------------------4/14/2017 5:50:37 PM
Page :index.aspx
----------------------------------------------------
Event :
----------------------------------------------------
Stack Trace :   at Campco.Common.index.Page_Load(Object sender, EventArgs e) in E:\nisha\ordex\hR\Campco\Campco\Common\index.aspx.cs:line 133
----------------------------------------------------
System.NullReferenceException: Object reference not set to an instance of an object.
   at Campco.Common.index.Page_Load(Object sender, EventArgs e) in E:\nisha\ordex\hR\Campco\Campco\Common\index.aspx.cs:line 133
-------------------------END-------------------------4/14/2017 5:50:37 PM
----------------------------------------------------
-------------------------START-------------------------4/14/2017 5:50:40 PM
Page :index.aspx
----------------------------------------------------
Event :
----------------------------------------------------
Stack Trace :   at System.Threading.Thread.AbortInternal()
   at System.Threading.Thread.Abort(Object stateInfo)
   at System.Web.HttpResponse.AbortCurrentThread()
   at System.Web.HttpResponse.End()
   at System.Web.HttpResponse.Redirect(String url, Boolean endResponse, Boolean permanent)
   at System.Web.HttpResponse.Redirect(String url)
   at Campco.Common.CampcoCommon.lnkSinIn_Click(Object sender, EventArgs e) in E:\nisha\ordex\hR\Campco\Campco\Common\CampcoCommon.Master.cs:line 281
----------------------------------------------------
System.Threading.ThreadAbortException: Thread was being aborted.
   at System.Threading.Thread.AbortInternal()
   at System.Threading.Thread.Abort(Object stateInfo)
   at System.Web.HttpResponse.AbortCurrentThread()
   at System.Web.HttpResponse.End()
   at System.Web.HttpResponse.Redirect(String url, Boolean endResponse, Boolean permanent)
   at System.Web.HttpResponse.Redirect(String url)
   at Campco.Common.CampcoCommon.lnkSinIn_Click(Object sender, EventArgs e) in E:\nisha\ordex\hR\Campco\Campco\Common\CampcoCommon.Master.cs:line 281
-------------------------END-------------------------4/14/2017 5:50:40 PM
----------------------------------------------------
-------------------------START-------------------------4/14/2017 5:51:04 PM
Page :index.aspx
----------------------------------------------------
Event :
----------------------------------------------------
Stack Trace :   at Campco.Common.index.Page_Load(Object sender, EventArgs e) in E:\nisha\ordex\hR\Campco\Campco\Common\index.aspx.cs:line 133
----------------------------------------------------
System.NullReferenceException: Object reference not set to an instance of an object.
   at Campco.Common.index.Page_Load(Object sender, EventArgs e) in E:\nisha\ordex\hR\Campco\Campco\Common\index.aspx.cs:line 133
-------------------------END-------------------------4/14/2017 5:51:04 PM
----------------------------------------------------
-------------------------START-------------------------4/14/2017 5:51:32 PM
Page :CheckOut.aspx
----------------------------------------------------
Event :Get Customer Profile sample
-------------------------END-------------------------4/14/2017 5:51:32 PM
----------------------------------------------------
-------------------------START-------------------------4/14/2017 5:51:35 PM
Page :CheckOut.aspx
----------------------------------------------------
Event :Successful.
-------------------------END-------------------------4/14/2017 5:51:35 PM
----------------------------------------------------
-------------------------START-------------------------4/14/2017 5:51:35 PM
Page :CheckOut.aspx
----------------------------------------------------
Event :Customer Profile Id: 1218499991
-------------------------END-------------------------4/14/2017 5:51:35 PM
----------------------------------------------------
-------------------------START-------------------------4/14/2017 5:51:46 PM
Page :CheckOut.aspx
----------------------------------------------------
Event :Get Customer Profile sample
-------------------------END-------------------------4/14/2017 5:51:46 PM
----------------------------------------------------
-------------------------START-------------------------4/14/2017 5:51:48 PM
Page :CheckOut.aspx
----------------------------------------------------
Event :Successful.
-------------------------END-------------------------4/14/2017 5:51:48 PM
----------------------------------------------------
-------------------------START-------------------------4/14/2017 5:51:48 PM
Page :CheckOut.aspx
----------------------------------------------------
Event :Customer Profile Id: 1218499991
-------------------------END-------------------------4/14/2017 5:51:48 PM
----------------------------------------------------
-------------------------START-------------------------4/14/2017 5:51:55 PM
Page :CheckOut.aspx
----------------------------------------------------
Event :ProcessOrders Buttom Click
-------------------------END-------------------------4/14/2017 5:51:55 PM
----------------------------------------------------
