-------------------------START-------------------------5/3/2017 10:54:45 AM
Page :index.aspx
----------------------------------------------------
Stack Trace :   at Campco.Common.index.Page_Load(Object sender, EventArgs e) in E:\nisha\ordex\hR\Campco\Campco\Common\index.aspx.cs:line 82
----------------------------------------------------
System.NullReferenceException: Object reference not set to an instance of an object.
   at Campco.Common.index.Page_Load(Object sender, EventArgs e) in E:\nisha\ordex\hR\Campco\Campco\Common\index.aspx.cs:line 82
-------------------------END-------------------------5/3/2017 10:54:45 AM
----------------------------------------------------
-------------------------START-------------------------5/3/2017 10:54:45 AM
Page :index.aspx
----------------------------------------------------
Event :
----------------------------------------------------
Stack Trace :   at Campco.Common.CampcoCommon.Page_Load(Object sender, EventArgs e) in E:\nisha\ordex\hR\Campco\Campco\Common\CampcoCommon.Master.cs:line 155
----------------------------------------------------
System.NullReferenceException: Object reference not set to an instance of an object.
   at Campco.Common.CampcoCommon.Page_Load(Object sender, EventArgs e) in E:\nisha\ordex\hR\Campco\Campco\Common\CampcoCommon.Master.cs:line 155
-------------------------END-------------------------5/3/2017 10:54:45 AM
----------------------------------------------------
-------------------------START-------------------------5/3/2017 10:55:56 AM
Page :login.aspx
----------------------------------------------------
Event :
----------------------------------------------------
Stack Trace :   at System.Threading.Thread.AbortInternal()
   at System.Threading.Thread.Abort(Object stateInfo)
   at System.Web.HttpResponse.AbortCurrentThread()
   at System.Web.HttpResponse.End()
   at System.Web.HttpResponse.Redirect(String url, Boolean endResponse, Boolean permanent)
   at System.Web.HttpResponse.Redirect(String url)
   at Campco.Common.CampcoCommon.lnkSinIn_Click(Object sender, EventArgs e) in E:\nisha\ordex\hR\Campco\Campco\Common\CampcoCommon.Master.cs:line 281
----------------------------------------------------
System.Threading.ThreadAbortException: Thread was being aborted.
   at System.Threading.Thread.AbortInternal()
   at System.Threading.Thread.Abort(Object stateInfo)
   at System.Web.HttpResponse.AbortCurrentThread()
   at System.Web.HttpResponse.End()
   at System.Web.HttpResponse.Redirect(String url, Boolean endResponse, Boolean permanent)
   at System.Web.HttpResponse.Redirect(String url)
   at Campco.Common.CampcoCommon.lnkSinIn_Click(Object sender, EventArgs e) in E:\nisha\ordex\hR\Campco\Campco\Common\CampcoCommon.Master.cs:line 281
-------------------------END-------------------------5/3/2017 10:55:56 AM
----------------------------------------------------
-------------------------START-------------------------5/3/2017 10:56:14 AM
Page :index.aspx
----------------------------------------------------
Event :
----------------------------------------------------
Stack Trace :   at Campco.Common.index.Page_Load(Object sender, EventArgs e) in E:\nisha\ordex\hR\Campco\Campco\Common\index.aspx.cs:line 133
----------------------------------------------------
System.NullReferenceException: Object reference not set to an instance of an object.
   at Campco.Common.index.Page_Load(Object sender, EventArgs e) in E:\nisha\ordex\hR\Campco\Campco\Common\index.aspx.cs:line 133
-------------------------END-------------------------5/3/2017 10:56:14 AM
----------------------------------------------------
-------------------------START-------------------------5/3/2017 10:57:52 AM
Page :index.aspx
----------------------------------------------------
Event :
----------------------------------------------------
Stack Trace :   at Campco.Common.index.Page_Load(Object sender, EventArgs e) in E:\nisha\ordex\hR\Campco\Campco\Common\index.aspx.cs:line 133
----------------------------------------------------
System.NullReferenceException: Object reference not set to an instance of an object.
   at Campco.Common.index.Page_Load(Object sender, EventArgs e) in E:\nisha\ordex\hR\Campco\Campco\Common\index.aspx.cs:line 133
-------------------------END-------------------------5/3/2017 10:57:52 AM
----------------------------------------------------
-------------------------START-------------------------5/3/2017 10:57:53 AM
Page :index.aspx
----------------------------------------------------
Event :
----------------------------------------------------
Stack Trace :   at System.Threading.Thread.AbortInternal()
   at System.Threading.Thread.Abort(Object stateInfo)
   at System.Web.HttpResponse.AbortCurrentThread()
   at System.Web.HttpResponse.End()
   at System.Web.HttpResponse.Redirect(String url, Boolean endResponse, Boolean permanent)
   at System.Web.HttpResponse.Redirect(String url)
   at Campco.Common.CampcoCommon.lnkSinIn_Click(Object sender, EventArgs e) in E:\nisha\ordex\hR\Campco\Campco\Common\CampcoCommon.Master.cs:line 281
----------------------------------------------------
System.Threading.ThreadAbortException: Thread was being aborted.
   at System.Threading.Thread.AbortInternal()
   at System.Threading.Thread.Abort(Object stateInfo)
   at System.Web.HttpResponse.AbortCurrentThread()
   at System.Web.HttpResponse.End()
   at System.Web.HttpResponse.Redirect(String url, Boolean endResponse, Boolean permanent)
   at System.Web.HttpResponse.Redirect(String url)
   at Campco.Common.CampcoCommon.lnkSinIn_Click(Object sender, EventArgs e) in E:\nisha\ordex\hR\Campco\Campco\Common\CampcoCommon.Master.cs:line 281
-------------------------END-------------------------5/3/2017 10:57:53 AM
----------------------------------------------------
-------------------------START-------------------------5/3/2017 10:59:11 AM
Page :index.aspx
----------------------------------------------------
Event :
----------------------------------------------------
Stack Trace :   at Campco.Common.index.Page_Load(Object sender, EventArgs e) in E:\nisha\ordex\hR\Campco\Campco\Common\index.aspx.cs:line 133
----------------------------------------------------
System.NullReferenceException: Object reference not set to an instance of an object.
   at Campco.Common.index.Page_Load(Object sender, EventArgs e) in E:\nisha\ordex\hR\Campco\Campco\Common\index.aspx.cs:line 133
-------------------------END-------------------------5/3/2017 10:59:11 AM
----------------------------------------------------
-------------------------START-------------------------5/3/2017 11:00:03 AM
Page :CheckOut.aspx
----------------------------------------------------
Event :Get Customer Profile sample
-------------------------END-------------------------5/3/2017 11:00:03 AM
----------------------------------------------------
-------------------------START-------------------------5/3/2017 11:00:06 AM
Page :CheckOut.aspx
----------------------------------------------------
Event :Successful.
-------------------------END-------------------------5/3/2017 11:00:06 AM
----------------------------------------------------
-------------------------START-------------------------5/3/2017 11:00:06 AM
Page :CheckOut.aspx
----------------------------------------------------
Event :Customer Profile Id: 1218499991
-------------------------END-------------------------5/3/2017 11:00:06 AM
----------------------------------------------------
-------------------------START-------------------------5/3/2017 11:09:08 AM
Page :CheckOut.aspx
----------------------------------------------------
Event :
----------------------------------------------------
Stack Trace :   at System.Threading.Thread.AbortInternal()
   at System.Threading.Thread.Abort(Object stateInfo)
   at System.Web.HttpResponse.AbortCurrentThread()
   at System.Web.HttpResponse.End()
   at System.Web.HttpResponse.Redirect(String url, Boolean endResponse, Boolean permanent)
   at System.Web.HttpResponse.Redirect(String url)
   at Campco.Common.CampcoCommon.lnkSinIn_Click(Object sender, EventArgs e) in E:\nisha\ordex\hR\Campco\Campco\Common\CampcoCommon.Master.cs:line 281
----------------------------------------------------
System.Threading.ThreadAbortException: Thread was being aborted.
   at System.Threading.Thread.AbortInternal()
   at System.Threading.Thread.Abort(Object stateInfo)
   at System.Web.HttpResponse.AbortCurrentThread()
   at System.Web.HttpResponse.End()
   at System.Web.HttpResponse.Redirect(String url, Boolean endResponse, Boolean permanent)
   at System.Web.HttpResponse.Redirect(String url)
   at Campco.Common.CampcoCommon.lnkSinIn_Click(Object sender, EventArgs e) in E:\nisha\ordex\hR\Campco\Campco\Common\CampcoCommon.Master.cs:line 281
-------------------------END-------------------------5/3/2017 11:09:08 AM
----------------------------------------------------
-------------------------START-------------------------5/3/2017 11:09:45 AM
Page :CheckOut.aspx
----------------------------------------------------
Event :Get Customer Profile sample
-------------------------END-------------------------5/3/2017 11:09:45 AM
----------------------------------------------------
-------------------------START-------------------------5/3/2017 11:09:47 AM
Page :CheckOut.aspx
----------------------------------------------------
Event :Successful.
-------------------------END-------------------------5/3/2017 11:09:47 AM
----------------------------------------------------
-------------------------START-------------------------5/3/2017 11:09:47 AM
Page :CheckOut.aspx
----------------------------------------------------
Event :Customer Profile Id: 1218499991
-------------------------END-------------------------5/3/2017 11:09:47 AM
----------------------------------------------------
-------------------------START-------------------------5/3/2017 11:30:49 AM
Page :index.aspx
----------------------------------------------------
Event :
----------------------------------------------------
Stack Trace :   at Campco.Common.index.Page_Load(Object sender, EventArgs e) in E:\nisha\ordex\hR\Campco\Campco\Common\index.aspx.cs:line 133
----------------------------------------------------
System.NullReferenceException: Object reference not set to an instance of an object.
   at Campco.Common.index.Page_Load(Object sender, EventArgs e) in E:\nisha\ordex\hR\Campco\Campco\Common\index.aspx.cs:line 133
-------------------------END-------------------------5/3/2017 11:30:50 AM
----------------------------------------------------
-------------------------START-------------------------5/3/2017 11:32:18 AM
Page :index.aspx
----------------------------------------------------
Event :
----------------------------------------------------
Stack Trace :   at Campco.Common.index.Page_Load(Object sender, EventArgs e) in E:\nisha\ordex\hR\Campco\Campco\Common\index.aspx.cs:line 133
----------------------------------------------------
System.NullReferenceException: Object reference not set to an instance of an object.
   at Campco.Common.index.Page_Load(Object sender, EventArgs e) in E:\nisha\ordex\hR\Campco\Campco\Common\index.aspx.cs:line 133
-------------------------END-------------------------5/3/2017 11:32:18 AM
----------------------------------------------------
-------------------------START-------------------------5/3/2017 11:32:19 AM
Page :index.aspx
----------------------------------------------------
Event :
----------------------------------------------------
Stack Trace :   at System.Threading.Thread.AbortInternal()
   at System.Threading.Thread.Abort(Object stateInfo)
   at System.Web.HttpResponse.AbortCurrentThread()
   at System.Web.HttpResponse.End()
   at System.Web.HttpResponse.Redirect(String url, Boolean endResponse, Boolean permanent)
   at System.Web.HttpResponse.Redirect(String url)
   at Campco.Common.CampcoCommon.lnkSinIn_Click(Object sender, EventArgs e) in E:\nisha\ordex\hR\Campco\Campco\Common\CampcoCommon.Master.cs:line 281
----------------------------------------------------
System.Threading.ThreadAbortException: Thread was being aborted.
   at System.Threading.Thread.AbortInternal()
   at System.Threading.Thread.Abort(Object stateInfo)
   at System.Web.HttpResponse.AbortCurrentThread()
   at System.Web.HttpResponse.End()
   at System.Web.HttpResponse.Redirect(String url, Boolean endResponse, Boolean permanent)
   at System.Web.HttpResponse.Redirect(String url)
   at Campco.Common.CampcoCommon.lnkSinIn_Click(Object sender, EventArgs e) in E:\nisha\ordex\hR\Campco\Campco\Common\CampcoCommon.Master.cs:line 281
-------------------------END-------------------------5/3/2017 11:32:19 AM
----------------------------------------------------
-------------------------START-------------------------5/3/2017 11:32:27 AM
Page :index.aspx
----------------------------------------------------
Event :
----------------------------------------------------
Stack Trace :   at Campco.Common.index.Page_Load(Object sender, EventArgs e) in E:\nisha\ordex\hR\Campco\Campco\Common\index.aspx.cs:line 133
----------------------------------------------------
System.NullReferenceException: Object reference not set to an instance of an object.
   at Campco.Common.index.Page_Load(Object sender, EventArgs e) in E:\nisha\ordex\hR\Campco\Campco\Common\index.aspx.cs:line 133
-------------------------END-------------------------5/3/2017 11:32:27 AM
----------------------------------------------------
-------------------------START-------------------------5/3/2017 11:33:18 AM
Page :Registration.aspx
----------------------------------------------------
Event :Registration page Load
-------------------------END-------------------------5/3/2017 11:33:18 AM
----------------------------------------------------
-------------------------START-------------------------5/3/2017 11:33:18 AM
Page :Registration.aspx
----------------------------------------------------
Event :FillCapctcha.
-------------------------END-------------------------5/3/2017 11:33:18 AM
----------------------------------------------------
-------------------------START-------------------------5/3/2017 11:33:28 AM
Page :Registration.aspx
----------------------------------------------------
Event :Registration page Load
-------------------------END-------------------------5/3/2017 11:33:28 AM
----------------------------------------------------
-------------------------START-------------------------5/3/2017 11:33:29 AM
Page :Registration.aspx
----------------------------------------------------
Event :
----------------------------------------------------
Stack Trace :   at System.Threading.Thread.AbortInternal()
   at System.Threading.Thread.Abort(Object stateInfo)
   at System.Web.HttpResponse.AbortCurrentThread()
   at System.Web.HttpResponse.End()
   at System.Web.HttpResponse.Redirect(String url, Boolean endResponse, Boolean permanent)
   at System.Web.HttpResponse.Redirect(String url)
   at Campco.Common.CampcoCommon.lnkSinIn_Click(Object sender, EventArgs e) in E:\nisha\ordex\hR\Campco\Campco\Common\CampcoCommon.Master.cs:line 281
----------------------------------------------------
System.Threading.ThreadAbortException: Thread was being aborted.
   at System.Threading.Thread.AbortInternal()
   at System.Threading.Thread.Abort(Object stateInfo)
   at System.Web.HttpResponse.AbortCurrentThread()
   at System.Web.HttpResponse.End()
   at System.Web.HttpResponse.Redirect(String url, Boolean endResponse, Boolean permanent)
   at System.Web.HttpResponse.Redirect(String url)
   at Campco.Common.CampcoCommon.lnkSinIn_Click(Object sender, EventArgs e) in E:\nisha\ordex\hR\Campco\Campco\Common\CampcoCommon.Master.cs:line 281
-------------------------END-------------------------5/3/2017 11:33:29 AM
----------------------------------------------------
-------------------------START-------------------------5/3/2017 11:33:58 AM
Page :index.aspx
----------------------------------------------------
Event :
----------------------------------------------------
Stack Trace :   at Campco.Common.index.Page_Load(Object sender, EventArgs e) in E:\nisha\ordex\hR\Campco\Campco\Common\index.aspx.cs:line 133
----------------------------------------------------
System.NullReferenceException: Object reference not set to an instance of an object.
   at Campco.Common.index.Page_Load(Object sender, EventArgs e) in E:\nisha\ordex\hR\Campco\Campco\Common\index.aspx.cs:line 133
-------------------------END-------------------------5/3/2017 11:33:58 AM
----------------------------------------------------
-------------------------START-------------------------5/3/2017 11:34:47 AM
Page :index.aspx
----------------------------------------------------
Event :
----------------------------------------------------
Stack Trace :   at Campco.Common.index.Page_Load(Object sender, EventArgs e) in E:\nisha\ordex\hR\Campco\Campco\Common\index.aspx.cs:line 133
----------------------------------------------------
System.NullReferenceException: Object reference not set to an instance of an object.
   at Campco.Common.index.Page_Load(Object sender, EventArgs e) in E:\nisha\ordex\hR\Campco\Campco\Common\index.aspx.cs:line 133
-------------------------END-------------------------5/3/2017 11:34:47 AM
----------------------------------------------------
-------------------------START-------------------------5/3/2017 11:34:55 AM
Page :CheckOut.aspx
----------------------------------------------------
Event :Get Customer Profile sample
-------------------------END-------------------------5/3/2017 11:34:55 AM
----------------------------------------------------
-------------------------START-------------------------5/3/2017 11:34:58 AM
Page :CheckOut.aspx
----------------------------------------------------
Event :Successful.
-------------------------END-------------------------5/3/2017 11:34:58 AM
----------------------------------------------------
-------------------------START-------------------------5/3/2017 11:34:58 AM
Page :CheckOut.aspx
----------------------------------------------------
Event :Customer Profile Id: 1218499991
-------------------------END-------------------------5/3/2017 11:34:58 AM
----------------------------------------------------
-------------------------START-------------------------5/3/2017 11:36:00 AM
Page :CheckOut.aspx
----------------------------------------------------
Event :Get Customer Profile sample
-------------------------END-------------------------5/3/2017 11:36:00 AM
----------------------------------------------------
-------------------------START-------------------------5/3/2017 11:36:02 AM
Page :CheckOut.aspx
----------------------------------------------------
Event :Successful.
-------------------------END-------------------------5/3/2017 11:36:02 AM
----------------------------------------------------
-------------------------START-------------------------5/3/2017 11:36:02 AM
Page :CheckOut.aspx
----------------------------------------------------
Event :Customer Profile Id: 1218499991
-------------------------END-------------------------5/3/2017 11:36:02 AM
----------------------------------------------------
-------------------------START-------------------------5/3/2017 11:36:11 AM
Page :CheckOut.aspx
----------------------------------------------------
Event :Get Customer Profile sample
-------------------------END-------------------------5/3/2017 11:36:11 AM
----------------------------------------------------
-------------------------START-------------------------5/3/2017 11:36:13 AM
Page :CheckOut.aspx
----------------------------------------------------
Event :Successful.
-------------------------END-------------------------5/3/2017 11:36:13 AM
----------------------------------------------------
-------------------------START-------------------------5/3/2017 11:36:13 AM
Page :CheckOut.aspx
----------------------------------------------------
Event :Customer Profile Id: 1218499991
-------------------------END-------------------------5/3/2017 11:36:13 AM
----------------------------------------------------
-------------------------START-------------------------5/3/2017 11:36:57 AM
Page :CheckOut.aspx
----------------------------------------------------
Event :Get Customer Profile sample
-------------------------END-------------------------5/3/2017 11:36:57 AM
----------------------------------------------------
-------------------------START-------------------------5/3/2017 11:36:58 AM
Page :CheckOut.aspx
----------------------------------------------------
Event :Successful.
-------------------------END-------------------------5/3/2017 11:36:58 AM
----------------------------------------------------
-------------------------START-------------------------5/3/2017 11:36:58 AM
Page :CheckOut.aspx
----------------------------------------------------
Event :Customer Profile Id: 1218499991
-------------------------END-------------------------5/3/2017 11:36:58 AM
----------------------------------------------------
-------------------------START-------------------------5/3/2017 11:37:15 AM
Page :index.aspx
----------------------------------------------------
Event :
----------------------------------------------------
Stack Trace :   at Campco.Common.index.Page_Load(Object sender, EventArgs e) in E:\nisha\ordex\hR\Campco\Campco\Common\index.aspx.cs:line 133
----------------------------------------------------
System.NullReferenceException: Object reference not set to an instance of an object.
   at Campco.Common.index.Page_Load(Object sender, EventArgs e) in E:\nisha\ordex\hR\Campco\Campco\Common\index.aspx.cs:line 133
-------------------------END-------------------------5/3/2017 11:37:15 AM
----------------------------------------------------
-------------------------START-------------------------5/3/2017 11:37:20 AM
Page :index.aspx
----------------------------------------------------
Event :
----------------------------------------------------
Stack Trace :   at Campco.Common.index.Page_Load(Object sender, EventArgs e) in E:\nisha\ordex\hR\Campco\Campco\Common\index.aspx.cs:line 133
----------------------------------------------------
System.NullReferenceException: Object reference not set to an instance of an object.
   at Campco.Common.index.Page_Load(Object sender, EventArgs e) in E:\nisha\ordex\hR\Campco\Campco\Common\index.aspx.cs:line 133
-------------------------END-------------------------5/3/2017 11:37:20 AM
----------------------------------------------------
-------------------------START-------------------------5/3/2017 11:37:21 AM
Page :index.aspx
----------------------------------------------------
Event :
----------------------------------------------------
Stack Trace :   at System.Threading.Thread.AbortInternal()
   at System.Threading.Thread.Abort(Object stateInfo)
   at System.Web.HttpResponse.AbortCurrentThread()
   at System.Web.HttpResponse.End()
   at System.Web.HttpResponse.Redirect(String url, Boolean endResponse, Boolean permanent)
   at System.Web.HttpResponse.Redirect(String url)
   at Campco.Common.CampcoCommon.lnkSinIn_Click(Object sender, EventArgs e) in E:\nisha\ordex\hR\Campco\Campco\Common\CampcoCommon.Master.cs:line 281
----------------------------------------------------
System.Threading.ThreadAbortException: Thread was being aborted.
   at System.Threading.Thread.AbortInternal()
   at System.Threading.Thread.Abort(Object stateInfo)
   at System.Web.HttpResponse.AbortCurrentThread()
   at System.Web.HttpResponse.End()
   at System.Web.HttpResponse.Redirect(String url, Boolean endResponse, Boolean permanent)
   at System.Web.HttpResponse.Redirect(String url)
   at Campco.Common.CampcoCommon.lnkSinIn_Click(Object sender, EventArgs e) in E:\nisha\ordex\hR\Campco\Campco\Common\CampcoCommon.Master.cs:line 281
-------------------------END-------------------------5/3/2017 11:37:21 AM
----------------------------------------------------
-------------------------START-------------------------5/3/2017 11:37:40 AM
Page :index.aspx
----------------------------------------------------
Event :
----------------------------------------------------
Stack Trace :   at Campco.Common.index.Page_Load(Object sender, EventArgs e) in E:\nisha\ordex\hR\Campco\Campco\Common\index.aspx.cs:line 133
----------------------------------------------------
System.NullReferenceException: Object reference not set to an instance of an object.
   at Campco.Common.index.Page_Load(Object sender, EventArgs e) in E:\nisha\ordex\hR\Campco\Campco\Common\index.aspx.cs:line 133
-------------------------END-------------------------5/3/2017 11:37:40 AM
----------------------------------------------------
-------------------------START-------------------------5/3/2017 11:37:49 AM
Page :CheckOut.aspx
----------------------------------------------------
Event :Get Customer Profile sample
-------------------------END-------------------------5/3/2017 11:37:49 AM
----------------------------------------------------
-------------------------START-------------------------5/3/2017 11:37:51 AM
Page :CheckOut.aspx
----------------------------------------------------
Event :Successful.
-------------------------END-------------------------5/3/2017 11:37:51 AM
----------------------------------------------------
-------------------------START-------------------------5/3/2017 11:37:51 AM
Page :CheckOut.aspx
----------------------------------------------------
Event :Customer Profile Id: 1218499991
-------------------------END-------------------------5/3/2017 11:37:51 AM
----------------------------------------------------
-------------------------START-------------------------5/3/2017 11:39:55 AM
Page :CheckOut.aspx
----------------------------------------------------
Event :Get Customer Profile sample
-------------------------END-------------------------5/3/2017 11:39:55 AM
----------------------------------------------------
-------------------------START-------------------------5/3/2017 11:39:57 AM
Page :CheckOut.aspx
----------------------------------------------------
Event :Successful.
-------------------------END-------------------------5/3/2017 11:39:57 AM
----------------------------------------------------
-------------------------START-------------------------5/3/2017 11:39:57 AM
Page :CheckOut.aspx
----------------------------------------------------
Event :Customer Profile Id: 1218499991
-------------------------END-------------------------5/3/2017 11:39:57 AM
----------------------------------------------------
-------------------------START-------------------------5/3/2017 11:42:48 AM
Page :CheckOut.aspx
----------------------------------------------------
Event :Get Customer Profile sample
-------------------------END-------------------------5/3/2017 11:42:48 AM
----------------------------------------------------
-------------------------START-------------------------5/3/2017 11:42:50 AM
Page :CheckOut.aspx
----------------------------------------------------
Event :Successful.
-------------------------END-------------------------5/3/2017 11:42:50 AM
----------------------------------------------------
-------------------------START-------------------------5/3/2017 11:42:50 AM
Page :CheckOut.aspx
----------------------------------------------------
Event :Customer Profile Id: 1218499991
-------------------------END-------------------------5/3/2017 11:42:50 AM
----------------------------------------------------
-------------------------START-------------------------5/3/2017 11:42:51 AM
Page :CheckOut.aspx
----------------------------------------------------
Event :
----------------------------------------------------
Stack Trace :   at System.Threading.Thread.AbortInternal()
   at System.Threading.Thread.Abort(Object stateInfo)
   at System.Web.HttpResponse.AbortCurrentThread()
   at System.Web.HttpResponse.End()
   at System.Web.HttpResponse.Redirect(String url, Boolean endResponse, Boolean permanent)
   at System.Web.HttpResponse.Redirect(String url)
   at Campco.Common.CampcoCommon.lnkSignout_Click(Object sender, EventArgs e) in E:\nisha\ordex\hR\Campco\Campco\Common\CampcoCommon.Master.cs:line 302
----------------------------------------------------
System.Threading.ThreadAbortException: Thread was being aborted.
   at System.Threading.Thread.AbortInternal()
   at System.Threading.Thread.Abort(Object stateInfo)
   at System.Web.HttpResponse.AbortCurrentThread()
   at System.Web.HttpResponse.End()
   at System.Web.HttpResponse.Redirect(String url, Boolean endResponse, Boolean permanent)
   at System.Web.HttpResponse.Redirect(String url)
   at Campco.Common.CampcoCommon.lnkSignout_Click(Object sender, EventArgs e) in E:\nisha\ordex\hR\Campco\Campco\Common\CampcoCommon.Master.cs:line 302
-------------------------END-------------------------5/3/2017 11:42:51 AM
----------------------------------------------------
-------------------------START-------------------------5/3/2017 11:42:52 AM
Page :index.aspx
----------------------------------------------------
Event :
----------------------------------------------------
Stack Trace :   at Campco.Common.index.Page_Load(Object sender, EventArgs e) in E:\nisha\ordex\hR\Campco\Campco\Common\index.aspx.cs:line 133
----------------------------------------------------
System.NullReferenceException: Object reference not set to an instance of an object.
   at Campco.Common.index.Page_Load(Object sender, EventArgs e) in E:\nisha\ordex\hR\Campco\Campco\Common\index.aspx.cs:line 133
-------------------------END-------------------------5/3/2017 11:42:52 AM
----------------------------------------------------
-------------------------START-------------------------5/3/2017 11:45:04 AM
Page :index.aspx
----------------------------------------------------
Event :
----------------------------------------------------
Stack Trace :   at Campco.Common.index.Page_Load(Object sender, EventArgs e) in E:\nisha\ordex\hR\Campco\Campco\Common\index.aspx.cs:line 133
----------------------------------------------------
System.NullReferenceException: Object reference not set to an instance of an object.
   at Campco.Common.index.Page_Load(Object sender, EventArgs e) in E:\nisha\ordex\hR\Campco\Campco\Common\index.aspx.cs:line 133
-------------------------END-------------------------5/3/2017 11:45:04 AM
----------------------------------------------------
-------------------------START-------------------------5/3/2017 11:45:05 AM
Page :index.aspx
----------------------------------------------------
Event :
----------------------------------------------------
Stack Trace :   at System.Threading.Thread.AbortInternal()
   at System.Threading.Thread.Abort(Object stateInfo)
   at System.Web.HttpResponse.AbortCurrentThread()
   at System.Web.HttpResponse.End()
   at System.Web.HttpResponse.Redirect(String url, Boolean endResponse, Boolean permanent)
   at System.Web.HttpResponse.Redirect(String url)
   at Campco.Common.CampcoCommon.lnkSinIn_Click(Object sender, EventArgs e) in E:\nisha\ordex\hR\Campco\Campco\Common\CampcoCommon.Master.cs:line 281
----------------------------------------------------
System.Threading.ThreadAbortException: Thread was being aborted.
   at System.Threading.Thread.AbortInternal()
   at System.Threading.Thread.Abort(Object stateInfo)
   at System.Web.HttpResponse.AbortCurrentThread()
   at System.Web.HttpResponse.End()
   at System.Web.HttpResponse.Redirect(String url, Boolean endResponse, Boolean permanent)
   at System.Web.HttpResponse.Redirect(String url)
   at Campco.Common.CampcoCommon.lnkSinIn_Click(Object sender, EventArgs e) in E:\nisha\ordex\hR\Campco\Campco\Common\CampcoCommon.Master.cs:line 281
-------------------------END-------------------------5/3/2017 11:45:05 AM
----------------------------------------------------
-------------------------START-------------------------5/3/2017 11:45:21 AM
Page :index.aspx
----------------------------------------------------
Event :
----------------------------------------------------
Stack Trace :   at Campco.Common.index.Page_Load(Object sender, EventArgs e) in E:\nisha\ordex\hR\Campco\Campco\Common\index.aspx.cs:line 133
----------------------------------------------------
System.NullReferenceException: Object reference not set to an instance of an object.
   at Campco.Common.index.Page_Load(Object sender, EventArgs e) in E:\nisha\ordex\hR\Campco\Campco\Common\index.aspx.cs:line 133
-------------------------END-------------------------5/3/2017 11:45:21 AM
----------------------------------------------------
-------------------------START-------------------------5/3/2017 11:46:38 AM
Page :CheckOut.aspx
----------------------------------------------------
Event :Get Customer Profile sample
-------------------------END-------------------------5/3/2017 11:46:38 AM
----------------------------------------------------
-------------------------START-------------------------5/3/2017 11:46:40 AM
Page :CheckOut.aspx
----------------------------------------------------
Event :Successful.
-------------------------END-------------------------5/3/2017 11:46:40 AM
----------------------------------------------------
-------------------------START-------------------------5/3/2017 11:46:40 AM
Page :CheckOut.aspx
----------------------------------------------------
Event :Customer Profile Id: 355271682
-------------------------END-------------------------5/3/2017 11:46:40 AM
----------------------------------------------------
-------------------------START-------------------------5/3/2017 11:47:36 AM
Page :CheckOut.aspx
----------------------------------------------------
Event :Get Customer Profile sample
-------------------------END-------------------------5/3/2017 11:47:36 AM
----------------------------------------------------
-------------------------START-------------------------5/3/2017 11:47:38 AM
Page :CheckOut.aspx
----------------------------------------------------
Event :Successful.
-------------------------END-------------------------5/3/2017 11:47:38 AM
----------------------------------------------------
-------------------------START-------------------------5/3/2017 11:47:38 AM
Page :CheckOut.aspx
----------------------------------------------------
Event :Customer Profile Id: 355271682
-------------------------END-------------------------5/3/2017 11:47:38 AM
----------------------------------------------------
-------------------------START-------------------------5/3/2017 11:47:57 AM
Page :CheckOut.aspx
----------------------------------------------------
Event :Get Customer Profile sample
-------------------------END-------------------------5/3/2017 11:47:57 AM
----------------------------------------------------
-------------------------START-------------------------5/3/2017 11:47:58 AM
Page :CheckOut.aspx
----------------------------------------------------
Event :Successful.
-------------------------END-------------------------5/3/2017 11:47:58 AM
----------------------------------------------------
-------------------------START-------------------------5/3/2017 11:47:58 AM
Page :CheckOut.aspx
----------------------------------------------------
Event :Customer Profile Id: 355271682
-------------------------END-------------------------5/3/2017 11:47:58 AM
----------------------------------------------------
-------------------------START-------------------------5/3/2017 12:13:28 PM
Page :index.aspx
----------------------------------------------------
Event :
----------------------------------------------------
Stack Trace :   at Campco.Common.index.Page_Load(Object sender, EventArgs e) in E:\nisha\ordex\hR\Campco\Campco\Common\index.aspx.cs:line 133
----------------------------------------------------
System.NullReferenceException: Object reference not set to an instance of an object.
   at Campco.Common.index.Page_Load(Object sender, EventArgs e) in E:\nisha\ordex\hR\Campco\Campco\Common\index.aspx.cs:line 133
-------------------------END-------------------------5/3/2017 12:13:28 PM
----------------------------------------------------
-------------------------START-------------------------5/3/2017 12:13:51 PM
Page :CheckOut.aspx
----------------------------------------------------
Event :Get Customer Profile sample
-------------------------END-------------------------5/3/2017 12:13:51 PM
----------------------------------------------------
-------------------------START-------------------------5/3/2017 12:13:52 PM
Page :CheckOut.aspx
----------------------------------------------------
Event :
----------------------------------------------------
Stack Trace :   at Campco.Common.CheckOut.Page_Load(Object sender, EventArgs e) in E:\nisha\ordex\hR\Campco\Campco\Common\CheckOut.aspx.cs:line 117
----------------------------------------------------
System.NullReferenceException: Object reference not set to an instance of an object.
   at Campco.Common.CheckOut.Page_Load(Object sender, EventArgs e) in E:\nisha\ordex\hR\Campco\Campco\Common\CheckOut.aspx.cs:line 117
-------------------------END-------------------------5/3/2017 12:13:52 PM
----------------------------------------------------
-------------------------START-------------------------5/3/2017 12:14:28 PM
Page :index.aspx
----------------------------------------------------
Event :
----------------------------------------------------
Stack Trace :   at Campco.Common.index.Page_Load(Object sender, EventArgs e) in E:\nisha\ordex\hR\Campco\Campco\Common\index.aspx.cs:line 133
----------------------------------------------------
System.NullReferenceException: Object reference not set to an instance of an object.
   at Campco.Common.index.Page_Load(Object sender, EventArgs e) in E:\nisha\ordex\hR\Campco\Campco\Common\index.aspx.cs:line 133
-------------------------END-------------------------5/3/2017 12:14:28 PM
----------------------------------------------------
-------------------------START-------------------------5/3/2017 12:14:33 PM
Page :index.aspx
----------------------------------------------------
Event :
----------------------------------------------------
Stack Trace :   at Campco.Common.index.Page_Load(Object sender, EventArgs e) in E:\nisha\ordex\hR\Campco\Campco\Common\index.aspx.cs:line 133
----------------------------------------------------
System.NullReferenceException: Object reference not set to an instance of an object.
   at Campco.Common.index.Page_Load(Object sender, EventArgs e) in E:\nisha\ordex\hR\Campco\Campco\Common\index.aspx.cs:line 133
-------------------------END-------------------------5/3/2017 12:14:33 PM
----------------------------------------------------
-------------------------START-------------------------5/3/2017 12:14:34 PM
Page :index.aspx
----------------------------------------------------
Event :
----------------------------------------------------
Stack Trace :   at System.Threading.Thread.AbortInternal()
   at System.Threading.Thread.Abort(Object stateInfo)
   at System.Web.HttpResponse.AbortCurrentThread()
   at System.Web.HttpResponse.End()
   at System.Web.HttpResponse.Redirect(String url, Boolean endResponse, Boolean permanent)
   at System.Web.HttpResponse.Redirect(String url)
   at Campco.Common.CampcoCommon.lnkSignout_Click(Object sender, EventArgs e) in E:\nisha\ordex\hR\Campco\Campco\Common\CampcoCommon.Master.cs:line 302
----------------------------------------------------
System.Threading.ThreadAbortException: Thread was being aborted.
   at System.Threading.Thread.AbortInternal()
   at System.Threading.Thread.Abort(Object stateInfo)
   at System.Web.HttpResponse.AbortCurrentThread()
   at System.Web.HttpResponse.End()
   at System.Web.HttpResponse.Redirect(String url, Boolean endResponse, Boolean permanent)
   at System.Web.HttpResponse.Redirect(String url)
   at Campco.Common.CampcoCommon.lnkSignout_Click(Object sender, EventArgs e) in E:\nisha\ordex\hR\Campco\Campco\Common\CampcoCommon.Master.cs:line 302
-------------------------END-------------------------5/3/2017 12:14:34 PM
----------------------------------------------------
-------------------------START-------------------------5/3/2017 12:14:34 PM
Page :index.aspx
----------------------------------------------------
Event :
----------------------------------------------------
Stack Trace :   at Campco.Common.index.Page_Load(Object sender, EventArgs e) in E:\nisha\ordex\hR\Campco\Campco\Common\index.aspx.cs:line 133
----------------------------------------------------
System.NullReferenceException: Object reference not set to an instance of an object.
   at Campco.Common.index.Page_Load(Object sender, EventArgs e) in E:\nisha\ordex\hR\Campco\Campco\Common\index.aspx.cs:line 133
-------------------------END-------------------------5/3/2017 12:14:34 PM
----------------------------------------------------
-------------------------START-------------------------5/3/2017 12:14:39 PM
Page :index.aspx
----------------------------------------------------
Event :
----------------------------------------------------
Stack Trace :   at Campco.Common.index.Page_Load(Object sender, EventArgs e) in E:\nisha\ordex\hR\Campco\Campco\Common\index.aspx.cs:line 133
----------------------------------------------------
System.NullReferenceException: Object reference not set to an instance of an object.
   at Campco.Common.index.Page_Load(Object sender, EventArgs e) in E:\nisha\ordex\hR\Campco\Campco\Common\index.aspx.cs:line 133
-------------------------END-------------------------5/3/2017 12:14:39 PM
----------------------------------------------------
-------------------------START-------------------------5/3/2017 12:14:41 PM
Page :index.aspx
----------------------------------------------------
Event :
----------------------------------------------------
Stack Trace :   at System.Threading.Thread.AbortInternal()
   at System.Threading.Thread.Abort(Object stateInfo)
   at System.Web.HttpResponse.AbortCurrentThread()
   at System.Web.HttpResponse.End()
   at System.Web.HttpResponse.Redirect(String url, Boolean endResponse, Boolean permanent)
   at System.Web.HttpResponse.Redirect(String url)
   at Campco.Common.CampcoCommon.lnkSinIn_Click(Object sender, EventArgs e) in E:\nisha\ordex\hR\Campco\Campco\Common\CampcoCommon.Master.cs:line 281
----------------------------------------------------
System.Threading.ThreadAbortException: Thread was being aborted.
   at System.Threading.Thread.AbortInternal()
   at System.Threading.Thread.Abort(Object stateInfo)
   at System.Web.HttpResponse.AbortCurrentThread()
   at System.Web.HttpResponse.End()
   at System.Web.HttpResponse.Redirect(String url, Boolean endResponse, Boolean permanent)
   at System.Web.HttpResponse.Redirect(String url)
   at Campco.Common.CampcoCommon.lnkSinIn_Click(Object sender, EventArgs e) in E:\nisha\ordex\hR\Campco\Campco\Common\CampcoCommon.Master.cs:line 281
-------------------------END-------------------------5/3/2017 12:14:41 PM
----------------------------------------------------
-------------------------START-------------------------5/3/2017 12:14:55 PM
Page :index.aspx
----------------------------------------------------
Event :
----------------------------------------------------
Stack Trace :   at Campco.Common.index.Page_Load(Object sender, EventArgs e) in E:\nisha\ordex\hR\Campco\Campco\Common\index.aspx.cs:line 133
----------------------------------------------------
System.NullReferenceException: Object reference not set to an instance of an object.
   at Campco.Common.index.Page_Load(Object sender, EventArgs e) in E:\nisha\ordex\hR\Campco\Campco\Common\index.aspx.cs:line 133
-------------------------END-------------------------5/3/2017 12:14:55 PM
----------------------------------------------------
-------------------------START-------------------------5/3/2017 12:15:06 PM
Page :CheckOut.aspx
----------------------------------------------------
Event :Get Customer Profile sample
-------------------------END-------------------------5/3/2017 12:15:06 PM
----------------------------------------------------
-------------------------START-------------------------5/3/2017 12:15:06 PM
Page :CheckOut.aspx
----------------------------------------------------
Event :
----------------------------------------------------
Stack Trace :   at Campco.Common.CheckOut.Page_Load(Object sender, EventArgs e) in E:\nisha\ordex\hR\Campco\Campco\Common\CheckOut.aspx.cs:line 117
----------------------------------------------------
System.NullReferenceException: Object reference not set to an instance of an object.
   at Campco.Common.CheckOut.Page_Load(Object sender, EventArgs e) in E:\nisha\ordex\hR\Campco\Campco\Common\CheckOut.aspx.cs:line 117
-------------------------END-------------------------5/3/2017 12:15:06 PM
----------------------------------------------------
-------------------------START-------------------------5/3/2017 12:15:52 PM
Page :index.aspx
----------------------------------------------------
Event :
----------------------------------------------------
Stack Trace :   at Campco.Common.index.Page_Load(Object sender, EventArgs e) in E:\nisha\ordex\hR\Campco\Campco\Common\index.aspx.cs:line 133
----------------------------------------------------
System.NullReferenceException: Object reference not set to an instance of an object.
   at Campco.Common.index.Page_Load(Object sender, EventArgs e) in E:\nisha\ordex\hR\Campco\Campco\Common\index.aspx.cs:line 133
-------------------------END-------------------------5/3/2017 12:15:52 PM
----------------------------------------------------
-------------------------START-------------------------5/3/2017 12:16:02 PM
Page :CheckOut.aspx
----------------------------------------------------
Event :Get Customer Profile sample
-------------------------END-------------------------5/3/2017 12:16:02 PM
----------------------------------------------------
-------------------------START-------------------------5/3/2017 12:16:02 PM
Page :CheckOut.aspx
----------------------------------------------------
Event :
----------------------------------------------------
Stack Trace :   at Campco.Common.CheckOut.Page_Load(Object sender, EventArgs e) in E:\nisha\ordex\hR\Campco\Campco\Common\CheckOut.aspx.cs:line 117
----------------------------------------------------
System.NullReferenceException: Object reference not set to an instance of an object.
   at Campco.Common.CheckOut.Page_Load(Object sender, EventArgs e) in E:\nisha\ordex\hR\Campco\Campco\Common\CheckOut.aspx.cs:line 117
-------------------------END-------------------------5/3/2017 12:16:02 PM
----------------------------------------------------
-------------------------START-------------------------5/3/2017 12:24:28 PM
Page :index.aspx
----------------------------------------------------
Event :
----------------------------------------------------
Stack Trace :   at Campco.Common.index.Page_Load(Object sender, EventArgs e) in E:\nisha\ordex\hR\Campco\Campco\Common\index.aspx.cs:line 133
----------------------------------------------------
System.NullReferenceException: Object reference not set to an instance of an object.
   at Campco.Common.index.Page_Load(Object sender, EventArgs e) in E:\nisha\ordex\hR\Campco\Campco\Common\index.aspx.cs:line 133
-------------------------END-------------------------5/3/2017 12:24:28 PM
----------------------------------------------------
-------------------------START-------------------------5/3/2017 12:25:47 PM
Page :Registration.aspx
----------------------------------------------------
Event :Registration page Load
-------------------------END-------------------------5/3/2017 12:25:47 PM
----------------------------------------------------
-------------------------START-------------------------5/3/2017 12:25:47 PM
Page :Registration.aspx
----------------------------------------------------
Event :FillCapctcha.
-------------------------END-------------------------5/3/2017 12:25:47 PM
----------------------------------------------------
-------------------------START-------------------------5/3/2017 12:26:10 PM
Page :Registration.aspx
----------------------------------------------------
Event :Registration page Load
-------------------------END-------------------------5/3/2017 12:26:10 PM
----------------------------------------------------
-------------------------START-------------------------5/3/2017 12:26:11 PM
Page :Registration.aspx
----------------------------------------------------
Event :
----------------------------------------------------
Stack Trace :   at System.Threading.Thread.AbortInternal()
   at System.Threading.Thread.Abort(Object stateInfo)
   at System.Web.HttpResponse.AbortCurrentThread()
   at System.Web.HttpResponse.End()
   at System.Web.HttpResponse.Redirect(String url, Boolean endResponse, Boolean permanent)
   at System.Web.HttpResponse.Redirect(String url)
   at Campco.Common.CampcoCommon.lnkSinIn_Click(Object sender, EventArgs e) in E:\nisha\ordex\hR\Campco\Campco\Common\CampcoCommon.Master.cs:line 281
----------------------------------------------------
System.Threading.ThreadAbortException: Thread was being aborted.
   at System.Threading.Thread.AbortInternal()
   at System.Threading.Thread.Abort(Object stateInfo)
   at System.Web.HttpResponse.AbortCurrentThread()
   at System.Web.HttpResponse.End()
   at System.Web.HttpResponse.Redirect(String url, Boolean endResponse, Boolean permanent)
   at System.Web.HttpResponse.Redirect(String url)
   at Campco.Common.CampcoCommon.lnkSinIn_Click(Object sender, EventArgs e) in E:\nisha\ordex\hR\Campco\Campco\Common\CampcoCommon.Master.cs:line 281
-------------------------END-------------------------5/3/2017 12:26:11 PM
----------------------------------------------------
-------------------------START-------------------------5/3/2017 12:26:52 PM
Page :index.aspx
----------------------------------------------------
Event :
----------------------------------------------------
Stack Trace :   at Campco.Common.index.Page_Load(Object sender, EventArgs e) in E:\nisha\ordex\hR\Campco\Campco\Common\index.aspx.cs:line 133
----------------------------------------------------
System.NullReferenceException: Object reference not set to an instance of an object.
   at Campco.Common.index.Page_Load(Object sender, EventArgs e) in E:\nisha\ordex\hR\Campco\Campco\Common\index.aspx.cs:line 133
-------------------------END-------------------------5/3/2017 12:26:52 PM
----------------------------------------------------
-------------------------START-------------------------5/3/2017 12:27:00 PM
Page :CheckOut.aspx
----------------------------------------------------
Event :Get Customer Profile sample
-------------------------END-------------------------5/3/2017 12:27:00 PM
----------------------------------------------------
-------------------------START-------------------------5/3/2017 12:27:02 PM
Page :CheckOut.aspx
----------------------------------------------------
Event :
----------------------------------------------------
Stack Trace :   at Campco.Common.CheckOut.Page_Load(Object sender, EventArgs e) in E:\nisha\ordex\hR\Campco\Campco\Common\CheckOut.aspx.cs:line 117
----------------------------------------------------
System.NullReferenceException: Object reference not set to an instance of an object.
   at Campco.Common.CheckOut.Page_Load(Object sender, EventArgs e) in E:\nisha\ordex\hR\Campco\Campco\Common\CheckOut.aspx.cs:line 117
-------------------------END-------------------------5/3/2017 12:27:02 PM
----------------------------------------------------
-------------------------START-------------------------5/3/2017 12:27:35 PM
Page :Remove
----------------------------------------------------
Event :
----------------------------------------------------
Stack Trace :   at System.Data.DataTableExtensions.LoadTableFromEnumerable[T](IEnumerable`1 source, DataTable table, Nullable`1 options, FillErrorEventHandler errorHandler)
   at System.Data.DataTableExtensions.CopyToDataTable[T](IEnumerable`1 source)
   at Campco.Common.CheckOut.Remove(String value) in E:\nisha\ordex\hR\Campco\Campco\Common\CheckOut.aspx.cs:line 777
----------------------------------------------------
System.InvalidOperationException: The source contains no DataRows.
   at System.Data.DataTableExtensions.LoadTableFromEnumerable[T](IEnumerable`1 source, DataTable table, Nullable`1 options, FillErrorEventHandler errorHandler)
   at System.Data.DataTableExtensions.CopyToDataTable[T](IEnumerable`1 source)
   at Campco.Common.CheckOut.Remove(String value) in E:\nisha\ordex\hR\Campco\Campco\Common\CheckOut.aspx.cs:line 777
-------------------------END-------------------------5/3/2017 12:27:35 PM
----------------------------------------------------
-------------------------START-------------------------5/3/2017 12:27:37 PM
Page :index.aspx
----------------------------------------------------
Event :
----------------------------------------------------
Stack Trace :   at Campco.Common.index.Page_Load(Object sender, EventArgs e) in E:\nisha\ordex\hR\Campco\Campco\Common\index.aspx.cs:line 133
----------------------------------------------------
System.NullReferenceException: Object reference not set to an instance of an object.
   at Campco.Common.index.Page_Load(Object sender, EventArgs e) in E:\nisha\ordex\hR\Campco\Campco\Common\index.aspx.cs:line 133
-------------------------END-------------------------5/3/2017 12:27:37 PM
----------------------------------------------------
-------------------------START-------------------------5/3/2017 12:27:45 PM
Page :CheckOut.aspx
----------------------------------------------------
Event :Get Customer Profile sample
-------------------------END-------------------------5/3/2017 12:27:45 PM
----------------------------------------------------
-------------------------START-------------------------5/3/2017 12:27:45 PM
Page :CheckOut.aspx
----------------------------------------------------
Event :
----------------------------------------------------
Stack Trace :   at Campco.Common.CheckOut.Page_Load(Object sender, EventArgs e) in E:\nisha\ordex\hR\Campco\Campco\Common\CheckOut.aspx.cs:line 117
----------------------------------------------------
System.NullReferenceException: Object reference not set to an instance of an object.
   at Campco.Common.CheckOut.Page_Load(Object sender, EventArgs e) in E:\nisha\ordex\hR\Campco\Campco\Common\CheckOut.aspx.cs:line 117
-------------------------END-------------------------5/3/2017 12:27:45 PM
----------------------------------------------------
-------------------------START-------------------------5/3/2017 2:11:50 PM
Page :index.aspx
----------------------------------------------------
Event :
----------------------------------------------------
Stack Trace :   at Campco.Common.index.Page_Load(Object sender, EventArgs e) in E:\nisha\ordex\hR\Campco\Campco\Common\index.aspx.cs:line 133
----------------------------------------------------
System.NullReferenceException: Object reference not set to an instance of an object.
   at Campco.Common.index.Page_Load(Object sender, EventArgs e) in E:\nisha\ordex\hR\Campco\Campco\Common\index.aspx.cs:line 133
-------------------------END-------------------------5/3/2017 2:11:50 PM
----------------------------------------------------
-------------------------START-------------------------5/3/2017 2:13:27 PM
Page :index.aspx
----------------------------------------------------
Event :
----------------------------------------------------
Stack Trace :   at Campco.Common.index.Page_Load(Object sender, EventArgs e) in E:\nisha\ordex\hR\Campco\Campco\Common\index.aspx.cs:line 133
----------------------------------------------------
System.NullReferenceException: Object reference not set to an instance of an object.
   at Campco.Common.index.Page_Load(Object sender, EventArgs e) in E:\nisha\ordex\hR\Campco\Campco\Common\index.aspx.cs:line 133
-------------------------END-------------------------5/3/2017 2:13:27 PM
----------------------------------------------------
-------------------------START-------------------------5/3/2017 2:13:29 PM
Page :index.aspx
----------------------------------------------------
Event :
----------------------------------------------------
Stack Trace :   at System.Threading.Thread.AbortInternal()
   at System.Threading.Thread.Abort(Object stateInfo)
   at System.Web.HttpResponse.AbortCurrentThread()
   at System.Web.HttpResponse.End()
   at System.Web.HttpResponse.Redirect(String url, Boolean endResponse, Boolean permanent)
   at System.Web.HttpResponse.Redirect(String url)
   at Campco.Common.CampcoCommon.lnkSinIn_Click(Object sender, EventArgs e) in E:\nisha\ordex\hR\Campco\Campco\Common\CampcoCommon.Master.cs:line 281
----------------------------------------------------
System.Threading.ThreadAbortException: Thread was being aborted.
   at System.Threading.Thread.AbortInternal()
   at System.Threading.Thread.Abort(Object stateInfo)
   at System.Web.HttpResponse.AbortCurrentThread()
   at System.Web.HttpResponse.End()
   at System.Web.HttpResponse.Redirect(String url, Boolean endResponse, Boolean permanent)
   at System.Web.HttpResponse.Redirect(String url)
   at Campco.Common.CampcoCommon.lnkSinIn_Click(Object sender, EventArgs e) in E:\nisha\ordex\hR\Campco\Campco\Common\CampcoCommon.Master.cs:line 281
-------------------------END-------------------------5/3/2017 2:13:29 PM
----------------------------------------------------
-------------------------START-------------------------5/3/2017 2:13:30 PM
Page :index.aspx
----------------------------------------------------
Event :
----------------------------------------------------
Stack Trace :   at Campco.Common.index.Page_Load(Object sender, EventArgs e) in E:\nisha\ordex\hR\Campco\Campco\Common\index.aspx.cs:line 133
----------------------------------------------------
System.NullReferenceException: Object reference not set to an instance of an object.
   at Campco.Common.index.Page_Load(Object sender, EventArgs e) in E:\nisha\ordex\hR\Campco\Campco\Common\index.aspx.cs:line 133
-------------------------END-------------------------5/3/2017 2:13:30 PM
----------------------------------------------------
-------------------------START-------------------------5/3/2017 2:14:06 PM
Page :CheckOut.aspx
----------------------------------------------------
Event :
----------------------------------------------------
Stack Trace :   at System.Threading.Thread.AbortInternal()
   at System.Threading.Thread.Abort(Object stateInfo)
   at System.Web.HttpResponse.AbortCurrentThread()
   at System.Web.HttpResponse.End()
   at System.Web.HttpResponse.Redirect(String url, Boolean endResponse, Boolean permanent)
   at System.Web.HttpResponse.Redirect(String url)
   at Campco.Common.CampcoCommon.lnkSinIn_Click(Object sender, EventArgs e) in E:\nisha\ordex\hR\Campco\Campco\Common\CampcoCommon.Master.cs:line 281
----------------------------------------------------
System.Threading.ThreadAbortException: Thread was being aborted.
   at System.Threading.Thread.AbortInternal()
   at System.Threading.Thread.Abort(Object stateInfo)
   at System.Web.HttpResponse.AbortCurrentThread()
   at System.Web.HttpResponse.End()
   at System.Web.HttpResponse.Redirect(String url, Boolean endResponse, Boolean permanent)
   at System.Web.HttpResponse.Redirect(String url)
   at Campco.Common.CampcoCommon.lnkSinIn_Click(Object sender, EventArgs e) in E:\nisha\ordex\hR\Campco\Campco\Common\CampcoCommon.Master.cs:line 281
-------------------------END-------------------------5/3/2017 2:14:06 PM
----------------------------------------------------
-------------------------START-------------------------5/3/2017 2:14:28 PM
Page :Login.aspx
----------------------------------------------------
Event :
----------------------------------------------------
Stack Trace :   at System.Threading.Thread.AbortInternal()
   at System.Threading.Thread.Abort(Object stateInfo)
   at System.Web.HttpResponse.AbortCurrentThread()
   at System.Web.HttpResponse.End()
   at System.Web.HttpResponse.Redirect(String url, Boolean endResponse, Boolean permanent)
   at System.Web.HttpResponse.Redirect(String url)
   at Campco.Common.CampcoCommon.lnkSinIn_Click(Object sender, EventArgs e) in E:\nisha\ordex\hR\Campco\Campco\Common\CampcoCommon.Master.cs:line 281
----------------------------------------------------
System.Threading.ThreadAbortException: Thread was being aborted.
   at System.Threading.Thread.AbortInternal()
   at System.Threading.Thread.Abort(Object stateInfo)
   at System.Web.HttpResponse.AbortCurrentThread()
   at System.Web.HttpResponse.End()
   at System.Web.HttpResponse.Redirect(String url, Boolean endResponse, Boolean permanent)
   at System.Web.HttpResponse.Redirect(String url)
   at Campco.Common.CampcoCommon.lnkSinIn_Click(Object sender, EventArgs e) in E:\nisha\ordex\hR\Campco\Campco\Common\CampcoCommon.Master.cs:line 281
-------------------------END-------------------------5/3/2017 2:14:28 PM
----------------------------------------------------
-------------------------START-------------------------5/3/2017 2:15:20 PM
Page :index.aspx
----------------------------------------------------
Event :
----------------------------------------------------
Stack Trace :   at Campco.Common.index.Page_Load(Object sender, EventArgs e) in E:\nisha\ordex\hR\Campco\Campco\Common\index.aspx.cs:line 133
----------------------------------------------------
System.NullReferenceException: Object reference not set to an instance of an object.
   at Campco.Common.index.Page_Load(Object sender, EventArgs e) in E:\nisha\ordex\hR\Campco\Campco\Common\index.aspx.cs:line 133
-------------------------END-------------------------5/3/2017 2:15:20 PM
----------------------------------------------------
-------------------------START-------------------------5/3/2017 2:16:42 PM
Page :CheckOut.aspx
----------------------------------------------------
Event :Get Customer Profile sample
-------------------------END-------------------------5/3/2017 2:16:42 PM
----------------------------------------------------
-------------------------START-------------------------5/3/2017 2:16:45 PM
Page :CheckOut.aspx
----------------------------------------------------
Event :Successful.
-------------------------END-------------------------5/3/2017 2:16:45 PM
----------------------------------------------------
-------------------------START-------------------------5/3/2017 2:16:45 PM
Page :CheckOut.aspx
----------------------------------------------------
Event :Customer Profile Id: 1218499991
-------------------------END-------------------------5/3/2017 2:16:45 PM
----------------------------------------------------
-------------------------START-------------------------5/3/2017 2:27:27 PM
Page :index.aspx
----------------------------------------------------
Event :
----------------------------------------------------
Stack Trace :   at Campco.Common.index.Page_Load(Object sender, EventArgs e) in E:\nisha\ordex\hR\Campco\Campco\Common\index.aspx.cs:line 133
----------------------------------------------------
System.NullReferenceException: Object reference not set to an instance of an object.
   at Campco.Common.index.Page_Load(Object sender, EventArgs e) in E:\nisha\ordex\hR\Campco\Campco\Common\index.aspx.cs:line 133
-------------------------END-------------------------5/3/2017 2:27:27 PM
----------------------------------------------------
-------------------------START-------------------------5/3/2017 2:27:54 PM
Page :index.aspx
----------------------------------------------------
Event :
----------------------------------------------------
Stack Trace :   at Campco.Common.index.Page_Load(Object sender, EventArgs e) in E:\nisha\ordex\hR\Campco\Campco\Common\index.aspx.cs:line 133
----------------------------------------------------
System.NullReferenceException: Object reference not set to an instance of an object.
   at Campco.Common.index.Page_Load(Object sender, EventArgs e) in E:\nisha\ordex\hR\Campco\Campco\Common\index.aspx.cs:line 133
-------------------------END-------------------------5/3/2017 2:27:54 PM
----------------------------------------------------
-------------------------START-------------------------5/3/2017 2:27:55 PM
Page :index.aspx
----------------------------------------------------
Event :
----------------------------------------------------
Stack Trace :   at System.Threading.Thread.AbortInternal()
   at System.Threading.Thread.Abort(Object stateInfo)
   at System.Web.HttpResponse.AbortCurrentThread()
   at System.Web.HttpResponse.End()
   at System.Web.HttpResponse.Redirect(String url, Boolean endResponse, Boolean permanent)
   at System.Web.HttpResponse.Redirect(String url)
   at Campco.Common.CampcoCommon.lnkSinIn_Click(Object sender, EventArgs e) in E:\nisha\ordex\hR\Campco\Campco\Common\CampcoCommon.Master.cs:line 281
----------------------------------------------------
System.Threading.ThreadAbortException: Thread was being aborted.
   at System.Threading.Thread.AbortInternal()
   at System.Threading.Thread.Abort(Object stateInfo)
   at System.Web.HttpResponse.AbortCurrentThread()
   at System.Web.HttpResponse.End()
   at System.Web.HttpResponse.Redirect(String url, Boolean endResponse, Boolean permanent)
   at System.Web.HttpResponse.Redirect(String url)
   at Campco.Common.CampcoCommon.lnkSinIn_Click(Object sender, EventArgs e) in E:\nisha\ordex\hR\Campco\Campco\Common\CampcoCommon.Master.cs:line 281
-------------------------END-------------------------5/3/2017 2:27:55 PM
----------------------------------------------------
-------------------------START-------------------------5/3/2017 2:28:16 PM
Page :index.aspx
----------------------------------------------------
Event :
----------------------------------------------------
Stack Trace :   at Campco.Common.index.Page_Load(Object sender, EventArgs e) in E:\nisha\ordex\hR\Campco\Campco\Common\index.aspx.cs:line 133
----------------------------------------------------
System.NullReferenceException: Object reference not set to an instance of an object.
   at Campco.Common.index.Page_Load(Object sender, EventArgs e) in E:\nisha\ordex\hR\Campco\Campco\Common\index.aspx.cs:line 133
-------------------------END-------------------------5/3/2017 2:28:16 PM
----------------------------------------------------
-------------------------START-------------------------5/3/2017 2:28:26 PM
Page :CheckOut.aspx
----------------------------------------------------
Event :Get Customer Profile sample
-------------------------END-------------------------5/3/2017 2:28:26 PM
----------------------------------------------------
-------------------------START-------------------------5/3/2017 2:28:28 PM
Page :CheckOut.aspx
----------------------------------------------------
Event :Successful.
-------------------------END-------------------------5/3/2017 2:28:28 PM
----------------------------------------------------
-------------------------START-------------------------5/3/2017 2:28:28 PM
Page :CheckOut.aspx
----------------------------------------------------
Event :Customer Profile Id: 1218499991
-------------------------END-------------------------5/3/2017 2:28:28 PM
----------------------------------------------------
-------------------------START-------------------------5/3/2017 2:30:51 PM
Page :index.aspx
----------------------------------------------------
Event :
----------------------------------------------------
Stack Trace :   at Campco.Common.index.Page_Load(Object sender, EventArgs e) in E:\nisha\ordex\hR\Campco\Campco\Common\index.aspx.cs:line 133
----------------------------------------------------
System.NullReferenceException: Object reference not set to an instance of an object.
   at Campco.Common.index.Page_Load(Object sender, EventArgs e) in E:\nisha\ordex\hR\Campco\Campco\Common\index.aspx.cs:line 133
-------------------------END-------------------------5/3/2017 2:30:51 PM
----------------------------------------------------
-------------------------START-------------------------5/3/2017 2:35:47 PM
Page :CheckOut.aspx
----------------------------------------------------
Event :Get Customer Profile sample
-------------------------END-------------------------5/3/2017 2:35:47 PM
----------------------------------------------------
-------------------------START-------------------------5/3/2017 2:35:48 PM
Page :CheckOut.aspx
----------------------------------------------------
Event :Successful.
-------------------------END-------------------------5/3/2017 2:35:48 PM
----------------------------------------------------
-------------------------START-------------------------5/3/2017 2:35:48 PM
Page :CheckOut.aspx
----------------------------------------------------
Event :Customer Profile Id: 1218499991
-------------------------END-------------------------5/3/2017 2:35:48 PM
----------------------------------------------------
-------------------------START-------------------------5/3/2017 2:42:22 PM
Page :CheckOut.aspx
----------------------------------------------------
Event :Get Customer Profile sample
-------------------------END-------------------------5/3/2017 2:42:22 PM
----------------------------------------------------
-------------------------START-------------------------5/3/2017 2:42:24 PM
Page :CheckOut.aspx
----------------------------------------------------
Event :Successful.
-------------------------END-------------------------5/3/2017 2:42:24 PM
----------------------------------------------------
-------------------------START-------------------------5/3/2017 2:42:24 PM
Page :CheckOut.aspx
----------------------------------------------------
Event :Customer Profile Id: 1218499991
-------------------------END-------------------------5/3/2017 2:42:24 PM
----------------------------------------------------
-------------------------START-------------------------5/3/2017 2:53:34 PM
Page :CheckOut.aspx
----------------------------------------------------
Event :Get Customer Profile sample
-------------------------END-------------------------5/3/2017 2:53:34 PM
----------------------------------------------------
-------------------------START-------------------------5/3/2017 2:53:36 PM
Page :CheckOut.aspx
----------------------------------------------------
Event :Successful.
-------------------------END-------------------------5/3/2017 2:53:36 PM
----------------------------------------------------
-------------------------START-------------------------5/3/2017 2:53:36 PM
Page :CheckOut.aspx
----------------------------------------------------
Event :Customer Profile Id: 1218499991
-------------------------END-------------------------5/3/2017 2:53:36 PM
----------------------------------------------------
-------------------------START-------------------------5/3/2017 2:55:04 PM
Page :index.aspx
----------------------------------------------------
Event :
----------------------------------------------------
Stack Trace :   at Campco.Common.index.Page_Load(Object sender, EventArgs e) in E:\nisha\ordex\hR\Campco\Campco\Common\index.aspx.cs:line 133
----------------------------------------------------
System.NullReferenceException: Object reference not set to an instance of an object.
   at Campco.Common.index.Page_Load(Object sender, EventArgs e) in E:\nisha\ordex\hR\Campco\Campco\Common\index.aspx.cs:line 133
-------------------------END-------------------------5/3/2017 2:55:05 PM
----------------------------------------------------
-------------------------START-------------------------5/3/2017 2:56:11 PM
Page :CheckOut.aspx
----------------------------------------------------
Event :Get Customer Profile sample
-------------------------END-------------------------5/3/2017 2:56:11 PM
----------------------------------------------------
-------------------------START-------------------------5/3/2017 2:56:13 PM
Page :CheckOut.aspx
----------------------------------------------------
Event :Successful.
-------------------------END-------------------------5/3/2017 2:56:13 PM
----------------------------------------------------
-------------------------START-------------------------5/3/2017 2:56:13 PM
Page :CheckOut.aspx
----------------------------------------------------
Event :Customer Profile Id: 1218499991
-------------------------END-------------------------5/3/2017 2:56:13 PM
----------------------------------------------------
-------------------------START-------------------------5/3/2017 2:58:08 PM
Page :index.aspx
----------------------------------------------------
Event :
----------------------------------------------------
Stack Trace :   at Campco.Common.index.Page_Load(Object sender, EventArgs e) in E:\nisha\ordex\hR\Campco\Campco\Common\index.aspx.cs:line 133
----------------------------------------------------
System.NullReferenceException: Object reference not set to an instance of an object.
   at Campco.Common.index.Page_Load(Object sender, EventArgs e) in E:\nisha\ordex\hR\Campco\Campco\Common\index.aspx.cs:line 133
-------------------------END-------------------------5/3/2017 2:58:08 PM
----------------------------------------------------
-------------------------START-------------------------5/3/2017 3:00:41 PM
Page :CheckOut.aspx
----------------------------------------------------
Event :Get Customer Profile sample
-------------------------END-------------------------5/3/2017 3:00:41 PM
----------------------------------------------------
-------------------------START-------------------------5/3/2017 3:00:43 PM
Page :CheckOut.aspx
----------------------------------------------------
Event :Successful.
-------------------------END-------------------------5/3/2017 3:00:43 PM
----------------------------------------------------
-------------------------START-------------------------5/3/2017 3:00:43 PM
Page :CheckOut.aspx
----------------------------------------------------
Event :Customer Profile Id: 1218499991
-------------------------END-------------------------5/3/2017 3:00:43 PM
----------------------------------------------------
-------------------------START-------------------------5/3/2017 3:02:35 PM
Page :CheckOut.aspx
----------------------------------------------------
Event :Get Customer Profile sample
-------------------------END-------------------------5/3/2017 3:02:35 PM
----------------------------------------------------
-------------------------START-------------------------5/3/2017 3:02:37 PM
Page :CheckOut.aspx
----------------------------------------------------
Event :Successful.
-------------------------END-------------------------5/3/2017 3:02:37 PM
----------------------------------------------------
-------------------------START-------------------------5/3/2017 3:02:37 PM
Page :CheckOut.aspx
----------------------------------------------------
Event :Customer Profile Id: 1218499991
-------------------------END-------------------------5/3/2017 3:02:37 PM
----------------------------------------------------
-------------------------START-------------------------5/3/2017 3:03:20 PM
Page :index.aspx
----------------------------------------------------
Event :
----------------------------------------------------
Stack Trace :   at Campco.Common.index.Page_Load(Object sender, EventArgs e) in E:\nisha\ordex\hR\Campco\Campco\Common\index.aspx.cs:line 133
----------------------------------------------------
System.NullReferenceException: Object reference not set to an instance of an object.
   at Campco.Common.index.Page_Load(Object sender, EventArgs e) in E:\nisha\ordex\hR\Campco\Campco\Common\index.aspx.cs:line 133
-------------------------END-------------------------5/3/2017 3:03:20 PM
----------------------------------------------------
-------------------------START-------------------------5/3/2017 3:03:33 PM
Page :CheckOut.aspx
----------------------------------------------------
Event :Get Customer Profile sample
-------------------------END-------------------------5/3/2017 3:03:33 PM
----------------------------------------------------
-------------------------START-------------------------5/3/2017 3:03:35 PM
Page :CheckOut.aspx
----------------------------------------------------
Event :Successful.
-------------------------END-------------------------5/3/2017 3:03:35 PM
----------------------------------------------------
-------------------------START-------------------------5/3/2017 3:03:35 PM
Page :CheckOut.aspx
----------------------------------------------------
Event :Customer Profile Id: 1218499991
-------------------------END-------------------------5/3/2017 3:03:35 PM
----------------------------------------------------
-------------------------START-------------------------5/3/2017 3:09:58 PM
Page :index.aspx
----------------------------------------------------
Event :
----------------------------------------------------
Stack Trace :   at Campco.Common.index.Page_Load(Object sender, EventArgs e) in E:\nisha\ordex\hR\Campco\Campco\Common\index.aspx.cs:line 133
----------------------------------------------------
System.NullReferenceException: Object reference not set to an instance of an object.
   at Campco.Common.index.Page_Load(Object sender, EventArgs e) in E:\nisha\ordex\hR\Campco\Campco\Common\index.aspx.cs:line 133
-------------------------END-------------------------5/3/2017 3:09:58 PM
----------------------------------------------------
-------------------------START-------------------------5/3/2017 3:10:17 PM
Page :CheckOut.aspx
----------------------------------------------------
Event :Get Customer Profile sample
-------------------------END-------------------------5/3/2017 3:10:17 PM
----------------------------------------------------
-------------------------START-------------------------5/3/2017 3:10:19 PM
Page :CheckOut.aspx
----------------------------------------------------
Event :Successful.
-------------------------END-------------------------5/3/2017 3:10:19 PM
----------------------------------------------------
-------------------------START-------------------------5/3/2017 3:10:19 PM
Page :CheckOut.aspx
----------------------------------------------------
Event :Customer Profile Id: 1218499991
-------------------------END-------------------------5/3/2017 3:10:19 PM
----------------------------------------------------
-------------------------START-------------------------5/3/2017 3:18:37 PM
Page :index.aspx
----------------------------------------------------
Event :
----------------------------------------------------
Stack Trace :   at Campco.Common.index.Page_Load(Object sender, EventArgs e) in E:\nisha\ordex\hR\Campco\Campco\Common\index.aspx.cs:line 133
----------------------------------------------------
System.NullReferenceException: Object reference not set to an instance of an object.
   at Campco.Common.index.Page_Load(Object sender, EventArgs e) in E:\nisha\ordex\hR\Campco\Campco\Common\index.aspx.cs:line 133
-------------------------END-------------------------5/3/2017 3:18:37 PM
----------------------------------------------------
-------------------------START-------------------------5/3/2017 3:18:56 PM
Page :CheckOut.aspx
----------------------------------------------------
Event :Get Customer Profile sample
-------------------------END-------------------------5/3/2017 3:18:56 PM
----------------------------------------------------
-------------------------START-------------------------5/3/2017 3:18:59 PM
Page :CheckOut.aspx
----------------------------------------------------
Event :Successful.
-------------------------END-------------------------5/3/2017 3:18:59 PM
----------------------------------------------------
-------------------------START-------------------------5/3/2017 3:18:59 PM
Page :CheckOut.aspx
----------------------------------------------------
Event :Customer Profile Id: 1218499991
-------------------------END-------------------------5/3/2017 3:18:59 PM
----------------------------------------------------
-------------------------START-------------------------5/3/2017 3:19:53 PM
Page :CheckOut.aspx
----------------------------------------------------
Event :Get Customer Profile sample
-------------------------END-------------------------5/3/2017 3:19:53 PM
----------------------------------------------------
-------------------------START-------------------------5/3/2017 3:19:54 PM
Page :CheckOut.aspx
----------------------------------------------------
Event :Successful.
-------------------------END-------------------------5/3/2017 3:19:54 PM
----------------------------------------------------
-------------------------START-------------------------5/3/2017 3:19:54 PM
Page :CheckOut.aspx
----------------------------------------------------
Event :Customer Profile Id: 1218499991
-------------------------END-------------------------5/3/2017 3:19:54 PM
----------------------------------------------------
-------------------------START-------------------------5/3/2017 3:19:55 PM
Page :CheckOut.aspx
----------------------------------------------------
Event :
----------------------------------------------------
Stack Trace :   at System.Threading.Thread.AbortInternal()
   at System.Threading.Thread.Abort(Object stateInfo)
   at System.Web.HttpResponse.AbortCurrentThread()
   at System.Web.HttpResponse.End()
   at System.Web.HttpResponse.Redirect(String url, Boolean endResponse, Boolean permanent)
   at System.Web.HttpResponse.Redirect(String url)
   at Campco.Common.CampcoCommon.lnkSignout_Click(Object sender, EventArgs e) in E:\nisha\ordex\hR\Campco\Campco\Common\CampcoCommon.Master.cs:line 302
----------------------------------------------------
System.Threading.ThreadAbortException: Thread was being aborted.
   at System.Threading.Thread.AbortInternal()
   at System.Threading.Thread.Abort(Object stateInfo)
   at System.Web.HttpResponse.AbortCurrentThread()
   at System.Web.HttpResponse.End()
   at System.Web.HttpResponse.Redirect(String url, Boolean endResponse, Boolean permanent)
   at System.Web.HttpResponse.Redirect(String url)
   at Campco.Common.CampcoCommon.lnkSignout_Click(Object sender, EventArgs e) in E:\nisha\ordex\hR\Campco\Campco\Common\CampcoCommon.Master.cs:line 302
-------------------------END-------------------------5/3/2017 3:19:55 PM
----------------------------------------------------
-------------------------START-------------------------5/3/2017 3:19:56 PM
Page :index.aspx
----------------------------------------------------
Event :
----------------------------------------------------
Stack Trace :   at Campco.Common.index.Page_Load(Object sender, EventArgs e) in E:\nisha\ordex\hR\Campco\Campco\Common\index.aspx.cs:line 133
----------------------------------------------------
System.NullReferenceException: Object reference not set to an instance of an object.
   at Campco.Common.index.Page_Load(Object sender, EventArgs e) in E:\nisha\ordex\hR\Campco\Campco\Common\index.aspx.cs:line 133
-------------------------END-------------------------5/3/2017 3:19:56 PM
----------------------------------------------------
-------------------------START-------------------------5/3/2017 3:20:41 PM
Page :index.aspx
----------------------------------------------------
Event :
----------------------------------------------------
Stack Trace :   at Campco.Common.index.Page_Load(Object sender, EventArgs e) in E:\nisha\ordex\hR\Campco\Campco\Common\index.aspx.cs:line 133
----------------------------------------------------
System.NullReferenceException: Object reference not set to an instance of an object.
   at Campco.Common.index.Page_Load(Object sender, EventArgs e) in E:\nisha\ordex\hR\Campco\Campco\Common\index.aspx.cs:line 133
-------------------------END-------------------------5/3/2017 3:20:41 PM
----------------------------------------------------
-------------------------START-------------------------5/3/2017 3:22:51 PM
Page :index.aspx
----------------------------------------------------
Event :
----------------------------------------------------
Stack Trace :   at Campco.Common.index.Page_Load(Object sender, EventArgs e) in E:\nisha\ordex\hR\Campco\Campco\Common\index.aspx.cs:line 133
----------------------------------------------------
System.NullReferenceException: Object reference not set to an instance of an object.
   at Campco.Common.index.Page_Load(Object sender, EventArgs e) in E:\nisha\ordex\hR\Campco\Campco\Common\index.aspx.cs:line 133
-------------------------END-------------------------5/3/2017 3:22:51 PM
----------------------------------------------------
-------------------------START-------------------------5/3/2017 3:23:06 PM
Page :CheckOut.aspx
----------------------------------------------------
Event :
----------------------------------------------------
Stack Trace :   at System.Threading.Thread.AbortInternal()
   at System.Threading.Thread.Abort(Object stateInfo)
   at System.Web.HttpResponse.AbortCurrentThread()
   at System.Web.HttpResponse.End()
   at System.Web.HttpResponse.Redirect(String url, Boolean endResponse, Boolean permanent)
   at System.Web.HttpResponse.Redirect(String url)
   at Campco.Common.CampcoCommon.lnkSinIn_Click(Object sender, EventArgs e) in E:\nisha\ordex\hR\Campco\Campco\Common\CampcoCommon.Master.cs:line 281
----------------------------------------------------
System.Threading.ThreadAbortException: Thread was being aborted.
   at System.Threading.Thread.AbortInternal()
   at System.Threading.Thread.Abort(Object stateInfo)
   at System.Web.HttpResponse.AbortCurrentThread()
   at System.Web.HttpResponse.End()
   at System.Web.HttpResponse.Redirect(String url, Boolean endResponse, Boolean permanent)
   at System.Web.HttpResponse.Redirect(String url)
   at Campco.Common.CampcoCommon.lnkSinIn_Click(Object sender, EventArgs e) in E:\nisha\ordex\hR\Campco\Campco\Common\CampcoCommon.Master.cs:line 281
-------------------------END-------------------------5/3/2017 3:23:06 PM
----------------------------------------------------
-------------------------START-------------------------5/3/2017 3:23:18 PM
Page :index.aspx
----------------------------------------------------
Event :
----------------------------------------------------
Stack Trace :   at Campco.Common.index.Page_Load(Object sender, EventArgs e) in E:\nisha\ordex\hR\Campco\Campco\Common\index.aspx.cs:line 133
----------------------------------------------------
System.NullReferenceException: Object reference not set to an instance of an object.
   at Campco.Common.index.Page_Load(Object sender, EventArgs e) in E:\nisha\ordex\hR\Campco\Campco\Common\index.aspx.cs:line 133
-------------------------END-------------------------5/3/2017 3:23:18 PM
----------------------------------------------------
-------------------------START-------------------------5/3/2017 3:23:23 PM
Page :CheckOut.aspx
----------------------------------------------------
Event :Get Customer Profile sample
-------------------------END-------------------------5/3/2017 3:23:23 PM
----------------------------------------------------
-------------------------START-------------------------5/3/2017 3:23:24 PM
Page :CheckOut.aspx
----------------------------------------------------
Event :Successful.
-------------------------END-------------------------5/3/2017 3:23:24 PM
----------------------------------------------------
-------------------------START-------------------------5/3/2017 3:23:24 PM
Page :CheckOut.aspx
----------------------------------------------------
Event :Customer Profile Id: 1218499991
-------------------------END-------------------------5/3/2017 3:23:24 PM
----------------------------------------------------
-------------------------START-------------------------5/3/2017 3:26:17 PM
Page :CheckOut.aspx
----------------------------------------------------
Event :Get Customer Profile sample
-------------------------END-------------------------5/3/2017 3:26:17 PM
----------------------------------------------------
-------------------------START-------------------------5/3/2017 3:26:19 PM
Page :CheckOut.aspx
----------------------------------------------------
Event :Successful.
-------------------------END-------------------------5/3/2017 3:26:19 PM
----------------------------------------------------
-------------------------START-------------------------5/3/2017 3:26:19 PM
Page :CheckOut.aspx
----------------------------------------------------
Event :Customer Profile Id: 1218499991
-------------------------END-------------------------5/3/2017 3:26:19 PM
----------------------------------------------------
-------------------------START-------------------------5/3/2017 3:26:20 PM
Page :CheckOut.aspx
----------------------------------------------------
Event :
----------------------------------------------------
Stack Trace :   at System.Threading.Thread.AbortInternal()
   at System.Threading.Thread.Abort(Object stateInfo)
   at System.Web.HttpResponse.AbortCurrentThread()
   at System.Web.HttpResponse.End()
   at System.Web.HttpResponse.Redirect(String url, Boolean endResponse, Boolean permanent)
   at System.Web.HttpResponse.Redirect(String url)
   at Campco.Common.CampcoCommon.lnkSignout_Click(Object sender, EventArgs e) in E:\nisha\ordex\hR\Campco\Campco\Common\CampcoCommon.Master.cs:line 302
----------------------------------------------------
System.Threading.ThreadAbortException: Thread was being aborted.
   at System.Threading.Thread.AbortInternal()
   at System.Threading.Thread.Abort(Object stateInfo)
   at System.Web.HttpResponse.AbortCurrentThread()
   at System.Web.HttpResponse.End()
   at System.Web.HttpResponse.Redirect(String url, Boolean endResponse, Boolean permanent)
   at System.Web.HttpResponse.Redirect(String url)
   at Campco.Common.CampcoCommon.lnkSignout_Click(Object sender, EventArgs e) in E:\nisha\ordex\hR\Campco\Campco\Common\CampcoCommon.Master.cs:line 302
-------------------------END-------------------------5/3/2017 3:26:20 PM
----------------------------------------------------
-------------------------START-------------------------5/3/2017 3:26:20 PM
Page :index.aspx
----------------------------------------------------
Event :
----------------------------------------------------
Stack Trace :   at Campco.Common.index.Page_Load(Object sender, EventArgs e) in E:\nisha\ordex\hR\Campco\Campco\Common\index.aspx.cs:line 133
----------------------------------------------------
System.NullReferenceException: Object reference not set to an instance of an object.
   at Campco.Common.index.Page_Load(Object sender, EventArgs e) in E:\nisha\ordex\hR\Campco\Campco\Common\index.aspx.cs:line 133
-------------------------END-------------------------5/3/2017 3:26:20 PM
----------------------------------------------------
-------------------------START-------------------------5/3/2017 3:40:52 PM
Page :index.aspx
----------------------------------------------------
Event :
----------------------------------------------------
Stack Trace :   at Campco.Common.index.Page_Load(Object sender, EventArgs e) in E:\nisha\ordex\hR\Campco\Campco\Common\index.aspx.cs:line 133
----------------------------------------------------
System.NullReferenceException: Object reference not set to an instance of an object.
   at Campco.Common.index.Page_Load(Object sender, EventArgs e) in E:\nisha\ordex\hR\Campco\Campco\Common\index.aspx.cs:line 133
-------------------------END-------------------------5/3/2017 3:40:52 PM
----------------------------------------------------
-------------------------START-------------------------5/3/2017 3:40:54 PM
Page :index.aspx
----------------------------------------------------
Event :
----------------------------------------------------
Stack Trace :   at System.Threading.Thread.AbortInternal()
   at System.Threading.Thread.Abort(Object stateInfo)
   at System.Web.HttpResponse.AbortCurrentThread()
   at System.Web.HttpResponse.End()
   at System.Web.HttpResponse.Redirect(String url, Boolean endResponse, Boolean permanent)
   at System.Web.HttpResponse.Redirect(String url)
   at Campco.Common.CampcoCommon.lnkSinIn_Click(Object sender, EventArgs e) in E:\nisha\ordex\hR\Campco\Campco\Common\CampcoCommon.Master.cs:line 281
----------------------------------------------------
System.Threading.ThreadAbortException: Thread was being aborted.
   at System.Threading.Thread.AbortInternal()
   at System.Threading.Thread.Abort(Object stateInfo)
   at System.Web.HttpResponse.AbortCurrentThread()
   at System.Web.HttpResponse.End()
   at System.Web.HttpResponse.Redirect(String url, Boolean endResponse, Boolean permanent)
   at System.Web.HttpResponse.Redirect(String url)
   at Campco.Common.CampcoCommon.lnkSinIn_Click(Object sender, EventArgs e) in E:\nisha\ordex\hR\Campco\Campco\Common\CampcoCommon.Master.cs:line 281
-------------------------END-------------------------5/3/2017 3:40:54 PM
----------------------------------------------------
