-------------------------START-------------------------4/17/2017 11:19:12 AM
Page :index.aspx
----------------------------------------------------
Stack Trace :   at Campco.Common.index.Page_Load(Object sender, EventArgs e) in E:\nisha\ordex\hR\Campco\Campco\Common\index.aspx.cs:line 133
----------------------------------------------------
System.NullReferenceException: Object reference not set to an instance of an object.
   at Campco.Common.index.Page_Load(Object sender, EventArgs e) in E:\nisha\ordex\hR\Campco\Campco\Common\index.aspx.cs:line 133
-------------------------END-------------------------4/17/2017 11:19:12 AM
----------------------------------------------------
-------------------------START-------------------------4/17/2017 11:19:46 AM
Page :index.aspx
----------------------------------------------------
Event :
----------------------------------------------------
Stack Trace :   at Campco.Common.index.Page_Load(Object sender, EventArgs e) in E:\nisha\ordex\hR\Campco\Campco\Common\index.aspx.cs:line 133
----------------------------------------------------
System.NullReferenceException: Object reference not set to an instance of an object.
   at Campco.Common.index.Page_Load(Object sender, EventArgs e) in E:\nisha\ordex\hR\Campco\Campco\Common\index.aspx.cs:line 133
-------------------------END-------------------------4/17/2017 11:19:46 AM
----------------------------------------------------
-------------------------START-------------------------4/17/2017 11:19:53 AM
Page :index.aspx
----------------------------------------------------
Event :
----------------------------------------------------
Stack Trace :   at System.Threading.Thread.AbortInternal()
   at System.Threading.Thread.Abort(Object stateInfo)
   at System.Web.HttpResponse.AbortCurrentThread()
   at System.Web.HttpResponse.End()
   at System.Web.HttpResponse.Redirect(String url, Boolean endResponse, Boolean permanent)
   at System.Web.HttpResponse.Redirect(String url)
   at Campco.Common.CampcoCommon.lnkSinIn_Click(Object sender, EventArgs e) in E:\nisha\ordex\hR\Campco\Campco\Common\CampcoCommon.Master.cs:line 281
----------------------------------------------------
System.Threading.ThreadAbortException: Thread was being aborted.
   at System.Threading.Thread.AbortInternal()
   at System.Threading.Thread.Abort(Object stateInfo)
   at System.Web.HttpResponse.AbortCurrentThread()
   at System.Web.HttpResponse.End()
   at System.Web.HttpResponse.Redirect(String url, Boolean endResponse, Boolean permanent)
   at System.Web.HttpResponse.Redirect(String url)
   at Campco.Common.CampcoCommon.lnkSinIn_Click(Object sender, EventArgs e) in E:\nisha\ordex\hR\Campco\Campco\Common\CampcoCommon.Master.cs:line 281
-------------------------END-------------------------4/17/2017 11:19:53 AM
----------------------------------------------------
-------------------------START-------------------------4/17/2017 11:27:52 AM
Page :index.aspx
----------------------------------------------------
Event :
----------------------------------------------------
Stack Trace :   at Campco.Common.index.Page_Load(Object sender, EventArgs e) in E:\nisha\ordex\hR\Campco\Campco\Common\index.aspx.cs:line 133
----------------------------------------------------
System.NullReferenceException: Object reference not set to an instance of an object.
   at Campco.Common.index.Page_Load(Object sender, EventArgs e) in E:\nisha\ordex\hR\Campco\Campco\Common\index.aspx.cs:line 133
-------------------------END-------------------------4/17/2017 11:27:52 AM
----------------------------------------------------
-------------------------START-------------------------4/17/2017 11:30:59 AM
Page :CheckOut.aspx
----------------------------------------------------
Event :Get Customer Profile sample
-------------------------END-------------------------4/17/2017 11:30:59 AM
----------------------------------------------------
-------------------------START-------------------------4/17/2017 11:31:04 AM
Page :CheckOut.aspx
----------------------------------------------------
Event :Successful.
-------------------------END-------------------------4/17/2017 11:31:04 AM
----------------------------------------------------
-------------------------START-------------------------4/17/2017 11:31:04 AM
Page :CheckOut.aspx
----------------------------------------------------
Event :Customer Profile Id: 1218499991
-------------------------END-------------------------4/17/2017 11:31:04 AM
----------------------------------------------------
-------------------------START-------------------------4/17/2017 11:31:23 AM
Page :CheckOut.aspx
----------------------------------------------------
Event :Get Customer Profile sample
-------------------------END-------------------------4/17/2017 11:31:23 AM
----------------------------------------------------
-------------------------START-------------------------4/17/2017 11:31:25 AM
Page :CheckOut.aspx
----------------------------------------------------
Event :Successful.
-------------------------END-------------------------4/17/2017 11:31:25 AM
----------------------------------------------------
-------------------------START-------------------------4/17/2017 11:31:25 AM
Page :CheckOut.aspx
----------------------------------------------------
Event :Customer Profile Id: 1218499991
-------------------------END-------------------------4/17/2017 11:31:25 AM
----------------------------------------------------
-------------------------START-------------------------4/17/2017 11:31:31 AM
Page :CheckOut.aspx
----------------------------------------------------
Event :ProcessOrders Buttom Click
-------------------------END-------------------------4/17/2017 11:31:31 AM
----------------------------------------------------
-------------------------START-------------------------4/17/2017 11:43:23 AM
Page :index.aspx
----------------------------------------------------
Event :
----------------------------------------------------
Stack Trace :   at Campco.Common.index.Page_Load(Object sender, EventArgs e) in E:\nisha\ordex\hR\Campco\Campco\Common\index.aspx.cs:line 82
----------------------------------------------------
System.NullReferenceException: Object reference not set to an instance of an object.
   at Campco.Common.index.Page_Load(Object sender, EventArgs e) in E:\nisha\ordex\hR\Campco\Campco\Common\index.aspx.cs:line 82
-------------------------END-------------------------4/17/2017 11:43:23 AM
----------------------------------------------------
-------------------------START-------------------------4/17/2017 11:46:36 AM
Page :index.aspx
----------------------------------------------------
Event :
----------------------------------------------------
Stack Trace :   at Campco.Common.index.Page_Load(Object sender, EventArgs e) in E:\nisha\ordex\hR\Campco\Campco\Common\index.aspx.cs:line 133
----------------------------------------------------
System.NullReferenceException: Object reference not set to an instance of an object.
   at Campco.Common.index.Page_Load(Object sender, EventArgs e) in E:\nisha\ordex\hR\Campco\Campco\Common\index.aspx.cs:line 133
-------------------------END-------------------------4/17/2017 11:46:36 AM
----------------------------------------------------
-------------------------START-------------------------4/17/2017 11:49:12 AM
Page :CheckOut.aspx
----------------------------------------------------
Event :Get Customer Profile sample
-------------------------END-------------------------4/17/2017 11:49:12 AM
----------------------------------------------------
-------------------------START-------------------------4/17/2017 11:49:15 AM
Page :CheckOut.aspx
----------------------------------------------------
Event :Successful.
-------------------------END-------------------------4/17/2017 11:49:15 AM
----------------------------------------------------
-------------------------START-------------------------4/17/2017 11:49:15 AM
Page :CheckOut.aspx
----------------------------------------------------
Event :Customer Profile Id: 1218499991
-------------------------END-------------------------4/17/2017 11:49:15 AM
----------------------------------------------------
-------------------------START-------------------------4/17/2017 11:50:06 AM
Page :CheckOut.aspx
----------------------------------------------------
Event :Get Customer Profile sample
-------------------------END-------------------------4/17/2017 11:50:06 AM
----------------------------------------------------
-------------------------START-------------------------4/17/2017 11:50:07 AM
Page :CheckOut.aspx
----------------------------------------------------
Event :Successful.
-------------------------END-------------------------4/17/2017 11:50:07 AM
----------------------------------------------------
-------------------------START-------------------------4/17/2017 11:50:07 AM
Page :CheckOut.aspx
----------------------------------------------------
Event :Customer Profile Id: 1218499991
-------------------------END-------------------------4/17/2017 11:50:07 AM
----------------------------------------------------
-------------------------START-------------------------4/17/2017 11:50:12 AM
Page :CheckOut.aspx
----------------------------------------------------
Event :ProcessOrders Buttom Click
-------------------------END-------------------------4/17/2017 11:50:12 AM
----------------------------------------------------
-------------------------START-------------------------4/17/2017 2:58:06 PM
Page :index.aspx
----------------------------------------------------
Event :
----------------------------------------------------
Stack Trace :   at Campco.Common.index.Page_Load(Object sender, EventArgs e) in E:\nisha\ordex\hR\Campco\Campco\Common\index.aspx.cs:line 133
----------------------------------------------------
System.NullReferenceException: Object reference not set to an instance of an object.
   at Campco.Common.index.Page_Load(Object sender, EventArgs e) in E:\nisha\ordex\hR\Campco\Campco\Common\index.aspx.cs:line 133
-------------------------END-------------------------4/17/2017 2:58:06 PM
----------------------------------------------------
-------------------------START-------------------------4/17/2017 3:00:40 PM
Page :index.aspx
----------------------------------------------------
Event :
----------------------------------------------------
Stack Trace :   at Campco.Common.index.Page_Load(Object sender, EventArgs e) in E:\nisha\ordex\hR\Campco\Campco\Common\index.aspx.cs:line 133
----------------------------------------------------
System.NullReferenceException: Object reference not set to an instance of an object.
   at Campco.Common.index.Page_Load(Object sender, EventArgs e) in E:\nisha\ordex\hR\Campco\Campco\Common\index.aspx.cs:line 133
-------------------------END-------------------------4/17/2017 3:00:40 PM
----------------------------------------------------
-------------------------START-------------------------4/17/2017 3:23:32 PM
Page :index.aspx
----------------------------------------------------
Event :
----------------------------------------------------
Stack Trace :   at Campco.Common.index.Page_Load(Object sender, EventArgs e) in E:\nisha\ordex\hR\Campco\Campco\Common\index.aspx.cs:line 133
----------------------------------------------------
System.NullReferenceException: Object reference not set to an instance of an object.
   at Campco.Common.index.Page_Load(Object sender, EventArgs e) in E:\nisha\ordex\hR\Campco\Campco\Common\index.aspx.cs:line 133
-------------------------END-------------------------4/17/2017 3:23:32 PM
----------------------------------------------------
-------------------------START-------------------------4/17/2017 3:24:23 PM
Page :index.aspx
----------------------------------------------------
Event :
----------------------------------------------------
Stack Trace :   at Campco.Common.index.Page_Load(Object sender, EventArgs e) in E:\nisha\ordex\hR\Campco\Campco\Common\index.aspx.cs:line 133
----------------------------------------------------
System.NullReferenceException: Object reference not set to an instance of an object.
   at Campco.Common.index.Page_Load(Object sender, EventArgs e) in E:\nisha\ordex\hR\Campco\Campco\Common\index.aspx.cs:line 133
-------------------------END-------------------------4/17/2017 3:24:23 PM
----------------------------------------------------
-------------------------START-------------------------4/17/2017 3:24:24 PM
Page :index.aspx
----------------------------------------------------
Event :
----------------------------------------------------
Stack Trace :   at System.Threading.Thread.AbortInternal()
   at System.Threading.Thread.Abort(Object stateInfo)
   at System.Web.HttpResponse.AbortCurrentThread()
   at System.Web.HttpResponse.End()
   at System.Web.HttpResponse.Redirect(String url, Boolean endResponse, Boolean permanent)
   at System.Web.HttpResponse.Redirect(String url)
   at Campco.Common.CampcoCommon.lnkSinIn_Click(Object sender, EventArgs e) in E:\nisha\ordex\hR\Campco\Campco\Common\CampcoCommon.Master.cs:line 281
----------------------------------------------------
System.Threading.ThreadAbortException: Thread was being aborted.
   at System.Threading.Thread.AbortInternal()
   at System.Threading.Thread.Abort(Object stateInfo)
   at System.Web.HttpResponse.AbortCurrentThread()
   at System.Web.HttpResponse.End()
   at System.Web.HttpResponse.Redirect(String url, Boolean endResponse, Boolean permanent)
   at System.Web.HttpResponse.Redirect(String url)
   at Campco.Common.CampcoCommon.lnkSinIn_Click(Object sender, EventArgs e) in E:\nisha\ordex\hR\Campco\Campco\Common\CampcoCommon.Master.cs:line 281
-------------------------END-------------------------4/17/2017 3:24:25 PM
----------------------------------------------------
-------------------------START-------------------------4/17/2017 3:28:02 PM
Page :index.aspx
----------------------------------------------------
Event :
----------------------------------------------------
Stack Trace :   at Campco.Common.index.Page_Load(Object sender, EventArgs e) in E:\nisha\ordex\hR\Campco\Campco\Common\index.aspx.cs:line 133
----------------------------------------------------
System.NullReferenceException: Object reference not set to an instance of an object.
   at Campco.Common.index.Page_Load(Object sender, EventArgs e) in E:\nisha\ordex\hR\Campco\Campco\Common\index.aspx.cs:line 133
-------------------------END-------------------------4/17/2017 3:28:02 PM
----------------------------------------------------
-------------------------START-------------------------4/17/2017 3:29:15 PM
Page :CheckOut.aspx
----------------------------------------------------
Event :Get Customer Profile sample
-------------------------END-------------------------4/17/2017 3:29:15 PM
----------------------------------------------------
-------------------------START-------------------------4/17/2017 3:29:18 PM
Page :CheckOut.aspx
----------------------------------------------------
Event :Successful.
-------------------------END-------------------------4/17/2017 3:29:18 PM
----------------------------------------------------
-------------------------START-------------------------4/17/2017 3:29:18 PM
Page :CheckOut.aspx
----------------------------------------------------
Event :Customer Profile Id: 1218499991
-------------------------END-------------------------4/17/2017 3:29:18 PM
----------------------------------------------------
-------------------------START-------------------------4/17/2017 3:29:49 PM
Page :CheckOut.aspx
----------------------------------------------------
Event :Get Customer Profile sample
-------------------------END-------------------------4/17/2017 3:29:49 PM
----------------------------------------------------
-------------------------START-------------------------4/17/2017 3:29:51 PM
Page :CheckOut.aspx
----------------------------------------------------
Event :Successful.
-------------------------END-------------------------4/17/2017 3:29:51 PM
----------------------------------------------------
-------------------------START-------------------------4/17/2017 3:29:51 PM
Page :CheckOut.aspx
----------------------------------------------------
Event :Customer Profile Id: 1218499991
-------------------------END-------------------------4/17/2017 3:29:51 PM
----------------------------------------------------
-------------------------START-------------------------4/17/2017 3:29:53 PM
Page :CheckOut.aspx
----------------------------------------------------
Event :
----------------------------------------------------
Stack Trace :   at System.Threading.Thread.AbortInternal()
   at System.Threading.Thread.Abort(Object stateInfo)
   at System.Web.HttpResponse.AbortCurrentThread()
   at System.Web.HttpResponse.End()
   at System.Web.HttpResponse.Redirect(String url, Boolean endResponse, Boolean permanent)
   at System.Web.HttpResponse.Redirect(String url)
   at Campco.Common.CampcoCommon.lnkSignout_Click(Object sender, EventArgs e) in E:\nisha\ordex\hR\Campco\Campco\Common\CampcoCommon.Master.cs:line 302
----------------------------------------------------
System.Threading.ThreadAbortException: Thread was being aborted.
   at System.Threading.Thread.AbortInternal()
   at System.Threading.Thread.Abort(Object stateInfo)
   at System.Web.HttpResponse.AbortCurrentThread()
   at System.Web.HttpResponse.End()
   at System.Web.HttpResponse.Redirect(String url, Boolean endResponse, Boolean permanent)
   at System.Web.HttpResponse.Redirect(String url)
   at Campco.Common.CampcoCommon.lnkSignout_Click(Object sender, EventArgs e) in E:\nisha\ordex\hR\Campco\Campco\Common\CampcoCommon.Master.cs:line 302
-------------------------END-------------------------4/17/2017 3:29:53 PM
----------------------------------------------------
-------------------------START-------------------------4/17/2017 3:29:53 PM
Page :index.aspx
----------------------------------------------------
Event :
----------------------------------------------------
Stack Trace :   at Campco.Common.index.Page_Load(Object sender, EventArgs e) in E:\nisha\ordex\hR\Campco\Campco\Common\index.aspx.cs:line 133
----------------------------------------------------
System.NullReferenceException: Object reference not set to an instance of an object.
   at Campco.Common.index.Page_Load(Object sender, EventArgs e) in E:\nisha\ordex\hR\Campco\Campco\Common\index.aspx.cs:line 133
-------------------------END-------------------------4/17/2017 3:29:53 PM
----------------------------------------------------
-------------------------START-------------------------4/17/2017 3:37:15 PM
Page :index.aspx
----------------------------------------------------
Event :
----------------------------------------------------
Stack Trace :   at Campco.Common.index.Page_Load(Object sender, EventArgs e) in E:\nisha\ordex\hR\Campco\Campco\Common\index.aspx.cs:line 133
----------------------------------------------------
System.NullReferenceException: Object reference not set to an instance of an object.
   at Campco.Common.index.Page_Load(Object sender, EventArgs e) in E:\nisha\ordex\hR\Campco\Campco\Common\index.aspx.cs:line 133
-------------------------END-------------------------4/17/2017 3:37:15 PM
----------------------------------------------------
-------------------------START-------------------------4/17/2017 3:49:20 PM
Page :index.aspx
----------------------------------------------------
Event :
----------------------------------------------------
Stack Trace :   at Campco.Common.index.Page_Load(Object sender, EventArgs e) in E:\nisha\ordex\hR\Campco\Campco\Common\index.aspx.cs:line 133
----------------------------------------------------
System.NullReferenceException: Object reference not set to an instance of an object.
   at Campco.Common.index.Page_Load(Object sender, EventArgs e) in E:\nisha\ordex\hR\Campco\Campco\Common\index.aspx.cs:line 133
-------------------------END-------------------------4/17/2017 3:49:20 PM
----------------------------------------------------
-------------------------START-------------------------4/17/2017 6:38:05 PM
Page :AddShippingAddressRegistration
----------------------------------------------------
Event :Registration page Load
-------------------------END-------------------------4/17/2017 6:38:05 PM
----------------------------------------------------
-------------------------START-------------------------4/17/2017 6:38:05 PM
Page :AddShippingAddressRegistration
----------------------------------------------------
Event :FillCapctcha.
-------------------------END-------------------------4/17/2017 6:38:05 PM
----------------------------------------------------
-------------------------START-------------------------4/17/2017 6:38:07 PM
Page :woocommerce-layout.css
----------------------------------------------------
Event :Registration page Load
-------------------------END-------------------------4/17/2017 6:38:07 PM
----------------------------------------------------
-------------------------START-------------------------4/17/2017 6:38:07 PM
Page :woocommerce-layout.css
----------------------------------------------------
Event :FillCapctcha.
-------------------------END-------------------------4/17/2017 6:38:07 PM
----------------------------------------------------
-------------------------START-------------------------4/17/2017 6:38:08 PM
Page :icon.css
----------------------------------------------------
Event :Registration page Load
-------------------------END-------------------------4/17/2017 6:38:08 PM
----------------------------------------------------
-------------------------START-------------------------4/17/2017 6:38:08 PM
Page :icon.css
----------------------------------------------------
Event :FillCapctcha.
-------------------------END-------------------------4/17/2017 6:38:08 PM
----------------------------------------------------
-------------------------START-------------------------4/17/2017 6:38:09 PM
Page :prettyPhoto.min.css
----------------------------------------------------
Event :Registration page Load
-------------------------END-------------------------4/17/2017 6:38:09 PM
----------------------------------------------------
-------------------------START-------------------------4/17/2017 6:38:09 PM
Page :prettyPhoto.min.css
----------------------------------------------------
Event :FillCapctcha.
-------------------------END-------------------------4/17/2017 6:38:09 PM
----------------------------------------------------
-------------------------START-------------------------4/17/2017 6:38:11 PM
Page :footerfont.css
----------------------------------------------------
Event :Registration page Load
-------------------------END-------------------------4/17/2017 6:38:11 PM
----------------------------------------------------
-------------------------START-------------------------4/17/2017 6:38:11 PM
Page :footerfont.css
----------------------------------------------------
Event :FillCapctcha.
-------------------------END-------------------------4/17/2017 6:38:11 PM
----------------------------------------------------
-------------------------START-------------------------4/17/2017 6:38:12 PM
Page :jquery.fancybox.css
----------------------------------------------------
Event :Registration page Load
-------------------------END-------------------------4/17/2017 6:38:12 PM
----------------------------------------------------
-------------------------START-------------------------4/17/2017 6:38:12 PM
Page :jquery.fancybox.css
----------------------------------------------------
Event :FillCapctcha.
-------------------------END-------------------------4/17/2017 6:38:12 PM
----------------------------------------------------
-------------------------START-------------------------4/17/2017 6:38:13 PM
Page :fonts.css
----------------------------------------------------
Event :Registration page Load
-------------------------END-------------------------4/17/2017 6:38:13 PM
----------------------------------------------------
-------------------------START-------------------------4/17/2017 6:38:14 PM
Page :fonts.css
----------------------------------------------------
Event :FillCapctcha.
-------------------------END-------------------------4/17/2017 6:38:14 PM
----------------------------------------------------
-------------------------START-------------------------4/17/2017 6:38:15 PM
Page :jquery.js
----------------------------------------------------
Event :Registration page Load
-------------------------END-------------------------4/17/2017 6:38:15 PM
----------------------------------------------------
-------------------------START-------------------------4/17/2017 6:38:15 PM
Page :jquery.js
----------------------------------------------------
Event :FillCapctcha.
-------------------------END-------------------------4/17/2017 6:38:15 PM
----------------------------------------------------
-------------------------START-------------------------4/17/2017 6:38:16 PM
Page :script.js
----------------------------------------------------
Event :Registration page Load
-------------------------END-------------------------4/17/2017 6:38:16 PM
----------------------------------------------------
-------------------------START-------------------------4/17/2017 6:38:16 PM
Page :script.js
----------------------------------------------------
Event :FillCapctcha.
-------------------------END-------------------------4/17/2017 6:38:16 PM
----------------------------------------------------
-------------------------START-------------------------4/17/2017 6:38:17 PM
Page :jquery-migrate.min.js
----------------------------------------------------
Event :Registration page Load
-------------------------END-------------------------4/17/2017 6:38:17 PM
----------------------------------------------------
-------------------------START-------------------------4/17/2017 6:38:17 PM
Page :jquery-migrate.min.js
----------------------------------------------------
Event :FillCapctcha.
-------------------------END-------------------------4/17/2017 6:38:17 PM
----------------------------------------------------
-------------------------START-------------------------4/17/2017 6:38:18 PM
Page :jquery.validate.js
----------------------------------------------------
Event :Registration page Load
-------------------------END-------------------------4/17/2017 6:38:18 PM
----------------------------------------------------
-------------------------START-------------------------4/17/2017 6:38:18 PM
Page :jquery.validate.js
----------------------------------------------------
Event :FillCapctcha.
-------------------------END-------------------------4/17/2017 6:38:18 PM
----------------------------------------------------
-------------------------START-------------------------4/17/2017 6:38:19 PM
Page :additional-methods.min.js
----------------------------------------------------
Event :Registration page Load
-------------------------END-------------------------4/17/2017 6:38:19 PM
----------------------------------------------------
-------------------------START-------------------------4/17/2017 6:38:19 PM
Page :additional-methods.min.js
----------------------------------------------------
Event :FillCapctcha.
-------------------------END-------------------------4/17/2017 6:38:19 PM
----------------------------------------------------
-------------------------START-------------------------4/17/2017 6:38:20 PM
Page :tabcontent.js
----------------------------------------------------
Event :Registration page Load
-------------------------END-------------------------4/17/2017 6:38:20 PM
----------------------------------------------------
-------------------------START-------------------------4/17/2017 6:38:20 PM
Page :tabcontent.js
----------------------------------------------------
Event :FillCapctcha.
-------------------------END-------------------------4/17/2017 6:38:20 PM
----------------------------------------------------
-------------------------START-------------------------4/17/2017 6:38:21 PM
Page :picturefill.min.js
----------------------------------------------------
Event :Registration page Load
-------------------------END-------------------------4/17/2017 6:38:21 PM
----------------------------------------------------
-------------------------START-------------------------4/17/2017 6:38:21 PM
Page :picturefill.min.js
----------------------------------------------------
Event :FillCapctcha.
-------------------------END-------------------------4/17/2017 6:38:21 PM
----------------------------------------------------
-------------------------START-------------------------4/17/2017 6:38:22 PM
Page :woocommerce.css
----------------------------------------------------
Event :Registration page Load
-------------------------END-------------------------4/17/2017 6:38:22 PM
----------------------------------------------------
-------------------------START-------------------------4/17/2017 6:38:22 PM
Page :woocommerce.css
----------------------------------------------------
Event :FillCapctcha.
-------------------------END-------------------------4/17/2017 6:38:22 PM
----------------------------------------------------
-------------------------START-------------------------4/17/2017 6:38:23 PM
Page :woocommerce-add-to-cart.js
----------------------------------------------------
Event :Registration page Load
-------------------------END-------------------------4/17/2017 6:38:23 PM
----------------------------------------------------
-------------------------START-------------------------4/17/2017 6:38:23 PM
Page :woocommerce-add-to-cart.js
----------------------------------------------------
Event :FillCapctcha.
-------------------------END-------------------------4/17/2017 6:38:23 PM
----------------------------------------------------
-------------------------START-------------------------4/17/2017 6:38:24 PM
Page :core.min.js
----------------------------------------------------
Event :Registration page Load
-------------------------END-------------------------4/17/2017 6:38:24 PM
----------------------------------------------------
-------------------------START-------------------------4/17/2017 6:38:24 PM
Page :core.min.js
----------------------------------------------------
Event :FillCapctcha.
-------------------------END-------------------------4/17/2017 6:38:24 PM
----------------------------------------------------
-------------------------START-------------------------4/17/2017 6:38:25 PM
Page :ultimate.min.js
----------------------------------------------------
Event :Registration page Load
-------------------------END-------------------------4/17/2017 6:38:25 PM
----------------------------------------------------
-------------------------START-------------------------4/17/2017 6:38:25 PM
Page :ultimate.min.js
----------------------------------------------------
Event :FillCapctcha.
-------------------------END-------------------------4/17/2017 6:38:25 PM
----------------------------------------------------
-------------------------START-------------------------4/17/2017 6:38:26 PM
Page :modernizr-2.6.2.min.js
----------------------------------------------------
Event :Registration page Load
-------------------------END-------------------------4/17/2017 6:38:26 PM
----------------------------------------------------
-------------------------START-------------------------4/17/2017 6:38:26 PM
Page :modernizr-2.6.2.min.js
----------------------------------------------------
Event :FillCapctcha.
-------------------------END-------------------------4/17/2017 6:38:26 PM
----------------------------------------------------
-------------------------START-------------------------4/17/2017 6:38:28 PM
Page :add-to-cart.min.js
----------------------------------------------------
Event :Registration page Load
-------------------------END-------------------------4/17/2017 6:38:28 PM
----------------------------------------------------
-------------------------START-------------------------4/17/2017 6:38:28 PM
Page :add-to-cart.min.js
----------------------------------------------------
Event :FillCapctcha.
-------------------------END-------------------------4/17/2017 6:38:28 PM
----------------------------------------------------
-------------------------START-------------------------4/17/2017 6:38:29 PM
Page :subscription-popup.css
----------------------------------------------------
Event :Registration page Load
-------------------------END-------------------------4/17/2017 6:38:29 PM
----------------------------------------------------
-------------------------START-------------------------4/17/2017 6:38:29 PM
Page :subscription-popup.css
----------------------------------------------------
Event :FillCapctcha.
-------------------------END-------------------------4/17/2017 6:38:29 PM
----------------------------------------------------
-------------------------START-------------------------4/17/2017 6:38:30 PM
Page :ultimate.min.css
----------------------------------------------------
Event :Registration page Load
-------------------------END-------------------------4/17/2017 6:38:30 PM
----------------------------------------------------
-------------------------START-------------------------4/17/2017 6:38:30 PM
Page :ultimate.min.css
----------------------------------------------------
Event :FillCapctcha.
-------------------------END-------------------------4/17/2017 6:38:30 PM
----------------------------------------------------
-------------------------START-------------------------4/17/2017 6:38:32 PM
Page :Defaults.css
----------------------------------------------------
Event :Registration page Load
-------------------------END-------------------------4/17/2017 6:38:32 PM
----------------------------------------------------
-------------------------START-------------------------4/17/2017 6:38:32 PM
Page :Defaults.css
----------------------------------------------------
Event :FillCapctcha.
-------------------------END-------------------------4/17/2017 6:38:32 PM
----------------------------------------------------
-------------------------START-------------------------4/17/2017 6:38:33 PM
Page :jquery.simplePopup.js
----------------------------------------------------
Event :Registration page Load
-------------------------END-------------------------4/17/2017 6:38:33 PM
----------------------------------------------------
-------------------------START-------------------------4/17/2017 6:38:33 PM
Page :jquery.simplePopup.js
----------------------------------------------------
Event :FillCapctcha.
-------------------------END-------------------------4/17/2017 6:38:33 PM
----------------------------------------------------
-------------------------START-------------------------4/17/2017 6:38:34 PM
Page :jquery.form.min.js
----------------------------------------------------
Event :Registration page Load
-------------------------END-------------------------4/17/2017 6:38:34 PM
----------------------------------------------------
-------------------------START-------------------------4/17/2017 6:38:34 PM
Page :jquery.form.min.js
----------------------------------------------------
Event :FillCapctcha.
-------------------------END-------------------------4/17/2017 6:38:34 PM
----------------------------------------------------
-------------------------START-------------------------4/17/2017 6:38:35 PM
Page :scripts.js
----------------------------------------------------
Event :Registration page Load
-------------------------END-------------------------4/17/2017 6:38:35 PM
----------------------------------------------------
-------------------------START-------------------------4/17/2017 6:38:35 PM
Page :scripts.js
----------------------------------------------------
Event :FillCapctcha.
-------------------------END-------------------------4/17/2017 6:38:35 PM
----------------------------------------------------
-------------------------START-------------------------4/17/2017 6:38:36 PM
Page :dot_irecommendthis.js
----------------------------------------------------
Event :Registration page Load
-------------------------END-------------------------4/17/2017 6:38:36 PM
----------------------------------------------------
-------------------------START-------------------------4/17/2017 6:38:36 PM
Page :dot_irecommendthis.js
----------------------------------------------------
Event :FillCapctcha.
-------------------------END-------------------------4/17/2017 6:38:36 PM
----------------------------------------------------
-------------------------START-------------------------4/17/2017 6:38:37 PM
Page :jquery.blockUI.min.js
----------------------------------------------------
Event :Registration page Load
-------------------------END-------------------------4/17/2017 6:38:37 PM
----------------------------------------------------
-------------------------START-------------------------4/17/2017 6:38:37 PM
Page :jquery.blockUI.min.js
----------------------------------------------------
Event :FillCapctcha.
-------------------------END-------------------------4/17/2017 6:38:37 PM
----------------------------------------------------
-------------------------START-------------------------4/17/2017 6:38:38 PM
Page :woocommerce.min.js
----------------------------------------------------
Event :Registration page Load
-------------------------END-------------------------4/17/2017 6:38:38 PM
----------------------------------------------------
-------------------------START-------------------------4/17/2017 6:38:38 PM
Page :woocommerce.min.js
----------------------------------------------------
Event :FillCapctcha.
-------------------------END-------------------------4/17/2017 6:38:38 PM
----------------------------------------------------
-------------------------START-------------------------4/17/2017 6:38:39 PM
Page :jquery.cookie.min.js
----------------------------------------------------
Event :Registration page Load
-------------------------END-------------------------4/17/2017 6:38:39 PM
----------------------------------------------------
-------------------------START-------------------------4/17/2017 6:38:39 PM
Page :jquery.cookie.min.js
----------------------------------------------------
Event :FillCapctcha.
-------------------------END-------------------------4/17/2017 6:38:39 PM
----------------------------------------------------
-------------------------START-------------------------4/17/2017 6:38:40 PM
Page :cart-fragments.min.js
----------------------------------------------------
Event :Registration page Load
-------------------------END-------------------------4/17/2017 6:38:40 PM
----------------------------------------------------
-------------------------START-------------------------4/17/2017 6:38:40 PM
Page :cart-fragments.min.js
----------------------------------------------------
Event :FillCapctcha.
-------------------------END-------------------------4/17/2017 6:38:40 PM
----------------------------------------------------
-------------------------START-------------------------4/17/2017 6:38:41 PM
Page :plugin.js
----------------------------------------------------
Event :Registration page Load
-------------------------END-------------------------4/17/2017 6:38:41 PM
----------------------------------------------------
-------------------------START-------------------------4/17/2017 6:38:41 PM
Page :plugin.js
----------------------------------------------------
Event :FillCapctcha.
-------------------------END-------------------------4/17/2017 6:38:41 PM
----------------------------------------------------
-------------------------START-------------------------4/17/2017 6:38:42 PM
Page :wp-embed.min.js
----------------------------------------------------
Event :Registration page Load
-------------------------END-------------------------4/17/2017 6:38:42 PM
----------------------------------------------------
-------------------------START-------------------------4/17/2017 6:38:42 PM
Page :wp-embed.min.js
----------------------------------------------------
Event :FillCapctcha.
-------------------------END-------------------------4/17/2017 6:38:42 PM
----------------------------------------------------
-------------------------START-------------------------4/17/2017 6:38:43 PM
Page :vc-accordion.min.js
----------------------------------------------------
Event :Registration page Load
-------------------------END-------------------------4/17/2017 6:38:43 PM
----------------------------------------------------
-------------------------START-------------------------4/17/2017 6:38:43 PM
Page :vc-accordion.min.js
----------------------------------------------------
Event :FillCapctcha.
-------------------------END-------------------------4/17/2017 6:38:43 PM
----------------------------------------------------
-------------------------START-------------------------4/17/2017 6:38:44 PM
Page :vc-tta-autoplay.min.js
----------------------------------------------------
Event :Registration page Load
-------------------------END-------------------------4/17/2017 6:38:44 PM
----------------------------------------------------
-------------------------START-------------------------4/17/2017 6:38:44 PM
Page :vc-tta-autoplay.min.js
----------------------------------------------------
Event :FillCapctcha.
-------------------------END-------------------------4/17/2017 6:38:44 PM
----------------------------------------------------
-------------------------START-------------------------4/17/2017 6:38:46 PM
Page :vc-tabs.min.js
----------------------------------------------------
Event :Registration page Load
-------------------------END-------------------------4/17/2017 6:38:46 PM
----------------------------------------------------
-------------------------START-------------------------4/17/2017 6:38:46 PM
Page :vc-tabs.min.js
----------------------------------------------------
Event :FillCapctcha.
-------------------------END-------------------------4/17/2017 6:38:46 PM
----------------------------------------------------
-------------------------START-------------------------4/17/2017 6:38:47 PM
Page :widget.min.js
----------------------------------------------------
Event :Registration page Load
-------------------------END-------------------------4/17/2017 6:38:47 PM
----------------------------------------------------
-------------------------START-------------------------4/17/2017 6:38:47 PM
Page :widget.min.js
----------------------------------------------------
Event :FillCapctcha.
-------------------------END-------------------------4/17/2017 6:38:47 PM
----------------------------------------------------
-------------------------START-------------------------4/17/2017 6:38:48 PM
Page :widgets.js
----------------------------------------------------
Event :Registration page Load
-------------------------END-------------------------4/17/2017 6:38:48 PM
----------------------------------------------------
-------------------------START-------------------------4/17/2017 6:38:48 PM
Page :widgets.js
----------------------------------------------------
Event :FillCapctcha.
-------------------------END-------------------------4/17/2017 6:38:48 PM
----------------------------------------------------
-------------------------START-------------------------4/17/2017 6:38:49 PM
Page :mouse.min.js
----------------------------------------------------
Event :Registration page Load
-------------------------END-------------------------4/17/2017 6:38:49 PM
----------------------------------------------------
-------------------------START-------------------------4/17/2017 6:38:49 PM
Page :mouse.min.js
----------------------------------------------------
Event :FillCapctcha.
-------------------------END-------------------------4/17/2017 6:38:49 PM
----------------------------------------------------
-------------------------START-------------------------4/17/2017 6:38:50 PM
Page :js_composer.min.css
----------------------------------------------------
Event :Registration page Load
-------------------------END-------------------------4/17/2017 6:38:50 PM
----------------------------------------------------
-------------------------START-------------------------4/17/2017 6:38:50 PM
Page :js_composer.min.css
----------------------------------------------------
Event :FillCapctcha.
-------------------------END-------------------------4/17/2017 6:38:50 PM
----------------------------------------------------
-------------------------START-------------------------4/17/2017 6:38:51 PM
Page :jquery-ui-touch-punch.min.js
----------------------------------------------------
Event :Registration page Load
-------------------------END-------------------------4/17/2017 6:38:51 PM
----------------------------------------------------
-------------------------START-------------------------4/17/2017 6:38:51 PM
Page :jquery-ui-touch-punch.min.js
----------------------------------------------------
Event :FillCapctcha.
-------------------------END-------------------------4/17/2017 6:38:51 PM
----------------------------------------------------
-------------------------START-------------------------4/17/2017 6:38:52 PM
Page :you-tube.png
----------------------------------------------------
Event :Registration page Load
-------------------------END-------------------------4/17/2017 6:38:52 PM
----------------------------------------------------
-------------------------START-------------------------4/17/2017 6:38:52 PM
Page :you-tube.png
----------------------------------------------------
Event :FillCapctcha.
-------------------------END-------------------------4/17/2017 6:38:52 PM
----------------------------------------------------
-------------------------START-------------------------4/17/2017 6:38:55 PM
Page :social8.png
----------------------------------------------------
Event :Registration page Load
-------------------------END-------------------------4/17/2017 6:38:55 PM
----------------------------------------------------
-------------------------START-------------------------4/17/2017 6:38:55 PM
Page :social8.png
----------------------------------------------------
Event :FillCapctcha.
-------------------------END-------------------------4/17/2017 6:38:55 PM
----------------------------------------------------
-------------------------START-------------------------4/17/2017 6:38:56 PM
Page :social9.png
----------------------------------------------------
Event :Registration page Load
-------------------------END-------------------------4/17/2017 6:38:56 PM
----------------------------------------------------
-------------------------START-------------------------4/17/2017 6:38:56 PM
Page :social9.png
----------------------------------------------------
Event :FillCapctcha.
-------------------------END-------------------------4/17/2017 6:38:56 PM
----------------------------------------------------
-------------------------START-------------------------4/17/2017 6:38:57 PM
Page :you-tube.png
----------------------------------------------------
Event :Registration page Load
-------------------------END-------------------------4/17/2017 6:38:57 PM
----------------------------------------------------
-------------------------START-------------------------4/17/2017 6:38:57 PM
Page :you-tube.png
----------------------------------------------------
Event :FillCapctcha.
-------------------------END-------------------------4/17/2017 6:38:57 PM
----------------------------------------------------
-------------------------START-------------------------4/17/2017 6:38:58 PM
Page :slider.min.js
----------------------------------------------------
Event :Registration page Load
-------------------------END-------------------------4/17/2017 6:38:58 PM
----------------------------------------------------
-------------------------START-------------------------4/17/2017 6:38:58 PM
Page :slider.min.js
----------------------------------------------------
Event :FillCapctcha.
-------------------------END-------------------------4/17/2017 6:38:58 PM
----------------------------------------------------
-------------------------START-------------------------4/17/2017 6:38:59 PM
Page :price-slider.min.js
----------------------------------------------------
Event :Registration page Load
-------------------------END-------------------------4/17/2017 6:38:59 PM
----------------------------------------------------
-------------------------START-------------------------4/17/2017 6:38:59 PM
Page :price-slider.min.js
----------------------------------------------------
Event :FillCapctcha.
-------------------------END-------------------------4/17/2017 6:38:59 PM
----------------------------------------------------
-------------------------START-------------------------4/17/2017 6:39:00 PM
Page :social3.png
----------------------------------------------------
Event :Registration page Load
-------------------------END-------------------------4/17/2017 6:39:00 PM
----------------------------------------------------
-------------------------START-------------------------4/17/2017 6:39:00 PM
Page :social3.png
----------------------------------------------------
Event :FillCapctcha.
-------------------------END-------------------------4/17/2017 6:39:00 PM
----------------------------------------------------
-------------------------START-------------------------4/17/2017 6:39:01 PM
Page :footerlogo.png
----------------------------------------------------
Event :Registration page Load
-------------------------END-------------------------4/17/2017 6:39:01 PM
----------------------------------------------------
-------------------------START-------------------------4/17/2017 6:39:01 PM
Page :footerlogo.png
----------------------------------------------------
Event :FillCapctcha.
-------------------------END-------------------------4/17/2017 6:39:01 PM
----------------------------------------------------
-------------------------START-------------------------4/17/2017 6:39:02 PM
Page :logo-up1.png
----------------------------------------------------
Event :Registration page Load
-------------------------END-------------------------4/17/2017 6:39:02 PM
----------------------------------------------------
-------------------------START-------------------------4/17/2017 6:39:02 PM
Page :logo-up1.png
----------------------------------------------------
Event :FillCapctcha.
-------------------------END-------------------------4/17/2017 6:39:02 PM
----------------------------------------------------
