-------------------------START-------------------------3/24/2017 11:20:08 AM
Page :PriceList.aspx
----------------------------------------------------
Stack Trace :   at System.Threading.Thread.AbortInternal()
   at System.Threading.Thread.Abort(Object stateInfo)
   at System.Web.HttpResponse.AbortCurrentThread()
   at System.Web.HttpResponse.End()
   at System.Web.HttpResponse.Redirect(String url, Boolean endResponse, Boolean permanent)
   at System.Web.HttpResponse.Redirect(String url)
   at Campco.Common.CampcoCommon.lnkSinIn_Click(Object sender, EventArgs e) in E:\nisha\ordex\hR\Campco\Campco\Common\CampcoCommon.Master.cs:line 249
----------------------------------------------------
System.Threading.ThreadAbortException: Thread was being aborted.
   at System.Threading.Thread.AbortInternal()
   at System.Threading.Thread.Abort(Object stateInfo)
   at System.Web.HttpResponse.AbortCurrentThread()
   at System.Web.HttpResponse.End()
   at System.Web.HttpResponse.Redirect(String url, Boolean endResponse, Boolean permanent)
   at System.Web.HttpResponse.Redirect(String url)
   at Campco.Common.CampcoCommon.lnkSinIn_Click(Object sender, EventArgs e) in E:\nisha\ordex\hR\Campco\Campco\Common\CampcoCommon.Master.cs:line 249
-------------------------END-------------------------3/24/2017 11:20:09 AM
----------------------------------------------------
-------------------------START-------------------------3/24/2017 11:21:21 AM
Page :PriceList.aspx
----------------------------------------------------
Event :
----------------------------------------------------
Stack Trace :   at Campco.Common.PriceList.Export_pricelist() in E:\nisha\ordex\hR\Campco\Campco\Common\PriceList.aspx.cs:line 36
----------------------------------------------------
System.NullReferenceException: Object reference not set to an instance of an object.
   at Campco.Common.PriceList.Export_pricelist() in E:\nisha\ordex\hR\Campco\Campco\Common\PriceList.aspx.cs:line 36
-------------------------END-------------------------3/24/2017 11:21:21 AM
----------------------------------------------------
-------------------------START-------------------------3/24/2017 11:21:22 AM
Page :PriceList.aspx
----------------------------------------------------
Event :
----------------------------------------------------
Stack Trace :   at System.Threading.Thread.AbortInternal()
   at System.Threading.Thread.Abort(Object stateInfo)
   at System.Web.HttpResponse.AbortCurrentThread()
   at System.Web.HttpResponse.End()
   at Campco.Common.PriceList.Download_File(String FilePath) in E:\nisha\ordex\hR\Campco\Campco\Common\PriceList.aspx.cs:line 88
----------------------------------------------------
System.Threading.ThreadAbortException: Thread was being aborted.
   at System.Threading.Thread.AbortInternal()
   at System.Threading.Thread.Abort(Object stateInfo)
   at System.Web.HttpResponse.AbortCurrentThread()
   at System.Web.HttpResponse.End()
   at Campco.Common.PriceList.Download_File(String FilePath) in E:\nisha\ordex\hR\Campco\Campco\Common\PriceList.aspx.cs:line 88
-------------------------END-------------------------3/24/2017 11:21:22 AM
----------------------------------------------------
-------------------------START-------------------------3/24/2017 11:21:22 AM
Page :PriceList.aspx
----------------------------------------------------
Event :
----------------------------------------------------
Stack Trace :   at Campco.Common.PriceList.Download_File(String FilePath) in E:\nisha\ordex\hR\Campco\Campco\Common\PriceList.aspx.cs:line 93
   at Campco.Common.PriceList.lnkExcelFileDownload_Click(Object sender, EventArgs e) in E:\nisha\ordex\hR\Campco\Campco\Common\PriceList.aspx.cs:line 70
----------------------------------------------------
System.Threading.ThreadAbortException: Thread was being aborted.
   at Campco.Common.PriceList.Download_File(String FilePath) in E:\nisha\ordex\hR\Campco\Campco\Common\PriceList.aspx.cs:line 93
   at Campco.Common.PriceList.lnkExcelFileDownload_Click(Object sender, EventArgs e) in E:\nisha\ordex\hR\Campco\Campco\Common\PriceList.aspx.cs:line 70
-------------------------END-------------------------3/24/2017 11:21:22 AM
----------------------------------------------------
-------------------------START-------------------------3/24/2017 11:22:45 AM
Page :PriceList.aspx
----------------------------------------------------
Event :
----------------------------------------------------
Stack Trace :   at Campco.Common.PriceList.Export_pricelist() in E:\nisha\ordex\hR\Campco\Campco\Common\PriceList.aspx.cs:line 36
----------------------------------------------------
System.NullReferenceException: Object reference not set to an instance of an object.
   at Campco.Common.PriceList.Export_pricelist() in E:\nisha\ordex\hR\Campco\Campco\Common\PriceList.aspx.cs:line 36
-------------------------END-------------------------3/24/2017 11:22:45 AM
----------------------------------------------------
-------------------------START-------------------------3/24/2017 11:22:45 AM
Page :PriceList.aspx
----------------------------------------------------
Event :
----------------------------------------------------
Stack Trace :   at System.Threading.Thread.AbortInternal()
   at System.Threading.Thread.Abort(Object stateInfo)
   at System.Web.HttpResponse.AbortCurrentThread()
   at System.Web.HttpResponse.End()
   at Campco.Common.PriceList.Download_File(String FilePath) in E:\nisha\ordex\hR\Campco\Campco\Common\PriceList.aspx.cs:line 88
----------------------------------------------------
System.Threading.ThreadAbortException: Thread was being aborted.
   at System.Threading.Thread.AbortInternal()
   at System.Threading.Thread.Abort(Object stateInfo)
   at System.Web.HttpResponse.AbortCurrentThread()
   at System.Web.HttpResponse.End()
   at Campco.Common.PriceList.Download_File(String FilePath) in E:\nisha\ordex\hR\Campco\Campco\Common\PriceList.aspx.cs:line 88
-------------------------END-------------------------3/24/2017 11:22:45 AM
----------------------------------------------------
-------------------------START-------------------------3/24/2017 11:22:45 AM
Page :PriceList.aspx
----------------------------------------------------
Event :
----------------------------------------------------
Stack Trace :   at Campco.Common.PriceList.Download_File(String FilePath) in E:\nisha\ordex\hR\Campco\Campco\Common\PriceList.aspx.cs:line 93
   at Campco.Common.PriceList.lnkExcelFileDownload_Click(Object sender, EventArgs e) in E:\nisha\ordex\hR\Campco\Campco\Common\PriceList.aspx.cs:line 70
----------------------------------------------------
System.Threading.ThreadAbortException: Thread was being aborted.
   at Campco.Common.PriceList.Download_File(String FilePath) in E:\nisha\ordex\hR\Campco\Campco\Common\PriceList.aspx.cs:line 93
   at Campco.Common.PriceList.lnkExcelFileDownload_Click(Object sender, EventArgs e) in E:\nisha\ordex\hR\Campco\Campco\Common\PriceList.aspx.cs:line 70
-------------------------END-------------------------3/24/2017 11:22:45 AM
----------------------------------------------------
-------------------------START-------------------------3/24/2017 11:23:05 AM
Page :PriceList.aspx
----------------------------------------------------
Event :
----------------------------------------------------
Stack Trace :   at System.Threading.Thread.AbortInternal()
   at System.Threading.Thread.Abort(Object stateInfo)
   at System.Web.HttpResponse.AbortCurrentThread()
   at System.Web.HttpResponse.End()
   at Campco.Common.PriceList.Export_pricelist() in E:\nisha\ordex\hR\Campco\Campco\Common\PriceList.aspx.cs:line 52
----------------------------------------------------
System.Threading.ThreadAbortException: Thread was being aborted.
   at System.Threading.Thread.AbortInternal()
   at System.Threading.Thread.Abort(Object stateInfo)
   at System.Web.HttpResponse.AbortCurrentThread()
   at System.Web.HttpResponse.End()
   at Campco.Common.PriceList.Export_pricelist() in E:\nisha\ordex\hR\Campco\Campco\Common\PriceList.aspx.cs:line 52
-------------------------END-------------------------3/24/2017 11:23:05 AM
----------------------------------------------------
-------------------------START-------------------------3/24/2017 11:24:34 AM
Page :PriceList.aspx
----------------------------------------------------
Event :
----------------------------------------------------
Stack Trace :   at System.Threading.Thread.AbortInternal()
   at System.Threading.Thread.Abort(Object stateInfo)
   at System.Web.HttpResponse.AbortCurrentThread()
   at System.Web.HttpResponse.End()
   at Campco.Common.PriceList.Export_pricelist() in E:\nisha\ordex\hR\Campco\Campco\Common\PriceList.aspx.cs:line 52
----------------------------------------------------
System.Threading.ThreadAbortException: Thread was being aborted.
   at System.Threading.Thread.AbortInternal()
   at System.Threading.Thread.Abort(Object stateInfo)
   at System.Web.HttpResponse.AbortCurrentThread()
   at System.Web.HttpResponse.End()
   at Campco.Common.PriceList.Export_pricelist() in E:\nisha\ordex\hR\Campco\Campco\Common\PriceList.aspx.cs:line 52
-------------------------END-------------------------3/24/2017 11:24:34 AM
----------------------------------------------------
-------------------------START-------------------------3/24/2017 11:33:25 AM
Page :index.aspx
----------------------------------------------------
Event :
----------------------------------------------------
Stack Trace :   at Campco.Common.index.Page_Load(Object sender, EventArgs e) in E:\nisha\ordex\hR\Campco\Campco\Common\index.aspx.cs:line 81
----------------------------------------------------
System.NullReferenceException: Object reference not set to an instance of an object.
   at Campco.Common.index.Page_Load(Object sender, EventArgs e) in E:\nisha\ordex\hR\Campco\Campco\Common\index.aspx.cs:line 81
-------------------------END-------------------------3/24/2017 11:33:25 AM
----------------------------------------------------
-------------------------START-------------------------3/24/2017 11:34:24 AM
Page :PriceList.aspx
----------------------------------------------------
Event :
----------------------------------------------------
Stack Trace :   at System.Threading.Thread.AbortInternal()
   at System.Threading.Thread.Abort(Object stateInfo)
   at System.Web.HttpResponse.AbortCurrentThread()
   at System.Web.HttpResponse.End()
   at Campco.Common.PriceList.Export_pricelist() in E:\nisha\ordex\hR\Campco\Campco\Common\PriceList.aspx.cs:line 52
----------------------------------------------------
System.Threading.ThreadAbortException: Thread was being aborted.
   at System.Threading.Thread.AbortInternal()
   at System.Threading.Thread.Abort(Object stateInfo)
   at System.Web.HttpResponse.AbortCurrentThread()
   at System.Web.HttpResponse.End()
   at Campco.Common.PriceList.Export_pricelist() in E:\nisha\ordex\hR\Campco\Campco\Common\PriceList.aspx.cs:line 52
-------------------------END-------------------------3/24/2017 11:34:25 AM
----------------------------------------------------
-------------------------START-------------------------3/24/2017 11:39:04 AM
Page :PriceList.aspx
----------------------------------------------------
Event :
----------------------------------------------------
Stack Trace :   at System.Threading.Thread.AbortInternal()
   at System.Threading.Thread.Abort(Object stateInfo)
   at System.Web.HttpResponse.AbortCurrentThread()
   at System.Web.HttpResponse.End()
   at Campco.Common.PriceList.Export_pricelist() in E:\nisha\ordex\hR\Campco\Campco\Common\PriceList.aspx.cs:line 52
----------------------------------------------------
System.Threading.ThreadAbortException: Thread was being aborted.
   at System.Threading.Thread.AbortInternal()
   at System.Threading.Thread.Abort(Object stateInfo)
   at System.Web.HttpResponse.AbortCurrentThread()
   at System.Web.HttpResponse.End()
   at Campco.Common.PriceList.Export_pricelist() in E:\nisha\ordex\hR\Campco\Campco\Common\PriceList.aspx.cs:line 52
-------------------------END-------------------------3/24/2017 11:39:04 AM
----------------------------------------------------
-------------------------START-------------------------3/24/2017 11:41:19 AM
Page :MyCard.aspx
----------------------------------------------------
Event :
----------------------------------------------------
Stack Trace :   at System.Threading.Thread.AbortInternal()
   at System.Threading.Thread.Abort(Object stateInfo)
   at System.Web.HttpResponse.AbortCurrentThread()
   at System.Web.HttpResponse.End()
   at System.Web.HttpResponse.Redirect(String url, Boolean endResponse, Boolean permanent)
   at System.Web.HttpResponse.Redirect(String url)
   at Campco.Common.CampcoCommon.lnkSinIn_Click(Object sender, EventArgs e) in E:\nisha\ordex\hR\Campco\Campco\Common\CampcoCommon.Master.cs:line 249
----------------------------------------------------
System.Threading.ThreadAbortException: Thread was being aborted.
   at System.Threading.Thread.AbortInternal()
   at System.Threading.Thread.Abort(Object stateInfo)
   at System.Web.HttpResponse.AbortCurrentThread()
   at System.Web.HttpResponse.End()
   at System.Web.HttpResponse.Redirect(String url, Boolean endResponse, Boolean permanent)
   at System.Web.HttpResponse.Redirect(String url)
   at Campco.Common.CampcoCommon.lnkSinIn_Click(Object sender, EventArgs e) in E:\nisha\ordex\hR\Campco\Campco\Common\CampcoCommon.Master.cs:line 249
-------------------------END-------------------------3/24/2017 11:41:20 AM
----------------------------------------------------
-------------------------START-------------------------3/24/2017 11:42:05 AM
Page :PriceList.aspx
----------------------------------------------------
Event :
----------------------------------------------------
Stack Trace :   at Campco.Common.PriceList.Export_pricelist() in E:\nisha\ordex\hR\Campco\Campco\Common\PriceList.aspx.cs:line 36
----------------------------------------------------
System.NullReferenceException: Object reference not set to an instance of an object.
   at Campco.Common.PriceList.Export_pricelist() in E:\nisha\ordex\hR\Campco\Campco\Common\PriceList.aspx.cs:line 36
-------------------------END-------------------------3/24/2017 11:42:05 AM
----------------------------------------------------
-------------------------START-------------------------3/24/2017 11:42:05 AM
Page :PriceList.aspx
----------------------------------------------------
Event :
----------------------------------------------------
Stack Trace :   at System.Threading.Thread.AbortInternal()
   at System.Threading.Thread.Abort(Object stateInfo)
   at System.Web.HttpResponse.AbortCurrentThread()
   at System.Web.HttpResponse.End()
   at Campco.Common.PriceList.Download_File(String FilePath) in E:\nisha\ordex\hR\Campco\Campco\Common\PriceList.aspx.cs:line 88
----------------------------------------------------
System.Threading.ThreadAbortException: Thread was being aborted.
   at System.Threading.Thread.AbortInternal()
   at System.Threading.Thread.Abort(Object stateInfo)
   at System.Web.HttpResponse.AbortCurrentThread()
   at System.Web.HttpResponse.End()
   at Campco.Common.PriceList.Download_File(String FilePath) in E:\nisha\ordex\hR\Campco\Campco\Common\PriceList.aspx.cs:line 88
-------------------------END-------------------------3/24/2017 11:42:05 AM
----------------------------------------------------
-------------------------START-------------------------3/24/2017 11:42:05 AM
Page :PriceList.aspx
----------------------------------------------------
Event :
----------------------------------------------------
Stack Trace :   at Campco.Common.PriceList.Download_File(String FilePath) in E:\nisha\ordex\hR\Campco\Campco\Common\PriceList.aspx.cs:line 93
   at Campco.Common.PriceList.lnkExcelFileDownload_Click(Object sender, EventArgs e) in E:\nisha\ordex\hR\Campco\Campco\Common\PriceList.aspx.cs:line 70
----------------------------------------------------
System.Threading.ThreadAbortException: Thread was being aborted.
   at Campco.Common.PriceList.Download_File(String FilePath) in E:\nisha\ordex\hR\Campco\Campco\Common\PriceList.aspx.cs:line 93
   at Campco.Common.PriceList.lnkExcelFileDownload_Click(Object sender, EventArgs e) in E:\nisha\ordex\hR\Campco\Campco\Common\PriceList.aspx.cs:line 70
-------------------------END-------------------------3/24/2017 11:42:05 AM
----------------------------------------------------
-------------------------START-------------------------3/24/2017 11:42:48 AM
Page :PriceList.aspx
----------------------------------------------------
Event :
----------------------------------------------------
Stack Trace :   at System.Threading.Thread.AbortInternal()
   at System.Threading.Thread.Abort(Object stateInfo)
   at System.Web.HttpResponse.AbortCurrentThread()
   at System.Web.HttpResponse.End()
   at Campco.Common.PriceList.Export_pricelist() in E:\nisha\ordex\hR\Campco\Campco\Common\PriceList.aspx.cs:line 52
----------------------------------------------------
System.Threading.ThreadAbortException: Thread was being aborted.
   at System.Threading.Thread.AbortInternal()
   at System.Threading.Thread.Abort(Object stateInfo)
   at System.Web.HttpResponse.AbortCurrentThread()
   at System.Web.HttpResponse.End()
   at Campco.Common.PriceList.Export_pricelist() in E:\nisha\ordex\hR\Campco\Campco\Common\PriceList.aspx.cs:line 52
-------------------------END-------------------------3/24/2017 11:42:48 AM
----------------------------------------------------
-------------------------START-------------------------3/24/2017 11:48:34 AM
Page :PriceList.aspx
----------------------------------------------------
Event :
----------------------------------------------------
Stack Trace :   at System.Threading.Thread.AbortInternal()
   at System.Threading.Thread.Abort(Object stateInfo)
   at System.Web.HttpResponse.AbortCurrentThread()
   at System.Web.HttpResponse.End()
   at Campco.Common.PriceList.Export_pricelist() in E:\nisha\ordex\hR\Campco\Campco\Common\PriceList.aspx.cs:line 52
----------------------------------------------------
System.Threading.ThreadAbortException: Thread was being aborted.
   at System.Threading.Thread.AbortInternal()
   at System.Threading.Thread.Abort(Object stateInfo)
   at System.Web.HttpResponse.AbortCurrentThread()
   at System.Web.HttpResponse.End()
   at Campco.Common.PriceList.Export_pricelist() in E:\nisha\ordex\hR\Campco\Campco\Common\PriceList.aspx.cs:line 52
-------------------------END-------------------------3/24/2017 11:48:34 AM
----------------------------------------------------
-------------------------START-------------------------3/24/2017 11:53:25 AM
Page :PriceList.aspx
----------------------------------------------------
Event :
----------------------------------------------------
Stack Trace :   at System.Threading.Thread.AbortInternal()
   at System.Threading.Thread.Abort(Object stateInfo)
   at System.Web.HttpResponse.AbortCurrentThread()
   at System.Web.HttpResponse.End()
   at Campco.Common.PriceList.Export_pricelist() in E:\nisha\ordex\hR\Campco\Campco\Common\PriceList.aspx.cs:line 52
----------------------------------------------------
System.Threading.ThreadAbortException: Thread was being aborted.
   at System.Threading.Thread.AbortInternal()
   at System.Threading.Thread.Abort(Object stateInfo)
   at System.Web.HttpResponse.AbortCurrentThread()
   at System.Web.HttpResponse.End()
   at Campco.Common.PriceList.Export_pricelist() in E:\nisha\ordex\hR\Campco\Campco\Common\PriceList.aspx.cs:line 52
-------------------------END-------------------------3/24/2017 11:53:26 AM
----------------------------------------------------
-------------------------START-------------------------3/24/2017 11:59:33 AM
Page :PriceList.aspx
----------------------------------------------------
Event :
----------------------------------------------------
Stack Trace :   at System.Threading.Thread.AbortInternal()
   at System.Threading.Thread.Abort(Object stateInfo)
   at System.Web.HttpResponse.AbortCurrentThread()
   at System.Web.HttpResponse.End()
   at System.Web.HttpResponse.Redirect(String url, Boolean endResponse, Boolean permanent)
   at System.Web.HttpResponse.Redirect(String url)
   at Campco.Common.CampcoCommon.lnkSinIn_Click(Object sender, EventArgs e) in E:\nisha\ordex\hR\Campco\Campco\Common\CampcoCommon.Master.cs:line 249
----------------------------------------------------
System.Threading.ThreadAbortException: Thread was being aborted.
   at System.Threading.Thread.AbortInternal()
   at System.Threading.Thread.Abort(Object stateInfo)
   at System.Web.HttpResponse.AbortCurrentThread()
   at System.Web.HttpResponse.End()
   at System.Web.HttpResponse.Redirect(String url, Boolean endResponse, Boolean permanent)
   at System.Web.HttpResponse.Redirect(String url)
   at Campco.Common.CampcoCommon.lnkSinIn_Click(Object sender, EventArgs e) in E:\nisha\ordex\hR\Campco\Campco\Common\CampcoCommon.Master.cs:line 249
-------------------------END-------------------------3/24/2017 11:59:33 AM
----------------------------------------------------
-------------------------START-------------------------3/24/2017 12:12:39 PM
Page :index.aspx
----------------------------------------------------
Event :
----------------------------------------------------
Stack Trace :   at Campco.Common.index.Page_Load(Object sender, EventArgs e) in E:\nisha\ordex\hR\Campco\Campco\Common\index.aspx.cs:line 81
----------------------------------------------------
System.NullReferenceException: Object reference not set to an instance of an object.
   at Campco.Common.index.Page_Load(Object sender, EventArgs e) in E:\nisha\ordex\hR\Campco\Campco\Common\index.aspx.cs:line 81
-------------------------END-------------------------3/24/2017 12:12:39 PM
----------------------------------------------------
-------------------------START-------------------------3/24/2017 12:13:39 PM
Page :index.aspx
----------------------------------------------------
Event :
----------------------------------------------------
Stack Trace :   at Campco.Common.index.Page_Load(Object sender, EventArgs e) in E:\nisha\ordex\hR\Campco\Campco\Common\index.aspx.cs:line 81
----------------------------------------------------
System.NullReferenceException: Object reference not set to an instance of an object.
   at Campco.Common.index.Page_Load(Object sender, EventArgs e) in E:\nisha\ordex\hR\Campco\Campco\Common\index.aspx.cs:line 81
-------------------------END-------------------------3/24/2017 12:13:39 PM
----------------------------------------------------
-------------------------START-------------------------3/24/2017 3:44:31 PM
Page :index.aspx
----------------------------------------------------
Event :
----------------------------------------------------
Stack Trace :   at Campco.Common.index.Page_Load(Object sender, EventArgs e) in E:\nisha\ordex\hR\Campco\Campco\Common\index.aspx.cs:line 81
----------------------------------------------------
System.NullReferenceException: Object reference not set to an instance of an object.
   at Campco.Common.index.Page_Load(Object sender, EventArgs e) in E:\nisha\ordex\hR\Campco\Campco\Common\index.aspx.cs:line 81
-------------------------END-------------------------3/24/2017 3:44:32 PM
----------------------------------------------------
-------------------------START-------------------------3/24/2017 6:55:32 PM
Page :PriceList.aspx
----------------------------------------------------
Event :
----------------------------------------------------
Stack Trace :   at System.Threading.Thread.AbortInternal()
   at System.Threading.Thread.Abort(Object stateInfo)
   at System.Web.HttpResponse.AbortCurrentThread()
   at System.Web.HttpResponse.End()
   at Campco.Common.PriceList.Export_pricelist() in E:\nisha\ordex\hR\Campco\Campco\Common\PriceList.aspx.cs:line 52
----------------------------------------------------
System.Threading.ThreadAbortException: Thread was being aborted.
   at System.Threading.Thread.AbortInternal()
   at System.Threading.Thread.Abort(Object stateInfo)
   at System.Web.HttpResponse.AbortCurrentThread()
   at System.Web.HttpResponse.End()
   at Campco.Common.PriceList.Export_pricelist() in E:\nisha\ordex\hR\Campco\Campco\Common\PriceList.aspx.cs:line 52
-------------------------END-------------------------3/24/2017 6:55:33 PM
----------------------------------------------------
-------------------------START-------------------------3/24/2017 6:58:37 PM
Page :PriceList.aspx
----------------------------------------------------
Event :
----------------------------------------------------
Stack Trace :   at System.Threading.Thread.AbortInternal()
   at System.Threading.Thread.Abort(Object stateInfo)
   at System.Web.HttpResponse.AbortCurrentThread()
   at System.Web.HttpResponse.End()
   at Campco.Common.PriceList.Export_pricelist() in E:\nisha\ordex\hR\Campco\Campco\Common\PriceList.aspx.cs:line 52
----------------------------------------------------
System.Threading.ThreadAbortException: Thread was being aborted.
   at System.Threading.Thread.AbortInternal()
   at System.Threading.Thread.Abort(Object stateInfo)
   at System.Web.HttpResponse.AbortCurrentThread()
   at System.Web.HttpResponse.End()
   at Campco.Common.PriceList.Export_pricelist() in E:\nisha\ordex\hR\Campco\Campco\Common\PriceList.aspx.cs:line 52
-------------------------END-------------------------3/24/2017 6:58:37 PM
----------------------------------------------------
-------------------------START-------------------------3/24/2017 7:00:44 PM
Page :PriceList.aspx
----------------------------------------------------
Event :
----------------------------------------------------
Stack Trace :   at System.Threading.Thread.AbortInternal()
   at System.Threading.Thread.Abort(Object stateInfo)
   at System.Web.HttpResponse.AbortCurrentThread()
   at System.Web.HttpResponse.End()
   at Campco.Common.PriceList.Export_pricelist() in E:\nisha\ordex\hR\Campco\Campco\Common\PriceList.aspx.cs:line 52
----------------------------------------------------
System.Threading.ThreadAbortException: Thread was being aborted.
   at System.Threading.Thread.AbortInternal()
   at System.Threading.Thread.Abort(Object stateInfo)
   at System.Web.HttpResponse.AbortCurrentThread()
   at System.Web.HttpResponse.End()
   at Campco.Common.PriceList.Export_pricelist() in E:\nisha\ordex\hR\Campco\Campco\Common\PriceList.aspx.cs:line 52
-------------------------END-------------------------3/24/2017 7:00:44 PM
----------------------------------------------------
