-------------------------START-------------------------3/10/2017 1:57:59 PM
Page :PriceList.aspx
----------------------------------------------------
Stack Trace :   at System.Threading.Thread.AbortInternal()
   at System.Threading.Thread.Abort(Object stateInfo)
   at System.Web.HttpResponse.AbortCurrentThread()
   at Campco.Common.PriceList.Download_File(String FilePath) in E:\nisha\ordex\hR\Campco\Campco\Common\PriceList.aspx.cs:line 79
   at Campco.Common.PriceList.lnkExcelFileDownload_Click(Object sender, EventArgs e) in E:\nisha\ordex\hR\Campco\Campco\Common\PriceList.aspx.cs:line 64
----------------------------------------------------
System.Threading.ThreadAbortException: Thread was being aborted.
   at System.Threading.Thread.AbortInternal()
   at System.Threading.Thread.Abort(Object stateInfo)
   at System.Web.HttpResponse.AbortCurrentThread()
   at Campco.Common.PriceList.Download_File(String FilePath) in E:\nisha\ordex\hR\Campco\Campco\Common\PriceList.aspx.cs:line 79
   at Campco.Common.PriceList.lnkExcelFileDownload_Click(Object sender, EventArgs e) in E:\nisha\ordex\hR\Campco\Campco\Common\PriceList.aspx.cs:line 64
-------------------------END-------------------------3/10/2017 1:58:00 PM
----------------------------------------------------
-------------------------START-------------------------3/10/2017 2:43:02 PM
Page :index.aspx
----------------------------------------------------
Stack Trace :   at Campco.Common.index.Page_Load(Object sender, EventArgs e) in E:\nisha\ordex\hR\Campco\Campco\Common\index.aspx.cs:line 73
----------------------------------------------------
System.NullReferenceException: Object reference not set to an instance of an object.
   at Campco.Common.index.Page_Load(Object sender, EventArgs e) in E:\nisha\ordex\hR\Campco\Campco\Common\index.aspx.cs:line 73
-------------------------END-------------------------3/10/2017 2:43:02 PM
----------------------------------------------------
-------------------------START-------------------------3/10/2017 3:39:09 PM
Page :index.aspx
----------------------------------------------------
Stack Trace :   at Campco.Common.index.Page_Load(Object sender, EventArgs e) in E:\nisha\ordex\hR\Campco\Campco\Common\index.aspx.cs:line 73
----------------------------------------------------
System.NullReferenceException: Object reference not set to an instance of an object.
   at Campco.Common.index.Page_Load(Object sender, EventArgs e) in E:\nisha\ordex\hR\Campco\Campco\Common\index.aspx.cs:line 73
-------------------------END-------------------------3/10/2017 3:39:09 PM
----------------------------------------------------
-------------------------START-------------------------3/10/2017 5:20:52 PM
Page :index.aspx
----------------------------------------------------
Stack Trace :   at Campco.Common.index.Page_Load(Object sender, EventArgs e) in E:\nisha\ordex\hR\Campco\Campco\Common\index.aspx.cs:line 73
----------------------------------------------------
System.NullReferenceException: Object reference not set to an instance of an object.
   at Campco.Common.index.Page_Load(Object sender, EventArgs e) in E:\nisha\ordex\hR\Campco\Campco\Common\index.aspx.cs:line 73
-------------------------END-------------------------3/10/2017 5:20:53 PM
----------------------------------------------------
-------------------------START-------------------------3/10/2017 5:21:22 PM
Page :UpdateMyProfile.aspx
----------------------------------------------------
Stack Trace :   at System.Threading.Thread.AbortInternal()
   at System.Threading.Thread.Abort(Object stateInfo)
   at System.Web.HttpResponse.AbortCurrentThread()
   at System.Web.HttpResponse.Redirect(String url, Boolean endResponse, Boolean permanent)
   at Campco.Common.CampcoCommon.lnkSignout_Click(Object sender, EventArgs e) in E:\nisha\ordex\hR\Campco\Campco\Common\CampcoCommon.Master.cs:line 246
----------------------------------------------------
System.Threading.ThreadAbortException: Thread was being aborted.
   at System.Threading.Thread.AbortInternal()
   at System.Threading.Thread.Abort(Object stateInfo)
   at System.Web.HttpResponse.AbortCurrentThread()
   at System.Web.HttpResponse.Redirect(String url, Boolean endResponse, Boolean permanent)
   at Campco.Common.CampcoCommon.lnkSignout_Click(Object sender, EventArgs e) in E:\nisha\ordex\hR\Campco\Campco\Common\CampcoCommon.Master.cs:line 246
-------------------------END-------------------------3/10/2017 5:21:22 PM
----------------------------------------------------
-------------------------START-------------------------3/10/2017 5:21:52 PM
Page :index.aspx
----------------------------------------------------
Stack Trace :   at Campco.Common.index.Page_Load(Object sender, EventArgs e) in E:\nisha\ordex\hR\Campco\Campco\Common\index.aspx.cs:line 73
----------------------------------------------------
System.NullReferenceException: Object reference not set to an instance of an object.
   at Campco.Common.index.Page_Load(Object sender, EventArgs e) in E:\nisha\ordex\hR\Campco\Campco\Common\index.aspx.cs:line 73
-------------------------END-------------------------3/10/2017 5:21:52 PM
----------------------------------------------------
-------------------------START-------------------------3/10/2017 5:26:28 PM
Page :UpdateMyProfile.aspx
----------------------------------------------------
Stack Trace :   at System.Data.RBTree`1.GetNodeByIndex(Int32 userIndex)
   at System.Data.DataRowCollection.get_Item(Int32 index)
   at Campco.dbUtility.GetCustomerDetail_MyProfile(Registration_Property R) in E:\nisha\ordex\hR\Campco\Campco\AppCode\dbUtility.cs:line 281
   at Campco.Common.UpdateMyProfile.Get_CustomerDetail() in E:\nisha\ordex\hR\Campco\Campco\Common\UpdateMyProfile.aspx.cs:line 75
   at Campco.Common.UpdateMyProfile.Page_Load(Object sender, EventArgs e) in E:\nisha\ordex\hR\Campco\Campco\Common\UpdateMyProfile.aspx.cs:line 38
----------------------------------------------------
System.IndexOutOfRangeException: There is no row at position 0.
   at System.Data.RBTree`1.GetNodeByIndex(Int32 userIndex)
   at System.Data.DataRowCollection.get_Item(Int32 index)
   at Campco.dbUtility.GetCustomerDetail_MyProfile(Registration_Property R) in E:\nisha\ordex\hR\Campco\Campco\AppCode\dbUtility.cs:line 281
   at Campco.Common.UpdateMyProfile.Get_CustomerDetail() in E:\nisha\ordex\hR\Campco\Campco\Common\UpdateMyProfile.aspx.cs:line 75
   at Campco.Common.UpdateMyProfile.Page_Load(Object sender, EventArgs e) in E:\nisha\ordex\hR\Campco\Campco\Common\UpdateMyProfile.aspx.cs:line 38
-------------------------END-------------------------3/10/2017 5:26:28 PM
----------------------------------------------------
-------------------------START-------------------------3/10/2017 5:26:39 PM
Page :login.aspx
----------------------------------------------------
Stack Trace :   at System.Threading.Thread.AbortInternal()
   at System.Threading.Thread.Abort(Object stateInfo)
   at System.Web.HttpResponse.AbortCurrentThread()
   at System.Web.HttpResponse.Redirect(String url, Boolean endResponse, Boolean permanent)
   at Campco.Common.CampcoCommon.lnkMyaccount_Click(Object sender, EventArgs e) in E:\nisha\ordex\hR\Campco\Campco\Common\CampcoCommon.Master.cs:line 201
----------------------------------------------------
System.Threading.ThreadAbortException: Thread was being aborted.
   at System.Threading.Thread.AbortInternal()
   at System.Threading.Thread.Abort(Object stateInfo)
   at System.Web.HttpResponse.AbortCurrentThread()
   at System.Web.HttpResponse.Redirect(String url, Boolean endResponse, Boolean permanent)
   at Campco.Common.CampcoCommon.lnkMyaccount_Click(Object sender, EventArgs e) in E:\nisha\ordex\hR\Campco\Campco\Common\CampcoCommon.Master.cs:line 201
-------------------------END-------------------------3/10/2017 5:26:39 PM
----------------------------------------------------
-------------------------START-------------------------3/10/2017 5:26:39 PM
Page :UpdateMyProfile.aspx
----------------------------------------------------
Stack Trace :   at System.Data.RBTree`1.GetNodeByIndex(Int32 userIndex)
   at System.Data.DataRowCollection.get_Item(Int32 index)
   at Campco.dbUtility.GetCustomerDetail_MyProfile(Registration_Property R) in E:\nisha\ordex\hR\Campco\Campco\AppCode\dbUtility.cs:line 281
   at Campco.Common.UpdateMyProfile.Get_CustomerDetail() in E:\nisha\ordex\hR\Campco\Campco\Common\UpdateMyProfile.aspx.cs:line 75
   at Campco.Common.UpdateMyProfile.Page_Load(Object sender, EventArgs e) in E:\nisha\ordex\hR\Campco\Campco\Common\UpdateMyProfile.aspx.cs:line 38
----------------------------------------------------
System.IndexOutOfRangeException: There is no row at position 0.
   at System.Data.RBTree`1.GetNodeByIndex(Int32 userIndex)
   at System.Data.DataRowCollection.get_Item(Int32 index)
   at Campco.dbUtility.GetCustomerDetail_MyProfile(Registration_Property R) in E:\nisha\ordex\hR\Campco\Campco\AppCode\dbUtility.cs:line 281
   at Campco.Common.UpdateMyProfile.Get_CustomerDetail() in E:\nisha\ordex\hR\Campco\Campco\Common\UpdateMyProfile.aspx.cs:line 75
   at Campco.Common.UpdateMyProfile.Page_Load(Object sender, EventArgs e) in E:\nisha\ordex\hR\Campco\Campco\Common\UpdateMyProfile.aspx.cs:line 38
-------------------------END-------------------------3/10/2017 5:26:39 PM
----------------------------------------------------
-------------------------START-------------------------3/10/2017 5:33:29 PM
Page :index.aspx
----------------------------------------------------
Stack Trace :   at Campco.Common.index.Page_Load(Object sender, EventArgs e) in E:\nisha\ordex\hR\Campco\Campco\Common\index.aspx.cs:line 73
----------------------------------------------------
System.NullReferenceException: Object reference not set to an instance of an object.
   at Campco.Common.index.Page_Load(Object sender, EventArgs e) in E:\nisha\ordex\hR\Campco\Campco\Common\index.aspx.cs:line 73
-------------------------END-------------------------3/10/2017 5:33:29 PM
----------------------------------------------------
-------------------------START-------------------------3/10/2017 5:34:23 PM
Page :login.aspx
----------------------------------------------------
Stack Trace :   at System.Threading.Thread.AbortInternal()
   at System.Threading.Thread.Abort(Object stateInfo)
   at System.Web.HttpResponse.AbortCurrentThread()
   at System.Web.HttpResponse.Redirect(String url, Boolean endResponse, Boolean permanent)
   at Campco.Common.CampcoCommon.lnkMyaccount_Click(Object sender, EventArgs e) in E:\nisha\ordex\hR\Campco\Campco\Common\CampcoCommon.Master.cs:line 201
----------------------------------------------------
System.Threading.ThreadAbortException: Thread was being aborted.
   at System.Threading.Thread.AbortInternal()
   at System.Threading.Thread.Abort(Object stateInfo)
   at System.Web.HttpResponse.AbortCurrentThread()
   at System.Web.HttpResponse.Redirect(String url, Boolean endResponse, Boolean permanent)
   at Campco.Common.CampcoCommon.lnkMyaccount_Click(Object sender, EventArgs e) in E:\nisha\ordex\hR\Campco\Campco\Common\CampcoCommon.Master.cs:line 201
-------------------------END-------------------------3/10/2017 5:34:23 PM
----------------------------------------------------
-------------------------START-------------------------3/10/2017 5:34:27 PM
Page :UpdateMyProfile.aspx
----------------------------------------------------
Stack Trace :   at System.Data.RBTree`1.GetNodeByIndex(Int32 userIndex)
   at System.Data.DataRowCollection.get_Item(Int32 index)
   at Campco.dbUtility.GetCustomerDetail_MyProfile(Registration_Property R) in E:\nisha\ordex\hR\Campco\Campco\AppCode\dbUtility.cs:line 281
   at Campco.Common.UpdateMyProfile.Get_CustomerDetail() in E:\nisha\ordex\hR\Campco\Campco\Common\UpdateMyProfile.aspx.cs:line 75
   at Campco.Common.UpdateMyProfile.Page_Load(Object sender, EventArgs e) in E:\nisha\ordex\hR\Campco\Campco\Common\UpdateMyProfile.aspx.cs:line 38
----------------------------------------------------
System.IndexOutOfRangeException: There is no row at position 0.
   at System.Data.RBTree`1.GetNodeByIndex(Int32 userIndex)
   at System.Data.DataRowCollection.get_Item(Int32 index)
   at Campco.dbUtility.GetCustomerDetail_MyProfile(Registration_Property R) in E:\nisha\ordex\hR\Campco\Campco\AppCode\dbUtility.cs:line 281
   at Campco.Common.UpdateMyProfile.Get_CustomerDetail() in E:\nisha\ordex\hR\Campco\Campco\Common\UpdateMyProfile.aspx.cs:line 75
   at Campco.Common.UpdateMyProfile.Page_Load(Object sender, EventArgs e) in E:\nisha\ordex\hR\Campco\Campco\Common\UpdateMyProfile.aspx.cs:line 38
-------------------------END-------------------------3/10/2017 5:34:27 PM
----------------------------------------------------
-------------------------START-------------------------3/10/2017 6:23:13 PM
Page :index.aspx
----------------------------------------------------
Stack Trace :   at Campco.Common.index.Page_Load(Object sender, EventArgs e) in E:\nisha\ordex\hR\Campco\Campco\Common\index.aspx.cs:line 73
----------------------------------------------------
System.NullReferenceException: Object reference not set to an instance of an object.
   at Campco.Common.index.Page_Load(Object sender, EventArgs e) in E:\nisha\ordex\hR\Campco\Campco\Common\index.aspx.cs:line 73
-------------------------END-------------------------3/10/2017 6:23:13 PM
----------------------------------------------------
-------------------------START-------------------------3/10/2017 6:30:13 PM
Page :Registration.aspx
----------------------------------------------------
Stack Trace :   at System.Threading.Thread.AbortInternal()
   at System.Threading.Thread.Abort(Object stateInfo)
   at System.Web.HttpResponse.AbortCurrentThread()
   at System.Web.HttpResponse.Redirect(String url, Boolean endResponse, Boolean permanent)
   at Campco.Common.Registration.Retailer_Wholesaler_Registration() in E:\nisha\ordex\hR\Campco\Campco\Common\Registration.aspx.cs:line 303
   at Campco.Common.Registration.btnregister_Click(Object sender, EventArgs e) in E:\nisha\ordex\hR\Campco\Campco\Common\Registration.aspx.cs:line 98
----------------------------------------------------
System.Threading.ThreadAbortException: Thread was being aborted.
   at System.Threading.Thread.AbortInternal()
   at System.Threading.Thread.Abort(Object stateInfo)
   at System.Web.HttpResponse.AbortCurrentThread()
   at System.Web.HttpResponse.Redirect(String url, Boolean endResponse, Boolean permanent)
   at Campco.Common.Registration.Retailer_Wholesaler_Registration() in E:\nisha\ordex\hR\Campco\Campco\Common\Registration.aspx.cs:line 303
   at Campco.Common.Registration.btnregister_Click(Object sender, EventArgs e) in E:\nisha\ordex\hR\Campco\Campco\Common\Registration.aspx.cs:line 98
-------------------------END-------------------------3/10/2017 6:30:14 PM
----------------------------------------------------
-------------------------START-------------------------3/10/2017 6:33:47 PM
Page :Registration.aspx
----------------------------------------------------
Stack Trace :   at System.Threading.Thread.AbortInternal()
   at System.Threading.Thread.Abort(Object stateInfo)
   at System.Web.HttpResponse.AbortCurrentThread()
   at System.Web.HttpResponse.Redirect(String url, Boolean endResponse, Boolean permanent)
   at Campco.Common.Registration.Retailer_Wholesaler_Registration() in E:\nisha\ordex\hR\Campco\Campco\Common\Registration.aspx.cs:line 303
   at Campco.Common.Registration.btnregister_Click(Object sender, EventArgs e) in E:\nisha\ordex\hR\Campco\Campco\Common\Registration.aspx.cs:line 98
----------------------------------------------------
System.Threading.ThreadAbortException: Thread was being aborted.
   at System.Threading.Thread.AbortInternal()
   at System.Threading.Thread.Abort(Object stateInfo)
   at System.Web.HttpResponse.AbortCurrentThread()
   at System.Web.HttpResponse.Redirect(String url, Boolean endResponse, Boolean permanent)
   at Campco.Common.Registration.Retailer_Wholesaler_Registration() in E:\nisha\ordex\hR\Campco\Campco\Common\Registration.aspx.cs:line 303
   at Campco.Common.Registration.btnregister_Click(Object sender, EventArgs e) in E:\nisha\ordex\hR\Campco\Campco\Common\Registration.aspx.cs:line 98
-------------------------END-------------------------3/10/2017 6:33:47 PM
----------------------------------------------------
-------------------------START-------------------------3/10/2017 6:35:22 PM
Page :RegistrationThankyou.aspx
----------------------------------------------------
Stack Trace :   at System.Threading.Thread.AbortInternal()
   at System.Threading.Thread.Abort(Object stateInfo)
   at System.Web.HttpResponse.AbortCurrentThread()
   at System.Web.HttpResponse.Redirect(String url, Boolean endResponse, Boolean permanent)
   at Campco.Common.CampcoCommon.lnkSinIn_Click(Object sender, EventArgs e) in E:\nisha\ordex\hR\Campco\Campco\Common\CampcoCommon.Master.cs:line 225
----------------------------------------------------
System.Threading.ThreadAbortException: Thread was being aborted.
   at System.Threading.Thread.AbortInternal()
   at System.Threading.Thread.Abort(Object stateInfo)
   at System.Web.HttpResponse.AbortCurrentThread()
   at System.Web.HttpResponse.Redirect(String url, Boolean endResponse, Boolean permanent)
   at Campco.Common.CampcoCommon.lnkSinIn_Click(Object sender, EventArgs e) in E:\nisha\ordex\hR\Campco\Campco\Common\CampcoCommon.Master.cs:line 225
-------------------------END-------------------------3/10/2017 6:35:22 PM
----------------------------------------------------
