-------------------------START-------------------------3/6/2017 11:30:06 AM
Page :index.aspx
----------------------------------------------------
Stack Trace :   at Campco.Common.index.Page_Load(Object sender, EventArgs e) in E:\nisha\ordex\hR\Campco\Campco\Common\index.aspx.cs:line 73
----------------------------------------------------
System.NullReferenceException: Object reference not set to an instance of an object.
   at Campco.Common.index.Page_Load(Object sender, EventArgs e) in E:\nisha\ordex\hR\Campco\Campco\Common\index.aspx.cs:line 73
-------------------------END-------------------------3/6/2017 11:30:06 AM
----------------------------------------------------
-------------------------START-------------------------3/6/2017 11:30:06 AM
Page :index.aspx
----------------------------------------------------
Stack Trace :   at Campco.Common.CampcoCommon.Page_Load(Object sender, EventArgs e) in E:\nisha\ordex\hR\Campco\Campco\Common\CampcoCommon.Master.cs:line 112
----------------------------------------------------
System.NullReferenceException: Object reference not set to an instance of an object.
   at Campco.Common.CampcoCommon.Page_Load(Object sender, EventArgs e) in E:\nisha\ordex\hR\Campco\Campco\Common\CampcoCommon.Master.cs:line 112
-------------------------END-------------------------3/6/2017 11:30:06 AM
----------------------------------------------------
-------------------------START-------------------------3/6/2017 11:32:35 AM
Page :UpdateMyProfile.aspx
----------------------------------------------------
Stack Trace :   at System.Data.RBTree`1.GetNodeByIndex(Int32 userIndex)
   at System.Data.DataRowCollection.get_Item(Int32 index)
   at Campco.dbUtility.GetCustomerDetail_MyProfile(Registration_Property R) in E:\nisha\ordex\hR\Campco\Campco\AppCode\dbUtility.cs:line 281
   at Campco.Common.UpdateMyProfile.Get_CustomerDetail() in E:\nisha\ordex\hR\Campco\Campco\Common\UpdateMyProfile.aspx.cs:line 72
   at Campco.Common.UpdateMyProfile.Page_Load(Object sender, EventArgs e) in E:\nisha\ordex\hR\Campco\Campco\Common\UpdateMyProfile.aspx.cs:line 35
----------------------------------------------------
System.IndexOutOfRangeException: There is no row at position 0.
   at System.Data.RBTree`1.GetNodeByIndex(Int32 userIndex)
   at System.Data.DataRowCollection.get_Item(Int32 index)
   at Campco.dbUtility.GetCustomerDetail_MyProfile(Registration_Property R) in E:\nisha\ordex\hR\Campco\Campco\AppCode\dbUtility.cs:line 281
   at Campco.Common.UpdateMyProfile.Get_CustomerDetail() in E:\nisha\ordex\hR\Campco\Campco\Common\UpdateMyProfile.aspx.cs:line 72
   at Campco.Common.UpdateMyProfile.Page_Load(Object sender, EventArgs e) in E:\nisha\ordex\hR\Campco\Campco\Common\UpdateMyProfile.aspx.cs:line 35
-------------------------END-------------------------3/6/2017 11:32:35 AM
----------------------------------------------------
-------------------------START-------------------------3/6/2017 11:32:41 AM
Page :UpdateMyProfile.aspx
----------------------------------------------------
Stack Trace :   at System.Threading.Thread.AbortInternal()
   at System.Threading.Thread.Abort(Object stateInfo)
   at System.Web.HttpResponse.AbortCurrentThread()
   at System.Web.HttpResponse.Redirect(String url, Boolean endResponse, Boolean permanent)
   at Campco.Common.CampcoCommon.lnkSignout_Click(Object sender, EventArgs e) in E:\nisha\ordex\hR\Campco\Campco\Common\CampcoCommon.Master.cs:line 228
----------------------------------------------------
System.Threading.ThreadAbortException: Thread was being aborted.
   at System.Threading.Thread.AbortInternal()
   at System.Threading.Thread.Abort(Object stateInfo)
   at System.Web.HttpResponse.AbortCurrentThread()
   at System.Web.HttpResponse.Redirect(String url, Boolean endResponse, Boolean permanent)
   at Campco.Common.CampcoCommon.lnkSignout_Click(Object sender, EventArgs e) in E:\nisha\ordex\hR\Campco\Campco\Common\CampcoCommon.Master.cs:line 228
-------------------------END-------------------------3/6/2017 11:32:41 AM
----------------------------------------------------
-------------------------START-------------------------3/6/2017 11:33:05 AM
Page :index.aspx
----------------------------------------------------
Stack Trace :   at System.Threading.Thread.AbortInternal()
   at System.Threading.Thread.Abort(Object stateInfo)
   at System.Web.HttpResponse.AbortCurrentThread()
   at System.Web.HttpResponse.Redirect(String url, Boolean endResponse, Boolean permanent)
   at Campco.Common.CampcoCommon.lnkSignout_Click(Object sender, EventArgs e) in E:\nisha\ordex\hR\Campco\Campco\Common\CampcoCommon.Master.cs:line 228
----------------------------------------------------
System.Threading.ThreadAbortException: Thread was being aborted.
   at System.Threading.Thread.AbortInternal()
   at System.Threading.Thread.Abort(Object stateInfo)
   at System.Web.HttpResponse.AbortCurrentThread()
   at System.Web.HttpResponse.Redirect(String url, Boolean endResponse, Boolean permanent)
   at Campco.Common.CampcoCommon.lnkSignout_Click(Object sender, EventArgs e) in E:\nisha\ordex\hR\Campco\Campco\Common\CampcoCommon.Master.cs:line 228
-------------------------END-------------------------3/6/2017 11:33:05 AM
----------------------------------------------------
-------------------------START-------------------------3/6/2017 11:33:09 AM
Page :index.aspx
----------------------------------------------------
Stack Trace :   at System.Threading.Thread.AbortInternal()
   at System.Threading.Thread.Abort(Object stateInfo)
   at System.Web.HttpResponse.AbortCurrentThread()
   at System.Web.HttpResponse.Redirect(String url, Boolean endResponse, Boolean permanent)
   at Campco.Common.CampcoCommon.lnkSignout_Click(Object sender, EventArgs e) in E:\nisha\ordex\hR\Campco\Campco\Common\CampcoCommon.Master.cs:line 228
----------------------------------------------------
System.Threading.ThreadAbortException: Thread was being aborted.
   at System.Threading.Thread.AbortInternal()
   at System.Threading.Thread.Abort(Object stateInfo)
   at System.Web.HttpResponse.AbortCurrentThread()
   at System.Web.HttpResponse.Redirect(String url, Boolean endResponse, Boolean permanent)
   at Campco.Common.CampcoCommon.lnkSignout_Click(Object sender, EventArgs e) in E:\nisha\ordex\hR\Campco\Campco\Common\CampcoCommon.Master.cs:line 228
-------------------------END-------------------------3/6/2017 11:33:09 AM
----------------------------------------------------
-------------------------START-------------------------3/6/2017 11:33:11 AM
Page :index.aspx
----------------------------------------------------
Stack Trace :   at System.Threading.Thread.AbortInternal()
   at System.Threading.Thread.Abort(Object stateInfo)
   at System.Web.HttpResponse.AbortCurrentThread()
   at System.Web.HttpResponse.Redirect(String url, Boolean endResponse, Boolean permanent)
   at Campco.Common.CampcoCommon.lnkSignout_Click(Object sender, EventArgs e) in E:\nisha\ordex\hR\Campco\Campco\Common\CampcoCommon.Master.cs:line 228
----------------------------------------------------
System.Threading.ThreadAbortException: Thread was being aborted.
   at System.Threading.Thread.AbortInternal()
   at System.Threading.Thread.Abort(Object stateInfo)
   at System.Web.HttpResponse.AbortCurrentThread()
   at System.Web.HttpResponse.Redirect(String url, Boolean endResponse, Boolean permanent)
   at Campco.Common.CampcoCommon.lnkSignout_Click(Object sender, EventArgs e) in E:\nisha\ordex\hR\Campco\Campco\Common\CampcoCommon.Master.cs:line 228
-------------------------END-------------------------3/6/2017 11:33:11 AM
----------------------------------------------------
-------------------------START-------------------------3/6/2017 11:33:18 AM
Page :index.aspx
----------------------------------------------------
Stack Trace :   at System.Threading.Thread.AbortInternal()
   at System.Threading.Thread.Abort(Object stateInfo)
   at System.Web.HttpResponse.AbortCurrentThread()
   at System.Web.HttpResponse.Redirect(String url, Boolean endResponse, Boolean permanent)
   at Campco.Common.CampcoCommon.lnkSignout_Click(Object sender, EventArgs e) in E:\nisha\ordex\hR\Campco\Campco\Common\CampcoCommon.Master.cs:line 228
----------------------------------------------------
System.Threading.ThreadAbortException: Thread was being aborted.
   at System.Threading.Thread.AbortInternal()
   at System.Threading.Thread.Abort(Object stateInfo)
   at System.Web.HttpResponse.AbortCurrentThread()
   at System.Web.HttpResponse.Redirect(String url, Boolean endResponse, Boolean permanent)
   at Campco.Common.CampcoCommon.lnkSignout_Click(Object sender, EventArgs e) in E:\nisha\ordex\hR\Campco\Campco\Common\CampcoCommon.Master.cs:line 228
-------------------------END-------------------------3/6/2017 11:33:18 AM
----------------------------------------------------
-------------------------START-------------------------3/6/2017 11:33:20 AM
Page :index.aspx
----------------------------------------------------
Stack Trace :   at System.Threading.Thread.AbortInternal()
   at System.Threading.Thread.Abort(Object stateInfo)
   at System.Web.HttpResponse.AbortCurrentThread()
   at System.Web.HttpResponse.Redirect(String url, Boolean endResponse, Boolean permanent)
   at Campco.Common.CampcoCommon.lnkSignout_Click(Object sender, EventArgs e) in E:\nisha\ordex\hR\Campco\Campco\Common\CampcoCommon.Master.cs:line 228
----------------------------------------------------
System.Threading.ThreadAbortException: Thread was being aborted.
   at System.Threading.Thread.AbortInternal()
   at System.Threading.Thread.Abort(Object stateInfo)
   at System.Web.HttpResponse.AbortCurrentThread()
   at System.Web.HttpResponse.Redirect(String url, Boolean endResponse, Boolean permanent)
   at Campco.Common.CampcoCommon.lnkSignout_Click(Object sender, EventArgs e) in E:\nisha\ordex\hR\Campco\Campco\Common\CampcoCommon.Master.cs:line 228
-------------------------END-------------------------3/6/2017 11:33:20 AM
----------------------------------------------------
-------------------------START-------------------------3/6/2017 11:33:22 AM
Page :index.aspx
----------------------------------------------------
Stack Trace :   at System.Threading.Thread.AbortInternal()
   at System.Threading.Thread.Abort(Object stateInfo)
   at System.Web.HttpResponse.AbortCurrentThread()
   at System.Web.HttpResponse.Redirect(String url, Boolean endResponse, Boolean permanent)
   at Campco.Common.CampcoCommon.lnkSignout_Click(Object sender, EventArgs e) in E:\nisha\ordex\hR\Campco\Campco\Common\CampcoCommon.Master.cs:line 228
----------------------------------------------------
System.Threading.ThreadAbortException: Thread was being aborted.
   at System.Threading.Thread.AbortInternal()
   at System.Threading.Thread.Abort(Object stateInfo)
   at System.Web.HttpResponse.AbortCurrentThread()
   at System.Web.HttpResponse.Redirect(String url, Boolean endResponse, Boolean permanent)
   at Campco.Common.CampcoCommon.lnkSignout_Click(Object sender, EventArgs e) in E:\nisha\ordex\hR\Campco\Campco\Common\CampcoCommon.Master.cs:line 228
-------------------------END-------------------------3/6/2017 11:33:22 AM
----------------------------------------------------
-------------------------START-------------------------3/6/2017 11:33:29 AM
Page :index.aspx
----------------------------------------------------
Stack Trace :   at System.Threading.Thread.AbortInternal()
   at System.Threading.Thread.Abort(Object stateInfo)
   at System.Web.HttpResponse.AbortCurrentThread()
   at System.Web.HttpResponse.Redirect(String url, Boolean endResponse, Boolean permanent)
   at Campco.Common.CampcoCommon.lnkSignout_Click(Object sender, EventArgs e) in E:\nisha\ordex\hR\Campco\Campco\Common\CampcoCommon.Master.cs:line 228
----------------------------------------------------
System.Threading.ThreadAbortException: Thread was being aborted.
   at System.Threading.Thread.AbortInternal()
   at System.Threading.Thread.Abort(Object stateInfo)
   at System.Web.HttpResponse.AbortCurrentThread()
   at System.Web.HttpResponse.Redirect(String url, Boolean endResponse, Boolean permanent)
   at Campco.Common.CampcoCommon.lnkSignout_Click(Object sender, EventArgs e) in E:\nisha\ordex\hR\Campco\Campco\Common\CampcoCommon.Master.cs:line 228
-------------------------END-------------------------3/6/2017 11:33:29 AM
----------------------------------------------------
-------------------------START-------------------------3/6/2017 11:33:35 AM
Page :index.aspx
----------------------------------------------------
Stack Trace :   at System.Threading.Thread.AbortInternal()
   at System.Threading.Thread.Abort(Object stateInfo)
   at System.Web.HttpResponse.AbortCurrentThread()
   at System.Web.HttpResponse.Redirect(String url, Boolean endResponse, Boolean permanent)
   at Campco.Common.CampcoCommon.lnkMyaccount_Click(Object sender, EventArgs e) in E:\nisha\ordex\hR\Campco\Campco\Common\CampcoCommon.Master.cs:line 183
----------------------------------------------------
System.Threading.ThreadAbortException: Thread was being aborted.
   at System.Threading.Thread.AbortInternal()
   at System.Threading.Thread.Abort(Object stateInfo)
   at System.Web.HttpResponse.AbortCurrentThread()
   at System.Web.HttpResponse.Redirect(String url, Boolean endResponse, Boolean permanent)
   at Campco.Common.CampcoCommon.lnkMyaccount_Click(Object sender, EventArgs e) in E:\nisha\ordex\hR\Campco\Campco\Common\CampcoCommon.Master.cs:line 183
-------------------------END-------------------------3/6/2017 11:33:35 AM
----------------------------------------------------
-------------------------START-------------------------3/6/2017 11:33:35 AM
Page :UpdateMyProfile.aspx
----------------------------------------------------
Stack Trace :   at System.Data.RBTree`1.GetNodeByIndex(Int32 userIndex)
   at System.Data.DataRowCollection.get_Item(Int32 index)
   at Campco.dbUtility.GetCustomerDetail_MyProfile(Registration_Property R) in E:\nisha\ordex\hR\Campco\Campco\AppCode\dbUtility.cs:line 281
   at Campco.Common.UpdateMyProfile.Get_CustomerDetail() in E:\nisha\ordex\hR\Campco\Campco\Common\UpdateMyProfile.aspx.cs:line 72
   at Campco.Common.UpdateMyProfile.Page_Load(Object sender, EventArgs e) in E:\nisha\ordex\hR\Campco\Campco\Common\UpdateMyProfile.aspx.cs:line 35
----------------------------------------------------
System.IndexOutOfRangeException: There is no row at position 0.
   at System.Data.RBTree`1.GetNodeByIndex(Int32 userIndex)
   at System.Data.DataRowCollection.get_Item(Int32 index)
   at Campco.dbUtility.GetCustomerDetail_MyProfile(Registration_Property R) in E:\nisha\ordex\hR\Campco\Campco\AppCode\dbUtility.cs:line 281
   at Campco.Common.UpdateMyProfile.Get_CustomerDetail() in E:\nisha\ordex\hR\Campco\Campco\Common\UpdateMyProfile.aspx.cs:line 72
   at Campco.Common.UpdateMyProfile.Page_Load(Object sender, EventArgs e) in E:\nisha\ordex\hR\Campco\Campco\Common\UpdateMyProfile.aspx.cs:line 35
-------------------------END-------------------------3/6/2017 11:33:35 AM
----------------------------------------------------
-------------------------START-------------------------3/6/2017 11:33:38 AM
Page :UpdateMyProfile.aspx
----------------------------------------------------
Stack Trace :   at System.Threading.Thread.AbortInternal()
   at System.Threading.Thread.Abort(Object stateInfo)
   at System.Web.HttpResponse.AbortCurrentThread()
   at System.Web.HttpResponse.Redirect(String url, Boolean endResponse, Boolean permanent)
   at Campco.Common.CampcoCommon.lnkSignout_Click(Object sender, EventArgs e) in E:\nisha\ordex\hR\Campco\Campco\Common\CampcoCommon.Master.cs:line 228
----------------------------------------------------
System.Threading.ThreadAbortException: Thread was being aborted.
   at System.Threading.Thread.AbortInternal()
   at System.Threading.Thread.Abort(Object stateInfo)
   at System.Web.HttpResponse.AbortCurrentThread()
   at System.Web.HttpResponse.Redirect(String url, Boolean endResponse, Boolean permanent)
   at Campco.Common.CampcoCommon.lnkSignout_Click(Object sender, EventArgs e) in E:\nisha\ordex\hR\Campco\Campco\Common\CampcoCommon.Master.cs:line 228
-------------------------END-------------------------3/6/2017 11:33:38 AM
----------------------------------------------------
-------------------------START-------------------------3/6/2017 11:35:22 AM
Page :index.aspx
----------------------------------------------------
Stack Trace :   at System.Threading.Thread.AbortInternal()
   at System.Threading.Thread.Abort(Object stateInfo)
   at System.Web.HttpResponse.AbortCurrentThread()
   at System.Web.HttpResponse.Redirect(String url, Boolean endResponse, Boolean permanent)
   at Campco.Common.CampcoCommon.lnkSignout_Click(Object sender, EventArgs e) in E:\nisha\ordex\hR\Campco\Campco\Common\CampcoCommon.Master.cs:line 228
----------------------------------------------------
System.Threading.ThreadAbortException: Thread was being aborted.
   at System.Threading.Thread.AbortInternal()
   at System.Threading.Thread.Abort(Object stateInfo)
   at System.Web.HttpResponse.AbortCurrentThread()
   at System.Web.HttpResponse.Redirect(String url, Boolean endResponse, Boolean permanent)
   at Campco.Common.CampcoCommon.lnkSignout_Click(Object sender, EventArgs e) in E:\nisha\ordex\hR\Campco\Campco\Common\CampcoCommon.Master.cs:line 228
-------------------------END-------------------------3/6/2017 11:35:22 AM
----------------------------------------------------
-------------------------START-------------------------3/6/2017 11:37:02 AM
Page :index.aspx
----------------------------------------------------
Stack Trace :   at System.Threading.Thread.AbortInternal()
   at System.Threading.Thread.Abort(Object stateInfo)
   at System.Web.HttpResponse.AbortCurrentThread()
   at System.Web.HttpResponse.Redirect(String url, Boolean endResponse, Boolean permanent)
   at Campco.Common.CampcoCommon.lnkSignout_Click(Object sender, EventArgs e) in E:\nisha\ordex\hR\Campco\Campco\Common\CampcoCommon.Master.cs:line 228
----------------------------------------------------
System.Threading.ThreadAbortException: Thread was being aborted.
   at System.Threading.Thread.AbortInternal()
   at System.Threading.Thread.Abort(Object stateInfo)
   at System.Web.HttpResponse.AbortCurrentThread()
   at System.Web.HttpResponse.Redirect(String url, Boolean endResponse, Boolean permanent)
   at Campco.Common.CampcoCommon.lnkSignout_Click(Object sender, EventArgs e) in E:\nisha\ordex\hR\Campco\Campco\Common\CampcoCommon.Master.cs:line 228
-------------------------END-------------------------3/6/2017 11:37:02 AM
----------------------------------------------------
-------------------------START-------------------------3/6/2017 11:37:04 AM
Page :index.aspx
----------------------------------------------------
Stack Trace :   at System.Threading.Thread.AbortInternal()
   at System.Threading.Thread.Abort(Object stateInfo)
   at System.Web.HttpResponse.AbortCurrentThread()
   at System.Web.HttpResponse.Redirect(String url, Boolean endResponse, Boolean permanent)
   at Campco.Common.CampcoCommon.lnkSignout_Click(Object sender, EventArgs e) in E:\nisha\ordex\hR\Campco\Campco\Common\CampcoCommon.Master.cs:line 228
----------------------------------------------------
System.Threading.ThreadAbortException: Thread was being aborted.
   at System.Threading.Thread.AbortInternal()
   at System.Threading.Thread.Abort(Object stateInfo)
   at System.Web.HttpResponse.AbortCurrentThread()
   at System.Web.HttpResponse.Redirect(String url, Boolean endResponse, Boolean permanent)
   at Campco.Common.CampcoCommon.lnkSignout_Click(Object sender, EventArgs e) in E:\nisha\ordex\hR\Campco\Campco\Common\CampcoCommon.Master.cs:line 228
-------------------------END-------------------------3/6/2017 11:37:04 AM
----------------------------------------------------
-------------------------START-------------------------3/6/2017 12:02:13 PM
Page :index.aspx
----------------------------------------------------
Stack Trace :   at System.Threading.Thread.AbortInternal()
   at System.Threading.Thread.Abort(Object stateInfo)
   at System.Web.HttpResponse.AbortCurrentThread()
   at System.Web.HttpResponse.Redirect(String url, Boolean endResponse, Boolean permanent)
   at Campco.Common.CampcoCommon.lnkSinIn_Click(Object sender, EventArgs e) in E:\nisha\ordex\hR\Campco\Campco\Common\CampcoCommon.Master.cs:line 210
----------------------------------------------------
System.Threading.ThreadAbortException: Thread was being aborted.
   at System.Threading.Thread.AbortInternal()
   at System.Threading.Thread.Abort(Object stateInfo)
   at System.Web.HttpResponse.AbortCurrentThread()
   at System.Web.HttpResponse.Redirect(String url, Boolean endResponse, Boolean permanent)
   at Campco.Common.CampcoCommon.lnkSinIn_Click(Object sender, EventArgs e) in E:\nisha\ordex\hR\Campco\Campco\Common\CampcoCommon.Master.cs:line 210
-------------------------END-------------------------3/6/2017 12:02:13 PM
----------------------------------------------------
-------------------------START-------------------------3/6/2017 2:01:33 PM
Page :index.aspx
----------------------------------------------------
Stack Trace :   at Campco.Common.index.Page_Load(Object sender, EventArgs e) in E:\nisha\ordex\hR\Campco\Campco\Common\index.aspx.cs:line 73
----------------------------------------------------
System.NullReferenceException: Object reference not set to an instance of an object.
   at Campco.Common.index.Page_Load(Object sender, EventArgs e) in E:\nisha\ordex\hR\Campco\Campco\Common\index.aspx.cs:line 73
-------------------------END-------------------------3/6/2017 2:01:33 PM
----------------------------------------------------
-------------------------START-------------------------3/6/2017 2:03:45 PM
Page :index.aspx
----------------------------------------------------
Stack Trace :   at System.Threading.Thread.AbortInternal()
   at System.Threading.Thread.Abort(Object stateInfo)
   at System.Web.HttpResponse.AbortCurrentThread()
   at System.Web.HttpResponse.Redirect(String url, Boolean endResponse, Boolean permanent)
   at Campco.Common.CampcoCommon.lnkSinIn_Click(Object sender, EventArgs e) in E:\nisha\ordex\hR\Campco\Campco\Common\CampcoCommon.Master.cs:line 210
----------------------------------------------------
System.Threading.ThreadAbortException: Thread was being aborted.
   at System.Threading.Thread.AbortInternal()
   at System.Threading.Thread.Abort(Object stateInfo)
   at System.Web.HttpResponse.AbortCurrentThread()
   at System.Web.HttpResponse.Redirect(String url, Boolean endResponse, Boolean permanent)
   at Campco.Common.CampcoCommon.lnkSinIn_Click(Object sender, EventArgs e) in E:\nisha\ordex\hR\Campco\Campco\Common\CampcoCommon.Master.cs:line 210
-------------------------END-------------------------3/6/2017 2:03:46 PM
----------------------------------------------------
-------------------------START-------------------------3/6/2017 2:03:52 PM
Page :index.aspx
----------------------------------------------------
Stack Trace :   at System.Threading.Thread.AbortInternal()
   at System.Threading.Thread.Abort(Object stateInfo)
   at System.Web.HttpResponse.AbortCurrentThread()
   at System.Web.HttpResponse.Redirect(String url, Boolean endResponse, Boolean permanent)
   at Campco.Common.CampcoCommon.lnkSinIn_Click(Object sender, EventArgs e) in E:\nisha\ordex\hR\Campco\Campco\Common\CampcoCommon.Master.cs:line 210
----------------------------------------------------
System.Threading.ThreadAbortException: Thread was being aborted.
   at System.Threading.Thread.AbortInternal()
   at System.Threading.Thread.Abort(Object stateInfo)
   at System.Web.HttpResponse.AbortCurrentThread()
   at System.Web.HttpResponse.Redirect(String url, Boolean endResponse, Boolean permanent)
   at Campco.Common.CampcoCommon.lnkSinIn_Click(Object sender, EventArgs e) in E:\nisha\ordex\hR\Campco\Campco\Common\CampcoCommon.Master.cs:line 210
-------------------------END-------------------------3/6/2017 2:03:52 PM
----------------------------------------------------
-------------------------START-------------------------3/6/2017 2:09:06 PM
Page :UpdateMyProfile.aspx
----------------------------------------------------
Stack Trace :   at System.Threading.Thread.AbortInternal()
   at System.Threading.Thread.Abort(Object stateInfo)
   at System.Web.HttpResponse.AbortCurrentThread()
   at System.Web.HttpResponse.Redirect(String url, Boolean endResponse, Boolean permanent)
   at Campco.Common.UpdateMyProfile.Retailer_Wholesaler_UpdateProfile() in E:\nisha\ordex\hR\Campco\Campco\Common\UpdateMyProfile.aspx.cs:line 225
   at Campco.Common.UpdateMyProfile.btnupdateprofile_Click(Object sender, EventArgs e) in E:\nisha\ordex\hR\Campco\Campco\Common\UpdateMyProfile.aspx.cs:line 120
----------------------------------------------------
System.Threading.ThreadAbortException: Thread was being aborted.
   at System.Threading.Thread.AbortInternal()
   at System.Threading.Thread.Abort(Object stateInfo)
   at System.Web.HttpResponse.AbortCurrentThread()
   at System.Web.HttpResponse.Redirect(String url, Boolean endResponse, Boolean permanent)
   at Campco.Common.UpdateMyProfile.Retailer_Wholesaler_UpdateProfile() in E:\nisha\ordex\hR\Campco\Campco\Common\UpdateMyProfile.aspx.cs:line 225
   at Campco.Common.UpdateMyProfile.btnupdateprofile_Click(Object sender, EventArgs e) in E:\nisha\ordex\hR\Campco\Campco\Common\UpdateMyProfile.aspx.cs:line 120
-------------------------END-------------------------3/6/2017 2:09:06 PM
----------------------------------------------------
-------------------------START-------------------------3/6/2017 2:12:41 PM
Page :UpdateMyProfile.aspx
----------------------------------------------------
Stack Trace :   at System.Threading.Thread.AbortInternal()
   at System.Threading.Thread.Abort(Object stateInfo)
   at System.Web.HttpResponse.AbortCurrentThread()
   at System.Web.HttpResponse.Redirect(String url, Boolean endResponse, Boolean permanent)
   at Campco.Common.CampcoCommon.lnkSignout_Click(Object sender, EventArgs e) in E:\nisha\ordex\hR\Campco\Campco\Common\CampcoCommon.Master.cs:line 231
----------------------------------------------------
System.Threading.ThreadAbortException: Thread was being aborted.
   at System.Threading.Thread.AbortInternal()
   at System.Threading.Thread.Abort(Object stateInfo)
   at System.Web.HttpResponse.AbortCurrentThread()
   at System.Web.HttpResponse.Redirect(String url, Boolean endResponse, Boolean permanent)
   at Campco.Common.CampcoCommon.lnkSignout_Click(Object sender, EventArgs e) in E:\nisha\ordex\hR\Campco\Campco\Common\CampcoCommon.Master.cs:line 231
-------------------------END-------------------------3/6/2017 2:12:41 PM
----------------------------------------------------
-------------------------START-------------------------3/6/2017 2:14:13 PM
Page :index.aspx
----------------------------------------------------
Stack Trace :   at System.Threading.Thread.AbortInternal()
   at System.Threading.Thread.Abort(Object stateInfo)
   at System.Web.HttpResponse.AbortCurrentThread()
   at System.Web.HttpResponse.Redirect(String url, Boolean endResponse, Boolean permanent)
   at Campco.Common.CampcoCommon.lnkSinIn_Click(Object sender, EventArgs e) in E:\nisha\ordex\hR\Campco\Campco\Common\CampcoCommon.Master.cs:line 210
----------------------------------------------------
System.Threading.ThreadAbortException: Thread was being aborted.
   at System.Threading.Thread.AbortInternal()
   at System.Threading.Thread.Abort(Object stateInfo)
   at System.Web.HttpResponse.AbortCurrentThread()
   at System.Web.HttpResponse.Redirect(String url, Boolean endResponse, Boolean permanent)
   at Campco.Common.CampcoCommon.lnkSinIn_Click(Object sender, EventArgs e) in E:\nisha\ordex\hR\Campco\Campco\Common\CampcoCommon.Master.cs:line 210
-------------------------END-------------------------3/6/2017 2:14:13 PM
----------------------------------------------------
-------------------------START-------------------------3/6/2017 2:18:45 PM
Page :UpdateMyProfile.aspx
----------------------------------------------------
Stack Trace :   at System.Threading.Thread.AbortInternal()
   at System.Threading.Thread.Abort(Object stateInfo)
   at System.Web.HttpResponse.AbortCurrentThread()
   at System.Web.HttpResponse.Redirect(String url, Boolean endResponse, Boolean permanent)
   at Campco.Common.UpdateMyProfile.Retailer_Wholesaler_UpdateProfile() in E:\nisha\ordex\hR\Campco\Campco\Common\UpdateMyProfile.aspx.cs:line 227
   at Campco.Common.UpdateMyProfile.btnupdateprofile_Click(Object sender, EventArgs e) in E:\nisha\ordex\hR\Campco\Campco\Common\UpdateMyProfile.aspx.cs:line 122
----------------------------------------------------
System.Threading.ThreadAbortException: Thread was being aborted.
   at System.Threading.Thread.AbortInternal()
   at System.Threading.Thread.Abort(Object stateInfo)
   at System.Web.HttpResponse.AbortCurrentThread()
   at System.Web.HttpResponse.Redirect(String url, Boolean endResponse, Boolean permanent)
   at Campco.Common.UpdateMyProfile.Retailer_Wholesaler_UpdateProfile() in E:\nisha\ordex\hR\Campco\Campco\Common\UpdateMyProfile.aspx.cs:line 227
   at Campco.Common.UpdateMyProfile.btnupdateprofile_Click(Object sender, EventArgs e) in E:\nisha\ordex\hR\Campco\Campco\Common\UpdateMyProfile.aspx.cs:line 122
-------------------------END-------------------------3/6/2017 2:18:45 PM
----------------------------------------------------
-------------------------START-------------------------3/6/2017 2:19:38 PM
Page :UpdateMyProfile.aspx
----------------------------------------------------
Stack Trace :   at System.Threading.Thread.AbortInternal()
   at System.Threading.Thread.Abort(Object stateInfo)
   at System.Web.HttpResponse.AbortCurrentThread()
   at System.Web.HttpResponse.Redirect(String url, Boolean endResponse, Boolean permanent)
   at Campco.Common.UpdateMyProfile.Retailer_Wholesaler_UpdateProfile() in E:\nisha\ordex\hR\Campco\Campco\Common\UpdateMyProfile.aspx.cs:line 227
   at Campco.Common.UpdateMyProfile.btnupdateprofile_Click(Object sender, EventArgs e) in E:\nisha\ordex\hR\Campco\Campco\Common\UpdateMyProfile.aspx.cs:line 122
----------------------------------------------------
System.Threading.ThreadAbortException: Thread was being aborted.
   at System.Threading.Thread.AbortInternal()
   at System.Threading.Thread.Abort(Object stateInfo)
   at System.Web.HttpResponse.AbortCurrentThread()
   at System.Web.HttpResponse.Redirect(String url, Boolean endResponse, Boolean permanent)
   at Campco.Common.UpdateMyProfile.Retailer_Wholesaler_UpdateProfile() in E:\nisha\ordex\hR\Campco\Campco\Common\UpdateMyProfile.aspx.cs:line 227
   at Campco.Common.UpdateMyProfile.btnupdateprofile_Click(Object sender, EventArgs e) in E:\nisha\ordex\hR\Campco\Campco\Common\UpdateMyProfile.aspx.cs:line 122
-------------------------END-------------------------3/6/2017 2:19:38 PM
----------------------------------------------------
-------------------------START-------------------------3/6/2017 2:20:31 PM
Page :UpdateMyProfile.aspx
----------------------------------------------------
Stack Trace :   at System.Threading.Thread.AbortInternal()
   at System.Threading.Thread.Abort(Object stateInfo)
   at System.Web.HttpResponse.AbortCurrentThread()
   at System.Web.HttpResponse.Redirect(String url, Boolean endResponse, Boolean permanent)
   at Campco.Common.UpdateMyProfile.Retailer_Wholesaler_UpdateProfile() in E:\nisha\ordex\hR\Campco\Campco\Common\UpdateMyProfile.aspx.cs:line 227
   at Campco.Common.UpdateMyProfile.btnupdateprofile_Click(Object sender, EventArgs e) in E:\nisha\ordex\hR\Campco\Campco\Common\UpdateMyProfile.aspx.cs:line 122
----------------------------------------------------
System.Threading.ThreadAbortException: Thread was being aborted.
   at System.Threading.Thread.AbortInternal()
   at System.Threading.Thread.Abort(Object stateInfo)
   at System.Web.HttpResponse.AbortCurrentThread()
   at System.Web.HttpResponse.Redirect(String url, Boolean endResponse, Boolean permanent)
   at Campco.Common.UpdateMyProfile.Retailer_Wholesaler_UpdateProfile() in E:\nisha\ordex\hR\Campco\Campco\Common\UpdateMyProfile.aspx.cs:line 227
   at Campco.Common.UpdateMyProfile.btnupdateprofile_Click(Object sender, EventArgs e) in E:\nisha\ordex\hR\Campco\Campco\Common\UpdateMyProfile.aspx.cs:line 122
-------------------------END-------------------------3/6/2017 2:20:31 PM
----------------------------------------------------
-------------------------START-------------------------3/6/2017 2:21:07 PM
Page :UpdateMyProfile.aspx
----------------------------------------------------
Stack Trace :   at System.Threading.Thread.AbortInternal()
   at System.Threading.Thread.Abort(Object stateInfo)
   at System.Web.HttpResponse.AbortCurrentThread()
   at System.Web.HttpResponse.Redirect(String url, Boolean endResponse, Boolean permanent)
   at Campco.Common.UpdateMyProfile.Retailer_Wholesaler_UpdateProfile() in E:\nisha\ordex\hR\Campco\Campco\Common\UpdateMyProfile.aspx.cs:line 227
   at Campco.Common.UpdateMyProfile.btnupdateprofile_Click(Object sender, EventArgs e) in E:\nisha\ordex\hR\Campco\Campco\Common\UpdateMyProfile.aspx.cs:line 122
----------------------------------------------------
System.Threading.ThreadAbortException: Thread was being aborted.
   at System.Threading.Thread.AbortInternal()
   at System.Threading.Thread.Abort(Object stateInfo)
   at System.Web.HttpResponse.AbortCurrentThread()
   at System.Web.HttpResponse.Redirect(String url, Boolean endResponse, Boolean permanent)
   at Campco.Common.UpdateMyProfile.Retailer_Wholesaler_UpdateProfile() in E:\nisha\ordex\hR\Campco\Campco\Common\UpdateMyProfile.aspx.cs:line 227
   at Campco.Common.UpdateMyProfile.btnupdateprofile_Click(Object sender, EventArgs e) in E:\nisha\ordex\hR\Campco\Campco\Common\UpdateMyProfile.aspx.cs:line 122
-------------------------END-------------------------3/6/2017 2:21:07 PM
----------------------------------------------------
-------------------------START-------------------------3/6/2017 2:21:12 PM
Page :UpdateMyProfile.aspx
----------------------------------------------------
Stack Trace :   at System.Threading.Thread.AbortInternal()
   at System.Threading.Thread.Abort(Object stateInfo)
   at System.Web.HttpResponse.AbortCurrentThread()
   at System.Web.HttpResponse.Redirect(String url, Boolean endResponse, Boolean permanent)
   at Campco.Common.CampcoCommon.lnkSignout_Click(Object sender, EventArgs e) in E:\nisha\ordex\hR\Campco\Campco\Common\CampcoCommon.Master.cs:line 231
----------------------------------------------------
System.Threading.ThreadAbortException: Thread was being aborted.
   at System.Threading.Thread.AbortInternal()
   at System.Threading.Thread.Abort(Object stateInfo)
   at System.Web.HttpResponse.AbortCurrentThread()
   at System.Web.HttpResponse.Redirect(String url, Boolean endResponse, Boolean permanent)
   at Campco.Common.CampcoCommon.lnkSignout_Click(Object sender, EventArgs e) in E:\nisha\ordex\hR\Campco\Campco\Common\CampcoCommon.Master.cs:line 231
-------------------------END-------------------------3/6/2017 2:21:12 PM
----------------------------------------------------
-------------------------START-------------------------3/6/2017 2:21:15 PM
Page :index.aspx
----------------------------------------------------
Stack Trace :   at System.Threading.Thread.AbortInternal()
   at System.Threading.Thread.Abort(Object stateInfo)
   at System.Web.HttpResponse.AbortCurrentThread()
   at System.Web.HttpResponse.Redirect(String url, Boolean endResponse, Boolean permanent)
   at Campco.Common.CampcoCommon.lnkSinIn_Click(Object sender, EventArgs e) in E:\nisha\ordex\hR\Campco\Campco\Common\CampcoCommon.Master.cs:line 210
----------------------------------------------------
System.Threading.ThreadAbortException: Thread was being aborted.
   at System.Threading.Thread.AbortInternal()
   at System.Threading.Thread.Abort(Object stateInfo)
   at System.Web.HttpResponse.AbortCurrentThread()
   at System.Web.HttpResponse.Redirect(String url, Boolean endResponse, Boolean permanent)
   at Campco.Common.CampcoCommon.lnkSinIn_Click(Object sender, EventArgs e) in E:\nisha\ordex\hR\Campco\Campco\Common\CampcoCommon.Master.cs:line 210
-------------------------END-------------------------3/6/2017 2:21:15 PM
----------------------------------------------------
-------------------------START-------------------------3/6/2017 2:24:04 PM
Page :UpdateMyProfile.aspx
----------------------------------------------------
Stack Trace :   at System.Threading.Thread.AbortInternal()
   at System.Threading.Thread.Abort(Object stateInfo)
   at System.Web.HttpResponse.AbortCurrentThread()
   at System.Web.HttpResponse.Redirect(String url, Boolean endResponse, Boolean permanent)
   at Campco.Common.UpdateMyProfile.Retailer_Wholesaler_UpdateProfile() in E:\nisha\ordex\hR\Campco\Campco\Common\UpdateMyProfile.aspx.cs:line 227
   at Campco.Common.UpdateMyProfile.btnupdateprofile_Click(Object sender, EventArgs e) in E:\nisha\ordex\hR\Campco\Campco\Common\UpdateMyProfile.aspx.cs:line 122
----------------------------------------------------
System.Threading.ThreadAbortException: Thread was being aborted.
   at System.Threading.Thread.AbortInternal()
   at System.Threading.Thread.Abort(Object stateInfo)
   at System.Web.HttpResponse.AbortCurrentThread()
   at System.Web.HttpResponse.Redirect(String url, Boolean endResponse, Boolean permanent)
   at Campco.Common.UpdateMyProfile.Retailer_Wholesaler_UpdateProfile() in E:\nisha\ordex\hR\Campco\Campco\Common\UpdateMyProfile.aspx.cs:line 227
   at Campco.Common.UpdateMyProfile.btnupdateprofile_Click(Object sender, EventArgs e) in E:\nisha\ordex\hR\Campco\Campco\Common\UpdateMyProfile.aspx.cs:line 122
-------------------------END-------------------------3/6/2017 2:24:04 PM
----------------------------------------------------
-------------------------START-------------------------3/6/2017 2:27:56 PM
Page :UpdateMyProfile.aspx
----------------------------------------------------
Stack Trace :   at System.Threading.Thread.AbortInternal()
   at System.Threading.Thread.Abort(Object stateInfo)
   at System.Web.HttpResponse.AbortCurrentThread()
   at System.Web.HttpResponse.Redirect(String url, Boolean endResponse, Boolean permanent)
   at Campco.Common.CampcoCommon.lnkSignout_Click(Object sender, EventArgs e) in E:\nisha\ordex\hR\Campco\Campco\Common\CampcoCommon.Master.cs:line 231
----------------------------------------------------
System.Threading.ThreadAbortException: Thread was being aborted.
   at System.Threading.Thread.AbortInternal()
   at System.Threading.Thread.Abort(Object stateInfo)
   at System.Web.HttpResponse.AbortCurrentThread()
   at System.Web.HttpResponse.Redirect(String url, Boolean endResponse, Boolean permanent)
   at Campco.Common.CampcoCommon.lnkSignout_Click(Object sender, EventArgs e) in E:\nisha\ordex\hR\Campco\Campco\Common\CampcoCommon.Master.cs:line 231
-------------------------END-------------------------3/6/2017 2:27:56 PM
----------------------------------------------------
-------------------------START-------------------------3/6/2017 2:28:25 PM
Page :index.aspx
----------------------------------------------------
Stack Trace :   at System.Threading.Thread.AbortInternal()
   at System.Threading.Thread.Abort(Object stateInfo)
   at System.Web.HttpResponse.AbortCurrentThread()
   at System.Web.HttpResponse.Redirect(String url, Boolean endResponse, Boolean permanent)
   at Campco.Common.CampcoCommon.lnkSinIn_Click(Object sender, EventArgs e) in E:\nisha\ordex\hR\Campco\Campco\Common\CampcoCommon.Master.cs:line 210
----------------------------------------------------
System.Threading.ThreadAbortException: Thread was being aborted.
   at System.Threading.Thread.AbortInternal()
   at System.Threading.Thread.Abort(Object stateInfo)
   at System.Web.HttpResponse.AbortCurrentThread()
   at System.Web.HttpResponse.Redirect(String url, Boolean endResponse, Boolean permanent)
   at Campco.Common.CampcoCommon.lnkSinIn_Click(Object sender, EventArgs e) in E:\nisha\ordex\hR\Campco\Campco\Common\CampcoCommon.Master.cs:line 210
-------------------------END-------------------------3/6/2017 2:28:25 PM
----------------------------------------------------
-------------------------START-------------------------3/6/2017 2:31:36 PM
Page :UpdateMyProfile.aspx
----------------------------------------------------
Stack Trace :   at System.Threading.Thread.AbortInternal()
   at System.Threading.Thread.Abort(Object stateInfo)
   at System.Web.HttpResponse.AbortCurrentThread()
   at System.Web.HttpResponse.Redirect(String url, Boolean endResponse, Boolean permanent)
   at Campco.Common.CampcoCommon.lnkSignout_Click(Object sender, EventArgs e) in E:\nisha\ordex\hR\Campco\Campco\Common\CampcoCommon.Master.cs:line 231
----------------------------------------------------
System.Threading.ThreadAbortException: Thread was being aborted.
   at System.Threading.Thread.AbortInternal()
   at System.Threading.Thread.Abort(Object stateInfo)
   at System.Web.HttpResponse.AbortCurrentThread()
   at System.Web.HttpResponse.Redirect(String url, Boolean endResponse, Boolean permanent)
   at Campco.Common.CampcoCommon.lnkSignout_Click(Object sender, EventArgs e) in E:\nisha\ordex\hR\Campco\Campco\Common\CampcoCommon.Master.cs:line 231
-------------------------END-------------------------3/6/2017 2:31:36 PM
----------------------------------------------------
-------------------------START-------------------------3/6/2017 2:31:39 PM
Page :index.aspx
----------------------------------------------------
Stack Trace :   at System.Threading.Thread.AbortInternal()
   at System.Threading.Thread.Abort(Object stateInfo)
   at System.Web.HttpResponse.AbortCurrentThread()
   at System.Web.HttpResponse.Redirect(String url, Boolean endResponse, Boolean permanent)
   at Campco.Common.CampcoCommon.lnkSinIn_Click(Object sender, EventArgs e) in E:\nisha\ordex\hR\Campco\Campco\Common\CampcoCommon.Master.cs:line 210
----------------------------------------------------
System.Threading.ThreadAbortException: Thread was being aborted.
   at System.Threading.Thread.AbortInternal()
   at System.Threading.Thread.Abort(Object stateInfo)
   at System.Web.HttpResponse.AbortCurrentThread()
   at System.Web.HttpResponse.Redirect(String url, Boolean endResponse, Boolean permanent)
   at Campco.Common.CampcoCommon.lnkSinIn_Click(Object sender, EventArgs e) in E:\nisha\ordex\hR\Campco\Campco\Common\CampcoCommon.Master.cs:line 210
-------------------------END-------------------------3/6/2017 2:31:39 PM
----------------------------------------------------
-------------------------START-------------------------3/6/2017 2:34:22 PM
Page :UpdateMyProfile.aspx
----------------------------------------------------
Stack Trace :   at System.Threading.Thread.AbortInternal()
   at System.Threading.Thread.Abort(Object stateInfo)
   at System.Web.HttpResponse.AbortCurrentThread()
   at System.Web.HttpResponse.Redirect(String url, Boolean endResponse, Boolean permanent)
   at Campco.Common.CampcoCommon.lnkSignout_Click(Object sender, EventArgs e) in E:\nisha\ordex\hR\Campco\Campco\Common\CampcoCommon.Master.cs:line 231
----------------------------------------------------
System.Threading.ThreadAbortException: Thread was being aborted.
   at System.Threading.Thread.AbortInternal()
   at System.Threading.Thread.Abort(Object stateInfo)
   at System.Web.HttpResponse.AbortCurrentThread()
   at System.Web.HttpResponse.Redirect(String url, Boolean endResponse, Boolean permanent)
   at Campco.Common.CampcoCommon.lnkSignout_Click(Object sender, EventArgs e) in E:\nisha\ordex\hR\Campco\Campco\Common\CampcoCommon.Master.cs:line 231
-------------------------END-------------------------3/6/2017 2:34:22 PM
----------------------------------------------------
-------------------------START-------------------------3/6/2017 2:34:25 PM
Page :index.aspx
----------------------------------------------------
Stack Trace :   at System.Threading.Thread.AbortInternal()
   at System.Threading.Thread.Abort(Object stateInfo)
   at System.Web.HttpResponse.AbortCurrentThread()
   at System.Web.HttpResponse.Redirect(String url, Boolean endResponse, Boolean permanent)
   at Campco.Common.CampcoCommon.lnkSinIn_Click(Object sender, EventArgs e) in E:\nisha\ordex\hR\Campco\Campco\Common\CampcoCommon.Master.cs:line 210
----------------------------------------------------
System.Threading.ThreadAbortException: Thread was being aborted.
   at System.Threading.Thread.AbortInternal()
   at System.Threading.Thread.Abort(Object stateInfo)
   at System.Web.HttpResponse.AbortCurrentThread()
   at System.Web.HttpResponse.Redirect(String url, Boolean endResponse, Boolean permanent)
   at Campco.Common.CampcoCommon.lnkSinIn_Click(Object sender, EventArgs e) in E:\nisha\ordex\hR\Campco\Campco\Common\CampcoCommon.Master.cs:line 210
-------------------------END-------------------------3/6/2017 2:34:25 PM
----------------------------------------------------
-------------------------START-------------------------3/6/2017 2:41:05 PM
Page :UpdateMyProfile.aspx
----------------------------------------------------
Stack Trace :   at System.Threading.Thread.AbortInternal()
   at System.Threading.Thread.Abort(Object stateInfo)
   at System.Web.HttpResponse.AbortCurrentThread()
   at System.Web.HttpResponse.Redirect(String url, Boolean endResponse, Boolean permanent)
   at Campco.Common.CampcoCommon.lnkSignout_Click(Object sender, EventArgs e) in E:\nisha\ordex\hR\Campco\Campco\Common\CampcoCommon.Master.cs:line 231
----------------------------------------------------
System.Threading.ThreadAbortException: Thread was being aborted.
   at System.Threading.Thread.AbortInternal()
   at System.Threading.Thread.Abort(Object stateInfo)
   at System.Web.HttpResponse.AbortCurrentThread()
   at System.Web.HttpResponse.Redirect(String url, Boolean endResponse, Boolean permanent)
   at Campco.Common.CampcoCommon.lnkSignout_Click(Object sender, EventArgs e) in E:\nisha\ordex\hR\Campco\Campco\Common\CampcoCommon.Master.cs:line 231
-------------------------END-------------------------3/6/2017 2:41:05 PM
----------------------------------------------------
-------------------------START-------------------------3/6/2017 2:41:57 PM
Page :index.aspx
----------------------------------------------------
Stack Trace :   at System.Threading.Thread.AbortInternal()
   at System.Threading.Thread.Abort(Object stateInfo)
   at System.Web.HttpResponse.AbortCurrentThread()
   at System.Web.HttpResponse.Redirect(String url, Boolean endResponse, Boolean permanent)
   at Campco.Common.CampcoCommon.lnkSinIn_Click(Object sender, EventArgs e) in E:\nisha\ordex\hR\Campco\Campco\Common\CampcoCommon.Master.cs:line 210
----------------------------------------------------
System.Threading.ThreadAbortException: Thread was being aborted.
   at System.Threading.Thread.AbortInternal()
   at System.Threading.Thread.Abort(Object stateInfo)
   at System.Web.HttpResponse.AbortCurrentThread()
   at System.Web.HttpResponse.Redirect(String url, Boolean endResponse, Boolean permanent)
   at Campco.Common.CampcoCommon.lnkSinIn_Click(Object sender, EventArgs e) in E:\nisha\ordex\hR\Campco\Campco\Common\CampcoCommon.Master.cs:line 210
-------------------------END-------------------------3/6/2017 2:41:57 PM
----------------------------------------------------
-------------------------START-------------------------3/6/2017 2:44:33 PM
Page :UpdateMyProfile.aspx
----------------------------------------------------
Stack Trace :   at System.Threading.Thread.AbortInternal()
   at System.Threading.Thread.Abort(Object stateInfo)
   at System.Web.HttpResponse.AbortCurrentThread()
   at System.Web.HttpResponse.Redirect(String url, Boolean endResponse, Boolean permanent)
   at Campco.Common.UpdateMyProfile.Retailer_Wholesaler_UpdateProfile() in E:\nisha\ordex\hR\Campco\Campco\Common\UpdateMyProfile.aspx.cs:line 227
   at Campco.Common.UpdateMyProfile.btnupdateprofile_Click(Object sender, EventArgs e) in E:\nisha\ordex\hR\Campco\Campco\Common\UpdateMyProfile.aspx.cs:line 122
----------------------------------------------------
System.Threading.ThreadAbortException: Thread was being aborted.
   at System.Threading.Thread.AbortInternal()
   at System.Threading.Thread.Abort(Object stateInfo)
   at System.Web.HttpResponse.AbortCurrentThread()
   at System.Web.HttpResponse.Redirect(String url, Boolean endResponse, Boolean permanent)
   at Campco.Common.UpdateMyProfile.Retailer_Wholesaler_UpdateProfile() in E:\nisha\ordex\hR\Campco\Campco\Common\UpdateMyProfile.aspx.cs:line 227
   at Campco.Common.UpdateMyProfile.btnupdateprofile_Click(Object sender, EventArgs e) in E:\nisha\ordex\hR\Campco\Campco\Common\UpdateMyProfile.aspx.cs:line 122
-------------------------END-------------------------3/6/2017 2:44:33 PM
----------------------------------------------------
-------------------------START-------------------------3/6/2017 2:49:36 PM
Page :index.aspx
----------------------------------------------------
Stack Trace :   at System.Threading.Thread.AbortInternal()
   at System.Threading.Thread.Abort(Object stateInfo)
   at System.Web.HttpResponse.AbortCurrentThread()
   at System.Web.HttpResponse.Redirect(String url, Boolean endResponse, Boolean permanent)
   at Campco.Common.CampcoCommon.lnkSinIn_Click(Object sender, EventArgs e) in E:\nisha\ordex\hR\Campco\Campco\Common\CampcoCommon.Master.cs:line 210
----------------------------------------------------
System.Threading.ThreadAbortException: Thread was being aborted.
   at System.Threading.Thread.AbortInternal()
   at System.Threading.Thread.Abort(Object stateInfo)
   at System.Web.HttpResponse.AbortCurrentThread()
   at System.Web.HttpResponse.Redirect(String url, Boolean endResponse, Boolean permanent)
   at Campco.Common.CampcoCommon.lnkSinIn_Click(Object sender, EventArgs e) in E:\nisha\ordex\hR\Campco\Campco\Common\CampcoCommon.Master.cs:line 210
-------------------------END-------------------------3/6/2017 2:49:36 PM
----------------------------------------------------
-------------------------START-------------------------3/6/2017 2:54:11 PM
Page :UpdateMyProfile.aspx
----------------------------------------------------
Stack Trace :   at System.Threading.Thread.AbortInternal()
   at System.Threading.Thread.Abort(Object stateInfo)
   at System.Web.HttpResponse.AbortCurrentThread()
   at System.Web.HttpResponse.Redirect(String url, Boolean endResponse, Boolean permanent)
   at Campco.Common.UpdateMyProfile.Retailer_Wholesaler_UpdateProfile() in E:\nisha\ordex\hR\Campco\Campco\Common\UpdateMyProfile.aspx.cs:line 227
   at Campco.Common.UpdateMyProfile.btnupdateprofile_Click(Object sender, EventArgs e) in E:\nisha\ordex\hR\Campco\Campco\Common\UpdateMyProfile.aspx.cs:line 122
----------------------------------------------------
System.Threading.ThreadAbortException: Thread was being aborted.
   at System.Threading.Thread.AbortInternal()
   at System.Threading.Thread.Abort(Object stateInfo)
   at System.Web.HttpResponse.AbortCurrentThread()
   at System.Web.HttpResponse.Redirect(String url, Boolean endResponse, Boolean permanent)
   at Campco.Common.UpdateMyProfile.Retailer_Wholesaler_UpdateProfile() in E:\nisha\ordex\hR\Campco\Campco\Common\UpdateMyProfile.aspx.cs:line 227
   at Campco.Common.UpdateMyProfile.btnupdateprofile_Click(Object sender, EventArgs e) in E:\nisha\ordex\hR\Campco\Campco\Common\UpdateMyProfile.aspx.cs:line 122
-------------------------END-------------------------3/6/2017 2:54:11 PM
----------------------------------------------------
-------------------------START-------------------------3/6/2017 2:54:16 PM
Page :UpdateMyProfile.aspx
----------------------------------------------------
Stack Trace :   at System.Threading.Thread.AbortInternal()
   at System.Threading.Thread.Abort(Object stateInfo)
   at System.Web.HttpResponse.AbortCurrentThread()
   at System.Web.HttpResponse.Redirect(String url, Boolean endResponse, Boolean permanent)
   at Campco.Common.UpdateMyProfile.Retailer_Wholesaler_UpdateProfile() in E:\nisha\ordex\hR\Campco\Campco\Common\UpdateMyProfile.aspx.cs:line 227
   at Campco.Common.UpdateMyProfile.btnupdateprofile_Click(Object sender, EventArgs e) in E:\nisha\ordex\hR\Campco\Campco\Common\UpdateMyProfile.aspx.cs:line 122
----------------------------------------------------
System.Threading.ThreadAbortException: Thread was being aborted.
   at System.Threading.Thread.AbortInternal()
   at System.Threading.Thread.Abort(Object stateInfo)
   at System.Web.HttpResponse.AbortCurrentThread()
   at System.Web.HttpResponse.Redirect(String url, Boolean endResponse, Boolean permanent)
   at Campco.Common.UpdateMyProfile.Retailer_Wholesaler_UpdateProfile() in E:\nisha\ordex\hR\Campco\Campco\Common\UpdateMyProfile.aspx.cs:line 227
   at Campco.Common.UpdateMyProfile.btnupdateprofile_Click(Object sender, EventArgs e) in E:\nisha\ordex\hR\Campco\Campco\Common\UpdateMyProfile.aspx.cs:line 122
-------------------------END-------------------------3/6/2017 2:54:16 PM
----------------------------------------------------
-------------------------START-------------------------3/6/2017 2:54:43 PM
Page :UpdateMyProfile.aspx
----------------------------------------------------
Stack Trace :   at System.Threading.Thread.AbortInternal()
   at System.Threading.Thread.Abort(Object stateInfo)
   at System.Web.HttpResponse.AbortCurrentThread()
   at System.Web.HttpResponse.Redirect(String url, Boolean endResponse, Boolean permanent)
   at Campco.Common.UpdateMyProfile.Retailer_Wholesaler_UpdateProfile() in E:\nisha\ordex\hR\Campco\Campco\Common\UpdateMyProfile.aspx.cs:line 227
   at Campco.Common.UpdateMyProfile.btnupdateprofile_Click(Object sender, EventArgs e) in E:\nisha\ordex\hR\Campco\Campco\Common\UpdateMyProfile.aspx.cs:line 122
----------------------------------------------------
System.Threading.ThreadAbortException: Thread was being aborted.
   at System.Threading.Thread.AbortInternal()
   at System.Threading.Thread.Abort(Object stateInfo)
   at System.Web.HttpResponse.AbortCurrentThread()
   at System.Web.HttpResponse.Redirect(String url, Boolean endResponse, Boolean permanent)
   at Campco.Common.UpdateMyProfile.Retailer_Wholesaler_UpdateProfile() in E:\nisha\ordex\hR\Campco\Campco\Common\UpdateMyProfile.aspx.cs:line 227
   at Campco.Common.UpdateMyProfile.btnupdateprofile_Click(Object sender, EventArgs e) in E:\nisha\ordex\hR\Campco\Campco\Common\UpdateMyProfile.aspx.cs:line 122
-------------------------END-------------------------3/6/2017 2:54:43 PM
----------------------------------------------------
-------------------------START-------------------------3/6/2017 2:55:31 PM
Page :UpdateMyProfile.aspx
----------------------------------------------------
Stack Trace :   at System.Threading.Thread.AbortInternal()
   at System.Threading.Thread.Abort(Object stateInfo)
   at System.Web.HttpResponse.AbortCurrentThread()
   at System.Web.HttpResponse.Redirect(String url, Boolean endResponse, Boolean permanent)
   at Campco.Common.CampcoCommon.lnkSignout_Click(Object sender, EventArgs e) in E:\nisha\ordex\hR\Campco\Campco\Common\CampcoCommon.Master.cs:line 231
----------------------------------------------------
System.Threading.ThreadAbortException: Thread was being aborted.
   at System.Threading.Thread.AbortInternal()
   at System.Threading.Thread.Abort(Object stateInfo)
   at System.Web.HttpResponse.AbortCurrentThread()
   at System.Web.HttpResponse.Redirect(String url, Boolean endResponse, Boolean permanent)
   at Campco.Common.CampcoCommon.lnkSignout_Click(Object sender, EventArgs e) in E:\nisha\ordex\hR\Campco\Campco\Common\CampcoCommon.Master.cs:line 231
-------------------------END-------------------------3/6/2017 2:55:31 PM
----------------------------------------------------
-------------------------START-------------------------3/6/2017 2:55:33 PM
Page :index.aspx
----------------------------------------------------
Stack Trace :   at System.Threading.Thread.AbortInternal()
   at System.Threading.Thread.Abort(Object stateInfo)
   at System.Web.HttpResponse.AbortCurrentThread()
   at System.Web.HttpResponse.Redirect(String url, Boolean endResponse, Boolean permanent)
   at Campco.Common.CampcoCommon.lnkSinIn_Click(Object sender, EventArgs e) in E:\nisha\ordex\hR\Campco\Campco\Common\CampcoCommon.Master.cs:line 210
----------------------------------------------------
System.Threading.ThreadAbortException: Thread was being aborted.
   at System.Threading.Thread.AbortInternal()
   at System.Threading.Thread.Abort(Object stateInfo)
   at System.Web.HttpResponse.AbortCurrentThread()
   at System.Web.HttpResponse.Redirect(String url, Boolean endResponse, Boolean permanent)
   at Campco.Common.CampcoCommon.lnkSinIn_Click(Object sender, EventArgs e) in E:\nisha\ordex\hR\Campco\Campco\Common\CampcoCommon.Master.cs:line 210
-------------------------END-------------------------3/6/2017 2:55:33 PM
----------------------------------------------------
-------------------------START-------------------------3/6/2017 2:56:08 PM
Page :UpdateMyProfile.aspx
----------------------------------------------------
Stack Trace :   at System.Threading.Thread.AbortInternal()
   at System.Threading.Thread.Abort(Object stateInfo)
   at System.Web.HttpResponse.AbortCurrentThread()
   at System.Web.HttpResponse.Redirect(String url, Boolean endResponse, Boolean permanent)
   at Campco.Common.CampcoCommon.lnkSignout_Click(Object sender, EventArgs e) in E:\nisha\ordex\hR\Campco\Campco\Common\CampcoCommon.Master.cs:line 231
----------------------------------------------------
System.Threading.ThreadAbortException: Thread was being aborted.
   at System.Threading.Thread.AbortInternal()
   at System.Threading.Thread.Abort(Object stateInfo)
   at System.Web.HttpResponse.AbortCurrentThread()
   at System.Web.HttpResponse.Redirect(String url, Boolean endResponse, Boolean permanent)
   at Campco.Common.CampcoCommon.lnkSignout_Click(Object sender, EventArgs e) in E:\nisha\ordex\hR\Campco\Campco\Common\CampcoCommon.Master.cs:line 231
-------------------------END-------------------------3/6/2017 2:56:08 PM
----------------------------------------------------
-------------------------START-------------------------3/6/2017 3:03:36 PM
Page :index.aspx
----------------------------------------------------
Stack Trace :   at System.Threading.Thread.AbortInternal()
   at System.Threading.Thread.Abort(Object stateInfo)
   at System.Web.HttpResponse.AbortCurrentThread()
   at System.Web.HttpResponse.Redirect(String url, Boolean endResponse, Boolean permanent)
   at Campco.Common.CampcoCommon.lnkSinIn_Click(Object sender, EventArgs e) in E:\nisha\ordex\hR\Campco\Campco\Common\CampcoCommon.Master.cs:line 210
----------------------------------------------------
System.Threading.ThreadAbortException: Thread was being aborted.
   at System.Threading.Thread.AbortInternal()
   at System.Threading.Thread.Abort(Object stateInfo)
   at System.Web.HttpResponse.AbortCurrentThread()
   at System.Web.HttpResponse.Redirect(String url, Boolean endResponse, Boolean permanent)
   at Campco.Common.CampcoCommon.lnkSinIn_Click(Object sender, EventArgs e) in E:\nisha\ordex\hR\Campco\Campco\Common\CampcoCommon.Master.cs:line 210
-------------------------END-------------------------3/6/2017 3:03:36 PM
----------------------------------------------------
-------------------------START-------------------------3/6/2017 3:04:21 PM
Page :index.aspx
----------------------------------------------------
Stack Trace :   at System.Threading.Thread.AbortInternal()
   at System.Threading.Thread.Abort(Object stateInfo)
   at System.Web.HttpResponse.AbortCurrentThread()
   at System.Web.HttpResponse.Redirect(String url, Boolean endResponse, Boolean permanent)
   at Campco.Common.CampcoCommon.lnkSignout_Click(Object sender, EventArgs e) in E:\nisha\ordex\hR\Campco\Campco\Common\CampcoCommon.Master.cs:line 231
----------------------------------------------------
System.Threading.ThreadAbortException: Thread was being aborted.
   at System.Threading.Thread.AbortInternal()
   at System.Threading.Thread.Abort(Object stateInfo)
   at System.Web.HttpResponse.AbortCurrentThread()
   at System.Web.HttpResponse.Redirect(String url, Boolean endResponse, Boolean permanent)
   at Campco.Common.CampcoCommon.lnkSignout_Click(Object sender, EventArgs e) in E:\nisha\ordex\hR\Campco\Campco\Common\CampcoCommon.Master.cs:line 231
-------------------------END-------------------------3/6/2017 3:04:21 PM
----------------------------------------------------
-------------------------START-------------------------3/6/2017 3:04:33 PM
Page :productList.aspx
----------------------------------------------------
Stack Trace :   at Campco.Common.ProductList.Page_Load(Object sender, EventArgs e) in E:\nisha\ordex\hR\Campco\Campco\Common\ProductList.aspx.cs:line 103
----------------------------------------------------
System.NullReferenceException: Object reference not set to an instance of an object.
   at Campco.Common.ProductList.Page_Load(Object sender, EventArgs e) in E:\nisha\ordex\hR\Campco\Campco\Common\ProductList.aspx.cs:line 103
-------------------------END-------------------------3/6/2017 3:04:33 PM
----------------------------------------------------
-------------------------START-------------------------3/6/2017 3:04:40 PM
Page :ProductList.aspx
----------------------------------------------------
Stack Trace :   at Campco.Common.ProductList.Page_Load(Object sender, EventArgs e) in E:\nisha\ordex\hR\Campco\Campco\Common\ProductList.aspx.cs:line 103
----------------------------------------------------
System.NullReferenceException: Object reference not set to an instance of an object.
   at Campco.Common.ProductList.Page_Load(Object sender, EventArgs e) in E:\nisha\ordex\hR\Campco\Campco\Common\ProductList.aspx.cs:line 103
-------------------------END-------------------------3/6/2017 3:04:40 PM
----------------------------------------------------
-------------------------START-------------------------3/6/2017 3:11:07 PM
Page :index.aspx
----------------------------------------------------
Stack Trace :   at System.Threading.Thread.AbortInternal()
   at System.Threading.Thread.Abort(Object stateInfo)
   at System.Web.HttpResponse.AbortCurrentThread()
   at System.Web.HttpResponse.Redirect(String url, Boolean endResponse, Boolean permanent)
   at Campco.Common.CampcoCommon.lnkSinIn_Click(Object sender, EventArgs e) in E:\nisha\ordex\hR\Campco\Campco\Common\CampcoCommon.Master.cs:line 210
----------------------------------------------------
System.Threading.ThreadAbortException: Thread was being aborted.
   at System.Threading.Thread.AbortInternal()
   at System.Threading.Thread.Abort(Object stateInfo)
   at System.Web.HttpResponse.AbortCurrentThread()
   at System.Web.HttpResponse.Redirect(String url, Boolean endResponse, Boolean permanent)
   at Campco.Common.CampcoCommon.lnkSinIn_Click(Object sender, EventArgs e) in E:\nisha\ordex\hR\Campco\Campco\Common\CampcoCommon.Master.cs:line 210
-------------------------END-------------------------3/6/2017 3:11:07 PM
----------------------------------------------------
-------------------------START-------------------------3/6/2017 3:39:14 PM
Page :index.aspx
----------------------------------------------------
Stack Trace :   at System.Threading.Thread.AbortInternal()
   at System.Threading.Thread.Abort(Object stateInfo)
   at System.Web.HttpResponse.AbortCurrentThread()
   at System.Web.HttpResponse.Redirect(String url, Boolean endResponse, Boolean permanent)
   at Campco.Common.CampcoCommon.lnkMyaccount_Click(Object sender, EventArgs e) in E:\nisha\ordex\hR\Campco\Campco\Common\CampcoCommon.Master.cs:line 186
----------------------------------------------------
System.Threading.ThreadAbortException: Thread was being aborted.
   at System.Threading.Thread.AbortInternal()
   at System.Threading.Thread.Abort(Object stateInfo)
   at System.Web.HttpResponse.AbortCurrentThread()
   at System.Web.HttpResponse.Redirect(String url, Boolean endResponse, Boolean permanent)
   at Campco.Common.CampcoCommon.lnkMyaccount_Click(Object sender, EventArgs e) in E:\nisha\ordex\hR\Campco\Campco\Common\CampcoCommon.Master.cs:line 186
-------------------------END-------------------------3/6/2017 3:39:14 PM
----------------------------------------------------
-------------------------START-------------------------3/6/2017 3:39:16 PM
Page :UpdateMyProfile.aspx
----------------------------------------------------
Stack Trace :   at System.Data.RBTree`1.GetNodeByIndex(Int32 userIndex)
   at System.Data.DataRowCollection.get_Item(Int32 index)
   at Campco.dbUtility.GetCustomerDetail_MyProfile(Registration_Property R) in E:\nisha\ordex\hR\Campco\Campco\AppCode\dbUtility.cs:line 281
   at Campco.Common.UpdateMyProfile.Get_CustomerDetail() in E:\nisha\ordex\hR\Campco\Campco\Common\UpdateMyProfile.aspx.cs:line 75
   at Campco.Common.UpdateMyProfile.Page_Load(Object sender, EventArgs e) in E:\nisha\ordex\hR\Campco\Campco\Common\UpdateMyProfile.aspx.cs:line 38
----------------------------------------------------
System.IndexOutOfRangeException: There is no row at position 0.
   at System.Data.RBTree`1.GetNodeByIndex(Int32 userIndex)
   at System.Data.DataRowCollection.get_Item(Int32 index)
   at Campco.dbUtility.GetCustomerDetail_MyProfile(Registration_Property R) in E:\nisha\ordex\hR\Campco\Campco\AppCode\dbUtility.cs:line 281
   at Campco.Common.UpdateMyProfile.Get_CustomerDetail() in E:\nisha\ordex\hR\Campco\Campco\Common\UpdateMyProfile.aspx.cs:line 75
   at Campco.Common.UpdateMyProfile.Page_Load(Object sender, EventArgs e) in E:\nisha\ordex\hR\Campco\Campco\Common\UpdateMyProfile.aspx.cs:line 38
-------------------------END-------------------------3/6/2017 3:39:17 PM
----------------------------------------------------
-------------------------START-------------------------3/6/2017 3:39:26 PM
Page :UpdateMyProfile.aspx
----------------------------------------------------
Stack Trace :   at System.Threading.Thread.AbortInternal()
   at System.Threading.Thread.Abort(Object stateInfo)
   at System.Web.HttpResponse.AbortCurrentThread()
   at System.Web.HttpResponse.Redirect(String url, Boolean endResponse, Boolean permanent)
   at Campco.Common.CampcoCommon.lnkSinIn_Click(Object sender, EventArgs e) in E:\nisha\ordex\hR\Campco\Campco\Common\CampcoCommon.Master.cs:line 210
----------------------------------------------------
System.Threading.ThreadAbortException: Thread was being aborted.
   at System.Threading.Thread.AbortInternal()
   at System.Threading.Thread.Abort(Object stateInfo)
   at System.Web.HttpResponse.AbortCurrentThread()
   at System.Web.HttpResponse.Redirect(String url, Boolean endResponse, Boolean permanent)
   at Campco.Common.CampcoCommon.lnkSinIn_Click(Object sender, EventArgs e) in E:\nisha\ordex\hR\Campco\Campco\Common\CampcoCommon.Master.cs:line 210
-------------------------END-------------------------3/6/2017 3:39:26 PM
----------------------------------------------------
-------------------------START-------------------------3/6/2017 4:03:54 PM
Page :index.aspx
----------------------------------------------------
Stack Trace :   at System.Threading.Thread.AbortInternal()
   at System.Threading.Thread.Abort(Object stateInfo)
   at System.Web.HttpResponse.AbortCurrentThread()
   at System.Web.HttpResponse.Redirect(String url, Boolean endResponse, Boolean permanent)
   at Campco.Common.CampcoCommon.lnkSinIn_Click(Object sender, EventArgs e) in E:\nisha\ordex\hR\Campco\Campco\Common\CampcoCommon.Master.cs:line 210
----------------------------------------------------
System.Threading.ThreadAbortException: Thread was being aborted.
   at System.Threading.Thread.AbortInternal()
   at System.Threading.Thread.Abort(Object stateInfo)
   at System.Web.HttpResponse.AbortCurrentThread()
   at System.Web.HttpResponse.Redirect(String url, Boolean endResponse, Boolean permanent)
   at Campco.Common.CampcoCommon.lnkSinIn_Click(Object sender, EventArgs e) in E:\nisha\ordex\hR\Campco\Campco\Common\CampcoCommon.Master.cs:line 210
-------------------------END-------------------------3/6/2017 4:03:54 PM
----------------------------------------------------
-------------------------START-------------------------3/6/2017 4:06:01 PM
Page :index.aspx
----------------------------------------------------
Stack Trace :   at System.Threading.Thread.AbortInternal()
   at System.Threading.Thread.Abort(Object stateInfo)
   at System.Web.HttpResponse.AbortCurrentThread()
   at System.Web.HttpResponse.Redirect(String url, Boolean endResponse, Boolean permanent)
   at Campco.Common.CampcoCommon.lnkSinIn_Click(Object sender, EventArgs e) in E:\nisha\ordex\hR\Campco\Campco\Common\CampcoCommon.Master.cs:line 210
----------------------------------------------------
System.Threading.ThreadAbortException: Thread was being aborted.
   at System.Threading.Thread.AbortInternal()
   at System.Threading.Thread.Abort(Object stateInfo)
   at System.Web.HttpResponse.AbortCurrentThread()
   at System.Web.HttpResponse.Redirect(String url, Boolean endResponse, Boolean permanent)
   at Campco.Common.CampcoCommon.lnkSinIn_Click(Object sender, EventArgs e) in E:\nisha\ordex\hR\Campco\Campco\Common\CampcoCommon.Master.cs:line 210
-------------------------END-------------------------3/6/2017 4:06:01 PM
----------------------------------------------------
-------------------------START-------------------------3/6/2017 4:11:12 PM
Page :index.aspx
----------------------------------------------------
Stack Trace :   at System.Threading.Thread.AbortInternal()
   at System.Threading.Thread.Abort(Object stateInfo)
   at System.Web.HttpResponse.AbortCurrentThread()
   at System.Web.HttpResponse.Redirect(String url, Boolean endResponse, Boolean permanent)
   at Campco.Common.CampcoCommon.lnkSignout_Click(Object sender, EventArgs e) in E:\nisha\ordex\hR\Campco\Campco\Common\CampcoCommon.Master.cs:line 231
----------------------------------------------------
System.Threading.ThreadAbortException: Thread was being aborted.
   at System.Threading.Thread.AbortInternal()
   at System.Threading.Thread.Abort(Object stateInfo)
   at System.Web.HttpResponse.AbortCurrentThread()
   at System.Web.HttpResponse.Redirect(String url, Boolean endResponse, Boolean permanent)
   at Campco.Common.CampcoCommon.lnkSignout_Click(Object sender, EventArgs e) in E:\nisha\ordex\hR\Campco\Campco\Common\CampcoCommon.Master.cs:line 231
-------------------------END-------------------------3/6/2017 4:11:12 PM
----------------------------------------------------
-------------------------START-------------------------3/6/2017 4:11:26 PM
Page :index.aspx
----------------------------------------------------
Stack Trace :   at System.Threading.Thread.AbortInternal()
   at System.Threading.Thread.Abort(Object stateInfo)
   at System.Web.HttpResponse.AbortCurrentThread()
   at System.Web.HttpResponse.Redirect(String url, Boolean endResponse, Boolean permanent)
   at Campco.Common.CampcoCommon.lnkSinIn_Click(Object sender, EventArgs e) in E:\nisha\ordex\hR\Campco\Campco\Common\CampcoCommon.Master.cs:line 210
----------------------------------------------------
System.Threading.ThreadAbortException: Thread was being aborted.
   at System.Threading.Thread.AbortInternal()
   at System.Threading.Thread.Abort(Object stateInfo)
   at System.Web.HttpResponse.AbortCurrentThread()
   at System.Web.HttpResponse.Redirect(String url, Boolean endResponse, Boolean permanent)
   at Campco.Common.CampcoCommon.lnkSinIn_Click(Object sender, EventArgs e) in E:\nisha\ordex\hR\Campco\Campco\Common\CampcoCommon.Master.cs:line 210
-------------------------END-------------------------3/6/2017 4:11:26 PM
----------------------------------------------------
-------------------------START-------------------------3/6/2017 4:11:51 PM
Page :UpdateMyProfile.aspx
----------------------------------------------------
Stack Trace :   at System.Threading.Thread.AbortInternal()
   at System.Threading.Thread.Abort(Object stateInfo)
   at System.Web.HttpResponse.AbortCurrentThread()
   at System.Web.HttpResponse.Redirect(String url, Boolean endResponse, Boolean permanent)
   at Campco.Common.UpdateMyProfile.Retailer_Wholesaler_UpdateProfile() in E:\nisha\ordex\hR\Campco\Campco\Common\UpdateMyProfile.aspx.cs:line 227
   at Campco.Common.UpdateMyProfile.btnupdateprofile_Click(Object sender, EventArgs e) in E:\nisha\ordex\hR\Campco\Campco\Common\UpdateMyProfile.aspx.cs:line 122
----------------------------------------------------
System.Threading.ThreadAbortException: Thread was being aborted.
   at System.Threading.Thread.AbortInternal()
   at System.Threading.Thread.Abort(Object stateInfo)
   at System.Web.HttpResponse.AbortCurrentThread()
   at System.Web.HttpResponse.Redirect(String url, Boolean endResponse, Boolean permanent)
   at Campco.Common.UpdateMyProfile.Retailer_Wholesaler_UpdateProfile() in E:\nisha\ordex\hR\Campco\Campco\Common\UpdateMyProfile.aspx.cs:line 227
   at Campco.Common.UpdateMyProfile.btnupdateprofile_Click(Object sender, EventArgs e) in E:\nisha\ordex\hR\Campco\Campco\Common\UpdateMyProfile.aspx.cs:line 122
-------------------------END-------------------------3/6/2017 4:11:51 PM
----------------------------------------------------
-------------------------START-------------------------3/6/2017 4:16:13 PM
Page :index.aspx
----------------------------------------------------
Stack Trace :   at System.Threading.Thread.AbortInternal()
   at System.Threading.Thread.Abort(Object stateInfo)
   at System.Web.HttpResponse.AbortCurrentThread()
   at System.Web.HttpResponse.Redirect(String url, Boolean endResponse, Boolean permanent)
   at Campco.Common.CampcoCommon.lnkSinIn_Click(Object sender, EventArgs e) in E:\nisha\ordex\hR\Campco\Campco\Common\CampcoCommon.Master.cs:line 210
----------------------------------------------------
System.Threading.ThreadAbortException: Thread was being aborted.
   at System.Threading.Thread.AbortInternal()
   at System.Threading.Thread.Abort(Object stateInfo)
   at System.Web.HttpResponse.AbortCurrentThread()
   at System.Web.HttpResponse.Redirect(String url, Boolean endResponse, Boolean permanent)
   at Campco.Common.CampcoCommon.lnkSinIn_Click(Object sender, EventArgs e) in E:\nisha\ordex\hR\Campco\Campco\Common\CampcoCommon.Master.cs:line 210
-------------------------END-------------------------3/6/2017 4:16:13 PM
----------------------------------------------------
-------------------------START-------------------------3/6/2017 4:37:10 PM
Page :index.aspx
----------------------------------------------------
Stack Trace :   at System.Threading.Thread.AbortInternal()
   at System.Threading.Thread.Abort(Object stateInfo)
   at System.Web.HttpResponse.AbortCurrentThread()
   at System.Web.HttpResponse.Redirect(String url, Boolean endResponse, Boolean permanent)
   at Campco.Common.CampcoCommon.lnkSinIn_Click(Object sender, EventArgs e) in E:\nisha\ordex\hR\Campco\Campco\Common\CampcoCommon.Master.cs:line 210
----------------------------------------------------
System.Threading.ThreadAbortException: Thread was being aborted.
   at System.Threading.Thread.AbortInternal()
   at System.Threading.Thread.Abort(Object stateInfo)
   at System.Web.HttpResponse.AbortCurrentThread()
   at System.Web.HttpResponse.Redirect(String url, Boolean endResponse, Boolean permanent)
   at Campco.Common.CampcoCommon.lnkSinIn_Click(Object sender, EventArgs e) in E:\nisha\ordex\hR\Campco\Campco\Common\CampcoCommon.Master.cs:line 210
-------------------------END-------------------------3/6/2017 4:37:10 PM
----------------------------------------------------
-------------------------START-------------------------3/6/2017 4:39:58 PM
Page :UpdateMyProfile.aspx
----------------------------------------------------
Stack Trace :   at System.Threading.Thread.AbortInternal()
   at System.Threading.Thread.Abort(Object stateInfo)
   at System.Web.HttpResponse.AbortCurrentThread()
   at System.Web.HttpResponse.Redirect(String url, Boolean endResponse, Boolean permanent)
   at Campco.Common.UpdateMyProfile.Retailer_Wholesaler_UpdateProfile() in E:\nisha\ordex\hR\Campco\Campco\Common\UpdateMyProfile.aspx.cs:line 227
   at Campco.Common.UpdateMyProfile.btnupdateprofile_Click(Object sender, EventArgs e) in E:\nisha\ordex\hR\Campco\Campco\Common\UpdateMyProfile.aspx.cs:line 122
----------------------------------------------------
System.Threading.ThreadAbortException: Thread was being aborted.
   at System.Threading.Thread.AbortInternal()
   at System.Threading.Thread.Abort(Object stateInfo)
   at System.Web.HttpResponse.AbortCurrentThread()
   at System.Web.HttpResponse.Redirect(String url, Boolean endResponse, Boolean permanent)
   at Campco.Common.UpdateMyProfile.Retailer_Wholesaler_UpdateProfile() in E:\nisha\ordex\hR\Campco\Campco\Common\UpdateMyProfile.aspx.cs:line 227
   at Campco.Common.UpdateMyProfile.btnupdateprofile_Click(Object sender, EventArgs e) in E:\nisha\ordex\hR\Campco\Campco\Common\UpdateMyProfile.aspx.cs:line 122
-------------------------END-------------------------3/6/2017 4:39:59 PM
----------------------------------------------------
-------------------------START-------------------------3/6/2017 4:40:04 PM
Page :UpdateMyProfile.aspx
----------------------------------------------------
Stack Trace :   at System.Threading.Thread.AbortInternal()
   at System.Threading.Thread.Abort(Object stateInfo)
   at System.Web.HttpResponse.AbortCurrentThread()
   at System.Web.HttpResponse.Redirect(String url, Boolean endResponse, Boolean permanent)
   at Campco.Common.UpdateMyProfile.Retailer_Wholesaler_UpdateProfile() in E:\nisha\ordex\hR\Campco\Campco\Common\UpdateMyProfile.aspx.cs:line 227
   at Campco.Common.UpdateMyProfile.btnupdateprofile_Click(Object sender, EventArgs e) in E:\nisha\ordex\hR\Campco\Campco\Common\UpdateMyProfile.aspx.cs:line 122
----------------------------------------------------
System.Threading.ThreadAbortException: Thread was being aborted.
   at System.Threading.Thread.AbortInternal()
   at System.Threading.Thread.Abort(Object stateInfo)
   at System.Web.HttpResponse.AbortCurrentThread()
   at System.Web.HttpResponse.Redirect(String url, Boolean endResponse, Boolean permanent)
   at Campco.Common.UpdateMyProfile.Retailer_Wholesaler_UpdateProfile() in E:\nisha\ordex\hR\Campco\Campco\Common\UpdateMyProfile.aspx.cs:line 227
   at Campco.Common.UpdateMyProfile.btnupdateprofile_Click(Object sender, EventArgs e) in E:\nisha\ordex\hR\Campco\Campco\Common\UpdateMyProfile.aspx.cs:line 122
-------------------------END-------------------------3/6/2017 4:40:04 PM
----------------------------------------------------
-------------------------START-------------------------3/6/2017 5:45:49 PM
Page :index.aspx
----------------------------------------------------
Stack Trace :   at System.Threading.Thread.AbortInternal()
   at System.Threading.Thread.Abort(Object stateInfo)
   at System.Web.HttpResponse.AbortCurrentThread()
   at System.Web.HttpResponse.Redirect(String url, Boolean endResponse, Boolean permanent)
   at Campco.Common.CampcoCommon.lnkSinIn_Click(Object sender, EventArgs e) in E:\nisha\ordex\hR\Campco\Campco\Common\CampcoCommon.Master.cs:line 210
----------------------------------------------------
System.Threading.ThreadAbortException: Thread was being aborted.
   at System.Threading.Thread.AbortInternal()
   at System.Threading.Thread.Abort(Object stateInfo)
   at System.Web.HttpResponse.AbortCurrentThread()
   at System.Web.HttpResponse.Redirect(String url, Boolean endResponse, Boolean permanent)
   at Campco.Common.CampcoCommon.lnkSinIn_Click(Object sender, EventArgs e) in E:\nisha\ordex\hR\Campco\Campco\Common\CampcoCommon.Master.cs:line 210
-------------------------END-------------------------3/6/2017 5:45:50 PM
----------------------------------------------------
