-------------------------START-------------------------3/1/2017 10:39:21 AM
Page :Registration.aspx
----------------------------------------------------
System.Threading.ThreadAbortException: Thread was being aborted.
   at System.Threading.Thread.AbortInternal()
   at System.Threading.Thread.Abort(Object stateInfo)
   at System.Web.HttpResponse.AbortCurrentThread()
   at System.Web.HttpResponse.Redirect(String url, Boolean endResponse, Boolean permanent)
   at Campco.Common.Registration.Retailer_Wholesaler_Registration() in E:\nisha\ordex\hR\Campco\Campco\Common\Registration.aspx.cs:line 303
   at Campco.Common.Registration.btnregister_Click(Object sender, EventArgs e) in E:\nisha\ordex\hR\Campco\Campco\Common\Registration.aspx.cs:line 98
----------------------------------------------------
-------------------------END-------------------------3/1/2017 10:39:21 AM
----------------------------------------------------
-------------------------START-------------------------3/1/2017 10:42:30 AM
Page :RegistrationThankyou.aspx
----------------------------------------------------
System.Threading.ThreadAbortException: Thread was being aborted.
   at System.Threading.Thread.AbortInternal()
   at System.Threading.Thread.Abort(Object stateInfo)
   at System.Web.HttpResponse.AbortCurrentThread()
   at System.Web.HttpResponse.Redirect(String url, Boolean endResponse, Boolean permanent)
   at Campco.Common.CampcoCommon.lnkSinIn_Click(Object sender, EventArgs e) in E:\nisha\ordex\hR\Campco\Campco\Common\CampcoCommon.Master.cs:line 204
----------------------------------------------------
-------------------------END-------------------------3/1/2017 10:42:30 AM
----------------------------------------------------
-------------------------START-------------------------3/1/2017 10:58:06 AM
Page :Registration.aspx
----------------------------------------------------
System.Threading.ThreadAbortException: Thread was being aborted.
   at System.Threading.Thread.AbortInternal()
   at System.Threading.Thread.Abort(Object stateInfo)
   at System.Web.HttpResponse.AbortCurrentThread()
   at System.Web.HttpResponse.Redirect(String url, Boolean endResponse, Boolean permanent)
   at Campco.Common.Registration.Retailer_Wholesaler_Registration() in E:\nisha\ordex\hR\Campco\Campco\Common\Registration.aspx.cs:line 303
   at Campco.Common.Registration.btnregister_Click(Object sender, EventArgs e) in E:\nisha\ordex\hR\Campco\Campco\Common\Registration.aspx.cs:line 98
----------------------------------------------------
-------------------------END-------------------------3/1/2017 10:58:06 AM
----------------------------------------------------
-------------------------START-------------------------3/1/2017 11:01:18 AM
Page :Registration.aspx
----------------------------------------------------
System.Threading.ThreadAbortException: Thread was being aborted.
   at System.Threading.Thread.AbortInternal()
   at System.Threading.Thread.Abort(Object stateInfo)
   at System.Web.HttpResponse.AbortCurrentThread()
   at System.Web.HttpResponse.Redirect(String url, Boolean endResponse, Boolean permanent)
   at Campco.Common.Registration.Retailer_Wholesaler_Registration() in E:\nisha\ordex\hR\Campco\Campco\Common\Registration.aspx.cs:line 303
   at Campco.Common.Registration.btnregister_Click(Object sender, EventArgs e) in E:\nisha\ordex\hR\Campco\Campco\Common\Registration.aspx.cs:line 98
----------------------------------------------------
-------------------------END-------------------------3/1/2017 11:01:18 AM
----------------------------------------------------
-------------------------START-------------------------3/1/2017 11:04:57 AM
Page :RegistrationThankyou.aspx
----------------------------------------------------
System.Threading.ThreadAbortException: Thread was being aborted.
   at System.Threading.Thread.AbortInternal()
   at System.Threading.Thread.Abort(Object stateInfo)
   at System.Web.HttpResponse.AbortCurrentThread()
   at System.Web.HttpResponse.Redirect(String url, Boolean endResponse, Boolean permanent)
   at Campco.Common.CampcoCommon.lnkSinIn_Click(Object sender, EventArgs e) in E:\nisha\ordex\hR\Campco\Campco\Common\CampcoCommon.Master.cs:line 204
----------------------------------------------------
-------------------------END-------------------------3/1/2017 11:04:57 AM
----------------------------------------------------
-------------------------START-------------------------3/1/2017 2:26:27 PM
Page :Login.aspx
----------------------------------------------------
Stack Trace :   at System.Threading.Thread.AbortInternal()
   at System.Threading.Thread.Abort(Object stateInfo)
   at System.Web.HttpResponse.AbortCurrentThread()
   at System.Web.HttpResponse.Redirect(String url, Boolean endResponse, Boolean permanent)
   at Campco.Common.Login.VerifyUserLogin() in E:\nisha\ordex\hR\Campco\Campco\Common\Login.aspx.cs:line 204
   at Campco.Common.Login.btnLogin_Click(Object sender, EventArgs e) in E:\nisha\ordex\hR\Campco\Campco\Common\Login.aspx.cs:line 63
----------------------------------------------------
System.Threading.ThreadAbortException: Thread was being aborted.
   at System.Threading.Thread.AbortInternal()
   at System.Threading.Thread.Abort(Object stateInfo)
   at System.Web.HttpResponse.AbortCurrentThread()
   at System.Web.HttpResponse.Redirect(String url, Boolean endResponse, Boolean permanent)
   at Campco.Common.Login.VerifyUserLogin() in E:\nisha\ordex\hR\Campco\Campco\Common\Login.aspx.cs:line 204
   at Campco.Common.Login.btnLogin_Click(Object sender, EventArgs e) in E:\nisha\ordex\hR\Campco\Campco\Common\Login.aspx.cs:line 63
-------------------------END-------------------------3/1/2017 2:26:29 PM
----------------------------------------------------
-------------------------START-------------------------3/1/2017 3:37:00 PM
Page :Registration.aspx
----------------------------------------------------
Stack Trace :   at System.Threading.Thread.AbortInternal()
   at System.Threading.Thread.Abort(Object stateInfo)
   at System.Web.HttpResponse.AbortCurrentThread()
   at System.Web.HttpResponse.Redirect(String url, Boolean endResponse, Boolean permanent)
   at Campco.Common.Registration.Retailer_Wholesaler_Registration() in E:\nisha\ordex\hR\Campco\Campco\Common\Registration.aspx.cs:line 303
   at Campco.Common.Registration.btnregister_Click(Object sender, EventArgs e) in E:\nisha\ordex\hR\Campco\Campco\Common\Registration.aspx.cs:line 98
----------------------------------------------------
System.Threading.ThreadAbortException: Thread was being aborted.
   at System.Threading.Thread.AbortInternal()
   at System.Threading.Thread.Abort(Object stateInfo)
   at System.Web.HttpResponse.AbortCurrentThread()
   at System.Web.HttpResponse.Redirect(String url, Boolean endResponse, Boolean permanent)
   at Campco.Common.Registration.Retailer_Wholesaler_Registration() in E:\nisha\ordex\hR\Campco\Campco\Common\Registration.aspx.cs:line 303
   at Campco.Common.Registration.btnregister_Click(Object sender, EventArgs e) in E:\nisha\ordex\hR\Campco\Campco\Common\Registration.aspx.cs:line 98
-------------------------END-------------------------3/1/2017 3:37:00 PM
----------------------------------------------------
-------------------------START-------------------------3/1/2017 4:45:49 PM
Page :Registration.aspx
----------------------------------------------------
Stack Trace :   at System.Threading.Thread.AbortInternal()
   at System.Threading.Thread.Abort(Object stateInfo)
   at System.Web.HttpResponse.AbortCurrentThread()
   at System.Web.HttpResponse.Redirect(String url, Boolean endResponse, Boolean permanent)
   at Campco.Common.CampcoCommon.lnkSinIn_Click(Object sender, EventArgs e) in E:\nisha\ordex\hR\Campco\Campco\Common\CampcoCommon.Master.cs:line 204
----------------------------------------------------
System.Threading.ThreadAbortException: Thread was being aborted.
   at System.Threading.Thread.AbortInternal()
   at System.Threading.Thread.Abort(Object stateInfo)
   at System.Web.HttpResponse.AbortCurrentThread()
   at System.Web.HttpResponse.Redirect(String url, Boolean endResponse, Boolean permanent)
   at Campco.Common.CampcoCommon.lnkSinIn_Click(Object sender, EventArgs e) in E:\nisha\ordex\hR\Campco\Campco\Common\CampcoCommon.Master.cs:line 204
-------------------------END-------------------------3/1/2017 4:45:50 PM
----------------------------------------------------
-------------------------START-------------------------3/1/2017 4:59:26 PM
Page :index.aspx
----------------------------------------------------
Stack Trace :   at System.Threading.Thread.AbortInternal()
   at System.Threading.Thread.Abort(Object stateInfo)
   at System.Web.HttpResponse.AbortCurrentThread()
   at System.Web.HttpResponse.Redirect(String url, Boolean endResponse, Boolean permanent)
   at Campco.Common.CampcoCommon.lnkSinIn_Click(Object sender, EventArgs e) in E:\nisha\ordex\hR\Campco\Campco\Common\CampcoCommon.Master.cs:line 204
----------------------------------------------------
System.Threading.ThreadAbortException: Thread was being aborted.
   at System.Threading.Thread.AbortInternal()
   at System.Threading.Thread.Abort(Object stateInfo)
   at System.Web.HttpResponse.AbortCurrentThread()
   at System.Web.HttpResponse.Redirect(String url, Boolean endResponse, Boolean permanent)
   at Campco.Common.CampcoCommon.lnkSinIn_Click(Object sender, EventArgs e) in E:\nisha\ordex\hR\Campco\Campco\Common\CampcoCommon.Master.cs:line 204
-------------------------END-------------------------3/1/2017 4:59:28 PM
----------------------------------------------------
-------------------------START-------------------------3/1/2017 5:27:48 PM
Page :index.aspx
----------------------------------------------------
Stack Trace :   at System.Threading.Thread.AbortInternal()
   at System.Threading.Thread.Abort(Object stateInfo)
   at System.Web.HttpResponse.AbortCurrentThread()
   at System.Web.HttpResponse.Redirect(String url, Boolean endResponse, Boolean permanent)
   at Campco.Common.CampcoCommon.lnkSinIn_Click(Object sender, EventArgs e) in E:\nisha\ordex\hR\Campco\Campco\Common\CampcoCommon.Master.cs:line 204
----------------------------------------------------
System.Threading.ThreadAbortException: Thread was being aborted.
   at System.Threading.Thread.AbortInternal()
   at System.Threading.Thread.Abort(Object stateInfo)
   at System.Web.HttpResponse.AbortCurrentThread()
   at System.Web.HttpResponse.Redirect(String url, Boolean endResponse, Boolean permanent)
   at Campco.Common.CampcoCommon.lnkSinIn_Click(Object sender, EventArgs e) in E:\nisha\ordex\hR\Campco\Campco\Common\CampcoCommon.Master.cs:line 204
-------------------------END-------------------------3/1/2017 5:27:51 PM
----------------------------------------------------
