-------------------------START-------------------------3/17/2017 2:27:20 PM
Page :Registration.aspx
----------------------------------------------------
Event :Registration page Load
----------------------------------------------------
-------------------------END-------------------------3/17/2017 2:27:20 PM
----------------------------------------------------
-------------------------START-------------------------3/17/2017 2:27:43 PM
Page :Registration.aspx
----------------------------------------------------
Event :FillCapctcha.
-------------------------END-------------------------3/17/2017 2:27:43 PM
----------------------------------------------------
-------------------------START-------------------------3/17/2017 2:32:59 PM
Page :Registration.aspx
----------------------------------------------------
Event :Registration page Load
-------------------------END-------------------------3/17/2017 2:32:59 PM
----------------------------------------------------
-------------------------START-------------------------3/17/2017 2:33:01 PM
Page :Registration.aspx
----------------------------------------------------
Event :FillCapctcha.
-------------------------END-------------------------3/17/2017 2:33:01 PM
----------------------------------------------------
-------------------------START-------------------------3/17/2017 2:34:52 PM
Page :Registration.aspx
----------------------------------------------------
Event :Registration page Load
-------------------------END-------------------------3/17/2017 2:34:52 PM
----------------------------------------------------
-------------------------START-------------------------3/17/2017 2:35:08 PM
Page :Registration.aspx
----------------------------------------------------
Event :FillCapctcha.
-------------------------END-------------------------3/17/2017 2:35:10 PM
----------------------------------------------------
-------------------------START-------------------------3/17/2017 2:35:53 PM
Page :Registration.aspx
----------------------------------------------------
Event :Registration page Load
-------------------------END-------------------------3/17/2017 2:35:53 PM
----------------------------------------------------
-------------------------START-------------------------3/17/2017 2:36:07 PM
Page :Registration.aspx
----------------------------------------------------
Event :FillCapctcha.
-------------------------END-------------------------3/17/2017 2:36:07 PM
----------------------------------------------------
-------------------------START-------------------------3/17/2017 2:36:59 PM
Page :Registration.aspx
----------------------------------------------------
Event :Registration page Load
-------------------------END-------------------------3/17/2017 2:37:00 PM
----------------------------------------------------
-------------------------START-------------------------3/17/2017 2:37:59 PM
Page :Registration.aspx
----------------------------------------------------
Event :FillCapctcha.
-------------------------END-------------------------3/17/2017 2:38:00 PM
----------------------------------------------------
-------------------------START-------------------------3/17/2017 2:40:50 PM
Page :Registration.aspx
----------------------------------------------------
Event :Registration page Load
-------------------------END-------------------------3/17/2017 2:40:50 PM
----------------------------------------------------
-------------------------START-------------------------3/17/2017 2:40:52 PM
Page :Registration.aspx
----------------------------------------------------
Event :FillCapctcha.
-------------------------END-------------------------3/17/2017 2:40:52 PM
----------------------------------------------------
-------------------------START-------------------------3/17/2017 2:41:10 PM
Page :Registration.aspx
----------------------------------------------------
Event :Registration page Load
-------------------------END-------------------------3/17/2017 2:41:10 PM
----------------------------------------------------
-------------------------START-------------------------3/17/2017 2:41:11 PM
Page :Registration.aspx
----------------------------------------------------
Event :FillCapctcha.
-------------------------END-------------------------3/17/2017 2:41:11 PM
----------------------------------------------------
-------------------------START-------------------------3/17/2017 2:48:41 PM
Page :Registration.aspx
----------------------------------------------------
Event :Registration page Load
-------------------------END-------------------------3/17/2017 2:48:41 PM
----------------------------------------------------
-------------------------START-------------------------3/17/2017 2:48:58 PM
Page :Registration.aspx
----------------------------------------------------
Event :Dealer_Email
-------------------------END-------------------------3/17/2017 2:48:58 PM
----------------------------------------------------
-------------------------START-------------------------3/17/2017 2:49:03 PM
Page :Registration.aspx
----------------------------------------------------
Event :Retailer_Wholesaler_Registration
----------------------------------------------------
Stack Trace :   at System.Threading.Thread.AbortInternal()
   at System.Threading.Thread.Abort(Object stateInfo)
   at System.Web.HttpResponse.AbortCurrentThread()
   at System.Web.HttpResponse.End()
   at System.Web.HttpResponse.Redirect(String url, Boolean endResponse, Boolean permanent)
   at System.Web.HttpResponse.Redirect(String url)
   at Campco.Common.Registration.Retailer_Wholesaler_Registration() in E:\nisha\ordex\hR\Campco\Campco\Common\Registration.aspx.cs:line 313
----------------------------------------------------
System.Threading.ThreadAbortException: Thread was being aborted.
   at System.Threading.Thread.AbortInternal()
   at System.Threading.Thread.Abort(Object stateInfo)
   at System.Web.HttpResponse.AbortCurrentThread()
   at System.Web.HttpResponse.End()
   at System.Web.HttpResponse.Redirect(String url, Boolean endResponse, Boolean permanent)
   at System.Web.HttpResponse.Redirect(String url)
   at Campco.Common.Registration.Retailer_Wholesaler_Registration() in E:\nisha\ordex\hR\Campco\Campco\Common\Registration.aspx.cs:line 313
-------------------------END-------------------------3/17/2017 2:49:03 PM
----------------------------------------------------
-------------------------START-------------------------3/17/2017 2:49:10 PM
Page :Registration.aspx
----------------------------------------------------
Event :btnregister_Click
----------------------------------------------------
Stack Trace :   at Campco.Common.Registration.Retailer_Wholesaler_Registration() in E:\nisha\ordex\hR\Campco\Campco\Common\Registration.aspx.cs:line 337
   at Campco.Common.Registration.btnregister_Click(Object sender, EventArgs e) in E:\nisha\ordex\hR\Campco\Campco\Common\Registration.aspx.cs:line 109
----------------------------------------------------
System.Threading.ThreadAbortException: Thread was being aborted.
   at Campco.Common.Registration.Retailer_Wholesaler_Registration() in E:\nisha\ordex\hR\Campco\Campco\Common\Registration.aspx.cs:line 337
   at Campco.Common.Registration.btnregister_Click(Object sender, EventArgs e) in E:\nisha\ordex\hR\Campco\Campco\Common\Registration.aspx.cs:line 109
-------------------------END-------------------------3/17/2017 2:49:10 PM
----------------------------------------------------
-------------------------START-------------------------3/17/2017 2:55:18 PM
Page :RegistrationThankyou.aspx
----------------------------------------------------
Event :
----------------------------------------------------
Stack Trace :   at System.Threading.Thread.AbortInternal()
   at System.Threading.Thread.Abort(Object stateInfo)
   at System.Web.HttpResponse.AbortCurrentThread()
   at System.Web.HttpResponse.End()
   at System.Web.HttpResponse.Redirect(String url, Boolean endResponse, Boolean permanent)
   at System.Web.HttpResponse.Redirect(String url)
   at Campco.Common.CampcoCommon.lnkSinIn_Click(Object sender, EventArgs e) in E:\nisha\ordex\hR\Campco\Campco\Common\CampcoCommon.Master.cs:line 249
----------------------------------------------------
System.Threading.ThreadAbortException: Thread was being aborted.
   at System.Threading.Thread.AbortInternal()
   at System.Threading.Thread.Abort(Object stateInfo)
   at System.Web.HttpResponse.AbortCurrentThread()
   at System.Web.HttpResponse.End()
   at System.Web.HttpResponse.Redirect(String url, Boolean endResponse, Boolean permanent)
   at System.Web.HttpResponse.Redirect(String url)
   at Campco.Common.CampcoCommon.lnkSinIn_Click(Object sender, EventArgs e) in E:\nisha\ordex\hR\Campco\Campco\Common\CampcoCommon.Master.cs:line 249
-------------------------END-------------------------3/17/2017 2:55:18 PM
----------------------------------------------------
-------------------------START-------------------------3/17/2017 3:02:47 PM
Page :Registration.aspx
----------------------------------------------------
Event :Registration page Load
-------------------------END-------------------------3/17/2017 3:02:47 PM
----------------------------------------------------
-------------------------START-------------------------3/17/2017 3:02:47 PM
Page :Registration.aspx
----------------------------------------------------
Event :FillCapctcha.
-------------------------END-------------------------3/17/2017 3:02:47 PM
----------------------------------------------------
-------------------------START-------------------------3/17/2017 3:22:33 PM
Page :Registration.aspx
----------------------------------------------------
Event :Registration page Load
-------------------------END-------------------------3/17/2017 3:22:33 PM
----------------------------------------------------
-------------------------START-------------------------3/17/2017 3:22:33 PM
Page :Registration.aspx
----------------------------------------------------
Event :FillCapctcha.
-------------------------END-------------------------3/17/2017 3:22:33 PM
----------------------------------------------------
-------------------------START-------------------------3/17/2017 3:25:20 PM
Page :Registration.aspx
----------------------------------------------------
Event :Registration page Load
-------------------------END-------------------------3/17/2017 3:25:20 PM
----------------------------------------------------
-------------------------START-------------------------3/17/2017 3:25:20 PM
Page :Registration.aspx
----------------------------------------------------
Event :FillCapctcha.
-------------------------END-------------------------3/17/2017 3:25:20 PM
----------------------------------------------------
-------------------------START-------------------------3/17/2017 3:25:25 PM
Page :Registration.aspx
----------------------------------------------------
Event :Registration page Load
-------------------------END-------------------------3/17/2017 3:25:25 PM
----------------------------------------------------
-------------------------START-------------------------3/17/2017 3:25:25 PM
Page :Registration.aspx
----------------------------------------------------
Event :
----------------------------------------------------
Stack Trace :   at System.Threading.Thread.AbortInternal()
   at System.Threading.Thread.Abort(Object stateInfo)
   at System.Web.HttpResponse.AbortCurrentThread()
   at System.Web.HttpResponse.End()
   at System.Web.HttpResponse.Redirect(String url, Boolean endResponse, Boolean permanent)
   at System.Web.HttpResponse.Redirect(String url)
   at Campco.Common.CampcoCommon.lnkMyaccount_Click(Object sender, EventArgs e) in E:\nisha\ordex\hR\Campco\Campco\Common\CampcoCommon.Master.cs:line 208
----------------------------------------------------
System.Threading.ThreadAbortException: Thread was being aborted.
   at System.Threading.Thread.AbortInternal()
   at System.Threading.Thread.Abort(Object stateInfo)
   at System.Web.HttpResponse.AbortCurrentThread()
   at System.Web.HttpResponse.End()
   at System.Web.HttpResponse.Redirect(String url, Boolean endResponse, Boolean permanent)
   at System.Web.HttpResponse.Redirect(String url)
   at Campco.Common.CampcoCommon.lnkMyaccount_Click(Object sender, EventArgs e) in E:\nisha\ordex\hR\Campco\Campco\Common\CampcoCommon.Master.cs:line 208
-------------------------END-------------------------3/17/2017 3:25:25 PM
----------------------------------------------------
-------------------------START-------------------------3/17/2017 5:36:30 PM
Page :index.aspx
----------------------------------------------------
Event :
----------------------------------------------------
Stack Trace :   at Campco.Common.index.Page_Load(Object sender, EventArgs e) in E:\nisha\ordex\hR\Campco\Campco\Common\index.aspx.cs:line 73
----------------------------------------------------
System.NullReferenceException: Object reference not set to an instance of an object.
   at Campco.Common.index.Page_Load(Object sender, EventArgs e) in E:\nisha\ordex\hR\Campco\Campco\Common\index.aspx.cs:line 73
-------------------------END-------------------------3/17/2017 5:36:31 PM
----------------------------------------------------
-------------------------START-------------------------3/17/2017 5:37:46 PM
Page :Registration.aspx
----------------------------------------------------
Event :Registration page Load
-------------------------END-------------------------3/17/2017 5:37:46 PM
----------------------------------------------------
-------------------------START-------------------------3/17/2017 5:37:46 PM
Page :Registration.aspx
----------------------------------------------------
Event :FillCapctcha.
-------------------------END-------------------------3/17/2017 5:37:46 PM
----------------------------------------------------
